<?xml version="1.0" encoding="UTF-8" standalone="yes"?>
<testsuites name="Regression FrontEnd" time="702" tests="5" failures="0" errors="0">
    <testsuite name="Regression FrontEnd" tests="5" failures="0" errors="0" time="702" timestamp="2019-09-20 10:17:52" hostname="isaac - DESKTOP-BPONDF2" id="Test Suites/Regression Clinical Edge/Regression FrontEnd">
        <properties>
            <property name="deviceName" value=""/>
            <property name="devicePlatform" value=""/>
            <property name="logFolder" value="C:\\Users\\isaac\\Desktop\\Clientes\\ProcuraCanada\\Katalon Studio\\Continulink\\Reports\\20190920_101711\\Regression Clinical Edge\\Regression FrontEnd\\20190920_101746"/>
            <property name="logFiles" value="C:\\Users\\isaac\\Desktop\\Clientes\\ProcuraCanada\\Katalon Studio\\Continulink\\Reports\\20190920_101711\\Regression Clinical Edge\\Regression FrontEnd\\20190920_101746\\execution0.log"/>
            <property name="attachments" value="C:\\Users\\isaac\\Desktop\\Clientes\\ProcuraCanada\\Katalon Studio\\Continulink\\Reports\\20190920_101711\\Regression Clinical Edge\\Regression FrontEnd\\20190920_101746\\1568985694136.png, C:\\Users\\isaac\\Desktop\\Clientes\\ProcuraCanada\\Katalon Studio\\Continulink\\Reports\\20190920_101711\\Regression Clinical Edge\\Regression FrontEnd\\20190920_101746\\1568985889933.png, C:\\Users\\isaac\\Desktop\\Clientes\\ProcuraCanada\\Katalon Studio\\Continulink\\Reports\\20190920_101711\\Regression Clinical Edge\\Regression FrontEnd\\20190920_101746\\1568985982810.png, C:\\Users\\isaac\\Desktop\\Clientes\\ProcuraCanada\\Katalon Studio\\Continulink\\Reports\\20190920_101711\\Regression Clinical Edge\\Regression FrontEnd\\20190920_101746\\1568985998283.png, C:\\Users\\isaac\\Desktop\\Clientes\\ProcuraCanada\\Katalon Studio\\Continulink\\Reports\\20190920_101711\\Regression Clinical Edge\\Regression FrontEnd\\20190920_101746\\1568986083653.png, C:\\Users\\isaac\\Desktop\\Clientes\\ProcuraCanada\\Katalon Studio\\Continulink\\Reports\\20190920_101711\\Regression Clinical Edge\\Regression FrontEnd\\20190920_101746\\1568986169012.png"/>
            <property name="hostName" value="isaac - DESKTOP-BPONDF2"/>
            <property name="os" value="Windows 10 64bit"/>
            <property name="katalonVersion" value="6.3.2.1"/>
            <property name="browser" value="Chrome 76.0.3809.132"/>
            <property name="hostAddress" value="192.168.0.121"/>
            <property name="sessionId" value="b2a0216b24491377fb95d41e1cd88bba"/>
            <property name="seleniumVersion" value="3.141.59"/>
            <property name="proxyInformation" value="ProxyInformation{proxyOption=NO_PROXY, proxyServerType=HTTP, password=, proxyServerAddress=, proxyServerPort=0}"/>
            <property name="platform" value="Windows 10"/>
        </properties>
        <testcase name="Test Cases/Regression Clinical Edge (All Browsers)/CLNK-23497 - CLINICAL EDGE - Start Of Care" classname="Test Cases/Regression Clinical Edge (All Browsers)/CLNK-23497 - CLINICAL EDGE - Start Of Care" status="PASSED">
            <system-out>2019-09-20 10:17:52 - [TEST_CASE][PASSED] - Test Cases/Regression Clinical Edge (All Browsers)/CLNK-23497 - CLINICAL EDGE - Start Of Care: Test Cases/Regression Clinical Edge (All Browsers)/CLNK-23497 - CLINICAL EDGE - Start Of Care&#xD;
&#xD;
2019-09-20 10:17:53 - [TEST_STEP][PASSED] - callTestCase(findTestCase("Regression Clinical Edge (All Browsers)/CLNK-23349 - ContinuLink - Login"), [:], STOP_ON_FAILURE): Call Test Case 'Test Cases/Regression Clinical Edge (All Browsers)/CLNK-23349 - ContinuLink - Login' successfully&#xD;
&#xD;
2019-09-20 10:17:53 - [TEST_CASE][PASSED] - Test Cases/Regression Clinical Edge (All Browsers)/CLNK-23349 - ContinuLink - Login: Test Cases/Regression Clinical Edge (All Browsers)/CLNK-23349 - ContinuLink - Login&#xD;
&#xD;
2019-09-20 10:17:54 - [TEST_STEP][PASSED] - deleteAllCookies(): Delete all cookies successfully&#xD;
&#xD;
2019-09-20 10:17:54 - [MESSAGE][WARNING] - Cannot delete cookies because browser is closed&#xD;
&#xD;
2019-09-20 10:17:54 - [MESSAGE][PASSED] - Delete all cookies successfully&#xD;
&#xD;
2019-09-20 10:17:54 - [TEST_STEP][PASSED] - openBrowser(G_SiteURL): Browser is opened with url: 'https://qanewpoc.continulink.com/Account/Login.aspx?ReturnUrl=%2fdefault.aspx'&#xD;
&#xD;
2019-09-20 10:17:55 - [MESSAGE][INFO] - Starting 'Chrome' driver&#xD;
&#xD;
2019-09-20 10:17:55 - [MESSAGE][INFO] - Action delay is set to 0 seconds&#xD;
&#xD;
2019-09-20 10:18:06 - [MESSAGE][PASSED] - Browser is opened with url: 'https://qanewpoc.continulink.com/Account/Login.aspx?ReturnUrl=%2fdefault.aspx'&#xD;
&#xD;
2019-09-20 10:18:06 - [TEST_STEP][PASSED] - waitForPageLoad(60): Wait for page load successfully&#xD;
&#xD;
2019-09-20 10:18:06 - [MESSAGE][PASSED] - Wait for page load successfully&#xD;
&#xD;
2019-09-20 10:18:06 - [TEST_STEP][PASSED] - maximizeWindow(): Current window maximized&#xD;
&#xD;
2019-09-20 10:18:10 - [MESSAGE][PASSED] - Current window maximized&#xD;
&#xD;
2019-09-20 10:18:10 - [TEST_STEP][PASSED] - setText(findTestObject("Regression Clinical Edge/CLNK-23349/User"), G_CaregiverUserName): Text 'setenta' is set on object 'Object Repository/Regression Clinical Edge/CLNK-23349/User'&#xD;
&#xD;
2019-09-20 10:18:10 - [MESSAGE][PASSED] - Text 'setenta' is set on object 'Object Repository/Regression Clinical Edge/CLNK-23349/User'&#xD;
&#xD;
2019-09-20 10:18:10 - [TEST_STEP][PASSED] - setText(findTestObject("Regression Clinical Edge/CLNK-23349/Password"), G_Password): Text 'qwerty' is set on object 'Object Repository/Regression Clinical Edge/CLNK-23349/Password'&#xD;
&#xD;
2019-09-20 10:18:11 - [MESSAGE][PASSED] - Text 'qwerty' is set on object 'Object Repository/Regression Clinical Edge/CLNK-23349/Password'&#xD;
&#xD;
2019-09-20 10:18:11 - [TEST_STEP][PASSED] - click(findTestObject("Regression Clinical Edge/CLNK-23349/Button_LogIn")): Object: 'Object Repository/Regression Clinical Edge/CLNK-23349/Button_LogIn' is clicked on&#xD;
&#xD;
2019-09-20 10:18:12 - [MESSAGE][PASSED] - Object: 'Object Repository/Regression Clinical Edge/CLNK-23349/Button_LogIn' is clicked on&#xD;
&#xD;
2019-09-20 10:18:12 - [TEST_STEP][PASSED] - waitForPageLoad(60): Wait for page load successfully&#xD;
&#xD;
2019-09-20 10:18:12 - [MESSAGE][PASSED] - Wait for page load successfully&#xD;
&#xD;
2019-09-20 10:18:12 - [TEST_STEP][PASSED] - delay(2): Delayed 2 second(s)&#xD;
&#xD;
2019-09-20 10:18:14 - [MESSAGE][PASSED] - Delayed 2 second(s)&#xD;
&#xD;
2019-09-20 10:18:14 - [TEST_STEP][NOT_RUN] - waitForElementPresent(findTestObject("Regression Clinical Edge/CLINK-23509/button_Close"), 100): NOT_RUN: waitForElementPresent(findTestObject("Regression Clinical Edge/CLINK-23509/button_Close"), 100)&#xD;
&#xD;
2019-09-20 10:18:14 - [MESSAGE][NOT_RUN] - NOT_RUN: waitForElementPresent(findTestObject("Regression Clinical Edge/CLINK-23509/button_Close"), 100)&#xD;
&#xD;
2019-09-20 10:18:14 - [TEST_STEP][NOT_RUN] - click(findTestObject("Regression Clinical Edge/CLINK-23509/button_Close")): NOT_RUN: click(findTestObject("Regression Clinical Edge/CLINK-23509/button_Close"))&#xD;
&#xD;
2019-09-20 10:18:14 - [MESSAGE][NOT_RUN] - NOT_RUN: click(findTestObject("Regression Clinical Edge/CLINK-23509/button_Close"))&#xD;
&#xD;
2019-09-20 10:18:14 - [TEST_STEP][NOT_RUN] - delay(2): NOT_RUN: delay(2)&#xD;
&#xD;
2019-09-20 10:18:14 - [MESSAGE][NOT_RUN] - NOT_RUN: delay(2)&#xD;
&#xD;
2019-09-20 10:18:14 - [MESSAGE][PASSED] - Call Test Case 'Test Cases/Regression Clinical Edge (All Browsers)/CLNK-23349 - ContinuLink - Login' successfully&#xD;
&#xD;
2019-09-20 10:18:14 - [TEST_STEP][PASSED] - waitForPageLoad(60): Wait for page load successfully&#xD;
&#xD;
2019-09-20 10:18:14 - [MESSAGE][PASSED] - Wait for page load successfully&#xD;
&#xD;
2019-09-20 10:18:14 - [TEST_STEP][PASSED] - maximizeWindow(): Current window maximized&#xD;
&#xD;
2019-09-20 10:18:14 - [MESSAGE][PASSED] - Current window maximized&#xD;
&#xD;
2019-09-20 10:18:14 - [TEST_STEP][PASSED] - waitForPageLoad(60): Wait for page load successfully&#xD;
&#xD;
2019-09-20 10:18:14 - [MESSAGE][PASSED] - Wait for page load successfully&#xD;
&#xD;
2019-09-20 10:18:14 - [TEST_STEP][PASSED] - delay(8): Delayed 8 second(s)&#xD;
&#xD;
2019-09-20 10:18:22 - [MESSAGE][PASSED] - Delayed 8 second(s)&#xD;
&#xD;
2019-09-20 10:18:22 - [TEST_STEP][PASSED] - waitForElementPresent(findTestObject("Regression Clinical Edge/ClientPage/HomeLink"), 100): Object 'Object Repository/Regression Clinical Edge/ClientPage/HomeLink' is present&#xD;
&#xD;
2019-09-20 10:18:23 - [MESSAGE][PASSED] - Object 'Object Repository/Regression Clinical Edge/ClientPage/HomeLink' is present&#xD;
&#xD;
2019-09-20 10:18:23 - [TEST_STEP][PASSED] - click(findTestObject("Regression Clinical Edge/ClientPage/HomeLink")): Object: 'Object Repository/Regression Clinical Edge/ClientPage/HomeLink' is clicked on&#xD;
&#xD;
2019-09-20 10:18:23 - [MESSAGE][PASSED] - Object: 'Object Repository/Regression Clinical Edge/ClientPage/HomeLink' is clicked on&#xD;
&#xD;
2019-09-20 10:18:23 - [TEST_STEP][PASSED] - delay(2): Delayed 2 second(s)&#xD;
&#xD;
2019-09-20 10:18:25 - [MESSAGE][PASSED] - Delayed 2 second(s)&#xD;
&#xD;
2019-09-20 10:18:25 - [TEST_STEP][PASSED] - waitForPageLoad(50): Wait for page load successfully&#xD;
&#xD;
2019-09-20 10:18:25 - [MESSAGE][PASSED] - Wait for page load successfully&#xD;
&#xD;
2019-09-20 10:18:25 - [TEST_STEP][PASSED] - verifyElementPresent(findTestObject("Regression Clinical Edge/CLINK-23467/a_CurrentClient"), 10): Object 'Object Repository/Regression Clinical Edge/CLINK-23467/a_CurrentClient' is present&#xD;
&#xD;
2019-09-20 10:18:25 - [MESSAGE][PASSED] - Object 'Object Repository/Regression Clinical Edge/CLINK-23467/a_CurrentClient' is present&#xD;
&#xD;
2019-09-20 10:18:25 - [TEST_STEP][PASSED] - if (verifyElementPresent(findTestObject("Regression Clinical Edge/CLINK-23467/a_CurrentClient"), 10)): Object: 'Object Repository/Regression Clinical Edge/CLINK-23467/a_CurrentClient' is clicked on&#xD;
&#xD;
2019-09-20 10:18:26 - [MESSAGE][PASSED] - Object 'Object Repository/Regression Clinical Edge/CLINK-23467/a_CurrentClient' is present&#xD;
&#xD;
2019-09-20 10:18:26 - [TEST_STEP][PASSED] - click(findTestObject("Regression Clinical Edge/CLINK-23467/a_CurrentClient")): Object: 'Object Repository/Regression Clinical Edge/CLINK-23467/a_CurrentClient' is clicked on&#xD;
&#xD;
2019-09-20 10:18:27 - [MESSAGE][PASSED] - Object: 'Object Repository/Regression Clinical Edge/CLINK-23467/a_CurrentClient' is clicked on&#xD;
&#xD;
2019-09-20 10:18:27 - [TEST_STEP][PASSED] - delay(5): Delayed 5 second(s)&#xD;
&#xD;
2019-09-20 10:18:32 - [MESSAGE][PASSED] - Delayed 5 second(s)&#xD;
&#xD;
2019-09-20 10:18:32 - [TEST_STEP][PASSED] - waitForPageLoad(50): Wait for page load successfully&#xD;
&#xD;
2019-09-20 10:18:32 - [MESSAGE][PASSED] - Wait for page load successfully&#xD;
&#xD;
2019-09-20 10:18:32 - [TEST_STEP][PASSED] - delay(3): Delayed 3 second(s)&#xD;
&#xD;
2019-09-20 10:18:35 - [MESSAGE][PASSED] - Delayed 3 second(s)&#xD;
&#xD;
2019-09-20 10:18:35 - [TEST_STEP][PASSED] - waitForElementPresent(findTestObject("Regression Clinical Edge/HomePage/ClientLink"), 100): Object 'Object Repository/Regression Clinical Edge/HomePage/ClientLink' is present&#xD;
&#xD;
2019-09-20 10:18:35 - [MESSAGE][PASSED] - Object 'Object Repository/Regression Clinical Edge/HomePage/ClientLink' is present&#xD;
&#xD;
2019-09-20 10:18:35 - [TEST_STEP][PASSED] - click(findTestObject("Regression Clinical Edge/HomePage/ClientLink")): Object: 'Object Repository/Regression Clinical Edge/HomePage/ClientLink' is clicked on&#xD;
&#xD;
2019-09-20 10:18:36 - [MESSAGE][PASSED] - Object: 'Object Repository/Regression Clinical Edge/HomePage/ClientLink' is clicked on&#xD;
&#xD;
2019-09-20 10:18:36 - [TEST_STEP][PASSED] - delay(2): Delayed 2 second(s)&#xD;
&#xD;
2019-09-20 10:18:38 - [MESSAGE][PASSED] - Delayed 2 second(s)&#xD;
&#xD;
2019-09-20 10:18:38 - [TEST_STEP][PASSED] - waitForPageLoad(50): Wait for page load successfully&#xD;
&#xD;
2019-09-20 10:18:38 - [MESSAGE][PASSED] - Wait for page load successfully&#xD;
&#xD;
2019-09-20 10:18:38 - [TEST_STEP][PASSED] - scrollToElement(findTestObject("Regression Clinical Edge/CLNK-23497/AddAssessments"), 50): Scroll to object 'Object Repository/Regression Clinical Edge/CLNK-23497/AddAssessments' successfully&#xD;
&#xD;
2019-09-20 10:18:38 - [MESSAGE][PASSED] - Scroll to object 'Object Repository/Regression Clinical Edge/CLNK-23497/AddAssessments' successfully&#xD;
&#xD;
2019-09-20 10:18:38 - [TEST_STEP][PASSED] - waitForElementPresent(findTestObject("Regression Clinical Edge/CLNK-23497/AddAssessments"), 50): Object 'Object Repository/Regression Clinical Edge/CLNK-23497/AddAssessments' is present&#xD;
&#xD;
2019-09-20 10:18:39 - [MESSAGE][PASSED] - Object 'Object Repository/Regression Clinical Edge/CLNK-23497/AddAssessments' is present&#xD;
&#xD;
2019-09-20 10:18:39 - [TEST_STEP][PASSED] - click(findTestObject("Regression Clinical Edge/CLNK-23497/AddAssessments")): Object: 'Object Repository/Regression Clinical Edge/CLNK-23497/AddAssessments' is clicked on&#xD;
&#xD;
2019-09-20 10:18:39 - [MESSAGE][PASSED] - Object: 'Object Repository/Regression Clinical Edge/CLNK-23497/AddAssessments' is clicked on&#xD;
&#xD;
2019-09-20 10:18:39 - [TEST_STEP][PASSED] - delay(2): Delayed 2 second(s)&#xD;
&#xD;
2019-09-20 10:18:41 - [MESSAGE][PASSED] - Delayed 2 second(s)&#xD;
&#xD;
2019-09-20 10:18:41 - [TEST_STEP][PASSED] - waitForElementPresent(findTestObject("Regression Clinical Edge/CLNK-23497/AssessmentList"), 50): Object 'Object Repository/Regression Clinical Edge/CLNK-23497/AssessmentList' is present&#xD;
&#xD;
2019-09-20 10:18:41 - [MESSAGE][PASSED] - Object 'Object Repository/Regression Clinical Edge/CLNK-23497/AssessmentList' is present&#xD;
&#xD;
2019-09-20 10:18:41 - [TEST_STEP][PASSED] - click(findTestObject("Regression Clinical Edge/CLNK-23497/AssessmentList")): Object: 'Object Repository/Regression Clinical Edge/CLNK-23497/AssessmentList' is clicked on&#xD;
&#xD;
2019-09-20 10:18:41 - [MESSAGE][PASSED] - Object: 'Object Repository/Regression Clinical Edge/CLNK-23497/AssessmentList' is clicked on&#xD;
&#xD;
2019-09-20 10:18:41 - [TEST_STEP][PASSED] - selectOptionByLabel(findTestObject("Regression Clinical Edge/CLNK-23497/AssessmentList"), "Start of care - further visits planned (C2)", false): All options with label 'Start of care - further visits planned (C2)' are selected in object 'Object Repository/Regression Clinical Edge/CLNK-23497/AssessmentList' &#xD;
&#xD;
2019-09-20 10:18:41 - [MESSAGE][PASSED] - All options with label 'Start of care - further visits planned (C2)' are selected in object 'Object Repository/Regression Clinical Edge/CLNK-23497/AssessmentList' &#xD;
&#xD;
2019-09-20 10:18:41 - [TEST_STEP][PASSED] - delay(2): Delayed 2 second(s)&#xD;
&#xD;
2019-09-20 10:18:43 - [MESSAGE][PASSED] - Delayed 2 second(s)&#xD;
&#xD;
2019-09-20 10:18:43 - [TEST_STEP][PASSED] - waitForElementPresent(findTestObject("Regression Clinical Edge/CLNK-23497/DateAssessment"), 50): Object 'Object Repository/Regression Clinical Edge/CLNK-23497/DateAssessment' is present&#xD;
&#xD;
2019-09-20 10:18:43 - [MESSAGE][PASSED] - Object 'Object Repository/Regression Clinical Edge/CLNK-23497/DateAssessment' is present&#xD;
&#xD;
2019-09-20 10:18:43 - [TEST_STEP][PASSED] - setText(findTestObject("Regression Clinical Edge/CLNK-23497/DateAssessment"), getDate.DateUtilities.getDateMonthDayYearNumberwithSlash()): Text '09/20/2019' is set on object 'Object Repository/Regression Clinical Edge/CLNK-23497/DateAssessment'&#xD;
&#xD;
2019-09-20 10:18:43 - [MESSAGE][PASSED] - getDate.DateUtilities.getDateMonthDayYearNumberwithSlash is PASSED&#xD;
&#xD;
2019-09-20 10:18:44 - [MESSAGE][PASSED] - Text '09/20/2019' is set on object 'Object Repository/Regression Clinical Edge/CLNK-23497/DateAssessment'&#xD;
&#xD;
2019-09-20 10:18:44 - [TEST_STEP][PASSED] - delay(2): Delayed 2 second(s)&#xD;
&#xD;
2019-09-20 10:18:46 - [MESSAGE][PASSED] - Delayed 2 second(s)&#xD;
&#xD;
2019-09-20 10:18:46 - [TEST_STEP][PASSED] - waitForElementPresent(findTestObject("Regression Clinical Edge/CLNK-23497/SaveAssessment"), 50): Object 'Object Repository/Regression Clinical Edge/CLNK-23497/SaveAssessment' is present&#xD;
&#xD;
2019-09-20 10:18:46 - [MESSAGE][PASSED] - Object 'Object Repository/Regression Clinical Edge/CLNK-23497/SaveAssessment' is present&#xD;
&#xD;
2019-09-20 10:18:46 - [TEST_STEP][PASSED] - click(findTestObject("Regression Clinical Edge/CLNK-23497/SaveAssessment")): Object: 'Object Repository/Regression Clinical Edge/CLNK-23497/SaveAssessment' is clicked on&#xD;
&#xD;
2019-09-20 10:18:46 - [MESSAGE][PASSED] - Object: 'Object Repository/Regression Clinical Edge/CLNK-23497/SaveAssessment' is clicked on&#xD;
&#xD;
2019-09-20 10:18:46 - [TEST_STEP][PASSED] - delay(3): Delayed 3 second(s)&#xD;
&#xD;
2019-09-20 10:18:49 - [MESSAGE][PASSED] - Delayed 3 second(s)&#xD;
&#xD;
2019-09-20 10:18:49 - [TEST_STEP][PASSED] - closeBrowser(): Browser is closed&#xD;
&#xD;
2019-09-20 10:18:50 - [MESSAGE][PASSED] - Browser is closed</system-out>
            <system-err></system-err>
        </testcase>
        <testcase name="Test Cases/Regression Clinical Edge (All Browsers)/CLNK-23504 - Clinical Edge - POC - Pick Assessment" classname="Test Cases/Regression Clinical Edge (All Browsers)/CLNK-23504 - Clinical Edge - POC - Pick Assessment" status="PASSED">
            <system-out>2019-09-20 10:18:52 - [TEST_CASE][PASSED] - Test Cases/Regression Clinical Edge (All Browsers)/CLNK-23504 - Clinical Edge - POC - Pick Assessment: Test Cases/Regression Clinical Edge (All Browsers)/CLNK-23504 - Clinical Edge - POC - Pick Assessment&#xD;
&#xD;
2019-09-20 10:18:53 - [TEST_STEP][PASSED] - callTestCase(findTestCase("Regression Clinical Edge (All Browsers)/CLNK-23349 - ContinuLink - Login"), [:], STOP_ON_FAILURE): Call Test Case 'Test Cases/Regression Clinical Edge (All Browsers)/CLNK-23349 - ContinuLink - Login' successfully&#xD;
&#xD;
2019-09-20 10:18:53 - [TEST_CASE][PASSED] - Test Cases/Regression Clinical Edge (All Browsers)/CLNK-23349 - ContinuLink - Login: Test Cases/Regression Clinical Edge (All Browsers)/CLNK-23349 - ContinuLink - Login&#xD;
&#xD;
2019-09-20 10:18:53 - [TEST_STEP][PASSED] - deleteAllCookies(): Delete all cookies successfully&#xD;
&#xD;
2019-09-20 10:18:53 - [MESSAGE][WARNING] - Cannot delete cookies because browser is closed&#xD;
&#xD;
2019-09-20 10:18:53 - [MESSAGE][PASSED] - Delete all cookies successfully&#xD;
&#xD;
2019-09-20 10:18:53 - [TEST_STEP][PASSED] - openBrowser(G_SiteURL): Browser is opened with url: 'https://qanewpoc.continulink.com/Account/Login.aspx?ReturnUrl=%2fdefault.aspx'&#xD;
&#xD;
2019-09-20 10:18:53 - [MESSAGE][INFO] - Starting 'Chrome' driver&#xD;
&#xD;
2019-09-20 10:19:02 - [MESSAGE][PASSED] - Browser is opened with url: 'https://qanewpoc.continulink.com/Account/Login.aspx?ReturnUrl=%2fdefault.aspx'&#xD;
&#xD;
2019-09-20 10:19:02 - [TEST_STEP][PASSED] - waitForPageLoad(60): Wait for page load successfully&#xD;
&#xD;
2019-09-20 10:19:02 - [MESSAGE][PASSED] - Wait for page load successfully&#xD;
&#xD;
2019-09-20 10:19:02 - [TEST_STEP][PASSED] - maximizeWindow(): Current window maximized&#xD;
&#xD;
2019-09-20 10:19:06 - [MESSAGE][PASSED] - Current window maximized&#xD;
&#xD;
2019-09-20 10:19:06 - [TEST_STEP][PASSED] - setText(findTestObject("Regression Clinical Edge/CLNK-23349/User"), G_CaregiverUserName): Text 'setenta' is set on object 'Object Repository/Regression Clinical Edge/CLNK-23349/User'&#xD;
&#xD;
2019-09-20 10:19:06 - [MESSAGE][PASSED] - Text 'setenta' is set on object 'Object Repository/Regression Clinical Edge/CLNK-23349/User'&#xD;
&#xD;
2019-09-20 10:19:06 - [TEST_STEP][PASSED] - setText(findTestObject("Regression Clinical Edge/CLNK-23349/Password"), G_Password): Text 'qwerty' is set on object 'Object Repository/Regression Clinical Edge/CLNK-23349/Password'&#xD;
&#xD;
2019-09-20 10:19:06 - [MESSAGE][PASSED] - Text 'qwerty' is set on object 'Object Repository/Regression Clinical Edge/CLNK-23349/Password'&#xD;
&#xD;
2019-09-20 10:19:06 - [TEST_STEP][PASSED] - click(findTestObject("Regression Clinical Edge/CLNK-23349/Button_LogIn")): Object: 'Object Repository/Regression Clinical Edge/CLNK-23349/Button_LogIn' is clicked on&#xD;
&#xD;
2019-09-20 10:19:08 - [MESSAGE][PASSED] - Object: 'Object Repository/Regression Clinical Edge/CLNK-23349/Button_LogIn' is clicked on&#xD;
&#xD;
2019-09-20 10:19:08 - [TEST_STEP][PASSED] - waitForPageLoad(60): Wait for page load successfully&#xD;
&#xD;
2019-09-20 10:19:08 - [MESSAGE][PASSED] - Wait for page load successfully&#xD;
&#xD;
2019-09-20 10:19:08 - [TEST_STEP][PASSED] - delay(2): Delayed 2 second(s)&#xD;
&#xD;
2019-09-20 10:19:10 - [MESSAGE][PASSED] - Delayed 2 second(s)&#xD;
&#xD;
2019-09-20 10:19:10 - [TEST_STEP][NOT_RUN] - waitForElementPresent(findTestObject("Regression Clinical Edge/CLINK-23509/button_Close"), 100): NOT_RUN: waitForElementPresent(findTestObject("Regression Clinical Edge/CLINK-23509/button_Close"), 100)&#xD;
&#xD;
2019-09-20 10:19:10 - [MESSAGE][NOT_RUN] - NOT_RUN: waitForElementPresent(findTestObject("Regression Clinical Edge/CLINK-23509/button_Close"), 100)&#xD;
&#xD;
2019-09-20 10:19:10 - [TEST_STEP][NOT_RUN] - click(findTestObject("Regression Clinical Edge/CLINK-23509/button_Close")): NOT_RUN: click(findTestObject("Regression Clinical Edge/CLINK-23509/button_Close"))&#xD;
&#xD;
2019-09-20 10:19:10 - [MESSAGE][NOT_RUN] - NOT_RUN: click(findTestObject("Regression Clinical Edge/CLINK-23509/button_Close"))&#xD;
&#xD;
2019-09-20 10:19:10 - [TEST_STEP][NOT_RUN] - delay(2): NOT_RUN: delay(2)&#xD;
&#xD;
2019-09-20 10:19:10 - [MESSAGE][NOT_RUN] - NOT_RUN: delay(2)&#xD;
&#xD;
2019-09-20 10:19:10 - [MESSAGE][PASSED] - Call Test Case 'Test Cases/Regression Clinical Edge (All Browsers)/CLNK-23349 - ContinuLink - Login' successfully&#xD;
&#xD;
2019-09-20 10:19:10 - [TEST_STEP][PASSED] - waitForPageLoad(60): Wait for page load successfully&#xD;
&#xD;
2019-09-20 10:19:10 - [MESSAGE][PASSED] - Wait for page load successfully&#xD;
&#xD;
2019-09-20 10:19:10 - [TEST_STEP][PASSED] - maximizeWindow(): Current window maximized&#xD;
&#xD;
2019-09-20 10:19:10 - [MESSAGE][PASSED] - Current window maximized&#xD;
&#xD;
2019-09-20 10:19:10 - [TEST_STEP][PASSED] - waitForPageLoad(60): Wait for page load successfully&#xD;
&#xD;
2019-09-20 10:19:10 - [MESSAGE][PASSED] - Wait for page load successfully&#xD;
&#xD;
2019-09-20 10:19:10 - [TEST_STEP][PASSED] - delay(8): Delayed 8 second(s)&#xD;
&#xD;
2019-09-20 10:19:18 - [MESSAGE][PASSED] - Delayed 8 second(s)&#xD;
&#xD;
2019-09-20 10:19:18 - [TEST_STEP][PASSED] - waitForElementPresent(findTestObject("Regression Clinical Edge/ClientPage/HomeLink"), 100): Object 'Object Repository/Regression Clinical Edge/ClientPage/HomeLink' is present&#xD;
&#xD;
2019-09-20 10:19:18 - [MESSAGE][PASSED] - Object 'Object Repository/Regression Clinical Edge/ClientPage/HomeLink' is present&#xD;
&#xD;
2019-09-20 10:19:18 - [TEST_STEP][PASSED] - click(findTestObject("Regression Clinical Edge/ClientPage/HomeLink")): Object: 'Object Repository/Regression Clinical Edge/ClientPage/HomeLink' is clicked on&#xD;
&#xD;
2019-09-20 10:19:19 - [MESSAGE][PASSED] - Object: 'Object Repository/Regression Clinical Edge/ClientPage/HomeLink' is clicked on&#xD;
&#xD;
2019-09-20 10:19:19 - [TEST_STEP][PASSED] - delay(2): Delayed 2 second(s)&#xD;
&#xD;
2019-09-20 10:19:21 - [MESSAGE][PASSED] - Delayed 2 second(s)&#xD;
&#xD;
2019-09-20 10:19:21 - [TEST_STEP][PASSED] - waitForPageLoad(50): Wait for page load successfully&#xD;
&#xD;
2019-09-20 10:19:21 - [MESSAGE][PASSED] - Wait for page load successfully&#xD;
&#xD;
2019-09-20 10:19:21 - [TEST_STEP][PASSED] - verifyElementPresent(findTestObject("Regression Clinical Edge/CLINK-23467/a_CurrentClient"), 10): Object 'Object Repository/Regression Clinical Edge/CLINK-23467/a_CurrentClient' is present&#xD;
&#xD;
2019-09-20 10:19:21 - [MESSAGE][PASSED] - Object 'Object Repository/Regression Clinical Edge/CLINK-23467/a_CurrentClient' is present&#xD;
&#xD;
2019-09-20 10:19:21 - [TEST_STEP][PASSED] - if (verifyElementPresent(findTestObject("Regression Clinical Edge/CLINK-23467/a_CurrentClient"), 10)): Object: 'Object Repository/Regression Clinical Edge/CLINK-23467/a_CurrentClient' is clicked on&#xD;
&#xD;
2019-09-20 10:19:21 - [MESSAGE][PASSED] - Object 'Object Repository/Regression Clinical Edge/CLINK-23467/a_CurrentClient' is present&#xD;
&#xD;
2019-09-20 10:19:21 - [TEST_STEP][PASSED] - click(findTestObject("Regression Clinical Edge/CLINK-23467/a_CurrentClient")): Object: 'Object Repository/Regression Clinical Edge/CLINK-23467/a_CurrentClient' is clicked on&#xD;
&#xD;
2019-09-20 10:19:22 - [MESSAGE][PASSED] - Object: 'Object Repository/Regression Clinical Edge/CLINK-23467/a_CurrentClient' is clicked on&#xD;
&#xD;
2019-09-20 10:19:22 - [TEST_STEP][PASSED] - delay(5): Delayed 5 second(s)&#xD;
&#xD;
2019-09-20 10:19:27 - [MESSAGE][PASSED] - Delayed 5 second(s)&#xD;
&#xD;
2019-09-20 10:19:27 - [TEST_STEP][PASSED] - waitForPageLoad(50): Wait for page load successfully&#xD;
&#xD;
2019-09-20 10:19:27 - [MESSAGE][PASSED] - Wait for page load successfully&#xD;
&#xD;
2019-09-20 10:19:27 - [TEST_STEP][PASSED] - waitForElementPresent(findTestObject("Regression Clinical Edge/HomePage/ClientLink"), 100): Object 'Object Repository/Regression Clinical Edge/HomePage/ClientLink' is present&#xD;
&#xD;
2019-09-20 10:19:27 - [MESSAGE][PASSED] - Object 'Object Repository/Regression Clinical Edge/HomePage/ClientLink' is present&#xD;
&#xD;
2019-09-20 10:19:27 - [TEST_STEP][PASSED] - click(findTestObject("Regression Clinical Edge/HomePage/ClientLink")): Object: 'Object Repository/Regression Clinical Edge/HomePage/ClientLink' is clicked on&#xD;
&#xD;
2019-09-20 10:19:29 - [MESSAGE][PASSED] - Object: 'Object Repository/Regression Clinical Edge/HomePage/ClientLink' is clicked on&#xD;
&#xD;
2019-09-20 10:19:29 - [TEST_STEP][PASSED] - delay(2): Delayed 2 second(s)&#xD;
&#xD;
2019-09-20 10:19:31 - [MESSAGE][PASSED] - Delayed 2 second(s)&#xD;
&#xD;
2019-09-20 10:19:31 - [TEST_STEP][PASSED] - waitForPageLoad(50): Wait for page load successfully&#xD;
&#xD;
2019-09-20 10:19:31 - [MESSAGE][PASSED] - Wait for page load successfully&#xD;
&#xD;
2019-09-20 10:19:31 - [TEST_STEP][PASSED] - scrollToElement(findTestObject("Regression Clinical Edge/CLINK - 23504/Plan of Care Section"), 50): Scroll to object 'Object Repository/Regression Clinical Edge/CLINK - 23504/Plan of Care Section' successfully&#xD;
&#xD;
2019-09-20 10:19:31 - [MESSAGE][PASSED] - Scroll to object 'Object Repository/Regression Clinical Edge/CLINK - 23504/Plan of Care Section' successfully&#xD;
&#xD;
2019-09-20 10:19:31 - [TEST_STEP][PASSED] - delay(2): Delayed 2 second(s)&#xD;
&#xD;
2019-09-20 10:19:33 - [MESSAGE][PASSED] - Delayed 2 second(s)&#xD;
&#xD;
2019-09-20 10:19:33 - [TEST_STEP][PASSED] - waitForElementPresent(findTestObject("Regression Clinical Edge/CLINK - 23504/a_Plan of Care"), 50): Object 'Object Repository/Regression Clinical Edge/CLINK - 23504/a_Plan of Care' is present&#xD;
&#xD;
2019-09-20 10:19:33 - [MESSAGE][PASSED] - Object 'Object Repository/Regression Clinical Edge/CLINK - 23504/a_Plan of Care' is present&#xD;
&#xD;
2019-09-20 10:19:33 - [TEST_STEP][PASSED] - click(findTestObject("Regression Clinical Edge/CLINK - 23504/a_Plan of Care")): Object: 'Object Repository/Regression Clinical Edge/CLINK - 23504/a_Plan of Care' is clicked on&#xD;
&#xD;
2019-09-20 10:19:36 - [MESSAGE][PASSED] - Object: 'Object Repository/Regression Clinical Edge/CLINK - 23504/a_Plan of Care' is clicked on&#xD;
&#xD;
2019-09-20 10:19:36 - [TEST_STEP][PASSED] - waitForPageLoad(50): Wait for page load successfully&#xD;
&#xD;
2019-09-20 10:19:36 - [MESSAGE][PASSED] - Wait for page load successfully&#xD;
&#xD;
2019-09-20 10:19:36 - [TEST_STEP][PASSED] - delay(3): Delayed 3 second(s)&#xD;
&#xD;
2019-09-20 10:19:39 - [MESSAGE][PASSED] - Delayed 3 second(s)&#xD;
&#xD;
2019-09-20 10:19:39 - [TEST_STEP][PASSED] - closeBrowser(): Browser is closed&#xD;
&#xD;
2019-09-20 10:19:40 - [MESSAGE][PASSED] - Browser is closed</system-out>
            <system-err></system-err>
        </testcase>
        <testcase name="Test Cases/Regression Clinical Edge (All Browsers)/CLNK-23314 - Clinical Edge - Add Schedule" classname="Test Cases/Regression Clinical Edge (All Browsers)/CLNK-23314 - Clinical Edge - Add Schedule" status="PASSED">
            <system-out>2019-09-20 10:19:42 - [TEST_CASE][PASSED] - Test Cases/Regression Clinical Edge (All Browsers)/CLNK-23314 - Clinical Edge - Add Schedule: Test Cases/Regression Clinical Edge (All Browsers)/CLNK-23314 - Clinical Edge - Add Schedule&#xD;
&#xD;
2019-09-20 10:19:42 - [TEST_STEP][PASSED] - callTestCase(findTestCase("Regression Clinical Edge (All Browsers)/CLNK-23349 - ContinuLink - Login"), [:], STOP_ON_FAILURE): Call Test Case 'Test Cases/Regression Clinical Edge (All Browsers)/CLNK-23349 - ContinuLink - Login' successfully&#xD;
&#xD;
2019-09-20 10:19:42 - [TEST_CASE][PASSED] - Test Cases/Regression Clinical Edge (All Browsers)/CLNK-23349 - ContinuLink - Login: Test Cases/Regression Clinical Edge (All Browsers)/CLNK-23349 - ContinuLink - Login&#xD;
&#xD;
2019-09-20 10:19:42 - [TEST_STEP][PASSED] - deleteAllCookies(): Delete all cookies successfully&#xD;
&#xD;
2019-09-20 10:19:42 - [MESSAGE][WARNING] - Cannot delete cookies because browser is closed&#xD;
&#xD;
2019-09-20 10:19:42 - [MESSAGE][PASSED] - Delete all cookies successfully&#xD;
&#xD;
2019-09-20 10:19:42 - [TEST_STEP][PASSED] - openBrowser(G_SiteURL): Browser is opened with url: 'https://qanewpoc.continulink.com/Account/Login.aspx?ReturnUrl=%2fdefault.aspx'&#xD;
&#xD;
2019-09-20 10:19:42 - [MESSAGE][INFO] - Starting 'Chrome' driver&#xD;
&#xD;
2019-09-20 10:19:51 - [MESSAGE][PASSED] - Browser is opened with url: 'https://qanewpoc.continulink.com/Account/Login.aspx?ReturnUrl=%2fdefault.aspx'&#xD;
&#xD;
2019-09-20 10:19:51 - [TEST_STEP][PASSED] - waitForPageLoad(60): Wait for page load successfully&#xD;
&#xD;
2019-09-20 10:19:51 - [MESSAGE][PASSED] - Wait for page load successfully&#xD;
&#xD;
2019-09-20 10:19:51 - [TEST_STEP][PASSED] - maximizeWindow(): Current window maximized&#xD;
&#xD;
2019-09-20 10:19:55 - [MESSAGE][PASSED] - Current window maximized&#xD;
&#xD;
2019-09-20 10:19:55 - [TEST_STEP][PASSED] - setText(findTestObject("Regression Clinical Edge/CLNK-23349/User"), G_CaregiverUserName): Text 'setenta' is set on object 'Object Repository/Regression Clinical Edge/CLNK-23349/User'&#xD;
&#xD;
2019-09-20 10:19:55 - [MESSAGE][PASSED] - Text 'setenta' is set on object 'Object Repository/Regression Clinical Edge/CLNK-23349/User'&#xD;
&#xD;
2019-09-20 10:19:55 - [TEST_STEP][PASSED] - setText(findTestObject("Regression Clinical Edge/CLNK-23349/Password"), G_Password): Text 'qwerty' is set on object 'Object Repository/Regression Clinical Edge/CLNK-23349/Password'&#xD;
&#xD;
2019-09-20 10:19:56 - [MESSAGE][PASSED] - Text 'qwerty' is set on object 'Object Repository/Regression Clinical Edge/CLNK-23349/Password'&#xD;
&#xD;
2019-09-20 10:19:56 - [TEST_STEP][PASSED] - click(findTestObject("Regression Clinical Edge/CLNK-23349/Button_LogIn")): Object: 'Object Repository/Regression Clinical Edge/CLNK-23349/Button_LogIn' is clicked on&#xD;
&#xD;
2019-09-20 10:19:57 - [MESSAGE][PASSED] - Object: 'Object Repository/Regression Clinical Edge/CLNK-23349/Button_LogIn' is clicked on&#xD;
&#xD;
2019-09-20 10:19:57 - [TEST_STEP][PASSED] - waitForPageLoad(60): Wait for page load successfully&#xD;
&#xD;
2019-09-20 10:19:57 - [MESSAGE][PASSED] - Wait for page load successfully&#xD;
&#xD;
2019-09-20 10:19:57 - [TEST_STEP][PASSED] - delay(2): Delayed 2 second(s)&#xD;
&#xD;
2019-09-20 10:19:59 - [MESSAGE][PASSED] - Delayed 2 second(s)&#xD;
&#xD;
2019-09-20 10:19:59 - [TEST_STEP][NOT_RUN] - waitForElementPresent(findTestObject("Regression Clinical Edge/CLINK-23509/button_Close"), 100): NOT_RUN: waitForElementPresent(findTestObject("Regression Clinical Edge/CLINK-23509/button_Close"), 100)&#xD;
&#xD;
2019-09-20 10:19:59 - [MESSAGE][NOT_RUN] - NOT_RUN: waitForElementPresent(findTestObject("Regression Clinical Edge/CLINK-23509/button_Close"), 100)&#xD;
&#xD;
2019-09-20 10:19:59 - [TEST_STEP][NOT_RUN] - click(findTestObject("Regression Clinical Edge/CLINK-23509/button_Close")): NOT_RUN: click(findTestObject("Regression Clinical Edge/CLINK-23509/button_Close"))&#xD;
&#xD;
2019-09-20 10:19:59 - [MESSAGE][NOT_RUN] - NOT_RUN: click(findTestObject("Regression Clinical Edge/CLINK-23509/button_Close"))&#xD;
&#xD;
2019-09-20 10:19:59 - [TEST_STEP][NOT_RUN] - delay(2): NOT_RUN: delay(2)&#xD;
&#xD;
2019-09-20 10:19:59 - [MESSAGE][NOT_RUN] - NOT_RUN: delay(2)&#xD;
&#xD;
2019-09-20 10:19:59 - [MESSAGE][PASSED] - Call Test Case 'Test Cases/Regression Clinical Edge (All Browsers)/CLNK-23349 - ContinuLink - Login' successfully&#xD;
&#xD;
2019-09-20 10:19:59 - [TEST_STEP][PASSED] - waitForPageLoad(60): Wait for page load successfully&#xD;
&#xD;
2019-09-20 10:19:59 - [MESSAGE][PASSED] - Wait for page load successfully&#xD;
&#xD;
2019-09-20 10:19:59 - [TEST_STEP][PASSED] - maximizeWindow(): Current window maximized&#xD;
&#xD;
2019-09-20 10:19:59 - [MESSAGE][PASSED] - Current window maximized&#xD;
&#xD;
2019-09-20 10:19:59 - [TEST_STEP][PASSED] - waitForPageLoad(60): Wait for page load successfully&#xD;
&#xD;
2019-09-20 10:19:59 - [MESSAGE][PASSED] - Wait for page load successfully&#xD;
&#xD;
2019-09-20 10:19:59 - [TEST_STEP][PASSED] - delay(8): Delayed 8 second(s)&#xD;
&#xD;
2019-09-20 10:20:07 - [MESSAGE][PASSED] - Delayed 8 second(s)&#xD;
&#xD;
2019-09-20 10:20:07 - [TEST_STEP][PASSED] - waitForElementPresent(findTestObject("Regression Clinical Edge/ClientPage/HomeLink"), 100): Object 'Object Repository/Regression Clinical Edge/ClientPage/HomeLink' is present&#xD;
&#xD;
2019-09-20 10:20:08 - [MESSAGE][PASSED] - Object 'Object Repository/Regression Clinical Edge/ClientPage/HomeLink' is present&#xD;
&#xD;
2019-09-20 10:20:08 - [TEST_STEP][PASSED] - click(findTestObject("Regression Clinical Edge/ClientPage/HomeLink")): Object: 'Object Repository/Regression Clinical Edge/ClientPage/HomeLink' is clicked on&#xD;
&#xD;
2019-09-20 10:20:08 - [MESSAGE][PASSED] - Object: 'Object Repository/Regression Clinical Edge/ClientPage/HomeLink' is clicked on&#xD;
&#xD;
2019-09-20 10:20:08 - [TEST_STEP][PASSED] - delay(2): Delayed 2 second(s)&#xD;
&#xD;
2019-09-20 10:20:10 - [MESSAGE][PASSED] - Delayed 2 second(s)&#xD;
&#xD;
2019-09-20 10:20:10 - [TEST_STEP][PASSED] - waitForPageLoad(50): Wait for page load successfully&#xD;
&#xD;
2019-09-20 10:20:10 - [MESSAGE][PASSED] - Wait for page load successfully&#xD;
&#xD;
2019-09-20 10:20:10 - [TEST_STEP][PASSED] - verifyElementPresent(findTestObject("Regression Clinical Edge/CLINK-23467/a_CurrentClient"), 10): Object 'Object Repository/Regression Clinical Edge/CLINK-23467/a_CurrentClient' is present&#xD;
&#xD;
2019-09-20 10:20:10 - [MESSAGE][PASSED] - Object 'Object Repository/Regression Clinical Edge/CLINK-23467/a_CurrentClient' is present&#xD;
&#xD;
2019-09-20 10:20:10 - [TEST_STEP][PASSED] - if (verifyElementPresent(findTestObject("Regression Clinical Edge/CLINK-23467/a_CurrentClient"), 10)): Object: 'Object Repository/Regression Clinical Edge/CLINK-23467/a_CurrentClient' is clicked on&#xD;
&#xD;
2019-09-20 10:20:10 - [MESSAGE][PASSED] - Object 'Object Repository/Regression Clinical Edge/CLINK-23467/a_CurrentClient' is present&#xD;
&#xD;
2019-09-20 10:20:10 - [TEST_STEP][PASSED] - click(findTestObject("Regression Clinical Edge/CLINK-23467/a_CurrentClient")): Object: 'Object Repository/Regression Clinical Edge/CLINK-23467/a_CurrentClient' is clicked on&#xD;
&#xD;
2019-09-20 10:20:12 - [MESSAGE][PASSED] - Object: 'Object Repository/Regression Clinical Edge/CLINK-23467/a_CurrentClient' is clicked on&#xD;
&#xD;
2019-09-20 10:20:12 - [TEST_STEP][PASSED] - delay(5): Delayed 5 second(s)&#xD;
&#xD;
2019-09-20 10:20:17 - [MESSAGE][PASSED] - Delayed 5 second(s)&#xD;
&#xD;
2019-09-20 10:20:17 - [TEST_STEP][PASSED] - waitForPageLoad(50): Wait for page load successfully&#xD;
&#xD;
2019-09-20 10:20:17 - [MESSAGE][PASSED] - Wait for page load successfully&#xD;
&#xD;
2019-09-20 10:20:17 - [TEST_STEP][PASSED] - waitForElementPresent(findTestObject("Regression Clinical Edge/CLINK-23314/button_Add Schedule"), 50): Object 'Object Repository/Regression Clinical Edge/CLINK-23314/button_Add Schedule' is present&#xD;
&#xD;
2019-09-20 10:20:17 - [MESSAGE][PASSED] - Object 'Object Repository/Regression Clinical Edge/CLINK-23314/button_Add Schedule' is present&#xD;
&#xD;
2019-09-20 10:20:17 - [TEST_STEP][PASSED] - click(findTestObject("Regression Clinical Edge/CLINK-23314/button_Add Schedule")): Object: 'Object Repository/Regression Clinical Edge/CLINK-23314/button_Add Schedule' is clicked on&#xD;
&#xD;
2019-09-20 10:20:17 - [MESSAGE][PASSED] - Object: 'Object Repository/Regression Clinical Edge/CLINK-23314/button_Add Schedule' is clicked on&#xD;
&#xD;
2019-09-20 10:20:17 - [TEST_STEP][PASSED] - delay(2): Delayed 2 second(s)&#xD;
&#xD;
2019-09-20 10:20:19 - [MESSAGE][PASSED] - Delayed 2 second(s)&#xD;
&#xD;
2019-09-20 10:20:19 - [TEST_STEP][PASSED] - waitForElementPresent(findTestObject("Regression Clinical Edge/CLINK-23314/FilterBySubServices"), 50): Object 'Object Repository/Regression Clinical Edge/CLINK-23314/FilterBySubServices' is present&#xD;
&#xD;
2019-09-20 10:20:19 - [MESSAGE][PASSED] - Object 'Object Repository/Regression Clinical Edge/CLINK-23314/FilterBySubServices' is present&#xD;
&#xD;
2019-09-20 10:20:19 - [TEST_STEP][PASSED] - click(findTestObject("Regression Clinical Edge/CLINK-23314/FilterBySubServices")): Object: 'Object Repository/Regression Clinical Edge/CLINK-23314/FilterBySubServices' is clicked on&#xD;
&#xD;
2019-09-20 10:20:19 - [MESSAGE][PASSED] - Object: 'Object Repository/Regression Clinical Edge/CLINK-23314/FilterBySubServices' is clicked on&#xD;
&#xD;
2019-09-20 10:20:19 - [TEST_STEP][PASSED] - delay(2): Delayed 2 second(s)&#xD;
&#xD;
2019-09-20 10:20:21 - [MESSAGE][PASSED] - Delayed 2 second(s)&#xD;
&#xD;
2019-09-20 10:20:21 - [TEST_STEP][PASSED] - waitForElementPresent(findTestObject("Regression Clinical Edge/CLINK-23314/ServiceTypeList"), 50): Object 'Object Repository/Regression Clinical Edge/CLINK-23314/ServiceTypeList' is present&#xD;
&#xD;
2019-09-20 10:20:22 - [MESSAGE][PASSED] - Object 'Object Repository/Regression Clinical Edge/CLINK-23314/ServiceTypeList' is present&#xD;
&#xD;
2019-09-20 10:20:22 - [TEST_STEP][PASSED] - click(findTestObject("Regression Clinical Edge/CLINK-23314/ServiceTypeList")): Object: 'Object Repository/Regression Clinical Edge/CLINK-23314/ServiceTypeList' is clicked on&#xD;
&#xD;
2019-09-20 10:20:22 - [MESSAGE][PASSED] - Object: 'Object Repository/Regression Clinical Edge/CLINK-23314/ServiceTypeList' is clicked on&#xD;
&#xD;
2019-09-20 10:20:22 - [TEST_STEP][PASSED] - delay(2): Delayed 2 second(s)&#xD;
&#xD;
2019-09-20 10:20:24 - [MESSAGE][PASSED] - Delayed 2 second(s)&#xD;
&#xD;
2019-09-20 10:20:24 - [TEST_STEP][PASSED] - focus(findTestObject("Regression Clinical Edge/CLINK-23314/ServiceTypeList"), STOP_ON_FAILURE): Object: 'Object Repository/Regression Clinical Edge/CLINK-23314/ServiceTypeList' is focused&#xD;
&#xD;
2019-09-20 10:20:24 - [MESSAGE][PASSED] - Object: 'Object Repository/Regression Clinical Edge/CLINK-23314/ServiceTypeList' is focused&#xD;
&#xD;
2019-09-20 10:20:24 - [TEST_STEP][PASSED] - sendKeys(findTestObject("Regression Clinical Edge/CLINK-23314/ServiceTypeList"), Keys.chord(ARROW_RIGHT, ARROW_DOWN, ARROW_DOWN, ARROW_DOWN, ARROW_DOWN, ARROW_DOWN, ENTER)): Keys 'RIGHT + DOWN + DOWN + DOWN + DOWN + DOWN + ENTER + ' sent to object: 'Object Repository/Regression Clinical Edge/CLINK-23314/ServiceTypeList'&#xD;
&#xD;
2019-09-20 10:20:24 - [MESSAGE][PASSED] - Keys 'RIGHT + DOWN + DOWN + DOWN + DOWN + DOWN + ENTER + ' sent to object: 'Object Repository/Regression Clinical Edge/CLINK-23314/ServiceTypeList'&#xD;
&#xD;
2019-09-20 10:20:24 - [TEST_STEP][PASSED] - delay(2): Delayed 2 second(s)&#xD;
&#xD;
2019-09-20 10:20:26 - [MESSAGE][PASSED] - Delayed 2 second(s)&#xD;
&#xD;
2019-09-20 10:20:26 - [TEST_STEP][PASSED] - waitForElementPresent(findTestObject("Regression Clinical Edge/CLINK-23314/StartTime"), 60): Object 'Object Repository/Regression Clinical Edge/CLINK-23314/StartTime' is present&#xD;
&#xD;
2019-09-20 10:20:26 - [MESSAGE][PASSED] - Object 'Object Repository/Regression Clinical Edge/CLINK-23314/StartTime' is present&#xD;
&#xD;
2019-09-20 10:20:26 - [TEST_STEP][PASSED] - clearText(findTestObject("Regression Clinical Edge/CLINK-23314/StartTime")): Text of object 'Object Repository/Regression Clinical Edge/CLINK-23314/StartTime' is cleared&#xD;
&#xD;
2019-09-20 10:20:26 - [MESSAGE][PASSED] - Text of object 'Object Repository/Regression Clinical Edge/CLINK-23314/StartTime' is cleared&#xD;
&#xD;
2019-09-20 10:20:26 - [TEST_STEP][PASSED] - delay(3): Delayed 3 second(s)&#xD;
&#xD;
2019-09-20 10:20:29 - [MESSAGE][PASSED] - Delayed 3 second(s)&#xD;
&#xD;
2019-09-20 10:20:29 - [TEST_STEP][PASSED] - click(findTestObject("Regression Clinical Edge/CLINK-23314/StartTime")): Object: 'Object Repository/Regression Clinical Edge/CLINK-23314/StartTime' is clicked on&#xD;
&#xD;
2019-09-20 10:20:29 - [MESSAGE][PASSED] - Object: 'Object Repository/Regression Clinical Edge/CLINK-23314/StartTime' is clicked on&#xD;
&#xD;
2019-09-20 10:20:29 - [TEST_STEP][PASSED] - delay(2): Delayed 2 second(s)&#xD;
&#xD;
2019-09-20 10:20:31 - [MESSAGE][PASSED] - Delayed 2 second(s)&#xD;
&#xD;
2019-09-20 10:20:31 - [TEST_STEP][PASSED] - sendKeys(findTestObject("Regression Clinical Edge/CLINK-23314/StartTime"), G_StartTime): Keys '1200' sent to object: 'Object Repository/Regression Clinical Edge/CLINK-23314/StartTime'&#xD;
&#xD;
2019-09-20 10:20:32 - [MESSAGE][PASSED] - Keys '1200' sent to object: 'Object Repository/Regression Clinical Edge/CLINK-23314/StartTime'&#xD;
&#xD;
2019-09-20 10:20:32 - [TEST_STEP][PASSED] - delay(3): Delayed 3 second(s)&#xD;
&#xD;
2019-09-20 10:20:35 - [MESSAGE][PASSED] - Delayed 3 second(s)&#xD;
&#xD;
2019-09-20 10:20:35 - [TEST_STEP][PASSED] - waitForElementPresent(findTestObject("Regression Clinical Edge/CLINK-23314/EndTime"), 60): Object 'Object Repository/Regression Clinical Edge/CLINK-23314/EndTime' is present&#xD;
&#xD;
2019-09-20 10:20:35 - [MESSAGE][PASSED] - Object 'Object Repository/Regression Clinical Edge/CLINK-23314/EndTime' is present&#xD;
&#xD;
2019-09-20 10:20:35 - [TEST_STEP][PASSED] - clearText(findTestObject("Regression Clinical Edge/CLINK-23314/EndTime")): Text of object 'Object Repository/Regression Clinical Edge/CLINK-23314/EndTime' is cleared&#xD;
&#xD;
2019-09-20 10:20:35 - [MESSAGE][PASSED] - Text of object 'Object Repository/Regression Clinical Edge/CLINK-23314/EndTime' is cleared&#xD;
&#xD;
2019-09-20 10:20:35 - [TEST_STEP][PASSED] - delay(2): Delayed 2 second(s)&#xD;
&#xD;
2019-09-20 10:20:37 - [MESSAGE][PASSED] - Delayed 2 second(s)&#xD;
&#xD;
2019-09-20 10:20:37 - [TEST_STEP][PASSED] - click(findTestObject("Regression Clinical Edge/CLINK-23314/EndTime")): Object: 'Object Repository/Regression Clinical Edge/CLINK-23314/EndTime' is clicked on&#xD;
&#xD;
2019-09-20 10:20:37 - [MESSAGE][PASSED] - Object: 'Object Repository/Regression Clinical Edge/CLINK-23314/EndTime' is clicked on&#xD;
&#xD;
2019-09-20 10:20:37 - [TEST_STEP][PASSED] - delay(2): Delayed 2 second(s)&#xD;
&#xD;
2019-09-20 10:20:39 - [MESSAGE][PASSED] - Delayed 2 second(s)&#xD;
&#xD;
2019-09-20 10:20:39 - [TEST_STEP][PASSED] - sendKeys(findTestObject("Regression Clinical Edge/CLINK-23314/EndTime"), G_EndTime): Keys '1230' sent to object: 'Object Repository/Regression Clinical Edge/CLINK-23314/EndTime'&#xD;
&#xD;
2019-09-20 10:20:39 - [MESSAGE][PASSED] - Keys '1230' sent to object: 'Object Repository/Regression Clinical Edge/CLINK-23314/EndTime'&#xD;
&#xD;
2019-09-20 10:20:39 - [TEST_STEP][PASSED] - waitForElementPresent(findTestObject("Regression Clinical Edge/CLINK-23314/SaveButton"), 100): Object 'Object Repository/Regression Clinical Edge/CLINK-23314/SaveButton' is present&#xD;
&#xD;
2019-09-20 10:20:39 - [MESSAGE][PASSED] - Object 'Object Repository/Regression Clinical Edge/CLINK-23314/SaveButton' is present&#xD;
&#xD;
2019-09-20 10:20:39 - [TEST_STEP][PASSED] - click(findTestObject("Regression Clinical Edge/CLINK-23314/SaveButton")): Object: 'Object Repository/Regression Clinical Edge/CLINK-23314/SaveButton' is clicked on&#xD;
&#xD;
2019-09-20 10:20:39 - [MESSAGE][PASSED] - Object: 'Object Repository/Regression Clinical Edge/CLINK-23314/SaveButton' is clicked on&#xD;
&#xD;
2019-09-20 10:20:39 - [TEST_STEP][PASSED] - waitForPageLoad(100): Wait for page load successfully&#xD;
&#xD;
2019-09-20 10:20:39 - [MESSAGE][PASSED] - Wait for page load successfully&#xD;
&#xD;
2019-09-20 10:20:39 - [TEST_STEP][PASSED] - delay(4): Delayed 4 second(s)&#xD;
&#xD;
2019-09-20 10:20:43 - [MESSAGE][PASSED] - Delayed 4 second(s)&#xD;
&#xD;
2019-09-20 10:20:43 - [TEST_STEP][PASSED] - closeBrowser(): Browser is closed&#xD;
&#xD;
2019-09-20 10:20:44 - [MESSAGE][PASSED] - Browser is closed</system-out>
            <system-err></system-err>
        </testcase>
        <testcase name="Test Cases/Regression Clinical Edge (All Browsers)/CLNK-13514 - CE - Medication Profile Widget - Adding elements" classname="Test Cases/Regression Clinical Edge (All Browsers)/CLNK-13514 - CE - Medication Profile Widget - Adding elements" status="PASSED">
            <system-out>2019-09-20 10:20:46 - [TEST_CASE][PASSED] - Test Cases/Regression Clinical Edge (All Browsers)/CLNK-13514 - CE - Medication Profile Widget - Adding elements: Test Cases/Regression Clinical Edge (All Browsers)/CLNK-13514 - CE - Medication Profile Widget - Adding elements&#xD;
&#xD;
2019-09-20 10:20:46 - [TEST_STEP][PASSED] - callTestCase(findTestCase("Regression Clinical Edge (All Browsers)/CLNK-23349 - ContinuLink - Login"), [:], STOP_ON_FAILURE): Call Test Case 'Test Cases/Regression Clinical Edge (All Browsers)/CLNK-23349 - ContinuLink - Login' successfully&#xD;
&#xD;
2019-09-20 10:20:46 - [TEST_CASE][PASSED] - Test Cases/Regression Clinical Edge (All Browsers)/CLNK-23349 - ContinuLink - Login: Test Cases/Regression Clinical Edge (All Browsers)/CLNK-23349 - ContinuLink - Login&#xD;
&#xD;
2019-09-20 10:20:46 - [TEST_STEP][PASSED] - deleteAllCookies(): Delete all cookies successfully&#xD;
&#xD;
2019-09-20 10:20:46 - [MESSAGE][WARNING] - Cannot delete cookies because browser is closed&#xD;
&#xD;
2019-09-20 10:20:46 - [MESSAGE][PASSED] - Delete all cookies successfully&#xD;
&#xD;
2019-09-20 10:20:46 - [TEST_STEP][PASSED] - openBrowser(G_SiteURL): Browser is opened with url: 'https://qanewpoc.continulink.com/Account/Login.aspx?ReturnUrl=%2fdefault.aspx'&#xD;
&#xD;
2019-09-20 10:20:46 - [MESSAGE][INFO] - Starting 'Chrome' driver&#xD;
&#xD;
2019-09-20 10:20:55 - [MESSAGE][PASSED] - Browser is opened with url: 'https://qanewpoc.continulink.com/Account/Login.aspx?ReturnUrl=%2fdefault.aspx'&#xD;
&#xD;
2019-09-20 10:20:55 - [TEST_STEP][PASSED] - waitForPageLoad(60): Wait for page load successfully&#xD;
&#xD;
2019-09-20 10:20:55 - [MESSAGE][PASSED] - Wait for page load successfully&#xD;
&#xD;
2019-09-20 10:20:55 - [TEST_STEP][PASSED] - maximizeWindow(): Current window maximized&#xD;
&#xD;
2019-09-20 10:21:00 - [MESSAGE][PASSED] - Current window maximized&#xD;
&#xD;
2019-09-20 10:21:00 - [TEST_STEP][PASSED] - setText(findTestObject("Regression Clinical Edge/CLNK-23349/User"), G_CaregiverUserName): Text 'setenta' is set on object 'Object Repository/Regression Clinical Edge/CLNK-23349/User'&#xD;
&#xD;
2019-09-20 10:21:00 - [MESSAGE][PASSED] - Text 'setenta' is set on object 'Object Repository/Regression Clinical Edge/CLNK-23349/User'&#xD;
&#xD;
2019-09-20 10:21:00 - [TEST_STEP][PASSED] - setText(findTestObject("Regression Clinical Edge/CLNK-23349/Password"), G_Password): Text 'qwerty' is set on object 'Object Repository/Regression Clinical Edge/CLNK-23349/Password'&#xD;
&#xD;
2019-09-20 10:21:00 - [MESSAGE][PASSED] - Text 'qwerty' is set on object 'Object Repository/Regression Clinical Edge/CLNK-23349/Password'&#xD;
&#xD;
2019-09-20 10:21:00 - [TEST_STEP][PASSED] - click(findTestObject("Regression Clinical Edge/CLNK-23349/Button_LogIn")): Object: 'Object Repository/Regression Clinical Edge/CLNK-23349/Button_LogIn' is clicked on&#xD;
&#xD;
2019-09-20 10:21:02 - [MESSAGE][PASSED] - Object: 'Object Repository/Regression Clinical Edge/CLNK-23349/Button_LogIn' is clicked on&#xD;
&#xD;
2019-09-20 10:21:02 - [TEST_STEP][PASSED] - waitForPageLoad(60): Wait for page load successfully&#xD;
&#xD;
2019-09-20 10:21:02 - [MESSAGE][PASSED] - Wait for page load successfully&#xD;
&#xD;
2019-09-20 10:21:02 - [TEST_STEP][PASSED] - delay(2): Delayed 2 second(s)&#xD;
&#xD;
2019-09-20 10:21:04 - [MESSAGE][PASSED] - Delayed 2 second(s)&#xD;
&#xD;
2019-09-20 10:21:04 - [TEST_STEP][NOT_RUN] - waitForElementPresent(findTestObject("Regression Clinical Edge/CLINK-23509/button_Close"), 100): NOT_RUN: waitForElementPresent(findTestObject("Regression Clinical Edge/CLINK-23509/button_Close"), 100)&#xD;
&#xD;
2019-09-20 10:21:04 - [MESSAGE][NOT_RUN] - NOT_RUN: waitForElementPresent(findTestObject("Regression Clinical Edge/CLINK-23509/button_Close"), 100)&#xD;
&#xD;
2019-09-20 10:21:04 - [TEST_STEP][NOT_RUN] - click(findTestObject("Regression Clinical Edge/CLINK-23509/button_Close")): NOT_RUN: click(findTestObject("Regression Clinical Edge/CLINK-23509/button_Close"))&#xD;
&#xD;
2019-09-20 10:21:04 - [MESSAGE][NOT_RUN] - NOT_RUN: click(findTestObject("Regression Clinical Edge/CLINK-23509/button_Close"))&#xD;
&#xD;
2019-09-20 10:21:04 - [TEST_STEP][NOT_RUN] - delay(2): NOT_RUN: delay(2)&#xD;
&#xD;
2019-09-20 10:21:04 - [MESSAGE][NOT_RUN] - NOT_RUN: delay(2)&#xD;
&#xD;
2019-09-20 10:21:04 - [MESSAGE][PASSED] - Call Test Case 'Test Cases/Regression Clinical Edge (All Browsers)/CLNK-23349 - ContinuLink - Login' successfully&#xD;
&#xD;
2019-09-20 10:21:04 - [TEST_STEP][PASSED] - waitForPageLoad(60): Wait for page load successfully&#xD;
&#xD;
2019-09-20 10:21:04 - [MESSAGE][PASSED] - Wait for page load successfully&#xD;
&#xD;
2019-09-20 10:21:04 - [TEST_STEP][PASSED] - maximizeWindow(): Current window maximized&#xD;
&#xD;
2019-09-20 10:21:04 - [MESSAGE][PASSED] - Current window maximized&#xD;
&#xD;
2019-09-20 10:21:04 - [TEST_STEP][PASSED] - waitForPageLoad(60): Wait for page load successfully&#xD;
&#xD;
2019-09-20 10:21:04 - [MESSAGE][PASSED] - Wait for page load successfully&#xD;
&#xD;
2019-09-20 10:21:04 - [TEST_STEP][PASSED] - delay(8): Delayed 8 second(s)&#xD;
&#xD;
2019-09-20 10:21:12 - [MESSAGE][PASSED] - Delayed 8 second(s)&#xD;
&#xD;
2019-09-20 10:21:12 - [TEST_STEP][PASSED] - waitForElementPresent(findTestObject("Regression Clinical Edge/ClientPage/HomeLink"), 100): Object 'Object Repository/Regression Clinical Edge/ClientPage/HomeLink' is present&#xD;
&#xD;
2019-09-20 10:21:12 - [MESSAGE][PASSED] - Object 'Object Repository/Regression Clinical Edge/ClientPage/HomeLink' is present&#xD;
&#xD;
2019-09-20 10:21:12 - [TEST_STEP][PASSED] - click(findTestObject("Regression Clinical Edge/ClientPage/HomeLink")): Object: 'Object Repository/Regression Clinical Edge/ClientPage/HomeLink' is clicked on&#xD;
&#xD;
2019-09-20 10:21:12 - [MESSAGE][PASSED] - Object: 'Object Repository/Regression Clinical Edge/ClientPage/HomeLink' is clicked on&#xD;
&#xD;
2019-09-20 10:21:12 - [TEST_STEP][PASSED] - delay(2): Delayed 2 second(s)&#xD;
&#xD;
2019-09-20 10:21:14 - [MESSAGE][PASSED] - Delayed 2 second(s)&#xD;
&#xD;
2019-09-20 10:21:14 - [TEST_STEP][PASSED] - waitForPageLoad(50): Wait for page load successfully&#xD;
&#xD;
2019-09-20 10:21:14 - [MESSAGE][PASSED] - Wait for page load successfully&#xD;
&#xD;
2019-09-20 10:21:14 - [TEST_STEP][PASSED] - verifyElementPresent(findTestObject("Regression Clinical Edge/CLINK-23467/a_CurrentClient"), 10): Object 'Object Repository/Regression Clinical Edge/CLINK-23467/a_CurrentClient' is present&#xD;
&#xD;
2019-09-20 10:21:15 - [MESSAGE][PASSED] - Object 'Object Repository/Regression Clinical Edge/CLINK-23467/a_CurrentClient' is present&#xD;
&#xD;
2019-09-20 10:21:15 - [TEST_STEP][PASSED] - if (verifyElementPresent(findTestObject("Regression Clinical Edge/CLINK-23467/a_CurrentClient"), 10)): Object: 'Object Repository/Regression Clinical Edge/CLINK-23467/a_CurrentClient' is clicked on&#xD;
&#xD;
2019-09-20 10:21:15 - [MESSAGE][PASSED] - Object 'Object Repository/Regression Clinical Edge/CLINK-23467/a_CurrentClient' is present&#xD;
&#xD;
2019-09-20 10:21:15 - [TEST_STEP][PASSED] - click(findTestObject("Regression Clinical Edge/CLINK-23467/a_CurrentClient")): Object: 'Object Repository/Regression Clinical Edge/CLINK-23467/a_CurrentClient' is clicked on&#xD;
&#xD;
2019-09-20 10:21:16 - [MESSAGE][PASSED] - Object: 'Object Repository/Regression Clinical Edge/CLINK-23467/a_CurrentClient' is clicked on&#xD;
&#xD;
2019-09-20 10:21:16 - [TEST_STEP][PASSED] - delay(5): Delayed 5 second(s)&#xD;
&#xD;
2019-09-20 10:21:21 - [MESSAGE][PASSED] - Delayed 5 second(s)&#xD;
&#xD;
2019-09-20 10:21:21 - [TEST_STEP][PASSED] - waitForPageLoad(50): Wait for page load successfully&#xD;
&#xD;
2019-09-20 10:21:21 - [MESSAGE][PASSED] - Wait for page load successfully&#xD;
&#xD;
2019-09-20 10:21:21 - [TEST_STEP][PASSED] - waitForElementPresent(findTestObject("Regression Clinical Edge/CLNK-13514/Medication/AddMedicationButton"), 100): Object 'Object Repository/Regression Clinical Edge/CLNK-13514/Medication/AddMedicationButton' is present&#xD;
&#xD;
2019-09-20 10:21:21 - [MESSAGE][PASSED] - Object 'Object Repository/Regression Clinical Edge/CLNK-13514/Medication/AddMedicationButton' is present&#xD;
&#xD;
2019-09-20 10:21:21 - [TEST_STEP][PASSED] - click(findTestObject("Regression Clinical Edge/CLNK-13514/Medication/AddMedicationButton")): Object: 'Object Repository/Regression Clinical Edge/CLNK-13514/Medication/AddMedicationButton' is clicked on&#xD;
&#xD;
2019-09-20 10:21:21 - [MESSAGE][PASSED] - Object: 'Object Repository/Regression Clinical Edge/CLNK-13514/Medication/AddMedicationButton' is clicked on&#xD;
&#xD;
2019-09-20 10:21:21 - [TEST_STEP][PASSED] - delay(2): Delayed 2 second(s)&#xD;
&#xD;
2019-09-20 10:21:23 - [MESSAGE][PASSED] - Delayed 2 second(s)&#xD;
&#xD;
2019-09-20 10:21:23 - [TEST_STEP][PASSED] - waitForElementPresent(findTestObject("Regression Clinical Edge/CLNK-13514/Medication/a_Medication"), 100): Object 'Object Repository/Regression Clinical Edge/CLNK-13514/Medication/a_Medication' is present&#xD;
&#xD;
2019-09-20 10:21:24 - [MESSAGE][PASSED] - Object 'Object Repository/Regression Clinical Edge/CLNK-13514/Medication/a_Medication' is present&#xD;
&#xD;
2019-09-20 10:21:24 - [TEST_STEP][PASSED] - click(findTestObject("Regression Clinical Edge/CLNK-13514/Medication/a_Medication")): Object: 'Object Repository/Regression Clinical Edge/CLNK-13514/Medication/a_Medication' is clicked on&#xD;
&#xD;
2019-09-20 10:21:24 - [MESSAGE][PASSED] - Object: 'Object Repository/Regression Clinical Edge/CLNK-13514/Medication/a_Medication' is clicked on&#xD;
&#xD;
2019-09-20 10:21:24 - [TEST_STEP][PASSED] - delay(2): Delayed 2 second(s)&#xD;
&#xD;
2019-09-20 10:21:26 - [MESSAGE][PASSED] - Delayed 2 second(s)&#xD;
&#xD;
2019-09-20 10:21:26 - [TEST_STEP][PASSED] - waitForElementPresent(findTestObject("Regression Clinical Edge/CLNK-13514/Medication/MedicationName"), 50): Object 'Object Repository/Regression Clinical Edge/CLNK-13514/Medication/MedicationName' is present&#xD;
&#xD;
2019-09-20 10:21:26 - [MESSAGE][PASSED] - Object 'Object Repository/Regression Clinical Edge/CLNK-13514/Medication/MedicationName' is present&#xD;
&#xD;
2019-09-20 10:21:26 - [TEST_STEP][PASSED] - click(findTestObject("Regression Clinical Edge/CLNK-13514/Medication/MedicationName")): Object: 'Object Repository/Regression Clinical Edge/CLNK-13514/Medication/MedicationName' is clicked on&#xD;
&#xD;
2019-09-20 10:21:26 - [MESSAGE][PASSED] - Object: 'Object Repository/Regression Clinical Edge/CLNK-13514/Medication/MedicationName' is clicked on&#xD;
&#xD;
2019-09-20 10:21:26 - [TEST_STEP][PASSED] - delay(2): Delayed 2 second(s)&#xD;
&#xD;
2019-09-20 10:21:28 - [MESSAGE][PASSED] - Delayed 2 second(s)&#xD;
&#xD;
2019-09-20 10:21:28 - [TEST_STEP][PASSED] - setText(findTestObject("Regression Clinical Edge/CLNK-13514/Medication/MedicationName"), "IBUPROFEN"): Text 'IBUPROFEN' is set on object 'Object Repository/Regression Clinical Edge/CLNK-13514/Medication/MedicationName'&#xD;
&#xD;
2019-09-20 10:21:28 - [MESSAGE][PASSED] - Text 'IBUPROFEN' is set on object 'Object Repository/Regression Clinical Edge/CLNK-13514/Medication/MedicationName'&#xD;
&#xD;
2019-09-20 10:21:28 - [TEST_STEP][PASSED] - delay(2): Delayed 2 second(s)&#xD;
&#xD;
2019-09-20 10:21:30 - [MESSAGE][PASSED] - Delayed 2 second(s)&#xD;
&#xD;
2019-09-20 10:21:30 - [TEST_STEP][PASSED] - sendKeys(findTestObject("Regression Clinical Edge/CLNK-13514/Medication/MedicationName"), Keys.chord(ARROW_DOWN, ENTER)): Keys 'DOWN + ENTER + ' sent to object: 'Object Repository/Regression Clinical Edge/CLNK-13514/Medication/MedicationName'&#xD;
&#xD;
2019-09-20 10:21:30 - [MESSAGE][PASSED] - Keys 'DOWN + ENTER + ' sent to object: 'Object Repository/Regression Clinical Edge/CLNK-13514/Medication/MedicationName'&#xD;
&#xD;
2019-09-20 10:21:30 - [TEST_STEP][PASSED] - delay(3): Delayed 3 second(s)&#xD;
&#xD;
2019-09-20 10:21:33 - [MESSAGE][PASSED] - Delayed 3 second(s)&#xD;
&#xD;
2019-09-20 10:21:33 - [TEST_STEP][PASSED] - waitForElementPresent(findTestObject("Regression Clinical Edge/CLNK-13514/Medication/MedicationStarted"), 50): Object 'Object Repository/Regression Clinical Edge/CLNK-13514/Medication/MedicationStarted' is present&#xD;
&#xD;
2019-09-20 10:21:33 - [MESSAGE][PASSED] - Object 'Object Repository/Regression Clinical Edge/CLNK-13514/Medication/MedicationStarted' is present&#xD;
&#xD;
2019-09-20 10:21:33 - [TEST_STEP][PASSED] - click(findTestObject("Regression Clinical Edge/CLNK-13514/Medication/MedicationStarted")): Unable to click on object 'Object Repository/Regression Clinical Edge/CLNK-13514/Medication/MedicationStarted' (Root cause: com.kms.katalon.core.exception.StepFailedException: Unable to click on object 'Object Repository/Regression Clinical Edge/CLNK-13514/Medication/MedicationStarted'&#xD;
	at com.kms.katalon.core.webui.keyword.internal.WebUIKeywordMain.stepFailed(WebUIKeywordMain.groovy:64)&#xD;
	at com.kms.katalon.core.webui.keyword.internal.WebUIKeywordMain.runKeyword(WebUIKeywordMain.groovy:26)&#xD;
	at com.kms.katalon.core.webui.keyword.builtin.ClickKeyword.click(ClickKeyword.groovy:86)&#xD;
	at com.kms.katalon.core.webui.keyword.builtin.ClickKeyword.execute(ClickKeyword.groovy:67)&#xD;
	at com.kms.katalon.core.keyword.internal.KeywordExecutor.executeKeywordForPlatform(KeywordExecutor.groovy:56)&#xD;
	at com.kms.katalon.core.webui.keyword.WebUiBuiltInKeywords.click(WebUiBuiltInKeywords.groovy:616)&#xD;
	at com.kms.katalon.core.webui.keyword.WebUiBuiltInKeywords$click$4.call(Unknown Source)&#xD;
	at CLNK-13514 - CE - Medication Profile Widget - Adding elements.run(CLNK-13514 - CE - Medication Profile Widget - Adding elements:92)&#xD;
	at com.kms.katalon.core.main.ScriptEngine.run(ScriptEngine.java:194)&#xD;
	at com.kms.katalon.core.main.ScriptEngine.runScriptAsRawText(ScriptEngine.java:119)&#xD;
	at com.kms.katalon.core.main.TestCaseExecutor.runScript(TestCaseExecutor.java:337)&#xD;
	at com.kms.katalon.core.main.TestCaseExecutor.doExecute(TestCaseExecutor.java:328)&#xD;
	at com.kms.katalon.core.main.TestCaseExecutor.processExecutionPhase(TestCaseExecutor.java:307)&#xD;
	at com.kms.katalon.core.main.TestCaseExecutor.accessMainPhase(TestCaseExecutor.java:299)&#xD;
	at com.kms.katalon.core.main.TestCaseExecutor.execute(TestCaseExecutor.java:233)&#xD;
	at com.kms.katalon.core.main.TestSuiteExecutor.accessTestCaseMainPhase(TestSuiteExecutor.java:169)&#xD;
	at com.kms.katalon.core.main.TestSuiteExecutor.accessTestSuiteMainPhase(TestSuiteExecutor.java:142)&#xD;
	at com.kms.katalon.core.main.TestSuiteExecutor.execute(TestSuiteExecutor.java:91)&#xD;
	at com.kms.katalon.core.main.TestCaseMain.startTestSuite(TestCaseMain.java:157)&#xD;
	at com.kms.katalon.core.main.TestCaseMain$startTestSuite$0.call(Unknown Source)&#xD;
	at TempTestSuite1568985466194.run(TempTestSuite1568985466194.groovy:35)&#xD;
Caused by: org.openqa.selenium.ElementClickInterceptedException: element click intercepted: Element ...&lt;input type="text" id="txtMedicationStarted" class="medicationClearUpValue form-control datepicker dontchangeonedit alwaysenabled  hasDatepicker"&gt; is not clickable at point (868, 518). Other element would receive the click: &lt;li class="ui-menu-item" id="ui-id-16" tabindex="-1"&gt;...&lt;/li&gt;
  (Session info: chrome=76.0.3809.132)
Build info: version: '3.141.59', revision: 'e82be7d358', time: '2018-11-14T08:25:53'
System info: host: 'DESKTOP-BPONDF2', ip: '192.168.0.121', os.name: 'Windows 10', os.arch: 'amd64', os.version: '10.0', java.version: '1.8.0_181'
Driver info: com.kms.katalon.selenium.driver.CChromeDriver
Capabilities {acceptInsecureCerts: false, browserName: chrome, browserVersion: 76.0.3809.132, chrome: {chromedriverVersion: 76.0.3809.126 (d80a294506b4..., userDataDir: C:\Users\isaac\AppData\Loca...}, goog:chromeOptions: {debuggerAddress: localhost:62499}, javascriptEnabled: true, networkConnectionEnabled: false, pageLoadStrategy: normal, platform: XP, platformName: XP, proxy: Proxy(), setWindowRect: true, strictFileInteractability: false, timeouts: {implicit: 0, pageLoad: 300000, script: 30000}, unhandledPromptBehavior: dismiss and notify}
Session ID: 9be956b88373e38b6c8f5e5da562c04e&#xD;
	at org.openqa.selenium.remote.http.W3CHttpResponseCodec.createException(W3CHttpResponseCodec.java:187)&#xD;
	at org.openqa.selenium.remote.http.W3CHttpResponseCodec.decode(W3CHttpResponseCodec.java:122)&#xD;
	at org.openqa.selenium.remote.http.W3CHttpResponseCodec.decode(W3CHttpResponseCodec.java:49)&#xD;
	at org.openqa.selenium.remote.HttpCommandExecutor.execute(HttpCommandExecutor.java:158)&#xD;
	at org.openqa.selenium.remote.service.DriverCommandExecutor.execute(DriverCommandExecutor.java:83)&#xD;
	at org.openqa.selenium.remote.RemoteWebDriver.execute(RemoteWebDriver.java:552)&#xD;
	at com.kms.katalon.selenium.driver.CChromeDriver.execute(CChromeDriver.java:20)&#xD;
	at org.openqa.selenium.remote.RemoteWebElement.execute(RemoteWebElement.java:285)&#xD;
	at org.openqa.selenium.remote.RemoteWebElement.click(RemoteWebElement.java:84)&#xD;
	at com.kms.katalon.core.webui.keyword.builtin.ClickKeyword$_click_closure1.doCall(ClickKeyword.groovy:79)&#xD;
	at com.kms.katalon.core.webui.keyword.builtin.ClickKeyword$_click_closure1.call(ClickKeyword.groovy)&#xD;
	at com.kms.katalon.core.webui.keyword.internal.WebUIKeywordMain.runKeyword(WebUIKeywordMain.groovy:20)&#xD;
	at com.kms.katalon.core.webui.keyword.builtin.ClickKeyword.click(ClickKeyword.groovy:86)&#xD;
	at com.kms.katalon.core.webui.keyword.builtin.ClickKeyword.execute(ClickKeyword.groovy:67)&#xD;
	at com.kms.katalon.core.keyword.internal.KeywordExecutor.executeKeywordForPlatform(KeywordExecutor.groovy:56)&#xD;
	at com.kms.katalon.core.webui.keyword.WebUiBuiltInKeywords.click(WebUiBuiltInKeywords.groovy:616)&#xD;
	at com.kms.katalon.core.webui.keyword.WebUiBuiltInKeywords$click$4.call(Unknown Source)&#xD;
	at Script1562678810107.run(Script1562678810107.groovy:92)&#xD;
	... 13 more&#xD;
)&#xD;
&#xD;
2019-09-20 10:21:34 - [MESSAGE][WARNING] - Unable to click on object 'Object Repository/Regression Clinical Edge/CLNK-13514/Medication/MedicationStarted' (Root cause: com.kms.katalon.core.exception.StepFailedException: Unable to click on object 'Object Repository/Regression Clinical Edge/CLNK-13514/Medication/MedicationStarted'&#xD;
	at com.kms.katalon.core.webui.keyword.internal.WebUIKeywordMain.stepFailed(WebUIKeywordMain.groovy:64)&#xD;
	at com.kms.katalon.core.webui.keyword.internal.WebUIKeywordMain.runKeyword(WebUIKeywordMain.groovy:26)&#xD;
	at com.kms.katalon.core.webui.keyword.builtin.ClickKeyword.click(ClickKeyword.groovy:86)&#xD;
	at com.kms.katalon.core.webui.keyword.builtin.ClickKeyword.execute(ClickKeyword.groovy:67)&#xD;
	at com.kms.katalon.core.keyword.internal.KeywordExecutor.executeKeywordForPlatform(KeywordExecutor.groovy:56)&#xD;
	at com.kms.katalon.core.webui.keyword.WebUiBuiltInKeywords.click(WebUiBuiltInKeywords.groovy:616)&#xD;
	at com.kms.katalon.core.webui.keyword.WebUiBuiltInKeywords$click$4.call(Unknown Source)&#xD;
	at CLNK-13514 - CE - Medication Profile Widget - Adding elements.run(CLNK-13514 - CE - Medication Profile Widget - Adding elements:92)&#xD;
	at com.kms.katalon.core.main.ScriptEngine.run(ScriptEngine.java:194)&#xD;
	at com.kms.katalon.core.main.ScriptEngine.runScriptAsRawText(ScriptEngine.java:119)&#xD;
	at com.kms.katalon.core.main.TestCaseExecutor.runScript(TestCaseExecutor.java:337)&#xD;
	at com.kms.katalon.core.main.TestCaseExecutor.doExecute(TestCaseExecutor.java:328)&#xD;
	at com.kms.katalon.core.main.TestCaseExecutor.processExecutionPhase(TestCaseExecutor.java:307)&#xD;
	at com.kms.katalon.core.main.TestCaseExecutor.accessMainPhase(TestCaseExecutor.java:299)&#xD;
	at com.kms.katalon.core.main.TestCaseExecutor.execute(TestCaseExecutor.java:233)&#xD;
	at com.kms.katalon.core.main.TestSuiteExecutor.accessTestCaseMainPhase(TestSuiteExecutor.java:169)&#xD;
	at com.kms.katalon.core.main.TestSuiteExecutor.accessTestSuiteMainPhase(TestSuiteExecutor.java:142)&#xD;
	at com.kms.katalon.core.main.TestSuiteExecutor.execute(TestSuiteExecutor.java:91)&#xD;
	at com.kms.katalon.core.main.TestCaseMain.startTestSuite(TestCaseMain.java:157)&#xD;
	at com.kms.katalon.core.main.TestCaseMain$startTestSuite$0.call(Unknown Source)&#xD;
	at TempTestSuite1568985466194.run(TempTestSuite1568985466194.groovy:35)&#xD;
Caused by: org.openqa.selenium.ElementClickInterceptedException: element click intercepted: Element ...&lt;input type="text" id="txtMedicationStarted" class="medicationClearUpValue form-control datepicker dontchangeonedit alwaysenabled  hasDatepicker"&gt; is not clickable at point (868, 518). Other element would receive the click: &lt;li class="ui-menu-item" id="ui-id-16" tabindex="-1"&gt;...&lt;/li&gt;
  (Session info: chrome=76.0.3809.132)
Build info: version: '3.141.59', revision: 'e82be7d358', time: '2018-11-14T08:25:53'
System info: host: 'DESKTOP-BPONDF2', ip: '192.168.0.121', os.name: 'Windows 10', os.arch: 'amd64', os.version: '10.0', java.version: '1.8.0_181'
Driver info: com.kms.katalon.selenium.driver.CChromeDriver
Capabilities {acceptInsecureCerts: false, browserName: chrome, browserVersion: 76.0.3809.132, chrome: {chromedriverVersion: 76.0.3809.126 (d80a294506b4..., userDataDir: C:\Users\isaac\AppData\Loca...}, goog:chromeOptions: {debuggerAddress: localhost:62499}, javascriptEnabled: true, networkConnectionEnabled: false, pageLoadStrategy: normal, platform: XP, platformName: XP, proxy: Proxy(), setWindowRect: true, strictFileInteractability: false, timeouts: {implicit: 0, pageLoad: 300000, script: 30000}, unhandledPromptBehavior: dismiss and notify}
Session ID: 9be956b88373e38b6c8f5e5da562c04e&#xD;
	at org.openqa.selenium.remote.http.W3CHttpResponseCodec.createException(W3CHttpResponseCodec.java:187)&#xD;
	at org.openqa.selenium.remote.http.W3CHttpResponseCodec.decode(W3CHttpResponseCodec.java:122)&#xD;
	at org.openqa.selenium.remote.http.W3CHttpResponseCodec.decode(W3CHttpResponseCodec.java:49)&#xD;
	at org.openqa.selenium.remote.HttpCommandExecutor.execute(HttpCommandExecutor.java:158)&#xD;
	at org.openqa.selenium.remote.service.DriverCommandExecutor.execute(DriverCommandExecutor.java:83)&#xD;
	at org.openqa.selenium.remote.RemoteWebDriver.execute(RemoteWebDriver.java:552)&#xD;
	at com.kms.katalon.selenium.driver.CChromeDriver.execute(CChromeDriver.java:20)&#xD;
	at org.openqa.selenium.remote.RemoteWebElement.execute(RemoteWebElement.java:285)&#xD;
	at org.openqa.selenium.remote.RemoteWebElement.click(RemoteWebElement.java:84)&#xD;
	at com.kms.katalon.core.webui.keyword.builtin.ClickKeyword$_click_closure1.doCall(ClickKeyword.groovy:79)&#xD;
	at com.kms.katalon.core.webui.keyword.builtin.ClickKeyword$_click_closure1.call(ClickKeyword.groovy)&#xD;
	at com.kms.katalon.core.webui.keyword.internal.WebUIKeywordMain.runKeyword(WebUIKeywordMain.groovy:20)&#xD;
	at com.kms.katalon.core.webui.keyword.builtin.ClickKeyword.click(ClickKeyword.groovy:86)&#xD;
	at com.kms.katalon.core.webui.keyword.builtin.ClickKeyword.execute(ClickKeyword.groovy:67)&#xD;
	at com.kms.katalon.core.keyword.internal.KeywordExecutor.executeKeywordForPlatform(KeywordExecutor.groovy:56)&#xD;
	at com.kms.katalon.core.webui.keyword.WebUiBuiltInKeywords.click(WebUiBuiltInKeywords.groovy:616)&#xD;
	at com.kms.katalon.core.webui.keyword.WebUiBuiltInKeywords$click$4.call(Unknown Source)&#xD;
	at Script1562678810107.run(Script1562678810107.groovy:92)&#xD;
	... 13 more&#xD;
)&#xD;
[[ATTACHMENT|C:\\Users\\isaac\\Desktop\\Clientes\\ProcuraCanada\\Katalon Studio\\Continulink\\Reports\\20190920_101711\\Regression Clinical Edge\\Regression FrontEnd\\20190920_101746\\1568985694136.png]]&#xD;
&#xD;
2019-09-20 10:21:34 - [TEST_STEP][PASSED] - sendKeys(findTestObject("Regression Clinical Edge/CLNK-13514/Medication/MedicationStarted"), getDate.DateUtilities.getDateMonthDayYearNumber()): Keys '09202019' sent to object: 'Object Repository/Regression Clinical Edge/CLNK-13514/Medication/MedicationStarted'&#xD;
&#xD;
2019-09-20 10:21:34 - [MESSAGE][PASSED] - getDate.DateUtilities.getDateMonthDayYearNumber is PASSED&#xD;
&#xD;
2019-09-20 10:21:34 - [MESSAGE][PASSED] - Keys '09202019' sent to object: 'Object Repository/Regression Clinical Edge/CLNK-13514/Medication/MedicationStarted'&#xD;
&#xD;
2019-09-20 10:21:34 - [TEST_STEP][PASSED] - delay(4): Delayed 4 second(s)&#xD;
&#xD;
2019-09-20 10:21:38 - [MESSAGE][PASSED] - Delayed 4 second(s)&#xD;
&#xD;
2019-09-20 10:21:38 - [TEST_STEP][PASSED] - waitForElementPresent(findTestObject("Regression Clinical Edge/CLNK-13514/Medication/StatusList"), 50): Object 'Object Repository/Regression Clinical Edge/CLNK-13514/Medication/StatusList' is present&#xD;
&#xD;
2019-09-20 10:21:38 - [MESSAGE][PASSED] - Object 'Object Repository/Regression Clinical Edge/CLNK-13514/Medication/StatusList' is present&#xD;
&#xD;
2019-09-20 10:21:38 - [TEST_STEP][PASSED] - click(findTestObject("Regression Clinical Edge/CLNK-13514/Medication/StatusList")): Object: 'Object Repository/Regression Clinical Edge/CLNK-13514/Medication/StatusList' is clicked on&#xD;
&#xD;
2019-09-20 10:21:38 - [MESSAGE][PASSED] - Object: 'Object Repository/Regression Clinical Edge/CLNK-13514/Medication/StatusList' is clicked on&#xD;
&#xD;
2019-09-20 10:21:38 - [TEST_STEP][PASSED] - delay(2): Delayed 2 second(s)&#xD;
&#xD;
2019-09-20 10:21:40 - [MESSAGE][PASSED] - Delayed 2 second(s)&#xD;
&#xD;
2019-09-20 10:21:40 - [TEST_STEP][PASSED] - sendKeys(findTestObject("Regression Clinical Edge/CLNK-13514/Medication/StatusList"), Keys.chord(ARROW_DOWN, ENTER)): Keys 'DOWN + ENTER + ' sent to object: 'Object Repository/Regression Clinical Edge/CLNK-13514/Medication/StatusList'&#xD;
&#xD;
2019-09-20 10:21:41 - [MESSAGE][PASSED] - Keys 'DOWN + ENTER + ' sent to object: 'Object Repository/Regression Clinical Edge/CLNK-13514/Medication/StatusList'&#xD;
&#xD;
2019-09-20 10:21:41 - [TEST_STEP][PASSED] - delay(3): Delayed 3 second(s)&#xD;
&#xD;
2019-09-20 10:21:44 - [MESSAGE][PASSED] - Delayed 3 second(s)&#xD;
&#xD;
2019-09-20 10:21:44 - [TEST_STEP][PASSED] - waitForElementPresent(findTestObject("Regression Clinical Edge/CLNK-13514/Medication/FrequencyI"), 50): Object 'Object Repository/Regression Clinical Edge/CLNK-13514/Medication/FrequencyI' is present&#xD;
&#xD;
2019-09-20 10:21:44 - [MESSAGE][PASSED] - Object 'Object Repository/Regression Clinical Edge/CLNK-13514/Medication/FrequencyI' is present&#xD;
&#xD;
2019-09-20 10:21:44 - [TEST_STEP][PASSED] - click(findTestObject("Regression Clinical Edge/CLNK-13514/Medication/FrequencyI")): Object: 'Object Repository/Regression Clinical Edge/CLNK-13514/Medication/FrequencyI' is clicked on&#xD;
&#xD;
2019-09-20 10:21:44 - [MESSAGE][PASSED] - Object: 'Object Repository/Regression Clinical Edge/CLNK-13514/Medication/FrequencyI' is clicked on&#xD;
&#xD;
2019-09-20 10:21:44 - [TEST_STEP][PASSED] - delay(2): Delayed 2 second(s)&#xD;
&#xD;
2019-09-20 10:21:46 - [MESSAGE][PASSED] - Delayed 2 second(s)&#xD;
&#xD;
2019-09-20 10:21:46 - [TEST_STEP][PASSED] - sendKeys(findTestObject("Regression Clinical Edge/CLNK-13514/Medication/FrequencyI"), Keys.chord(ARROW_DOWN, ARROW_DOWN, ENTER)): Keys 'DOWN + DOWN + ENTER + ' sent to object: 'Object Repository/Regression Clinical Edge/CLNK-13514/Medication/FrequencyI'&#xD;
&#xD;
2019-09-20 10:21:46 - [MESSAGE][PASSED] - Keys 'DOWN + DOWN + ENTER + ' sent to object: 'Object Repository/Regression Clinical Edge/CLNK-13514/Medication/FrequencyI'&#xD;
&#xD;
2019-09-20 10:21:46 - [TEST_STEP][PASSED] - delay(3): Delayed 3 second(s)&#xD;
&#xD;
2019-09-20 10:21:49 - [MESSAGE][PASSED] - Delayed 3 second(s)&#xD;
&#xD;
2019-09-20 10:21:49 - [TEST_STEP][PASSED] - waitForElementPresent(findTestObject("Regression Clinical Edge/CLNK-13514/Medication/FrequencyII"), 50): Object 'Object Repository/Regression Clinical Edge/CLNK-13514/Medication/FrequencyII' is present&#xD;
&#xD;
2019-09-20 10:21:49 - [MESSAGE][PASSED] - Object 'Object Repository/Regression Clinical Edge/CLNK-13514/Medication/FrequencyII' is present&#xD;
&#xD;
2019-09-20 10:21:49 - [TEST_STEP][PASSED] - click(findTestObject("Regression Clinical Edge/CLNK-13514/Medication/FrequencyII")): Object: 'Object Repository/Regression Clinical Edge/CLNK-13514/Medication/FrequencyII' is clicked on&#xD;
&#xD;
2019-09-20 10:21:49 - [MESSAGE][PASSED] - Object: 'Object Repository/Regression Clinical Edge/CLNK-13514/Medication/FrequencyII' is clicked on&#xD;
&#xD;
2019-09-20 10:21:49 - [TEST_STEP][PASSED] - delay(2): Delayed 2 second(s)&#xD;
&#xD;
2019-09-20 10:21:51 - [MESSAGE][PASSED] - Delayed 2 second(s)&#xD;
&#xD;
2019-09-20 10:21:51 - [TEST_STEP][PASSED] - sendKeys(findTestObject("Regression Clinical Edge/CLNK-13514/Medication/FrequencyII"), Keys.chord(ARROW_DOWN, ENTER)): Keys 'DOWN + ENTER + ' sent to object: 'Object Repository/Regression Clinical Edge/CLNK-13514/Medication/FrequencyII'&#xD;
&#xD;
2019-09-20 10:21:51 - [MESSAGE][PASSED] - Keys 'DOWN + ENTER + ' sent to object: 'Object Repository/Regression Clinical Edge/CLNK-13514/Medication/FrequencyII'&#xD;
&#xD;
2019-09-20 10:21:51 - [TEST_STEP][PASSED] - delay(3): Delayed 3 second(s)&#xD;
&#xD;
2019-09-20 10:21:54 - [MESSAGE][PASSED] - Delayed 3 second(s)&#xD;
&#xD;
2019-09-20 10:21:54 - [TEST_STEP][PASSED] - waitForElementPresent(findTestObject("Regression Clinical Edge/CLNK-13514/Medication/SaveMedication"), 50): Object 'Object Repository/Regression Clinical Edge/CLNK-13514/Medication/SaveMedication' is present&#xD;
&#xD;
2019-09-20 10:21:54 - [MESSAGE][PASSED] - Object 'Object Repository/Regression Clinical Edge/CLNK-13514/Medication/SaveMedication' is present&#xD;
&#xD;
2019-09-20 10:21:54 - [TEST_STEP][PASSED] - click(findTestObject("Regression Clinical Edge/CLNK-13514/Medication/SaveMedication")): Object: 'Object Repository/Regression Clinical Edge/CLNK-13514/Medication/SaveMedication' is clicked on&#xD;
&#xD;
2019-09-20 10:21:55 - [MESSAGE][PASSED] - Object: 'Object Repository/Regression Clinical Edge/CLNK-13514/Medication/SaveMedication' is clicked on&#xD;
&#xD;
2019-09-20 10:21:55 - [TEST_STEP][PASSED] - delay(5): Delayed 5 second(s)&#xD;
&#xD;
2019-09-20 10:22:00 - [MESSAGE][PASSED] - Delayed 5 second(s)&#xD;
&#xD;
2019-09-20 10:22:00 - [TEST_STEP][PASSED] - waitForElementPresent(findTestObject("Regression Clinical Edge/CLNK-13514/Medication/AddMedicationButton"), 100): Object 'Object Repository/Regression Clinical Edge/CLNK-13514/Medication/AddMedicationButton' is present&#xD;
&#xD;
2019-09-20 10:22:00 - [MESSAGE][PASSED] - Object 'Object Repository/Regression Clinical Edge/CLNK-13514/Medication/AddMedicationButton' is present&#xD;
&#xD;
2019-09-20 10:22:00 - [TEST_STEP][PASSED] - click(findTestObject("Regression Clinical Edge/CLNK-13514/Medication/AddMedicationButton")): Object: 'Object Repository/Regression Clinical Edge/CLNK-13514/Medication/AddMedicationButton' is clicked on&#xD;
&#xD;
2019-09-20 10:22:00 - [MESSAGE][PASSED] - Object: 'Object Repository/Regression Clinical Edge/CLNK-13514/Medication/AddMedicationButton' is clicked on&#xD;
&#xD;
2019-09-20 10:22:00 - [TEST_STEP][PASSED] - delay(2): Delayed 2 second(s)&#xD;
&#xD;
2019-09-20 10:22:02 - [MESSAGE][PASSED] - Delayed 2 second(s)&#xD;
&#xD;
2019-09-20 10:22:02 - [TEST_STEP][PASSED] - waitForElementPresent(findTestObject("Regression Clinical Edge/CLNK-13514/a_Administration"), 100): Object 'Object Repository/Regression Clinical Edge/CLNK-13514/a_Administration' is present&#xD;
&#xD;
2019-09-20 10:22:02 - [MESSAGE][PASSED] - Object 'Object Repository/Regression Clinical Edge/CLNK-13514/a_Administration' is present&#xD;
&#xD;
2019-09-20 10:22:02 - [TEST_STEP][PASSED] - click(findTestObject("Regression Clinical Edge/CLNK-13514/a_Administration")): Object: 'Object Repository/Regression Clinical Edge/CLNK-13514/a_Administration' is clicked on&#xD;
&#xD;
2019-09-20 10:22:02 - [MESSAGE][PASSED] - Object: 'Object Repository/Regression Clinical Edge/CLNK-13514/a_Administration' is clicked on&#xD;
&#xD;
2019-09-20 10:22:02 - [TEST_STEP][PASSED] - delay(2): Delayed 2 second(s)&#xD;
&#xD;
2019-09-20 10:22:04 - [MESSAGE][PASSED] - Delayed 2 second(s)&#xD;
&#xD;
2019-09-20 10:22:04 - [TEST_STEP][PASSED] - waitForElementPresent(findTestObject("Regression Clinical Edge/CLNK-13514/Administration/NurseRol"), 100): Object 'Object Repository/Regression Clinical Edge/CLNK-13514/Administration/NurseRol' is present&#xD;
&#xD;
2019-09-20 10:22:04 - [MESSAGE][PASSED] - Object 'Object Repository/Regression Clinical Edge/CLNK-13514/Administration/NurseRol' is present&#xD;
&#xD;
2019-09-20 10:22:04 - [TEST_STEP][PASSED] - click(findTestObject("Regression Clinical Edge/CLNK-13514/Administration/NurseRol")): Object: 'Object Repository/Regression Clinical Edge/CLNK-13514/Administration/NurseRol' is clicked on&#xD;
&#xD;
2019-09-20 10:22:04 - [MESSAGE][PASSED] - Object: 'Object Repository/Regression Clinical Edge/CLNK-13514/Administration/NurseRol' is clicked on&#xD;
&#xD;
2019-09-20 10:22:04 - [TEST_STEP][PASSED] - delay(2): Delayed 2 second(s)&#xD;
&#xD;
2019-09-20 10:22:06 - [MESSAGE][PASSED] - Delayed 2 second(s)&#xD;
&#xD;
2019-09-20 10:22:06 - [TEST_STEP][PASSED] - waitForElementPresent(findTestObject("Regression Clinical Edge/CLNK-13514/Administration/SaveAdmin"), 50): Object 'Object Repository/Regression Clinical Edge/CLNK-13514/Administration/SaveAdmin' is present&#xD;
&#xD;
2019-09-20 10:22:06 - [MESSAGE][PASSED] - Object 'Object Repository/Regression Clinical Edge/CLNK-13514/Administration/SaveAdmin' is present&#xD;
&#xD;
2019-09-20 10:22:06 - [TEST_STEP][PASSED] - click(findTestObject("Regression Clinical Edge/CLNK-13514/Administration/SaveAdmin")): Object: 'Object Repository/Regression Clinical Edge/CLNK-13514/Administration/SaveAdmin' is clicked on&#xD;
&#xD;
2019-09-20 10:22:07 - [MESSAGE][PASSED] - Object: 'Object Repository/Regression Clinical Edge/CLNK-13514/Administration/SaveAdmin' is clicked on&#xD;
&#xD;
2019-09-20 10:22:07 - [TEST_STEP][PASSED] - delay(5): Delayed 5 second(s)&#xD;
&#xD;
2019-09-20 10:22:12 - [MESSAGE][PASSED] - Delayed 5 second(s)&#xD;
&#xD;
2019-09-20 10:22:12 - [TEST_STEP][PASSED] - waitForElementPresent(findTestObject("Regression Clinical Edge/CLNK-13514/Medication/AddMedicationButton"), 100): Object 'Object Repository/Regression Clinical Edge/CLNK-13514/Medication/AddMedicationButton' is present&#xD;
&#xD;
2019-09-20 10:22:12 - [MESSAGE][PASSED] - Object 'Object Repository/Regression Clinical Edge/CLNK-13514/Medication/AddMedicationButton' is present&#xD;
&#xD;
2019-09-20 10:22:12 - [TEST_STEP][PASSED] - click(findTestObject("Regression Clinical Edge/CLNK-13514/Medication/AddMedicationButton")): Object: 'Object Repository/Regression Clinical Edge/CLNK-13514/Medication/AddMedicationButton' is clicked on&#xD;
&#xD;
2019-09-20 10:22:12 - [MESSAGE][PASSED] - Object: 'Object Repository/Regression Clinical Edge/CLNK-13514/Medication/AddMedicationButton' is clicked on&#xD;
&#xD;
2019-09-20 10:22:12 - [TEST_STEP][PASSED] - delay(5): Delayed 5 second(s)&#xD;
&#xD;
2019-09-20 10:22:17 - [MESSAGE][PASSED] - Delayed 5 second(s)&#xD;
&#xD;
2019-09-20 10:22:17 - [TEST_STEP][PASSED] - waitForElementPresent(findTestObject("Regression Clinical Edge/CLNK-13514/a_Review"), 100): Object 'Object Repository/Regression Clinical Edge/CLNK-13514/a_Review' is present&#xD;
&#xD;
2019-09-20 10:22:17 - [MESSAGE][PASSED] - Object 'Object Repository/Regression Clinical Edge/CLNK-13514/a_Review' is present&#xD;
&#xD;
2019-09-20 10:22:17 - [TEST_STEP][PASSED] - click(findTestObject("Regression Clinical Edge/CLNK-13514/a_Review")): Object: 'Object Repository/Regression Clinical Edge/CLNK-13514/a_Review' is clicked on&#xD;
&#xD;
2019-09-20 10:22:17 - [MESSAGE][PASSED] - Object: 'Object Repository/Regression Clinical Edge/CLNK-13514/a_Review' is clicked on&#xD;
&#xD;
2019-09-20 10:22:17 - [TEST_STEP][PASSED] - delay(2): Delayed 2 second(s)&#xD;
&#xD;
2019-09-20 10:22:19 - [MESSAGE][PASSED] - Delayed 2 second(s)&#xD;
&#xD;
2019-09-20 10:22:19 - [TEST_STEP][PASSED] - waitForElementPresent(findTestObject("Regression Clinical Edge/CLNK-13514/Review/Yes1"), 50): Object 'Object Repository/Regression Clinical Edge/CLNK-13514/Review/Yes1' is present&#xD;
&#xD;
2019-09-20 10:22:19 - [MESSAGE][PASSED] - Object 'Object Repository/Regression Clinical Edge/CLNK-13514/Review/Yes1' is present&#xD;
&#xD;
2019-09-20 10:22:19 - [TEST_STEP][PASSED] - click(findTestObject("Regression Clinical Edge/CLNK-13514/Review/Yes1")): Object: 'Object Repository/Regression Clinical Edge/CLNK-13514/Review/Yes1' is clicked on&#xD;
&#xD;
2019-09-20 10:22:19 - [MESSAGE][PASSED] - Object: 'Object Repository/Regression Clinical Edge/CLNK-13514/Review/Yes1' is clicked on&#xD;
&#xD;
2019-09-20 10:22:19 - [TEST_STEP][PASSED] - delay(2): Delayed 2 second(s)&#xD;
&#xD;
2019-09-20 10:22:21 - [MESSAGE][PASSED] - Delayed 2 second(s)&#xD;
&#xD;
2019-09-20 10:22:21 - [TEST_STEP][PASSED] - waitForElementPresent(findTestObject("Regression Clinical Edge/CLNK-13514/Review/Yes2"), 50): Object 'Object Repository/Regression Clinical Edge/CLNK-13514/Review/Yes2' is present&#xD;
&#xD;
2019-09-20 10:22:21 - [MESSAGE][PASSED] - Object 'Object Repository/Regression Clinical Edge/CLNK-13514/Review/Yes2' is present&#xD;
&#xD;
2019-09-20 10:22:21 - [TEST_STEP][PASSED] - click(findTestObject("Regression Clinical Edge/CLNK-13514/Review/Yes2")): Object: 'Object Repository/Regression Clinical Edge/CLNK-13514/Review/Yes2' is clicked on&#xD;
&#xD;
2019-09-20 10:22:22 - [MESSAGE][PASSED] - Object: 'Object Repository/Regression Clinical Edge/CLNK-13514/Review/Yes2' is clicked on&#xD;
&#xD;
2019-09-20 10:22:22 - [TEST_STEP][PASSED] - delay(2): Delayed 2 second(s)&#xD;
&#xD;
2019-09-20 10:22:24 - [MESSAGE][PASSED] - Delayed 2 second(s)&#xD;
&#xD;
2019-09-20 10:22:24 - [TEST_STEP][PASSED] - waitForElementPresent(findTestObject("Regression Clinical Edge/CLNK-13514/Review/Yes3"), 50): Object 'Object Repository/Regression Clinical Edge/CLNK-13514/Review/Yes3' is present&#xD;
&#xD;
2019-09-20 10:22:24 - [MESSAGE][PASSED] - Object 'Object Repository/Regression Clinical Edge/CLNK-13514/Review/Yes3' is present&#xD;
&#xD;
2019-09-20 10:22:24 - [TEST_STEP][PASSED] - click(findTestObject("Regression Clinical Edge/CLNK-13514/Review/Yes3")): Object: 'Object Repository/Regression Clinical Edge/CLNK-13514/Review/Yes3' is clicked on&#xD;
&#xD;
2019-09-20 10:22:24 - [MESSAGE][PASSED] - Object: 'Object Repository/Regression Clinical Edge/CLNK-13514/Review/Yes3' is clicked on&#xD;
&#xD;
2019-09-20 10:22:24 - [TEST_STEP][PASSED] - delay(2): Delayed 2 second(s)&#xD;
&#xD;
2019-09-20 10:22:26 - [MESSAGE][PASSED] - Delayed 2 second(s)&#xD;
&#xD;
2019-09-20 10:22:26 - [TEST_STEP][PASSED] - waitForElementPresent(findTestObject("Regression Clinical Edge/CLNK-13514/Review/Yes4"), 50): Object 'Object Repository/Regression Clinical Edge/CLNK-13514/Review/Yes4' is present&#xD;
&#xD;
2019-09-20 10:22:26 - [MESSAGE][PASSED] - Object 'Object Repository/Regression Clinical Edge/CLNK-13514/Review/Yes4' is present&#xD;
&#xD;
2019-09-20 10:22:26 - [TEST_STEP][PASSED] - click(findTestObject("Regression Clinical Edge/CLNK-13514/Review/Yes4")): Object: 'Object Repository/Regression Clinical Edge/CLNK-13514/Review/Yes4' is clicked on&#xD;
&#xD;
2019-09-20 10:22:26 - [MESSAGE][PASSED] - Object: 'Object Repository/Regression Clinical Edge/CLNK-13514/Review/Yes4' is clicked on&#xD;
&#xD;
2019-09-20 10:22:26 - [TEST_STEP][PASSED] - delay(2): Delayed 2 second(s)&#xD;
&#xD;
2019-09-20 10:22:28 - [MESSAGE][PASSED] - Delayed 2 second(s)&#xD;
&#xD;
2019-09-20 10:22:28 - [TEST_STEP][PASSED] - waitForElementPresent(findTestObject("Regression Clinical Edge/CLNK-13514/Review/Yes5"), 50): Object 'Object Repository/Regression Clinical Edge/CLNK-13514/Review/Yes5' is present&#xD;
&#xD;
2019-09-20 10:22:28 - [MESSAGE][PASSED] - Object 'Object Repository/Regression Clinical Edge/CLNK-13514/Review/Yes5' is present&#xD;
&#xD;
2019-09-20 10:22:28 - [TEST_STEP][PASSED] - click(findTestObject("Regression Clinical Edge/CLNK-13514/Review/Yes5")): Object: 'Object Repository/Regression Clinical Edge/CLNK-13514/Review/Yes5' is clicked on&#xD;
&#xD;
2019-09-20 10:22:28 - [MESSAGE][PASSED] - Object: 'Object Repository/Regression Clinical Edge/CLNK-13514/Review/Yes5' is clicked on&#xD;
&#xD;
2019-09-20 10:22:28 - [TEST_STEP][PASSED] - delay(2): Delayed 2 second(s)&#xD;
&#xD;
2019-09-20 10:22:30 - [MESSAGE][PASSED] - Delayed 2 second(s)&#xD;
&#xD;
2019-09-20 10:22:30 - [TEST_STEP][PASSED] - waitForElementPresent(findTestObject("Regression Clinical Edge/CLNK-13514/Review/Yes6"), 50): Object 'Object Repository/Regression Clinical Edge/CLNK-13514/Review/Yes6' is present&#xD;
&#xD;
2019-09-20 10:22:30 - [MESSAGE][PASSED] - Object 'Object Repository/Regression Clinical Edge/CLNK-13514/Review/Yes6' is present&#xD;
&#xD;
2019-09-20 10:22:30 - [TEST_STEP][PASSED] - click(findTestObject("Regression Clinical Edge/CLNK-13514/Review/Yes6")): Object: 'Object Repository/Regression Clinical Edge/CLNK-13514/Review/Yes6' is clicked on&#xD;
&#xD;
2019-09-20 10:22:30 - [MESSAGE][PASSED] - Object: 'Object Repository/Regression Clinical Edge/CLNK-13514/Review/Yes6' is clicked on&#xD;
&#xD;
2019-09-20 10:22:30 - [TEST_STEP][PASSED] - delay(2): Delayed 2 second(s)&#xD;
&#xD;
2019-09-20 10:22:32 - [MESSAGE][PASSED] - Delayed 2 second(s)&#xD;
&#xD;
2019-09-20 10:22:32 - [TEST_STEP][PASSED] - waitForElementPresent(findTestObject("Regression Clinical Edge/CLNK-13514/Review/Yes7"), 50): Object 'Object Repository/Regression Clinical Edge/CLNK-13514/Review/Yes7' is present&#xD;
&#xD;
2019-09-20 10:22:32 - [MESSAGE][PASSED] - Object 'Object Repository/Regression Clinical Edge/CLNK-13514/Review/Yes7' is present&#xD;
&#xD;
2019-09-20 10:22:32 - [TEST_STEP][PASSED] - click(findTestObject("Regression Clinical Edge/CLNK-13514/Review/Yes7")): Object: 'Object Repository/Regression Clinical Edge/CLNK-13514/Review/Yes7' is clicked on&#xD;
&#xD;
2019-09-20 10:22:33 - [MESSAGE][PASSED] - Object: 'Object Repository/Regression Clinical Edge/CLNK-13514/Review/Yes7' is clicked on&#xD;
&#xD;
2019-09-20 10:22:33 - [TEST_STEP][PASSED] - delay(2): Delayed 2 second(s)&#xD;
&#xD;
2019-09-20 10:22:35 - [MESSAGE][PASSED] - Delayed 2 second(s)&#xD;
&#xD;
2019-09-20 10:22:35 - [TEST_STEP][PASSED] - waitForElementPresent(findTestObject("Regression Clinical Edge/CLNK-13514/Review/SaveReview"), 50): Object 'Object Repository/Regression Clinical Edge/CLNK-13514/Review/SaveReview' is present&#xD;
&#xD;
2019-09-20 10:22:35 - [MESSAGE][PASSED] - Object 'Object Repository/Regression Clinical Edge/CLNK-13514/Review/SaveReview' is present&#xD;
&#xD;
2019-09-20 10:22:35 - [TEST_STEP][PASSED] - click(findTestObject("Regression Clinical Edge/CLNK-13514/Review/SaveReview")): Object: 'Object Repository/Regression Clinical Edge/CLNK-13514/Review/SaveReview' is clicked on&#xD;
&#xD;
2019-09-20 10:22:35 - [MESSAGE][PASSED] - Object: 'Object Repository/Regression Clinical Edge/CLNK-13514/Review/SaveReview' is clicked on&#xD;
&#xD;
2019-09-20 10:22:35 - [TEST_STEP][PASSED] - delay(2): Delayed 2 second(s)&#xD;
&#xD;
2019-09-20 10:22:37 - [MESSAGE][PASSED] - Delayed 2 second(s)&#xD;
&#xD;
2019-09-20 10:22:37 - [TEST_STEP][PASSED] - waitForElementPresent(findTestObject("Regression Clinical Edge/CLNK-13514/Review/ConfirmPassword"), 50): Object 'Object Repository/Regression Clinical Edge/CLNK-13514/Review/ConfirmPassword' is present&#xD;
&#xD;
2019-09-20 10:22:37 - [MESSAGE][PASSED] - Object 'Object Repository/Regression Clinical Edge/CLNK-13514/Review/ConfirmPassword' is present&#xD;
&#xD;
2019-09-20 10:22:37 - [TEST_STEP][PASSED] - click(findTestObject("Regression Clinical Edge/CLNK-13514/Review/ConfirmPassword")): Object: 'Object Repository/Regression Clinical Edge/CLNK-13514/Review/ConfirmPassword' is clicked on&#xD;
&#xD;
2019-09-20 10:22:37 - [MESSAGE][PASSED] - Object: 'Object Repository/Regression Clinical Edge/CLNK-13514/Review/ConfirmPassword' is clicked on&#xD;
&#xD;
2019-09-20 10:22:37 - [TEST_STEP][PASSED] - setText(findTestObject("Regression Clinical Edge/CLNK-13514/Review/ConfirmPassword"), G_Password): Text 'qwerty' is set on object 'Object Repository/Regression Clinical Edge/CLNK-13514/Review/ConfirmPassword'&#xD;
&#xD;
2019-09-20 10:22:37 - [MESSAGE][PASSED] - Text 'qwerty' is set on object 'Object Repository/Regression Clinical Edge/CLNK-13514/Review/ConfirmPassword'&#xD;
&#xD;
2019-09-20 10:22:37 - [TEST_STEP][PASSED] - delay(2): Delayed 2 second(s)&#xD;
&#xD;
2019-09-20 10:22:39 - [MESSAGE][PASSED] - Delayed 2 second(s)&#xD;
&#xD;
2019-09-20 10:22:39 - [TEST_STEP][PASSED] - waitForElementPresent(findTestObject("Regression Clinical Edge/CLNK-13514/Review/button_Ok"), 50): Object 'Object Repository/Regression Clinical Edge/CLNK-13514/Review/button_Ok' is present&#xD;
&#xD;
2019-09-20 10:22:39 - [MESSAGE][PASSED] - Object 'Object Repository/Regression Clinical Edge/CLNK-13514/Review/button_Ok' is present&#xD;
&#xD;
2019-09-20 10:22:39 - [TEST_STEP][PASSED] - click(findTestObject("Regression Clinical Edge/CLNK-13514/Review/button_Ok")): Object: 'Object Repository/Regression Clinical Edge/CLNK-13514/Review/button_Ok' is clicked on&#xD;
&#xD;
2019-09-20 10:22:40 - [MESSAGE][PASSED] - Object: 'Object Repository/Regression Clinical Edge/CLNK-13514/Review/button_Ok' is clicked on&#xD;
&#xD;
2019-09-20 10:22:40 - [TEST_STEP][PASSED] - delay(5): Delayed 5 second(s)&#xD;
&#xD;
2019-09-20 10:22:45 - [MESSAGE][PASSED] - Delayed 5 second(s)&#xD;
&#xD;
2019-09-20 10:22:45 - [TEST_STEP][PASSED] - waitForElementPresent(findTestObject("Regression Clinical Edge/CLNK-13514/Medication/AddMedicationButton"), 100): Object 'Object Repository/Regression Clinical Edge/CLNK-13514/Medication/AddMedicationButton' is present&#xD;
&#xD;
2019-09-20 10:22:45 - [MESSAGE][PASSED] - Object 'Object Repository/Regression Clinical Edge/CLNK-13514/Medication/AddMedicationButton' is present&#xD;
&#xD;
2019-09-20 10:22:45 - [TEST_STEP][PASSED] - click(findTestObject("Regression Clinical Edge/CLNK-13514/Medication/AddMedicationButton")): Object: 'Object Repository/Regression Clinical Edge/CLNK-13514/Medication/AddMedicationButton' is clicked on&#xD;
&#xD;
2019-09-20 10:22:45 - [MESSAGE][PASSED] - Object: 'Object Repository/Regression Clinical Edge/CLNK-13514/Medication/AddMedicationButton' is clicked on&#xD;
&#xD;
2019-09-20 10:22:45 - [TEST_STEP][PASSED] - delay(5): Delayed 5 second(s)&#xD;
&#xD;
2019-09-20 10:22:50 - [MESSAGE][PASSED] - Delayed 5 second(s)&#xD;
&#xD;
2019-09-20 10:22:50 - [TEST_STEP][PASSED] - waitForElementPresent(findTestObject("Regression Clinical Edge/CLNK-13514/a_Infusion"), 100): Object 'Object Repository/Regression Clinical Edge/CLNK-13514/a_Infusion' is present&#xD;
&#xD;
2019-09-20 10:22:50 - [MESSAGE][PASSED] - Object 'Object Repository/Regression Clinical Edge/CLNK-13514/a_Infusion' is present&#xD;
&#xD;
2019-09-20 10:22:50 - [TEST_STEP][PASSED] - click(findTestObject("Regression Clinical Edge/CLNK-13514/a_Infusion")): Object: 'Object Repository/Regression Clinical Edge/CLNK-13514/a_Infusion' is clicked on&#xD;
&#xD;
2019-09-20 10:22:50 - [MESSAGE][PASSED] - Object: 'Object Repository/Regression Clinical Edge/CLNK-13514/a_Infusion' is clicked on&#xD;
&#xD;
2019-09-20 10:22:50 - [TEST_STEP][PASSED] - delay(2): Delayed 2 second(s)&#xD;
&#xD;
2019-09-20 10:22:52 - [MESSAGE][PASSED] - Delayed 2 second(s)&#xD;
&#xD;
2019-09-20 10:22:52 - [TEST_STEP][PASSED] - waitForElementPresent(findTestObject("Regression Clinical Edge/CLNK-13514/Infusion/Quantity"), 50): Object 'Object Repository/Regression Clinical Edge/CLNK-13514/Infusion/Quantity' is present&#xD;
&#xD;
2019-09-20 10:22:52 - [MESSAGE][PASSED] - Object 'Object Repository/Regression Clinical Edge/CLNK-13514/Infusion/Quantity' is present&#xD;
&#xD;
2019-09-20 10:22:52 - [TEST_STEP][PASSED] - click(findTestObject("Regression Clinical Edge/CLNK-13514/Infusion/Quantity")): Object: 'Object Repository/Regression Clinical Edge/CLNK-13514/Infusion/Quantity' is clicked on&#xD;
&#xD;
2019-09-20 10:22:52 - [MESSAGE][PASSED] - Object: 'Object Repository/Regression Clinical Edge/CLNK-13514/Infusion/Quantity' is clicked on&#xD;
&#xD;
2019-09-20 10:22:52 - [TEST_STEP][PASSED] - setText(findTestObject("Regression Clinical Edge/CLNK-13514/Infusion/Quantity"), "10"): Text '10' is set on object 'Object Repository/Regression Clinical Edge/CLNK-13514/Infusion/Quantity'&#xD;
&#xD;
2019-09-20 10:22:53 - [MESSAGE][PASSED] - Text '10' is set on object 'Object Repository/Regression Clinical Edge/CLNK-13514/Infusion/Quantity'&#xD;
&#xD;
2019-09-20 10:22:53 - [TEST_STEP][PASSED] - delay(2): Delayed 2 second(s)&#xD;
&#xD;
2019-09-20 10:22:55 - [MESSAGE][PASSED] - Delayed 2 second(s)&#xD;
&#xD;
2019-09-20 10:22:55 - [TEST_STEP][PASSED] - waitForElementPresent(findTestObject("Regression Clinical Edge/CLNK-13514/Infusion/SaveInfusion"), 100): Object 'Object Repository/Regression Clinical Edge/CLNK-13514/Infusion/SaveInfusion' is present&#xD;
&#xD;
2019-09-20 10:22:55 - [MESSAGE][PASSED] - Object 'Object Repository/Regression Clinical Edge/CLNK-13514/Infusion/SaveInfusion' is present&#xD;
&#xD;
2019-09-20 10:22:55 - [TEST_STEP][PASSED] - click(findTestObject("Regression Clinical Edge/CLNK-13514/Infusion/SaveInfusion")): Object: 'Object Repository/Regression Clinical Edge/CLNK-13514/Infusion/SaveInfusion' is clicked on&#xD;
&#xD;
2019-09-20 10:22:55 - [MESSAGE][PASSED] - Object: 'Object Repository/Regression Clinical Edge/CLNK-13514/Infusion/SaveInfusion' is clicked on&#xD;
&#xD;
2019-09-20 10:22:55 - [TEST_STEP][PASSED] - delay(5): Delayed 5 second(s)&#xD;
&#xD;
2019-09-20 10:23:00 - [MESSAGE][PASSED] - Delayed 5 second(s)&#xD;
&#xD;
2019-09-20 10:23:00 - [TEST_STEP][PASSED] - waitForElementPresent(findTestObject("Regression Clinical Edge/CLNK-13514/Medication/AddMedicationButton"), 100): Object 'Object Repository/Regression Clinical Edge/CLNK-13514/Medication/AddMedicationButton' is present&#xD;
&#xD;
2019-09-20 10:23:00 - [MESSAGE][PASSED] - Object 'Object Repository/Regression Clinical Edge/CLNK-13514/Medication/AddMedicationButton' is present&#xD;
&#xD;
2019-09-20 10:23:00 - [TEST_STEP][PASSED] - click(findTestObject("Regression Clinical Edge/CLNK-13514/Medication/AddMedicationButton")): Object: 'Object Repository/Regression Clinical Edge/CLNK-13514/Medication/AddMedicationButton' is clicked on&#xD;
&#xD;
2019-09-20 10:23:00 - [MESSAGE][PASSED] - Object: 'Object Repository/Regression Clinical Edge/CLNK-13514/Medication/AddMedicationButton' is clicked on&#xD;
&#xD;
2019-09-20 10:23:00 - [TEST_STEP][PASSED] - delay(2): Delayed 2 second(s)&#xD;
&#xD;
2019-09-20 10:23:02 - [MESSAGE][PASSED] - Delayed 2 second(s)&#xD;
&#xD;
2019-09-20 10:23:02 - [TEST_STEP][PASSED] - waitForElementPresent(findTestObject("Regression Clinical Edge/CLNK-13514/a_Oxygen"), 100): Object 'Object Repository/Regression Clinical Edge/CLNK-13514/a_Oxygen' is present&#xD;
&#xD;
2019-09-20 10:23:02 - [MESSAGE][PASSED] - Object 'Object Repository/Regression Clinical Edge/CLNK-13514/a_Oxygen' is present&#xD;
&#xD;
2019-09-20 10:23:02 - [TEST_STEP][PASSED] - click(findTestObject("Regression Clinical Edge/CLNK-13514/a_Oxygen")): Object: 'Object Repository/Regression Clinical Edge/CLNK-13514/a_Oxygen' is clicked on&#xD;
&#xD;
2019-09-20 10:23:02 - [MESSAGE][PASSED] - Object: 'Object Repository/Regression Clinical Edge/CLNK-13514/a_Oxygen' is clicked on&#xD;
&#xD;
2019-09-20 10:23:02 - [TEST_STEP][PASSED] - delay(2): Delayed 2 second(s)&#xD;
&#xD;
2019-09-20 10:23:04 - [MESSAGE][PASSED] - Delayed 2 second(s)&#xD;
&#xD;
2019-09-20 10:23:04 - [TEST_STEP][PASSED] - waitForElementPresent(findTestObject("Regression Clinical Edge/CLNK-13514/Oxygen/LPMOxygen"), 50): Object 'Object Repository/Regression Clinical Edge/CLNK-13514/Oxygen/LPMOxygen' is present&#xD;
&#xD;
2019-09-20 10:23:04 - [MESSAGE][PASSED] - Object 'Object Repository/Regression Clinical Edge/CLNK-13514/Oxygen/LPMOxygen' is present&#xD;
&#xD;
2019-09-20 10:23:04 - [TEST_STEP][PASSED] - click(findTestObject("Regression Clinical Edge/CLNK-13514/Oxygen/LPMOxygen")): Object: 'Object Repository/Regression Clinical Edge/CLNK-13514/Oxygen/LPMOxygen' is clicked on&#xD;
&#xD;
2019-09-20 10:23:04 - [MESSAGE][PASSED] - Object: 'Object Repository/Regression Clinical Edge/CLNK-13514/Oxygen/LPMOxygen' is clicked on&#xD;
&#xD;
2019-09-20 10:23:04 - [TEST_STEP][PASSED] - setText(findTestObject("Regression Clinical Edge/CLNK-13514/Oxygen/LPMOxygen"), "10"): Text '10' is set on object 'Object Repository/Regression Clinical Edge/CLNK-13514/Oxygen/LPMOxygen'&#xD;
&#xD;
2019-09-20 10:23:05 - [MESSAGE][PASSED] - Text '10' is set on object 'Object Repository/Regression Clinical Edge/CLNK-13514/Oxygen/LPMOxygen'&#xD;
&#xD;
2019-09-20 10:23:05 - [TEST_STEP][PASSED] - delay(2): Delayed 2 second(s)&#xD;
&#xD;
2019-09-20 10:23:07 - [MESSAGE][PASSED] - Delayed 2 second(s)&#xD;
&#xD;
2019-09-20 10:23:07 - [TEST_STEP][PASSED] - waitForElementPresent(findTestObject("Regression Clinical Edge/CLNK-13514/Oxygen/SaveOxigen"), 100): Object 'Object Repository/Regression Clinical Edge/CLNK-13514/Oxygen/SaveOxigen' is present&#xD;
&#xD;
2019-09-20 10:23:07 - [MESSAGE][PASSED] - Object 'Object Repository/Regression Clinical Edge/CLNK-13514/Oxygen/SaveOxigen' is present&#xD;
&#xD;
2019-09-20 10:23:07 - [TEST_STEP][PASSED] - click(findTestObject("Regression Clinical Edge/CLNK-13514/Oxygen/SaveOxigen")): Object: 'Object Repository/Regression Clinical Edge/CLNK-13514/Oxygen/SaveOxigen' is clicked on&#xD;
&#xD;
2019-09-20 10:23:07 - [MESSAGE][PASSED] - Object: 'Object Repository/Regression Clinical Edge/CLNK-13514/Oxygen/SaveOxigen' is clicked on&#xD;
&#xD;
2019-09-20 10:23:07 - [TEST_STEP][PASSED] - delay(5): Delayed 5 second(s)&#xD;
&#xD;
2019-09-20 10:23:12 - [MESSAGE][PASSED] - Delayed 5 second(s)&#xD;
&#xD;
2019-09-20 10:23:12 - [TEST_STEP][PASSED] - waitForElementPresent(findTestObject("Regression Clinical Edge/CLNK-13514/Medication/AddMedicationButton"), 100): Object 'Object Repository/Regression Clinical Edge/CLNK-13514/Medication/AddMedicationButton' is present&#xD;
&#xD;
2019-09-20 10:23:12 - [MESSAGE][PASSED] - Object 'Object Repository/Regression Clinical Edge/CLNK-13514/Medication/AddMedicationButton' is present&#xD;
&#xD;
2019-09-20 10:23:12 - [TEST_STEP][PASSED] - click(findTestObject("Regression Clinical Edge/CLNK-13514/Medication/AddMedicationButton")): Object: 'Object Repository/Regression Clinical Edge/CLNK-13514/Medication/AddMedicationButton' is clicked on&#xD;
&#xD;
2019-09-20 10:23:12 - [MESSAGE][PASSED] - Object: 'Object Repository/Regression Clinical Edge/CLNK-13514/Medication/AddMedicationButton' is clicked on&#xD;
&#xD;
2019-09-20 10:23:12 - [TEST_STEP][PASSED] - delay(2): Delayed 2 second(s)&#xD;
&#xD;
2019-09-20 10:23:14 - [MESSAGE][PASSED] - Delayed 2 second(s)&#xD;
&#xD;
2019-09-20 10:23:14 - [TEST_STEP][PASSED] - waitForElementPresent(findTestObject("Regression Clinical Edge/CLNK-13514/a_Pharmacy"), 100): Object 'Object Repository/Regression Clinical Edge/CLNK-13514/a_Pharmacy' is present&#xD;
&#xD;
2019-09-20 10:23:14 - [MESSAGE][PASSED] - Object 'Object Repository/Regression Clinical Edge/CLNK-13514/a_Pharmacy' is present&#xD;
&#xD;
2019-09-20 10:23:14 - [TEST_STEP][PASSED] - click(findTestObject("Regression Clinical Edge/CLNK-13514/a_Pharmacy")): Object: 'Object Repository/Regression Clinical Edge/CLNK-13514/a_Pharmacy' is clicked on&#xD;
&#xD;
2019-09-20 10:23:14 - [MESSAGE][PASSED] - Object: 'Object Repository/Regression Clinical Edge/CLNK-13514/a_Pharmacy' is clicked on&#xD;
&#xD;
2019-09-20 10:23:14 - [TEST_STEP][PASSED] - delay(2): Delayed 2 second(s)&#xD;
&#xD;
2019-09-20 10:23:16 - [MESSAGE][PASSED] - Delayed 2 second(s)&#xD;
&#xD;
2019-09-20 10:23:16 - [TEST_STEP][PASSED] - waitForElementPresent(findTestObject("Regression Clinical Edge/CLNK-13514/Pharmacy/pharmacyName"), 50): Object 'Object Repository/Regression Clinical Edge/CLNK-13514/Pharmacy/pharmacyName' is present&#xD;
&#xD;
2019-09-20 10:23:16 - [MESSAGE][PASSED] - Object 'Object Repository/Regression Clinical Edge/CLNK-13514/Pharmacy/pharmacyName' is present&#xD;
&#xD;
2019-09-20 10:23:16 - [TEST_STEP][PASSED] - click(findTestObject("Regression Clinical Edge/CLNK-13514/Pharmacy/pharmacyName")): Object: 'Object Repository/Regression Clinical Edge/CLNK-13514/Pharmacy/pharmacyName' is clicked on&#xD;
&#xD;
2019-09-20 10:23:17 - [MESSAGE][PASSED] - Object: 'Object Repository/Regression Clinical Edge/CLNK-13514/Pharmacy/pharmacyName' is clicked on&#xD;
&#xD;
2019-09-20 10:23:17 - [TEST_STEP][PASSED] - setText(findTestObject("Regression Clinical Edge/CLNK-13514/Pharmacy/pharmacyName"), "Pharmacy Test"): Text 'Pharmacy Test' is set on object 'Object Repository/Regression Clinical Edge/CLNK-13514/Pharmacy/pharmacyName'&#xD;
&#xD;
2019-09-20 10:23:17 - [MESSAGE][PASSED] - Text 'Pharmacy Test' is set on object 'Object Repository/Regression Clinical Edge/CLNK-13514/Pharmacy/pharmacyName'&#xD;
&#xD;
2019-09-20 10:23:17 - [TEST_STEP][PASSED] - delay(2): Delayed 2 second(s)&#xD;
&#xD;
2019-09-20 10:23:19 - [MESSAGE][PASSED] - Delayed 2 second(s)&#xD;
&#xD;
2019-09-20 10:23:19 - [TEST_STEP][PASSED] - waitForElementPresent(findTestObject("Regression Clinical Edge/CLNK-13514/Pharmacy/pharmacyPhone"), 50): Object 'Object Repository/Regression Clinical Edge/CLNK-13514/Pharmacy/pharmacyPhone' is present&#xD;
&#xD;
2019-09-20 10:23:19 - [MESSAGE][PASSED] - Object 'Object Repository/Regression Clinical Edge/CLNK-13514/Pharmacy/pharmacyPhone' is present&#xD;
&#xD;
2019-09-20 10:23:19 - [TEST_STEP][PASSED] - click(findTestObject("Regression Clinical Edge/CLNK-13514/Pharmacy/pharmacyPhone")): Object: 'Object Repository/Regression Clinical Edge/CLNK-13514/Pharmacy/pharmacyPhone' is clicked on&#xD;
&#xD;
2019-09-20 10:23:19 - [MESSAGE][PASSED] - Object: 'Object Repository/Regression Clinical Edge/CLNK-13514/Pharmacy/pharmacyPhone' is clicked on&#xD;
&#xD;
2019-09-20 10:23:19 - [TEST_STEP][PASSED] - setText(findTestObject("Regression Clinical Edge/CLNK-13514/Pharmacy/pharmacyPhone"), "5555558888"): Text '5555558888' is set on object 'Object Repository/Regression Clinical Edge/CLNK-13514/Pharmacy/pharmacyPhone'&#xD;
&#xD;
2019-09-20 10:23:19 - [MESSAGE][PASSED] - Text '5555558888' is set on object 'Object Repository/Regression Clinical Edge/CLNK-13514/Pharmacy/pharmacyPhone'&#xD;
&#xD;
2019-09-20 10:23:19 - [TEST_STEP][PASSED] - delay(2): Delayed 2 second(s)&#xD;
&#xD;
2019-09-20 10:23:21 - [MESSAGE][PASSED] - Delayed 2 second(s)&#xD;
&#xD;
2019-09-20 10:23:21 - [TEST_STEP][PASSED] - waitForElementPresent(findTestObject("Regression Clinical Edge/CLNK-13514/Pharmacy/SavePharmacy"), 100): Object 'Object Repository/Regression Clinical Edge/CLNK-13514/Pharmacy/SavePharmacy' is present&#xD;
&#xD;
2019-09-20 10:23:21 - [MESSAGE][PASSED] - Object 'Object Repository/Regression Clinical Edge/CLNK-13514/Pharmacy/SavePharmacy' is present&#xD;
&#xD;
2019-09-20 10:23:21 - [TEST_STEP][PASSED] - click(findTestObject("Regression Clinical Edge/CLNK-13514/Pharmacy/SavePharmacy")): Object: 'Object Repository/Regression Clinical Edge/CLNK-13514/Pharmacy/SavePharmacy' is clicked on&#xD;
&#xD;
2019-09-20 10:23:22 - [MESSAGE][PASSED] - Object: 'Object Repository/Regression Clinical Edge/CLNK-13514/Pharmacy/SavePharmacy' is clicked on&#xD;
&#xD;
2019-09-20 10:23:22 - [TEST_STEP][PASSED] - delay(5): Delayed 5 second(s)&#xD;
&#xD;
2019-09-20 10:23:27 - [MESSAGE][PASSED] - Delayed 5 second(s)&#xD;
&#xD;
2019-09-20 10:23:27 - [TEST_STEP][PASSED] - waitForElementPresent(findTestObject("Regression Clinical Edge/CLNK-13514/Medication/AddMedicationButton"), 100): Object 'Object Repository/Regression Clinical Edge/CLNK-13514/Medication/AddMedicationButton' is present&#xD;
&#xD;
2019-09-20 10:23:27 - [MESSAGE][PASSED] - Object 'Object Repository/Regression Clinical Edge/CLNK-13514/Medication/AddMedicationButton' is present&#xD;
&#xD;
2019-09-20 10:23:27 - [TEST_STEP][PASSED] - click(findTestObject("Regression Clinical Edge/CLNK-13514/Medication/AddMedicationButton")): Object: 'Object Repository/Regression Clinical Edge/CLNK-13514/Medication/AddMedicationButton' is clicked on&#xD;
&#xD;
2019-09-20 10:23:27 - [MESSAGE][PASSED] - Object: 'Object Repository/Regression Clinical Edge/CLNK-13514/Medication/AddMedicationButton' is clicked on&#xD;
&#xD;
2019-09-20 10:23:27 - [TEST_STEP][PASSED] - delay(2): Delayed 2 second(s)&#xD;
&#xD;
2019-09-20 10:23:29 - [MESSAGE][PASSED] - Delayed 2 second(s)&#xD;
&#xD;
2019-09-20 10:23:29 - [TEST_STEP][PASSED] - waitForElementPresent(findTestObject("Regression Clinical Edge/CLNK-13514/a_Allergy"), 100): Object 'Object Repository/Regression Clinical Edge/CLNK-13514/a_Allergy' is present&#xD;
&#xD;
2019-09-20 10:23:29 - [MESSAGE][PASSED] - Object 'Object Repository/Regression Clinical Edge/CLNK-13514/a_Allergy' is present&#xD;
&#xD;
2019-09-20 10:23:29 - [TEST_STEP][PASSED] - click(findTestObject("Regression Clinical Edge/CLNK-13514/a_Allergy")): Object: 'Object Repository/Regression Clinical Edge/CLNK-13514/a_Allergy' is clicked on&#xD;
&#xD;
2019-09-20 10:23:29 - [MESSAGE][PASSED] - Object: 'Object Repository/Regression Clinical Edge/CLNK-13514/a_Allergy' is clicked on&#xD;
&#xD;
2019-09-20 10:23:29 - [TEST_STEP][PASSED] - delay(2): Delayed 2 second(s)&#xD;
&#xD;
2019-09-20 10:23:31 - [MESSAGE][PASSED] - Delayed 2 second(s)&#xD;
&#xD;
2019-09-20 10:23:31 - [TEST_STEP][PASSED] - waitForElementPresent(findTestObject("Regression Clinical Edge/CLNK-13514/Allergy/DrugClass"), 50): Object 'Object Repository/Regression Clinical Edge/CLNK-13514/Allergy/DrugClass' is present&#xD;
&#xD;
2019-09-20 10:23:31 - [MESSAGE][PASSED] - Object 'Object Repository/Regression Clinical Edge/CLNK-13514/Allergy/DrugClass' is present&#xD;
&#xD;
2019-09-20 10:23:31 - [TEST_STEP][PASSED] - click(findTestObject("Regression Clinical Edge/CLNK-13514/Allergy/DrugClass")): Object: 'Object Repository/Regression Clinical Edge/CLNK-13514/Allergy/DrugClass' is clicked on&#xD;
&#xD;
2019-09-20 10:23:32 - [MESSAGE][PASSED] - Object: 'Object Repository/Regression Clinical Edge/CLNK-13514/Allergy/DrugClass' is clicked on&#xD;
&#xD;
2019-09-20 10:23:32 - [TEST_STEP][PASSED] - delay(2): Delayed 2 second(s)&#xD;
&#xD;
2019-09-20 10:23:34 - [MESSAGE][PASSED] - Delayed 2 second(s)&#xD;
&#xD;
2019-09-20 10:23:34 - [TEST_STEP][PASSED] - sendKeys(findTestObject("Regression Clinical Edge/CLNK-13514/Allergy/DrugClass"), Keys.chord(ARROW_DOWN, ARROW_DOWN, ARROW_DOWN, ENTER)): Keys 'DOWN + DOWN + DOWN + ENTER + ' sent to object: 'Object Repository/Regression Clinical Edge/CLNK-13514/Allergy/DrugClass'&#xD;
&#xD;
2019-09-20 10:23:34 - [MESSAGE][PASSED] - Keys 'DOWN + DOWN + DOWN + ENTER + ' sent to object: 'Object Repository/Regression Clinical Edge/CLNK-13514/Allergy/DrugClass'&#xD;
&#xD;
2019-09-20 10:23:34 - [TEST_STEP][PASSED] - delay(2): Delayed 2 second(s)&#xD;
&#xD;
2019-09-20 10:23:36 - [MESSAGE][PASSED] - Delayed 2 second(s)&#xD;
&#xD;
2019-09-20 10:23:36 - [TEST_STEP][PASSED] - waitForElementPresent(findTestObject("Regression Clinical Edge/CLNK-13514/Allergy/SaveAllergy"), 100): Object 'Object Repository/Regression Clinical Edge/CLNK-13514/Allergy/SaveAllergy' is present&#xD;
&#xD;
2019-09-20 10:23:36 - [MESSAGE][PASSED] - Object 'Object Repository/Regression Clinical Edge/CLNK-13514/Allergy/SaveAllergy' is present&#xD;
&#xD;
2019-09-20 10:23:36 - [TEST_STEP][PASSED] - click(findTestObject("Regression Clinical Edge/CLNK-13514/Allergy/SaveAllergy")): Object: 'Object Repository/Regression Clinical Edge/CLNK-13514/Allergy/SaveAllergy' is clicked on&#xD;
&#xD;
2019-09-20 10:23:36 - [MESSAGE][PASSED] - Object: 'Object Repository/Regression Clinical Edge/CLNK-13514/Allergy/SaveAllergy' is clicked on&#xD;
&#xD;
2019-09-20 10:23:36 - [TEST_STEP][PASSED] - delay(5): Delayed 5 second(s)&#xD;
&#xD;
2019-09-20 10:23:41 - [MESSAGE][PASSED] - Delayed 5 second(s)</system-out>
            <system-err></system-err>
        </testcase>
        <testcase name="Test Cases/Regression Clinical Edge (All Browsers)/CLNK-23502 - Clinical Edge - Create Revision to Plan of Care (RPOC)" classname="Test Cases/Regression Clinical Edge (All Browsers)/CLNK-23502 - Clinical Edge - Create Revision to Plan of Care (RPOC)" status="PASSED">
            <system-out>2019-09-20 10:23:43 - [TEST_CASE][PASSED] - Test Cases/Regression Clinical Edge (All Browsers)/CLNK-23502 - Clinical Edge - Create Revision to Plan of Care (RPOC): Test Cases/Regression Clinical Edge (All Browsers)/CLNK-23502 - Clinical Edge - Create Revision to Plan of Care (RPOC)&#xD;
&#xD;
2019-09-20 10:23:43 - [TEST_STEP][PASSED] - callTestCase(findTestCase("Regression Clinical Edge (All Browsers)/CLNK-23349 - ContinuLink - Login"), [:], STOP_ON_FAILURE): Call Test Case 'Test Cases/Regression Clinical Edge (All Browsers)/CLNK-23349 - ContinuLink - Login' successfully&#xD;
&#xD;
2019-09-20 10:23:43 - [TEST_CASE][PASSED] - Test Cases/Regression Clinical Edge (All Browsers)/CLNK-23349 - ContinuLink - Login: Test Cases/Regression Clinical Edge (All Browsers)/CLNK-23349 - ContinuLink - Login&#xD;
&#xD;
2019-09-20 10:23:43 - [TEST_STEP][PASSED] - deleteAllCookies(): Delete all cookies successfully&#xD;
&#xD;
2019-09-20 10:23:44 - [MESSAGE][PASSED] - Delete all cookies successfully&#xD;
&#xD;
2019-09-20 10:23:44 - [TEST_STEP][PASSED] - openBrowser(G_SiteURL): Browser is opened with url: 'https://qanewpoc.continulink.com/Account/Login.aspx?ReturnUrl=%2fdefault.aspx'&#xD;
&#xD;
2019-09-20 10:23:44 - [MESSAGE][WARNING] - A browser is already opened. Closing browser and opening a new one&#xD;
&#xD;
2019-09-20 10:23:44 - [MESSAGE][INFO] - Starting 'Chrome' driver&#xD;
&#xD;
2019-09-20 10:23:53 - [MESSAGE][PASSED] - Browser is opened with url: 'https://qanewpoc.continulink.com/Account/Login.aspx?ReturnUrl=%2fdefault.aspx'&#xD;
&#xD;
2019-09-20 10:23:53 - [TEST_STEP][PASSED] - waitForPageLoad(60): Wait for page load successfully&#xD;
&#xD;
2019-09-20 10:23:53 - [MESSAGE][PASSED] - Wait for page load successfully&#xD;
&#xD;
2019-09-20 10:23:53 - [TEST_STEP][PASSED] - maximizeWindow(): Current window maximized&#xD;
&#xD;
2019-09-20 10:23:57 - [MESSAGE][PASSED] - Current window maximized&#xD;
&#xD;
2019-09-20 10:23:57 - [TEST_STEP][PASSED] - setText(findTestObject("Regression Clinical Edge/CLNK-23349/User"), G_CaregiverUserName): Text 'setenta' is set on object 'Object Repository/Regression Clinical Edge/CLNK-23349/User'&#xD;
&#xD;
2019-09-20 10:23:58 - [MESSAGE][PASSED] - Text 'setenta' is set on object 'Object Repository/Regression Clinical Edge/CLNK-23349/User'&#xD;
&#xD;
2019-09-20 10:23:58 - [TEST_STEP][PASSED] - setText(findTestObject("Regression Clinical Edge/CLNK-23349/Password"), G_Password): Text 'qwerty' is set on object 'Object Repository/Regression Clinical Edge/CLNK-23349/Password'&#xD;
&#xD;
2019-09-20 10:23:58 - [MESSAGE][PASSED] - Text 'qwerty' is set on object 'Object Repository/Regression Clinical Edge/CLNK-23349/Password'&#xD;
&#xD;
2019-09-20 10:23:58 - [TEST_STEP][PASSED] - click(findTestObject("Regression Clinical Edge/CLNK-23349/Button_LogIn")): Object: 'Object Repository/Regression Clinical Edge/CLNK-23349/Button_LogIn' is clicked on&#xD;
&#xD;
2019-09-20 10:23:59 - [MESSAGE][PASSED] - Object: 'Object Repository/Regression Clinical Edge/CLNK-23349/Button_LogIn' is clicked on&#xD;
&#xD;
2019-09-20 10:23:59 - [TEST_STEP][PASSED] - waitForPageLoad(60): Wait for page load successfully&#xD;
&#xD;
2019-09-20 10:23:59 - [MESSAGE][PASSED] - Wait for page load successfully&#xD;
&#xD;
2019-09-20 10:23:59 - [TEST_STEP][PASSED] - delay(2): Delayed 2 second(s)&#xD;
&#xD;
2019-09-20 10:24:01 - [MESSAGE][PASSED] - Delayed 2 second(s)&#xD;
&#xD;
2019-09-20 10:24:01 - [TEST_STEP][NOT_RUN] - waitForElementPresent(findTestObject("Regression Clinical Edge/CLINK-23509/button_Close"), 100): NOT_RUN: waitForElementPresent(findTestObject("Regression Clinical Edge/CLINK-23509/button_Close"), 100)&#xD;
&#xD;
2019-09-20 10:24:01 - [MESSAGE][NOT_RUN] - NOT_RUN: waitForElementPresent(findTestObject("Regression Clinical Edge/CLINK-23509/button_Close"), 100)&#xD;
&#xD;
2019-09-20 10:24:01 - [TEST_STEP][NOT_RUN] - click(findTestObject("Regression Clinical Edge/CLINK-23509/button_Close")): NOT_RUN: click(findTestObject("Regression Clinical Edge/CLINK-23509/button_Close"))&#xD;
&#xD;
2019-09-20 10:24:01 - [MESSAGE][NOT_RUN] - NOT_RUN: click(findTestObject("Regression Clinical Edge/CLINK-23509/button_Close"))&#xD;
&#xD;
2019-09-20 10:24:01 - [TEST_STEP][NOT_RUN] - delay(2): NOT_RUN: delay(2)&#xD;
&#xD;
2019-09-20 10:24:01 - [MESSAGE][NOT_RUN] - NOT_RUN: delay(2)&#xD;
&#xD;
2019-09-20 10:24:01 - [MESSAGE][PASSED] - Call Test Case 'Test Cases/Regression Clinical Edge (All Browsers)/CLNK-23349 - ContinuLink - Login' successfully&#xD;
&#xD;
2019-09-20 10:24:01 - [TEST_STEP][PASSED] - waitForPageLoad(60): Wait for page load successfully&#xD;
&#xD;
2019-09-20 10:24:01 - [MESSAGE][PASSED] - Wait for page load successfully&#xD;
&#xD;
2019-09-20 10:24:01 - [TEST_STEP][PASSED] - maximizeWindow(): Current window maximized&#xD;
&#xD;
2019-09-20 10:24:01 - [MESSAGE][PASSED] - Current window maximized&#xD;
&#xD;
2019-09-20 10:24:01 - [TEST_STEP][PASSED] - waitForPageLoad(60): Wait for page load successfully&#xD;
&#xD;
2019-09-20 10:24:01 - [MESSAGE][PASSED] - Wait for page load successfully&#xD;
&#xD;
2019-09-20 10:24:01 - [TEST_STEP][PASSED] - delay(8): Delayed 8 second(s)&#xD;
&#xD;
2019-09-20 10:24:09 - [MESSAGE][PASSED] - Delayed 8 second(s)&#xD;
&#xD;
2019-09-20 10:24:09 - [TEST_STEP][PASSED] - waitForElementPresent(findTestObject("Regression Clinical Edge/ClientPage/HomeLink"), 100): Object 'Object Repository/Regression Clinical Edge/ClientPage/HomeLink' is present&#xD;
&#xD;
2019-09-20 10:24:10 - [MESSAGE][PASSED] - Object 'Object Repository/Regression Clinical Edge/ClientPage/HomeLink' is present&#xD;
&#xD;
2019-09-20 10:24:10 - [TEST_STEP][PASSED] - click(findTestObject("Regression Clinical Edge/ClientPage/HomeLink")): Object: 'Object Repository/Regression Clinical Edge/ClientPage/HomeLink' is clicked on&#xD;
&#xD;
2019-09-20 10:24:10 - [MESSAGE][PASSED] - Object: 'Object Repository/Regression Clinical Edge/ClientPage/HomeLink' is clicked on&#xD;
&#xD;
2019-09-20 10:24:10 - [TEST_STEP][PASSED] - delay(2): Delayed 2 second(s)&#xD;
&#xD;
2019-09-20 10:24:12 - [MESSAGE][PASSED] - Delayed 2 second(s)&#xD;
&#xD;
2019-09-20 10:24:12 - [TEST_STEP][PASSED] - waitForPageLoad(50): Wait for page load successfully&#xD;
&#xD;
2019-09-20 10:24:12 - [MESSAGE][PASSED] - Wait for page load successfully&#xD;
&#xD;
2019-09-20 10:24:12 - [TEST_STEP][PASSED] - waitForElementPresent(findTestObject("Regression Clinical Edge/HomePage/RequestTab"), 50): Object 'Object Repository/Regression Clinical Edge/HomePage/RequestTab' is present&#xD;
&#xD;
2019-09-20 10:24:12 - [MESSAGE][PASSED] - Object 'Object Repository/Regression Clinical Edge/HomePage/RequestTab' is present&#xD;
&#xD;
2019-09-20 10:24:12 - [TEST_STEP][PASSED] - click(findTestObject("Regression Clinical Edge/HomePage/RequestTab")): Object: 'Object Repository/Regression Clinical Edge/HomePage/RequestTab' is clicked on&#xD;
&#xD;
2019-09-20 10:24:12 - [MESSAGE][PASSED] - Object: 'Object Repository/Regression Clinical Edge/HomePage/RequestTab' is clicked on&#xD;
&#xD;
2019-09-20 10:24:12 - [TEST_STEP][PASSED] - delay(2): Delayed 2 second(s)&#xD;
&#xD;
2019-09-20 10:24:14 - [MESSAGE][PASSED] - Delayed 2 second(s)&#xD;
&#xD;
2019-09-20 10:24:14 - [TEST_STEP][PASSED] - waitForElementPresent(findTestObject("Regression Clinical Edge/HomePage/SearchText"), 50): Object 'Object Repository/Regression Clinical Edge/HomePage/SearchText' is present&#xD;
&#xD;
2019-09-20 10:24:15 - [MESSAGE][PASSED] - Object 'Object Repository/Regression Clinical Edge/HomePage/SearchText' is present&#xD;
&#xD;
2019-09-20 10:24:15 - [TEST_STEP][PASSED] - setText(findTestObject("Regression Clinical Edge/HomePage/SearchText"), G_ClientLastName): Text 'Ernesky' is set on object 'Object Repository/Regression Clinical Edge/HomePage/SearchText'&#xD;
&#xD;
2019-09-20 10:24:15 - [MESSAGE][PASSED] - Text 'Ernesky' is set on object 'Object Repository/Regression Clinical Edge/HomePage/SearchText'&#xD;
&#xD;
2019-09-20 10:24:15 - [TEST_STEP][PASSED] - delay(3): Delayed 3 second(s)&#xD;
&#xD;
2019-09-20 10:24:18 - [MESSAGE][PASSED] - Delayed 3 second(s)&#xD;
&#xD;
2019-09-20 10:24:18 - [TEST_STEP][PASSED] - scrollToElement(findTestObject("Regression Clinical Edge/CLINK-23314/a_Khur Heather (535592)"), 60): Unable to scroll to object 'Object Repository/Regression Clinical Edge/CLINK-23314/a_Khur Heather (535592)' (Root cause: com.kms.katalon.core.exception.StepFailedException: Unable to scroll to object 'Object Repository/Regression Clinical Edge/CLINK-23314/a_Khur Heather (535592)'&#xD;
	at com.kms.katalon.core.webui.keyword.internal.WebUIKeywordMain.stepFailed(WebUIKeywordMain.groovy:64)&#xD;
	at com.kms.katalon.core.webui.keyword.internal.WebUIKeywordMain.runKeyword(WebUIKeywordMain.groovy:26)&#xD;
	at com.kms.katalon.core.webui.keyword.builtin.ScrollToElementKeyword.scrollToElement(ScrollToElementKeyword.groovy:88)&#xD;
	at com.kms.katalon.core.webui.keyword.builtin.ScrollToElementKeyword.execute(ScrollToElementKeyword.groovy:68)&#xD;
	at com.kms.katalon.core.keyword.internal.KeywordExecutor.executeKeywordForPlatform(KeywordExecutor.groovy:56)&#xD;
	at com.kms.katalon.core.webui.keyword.WebUiBuiltInKeywords.scrollToElement(WebUiBuiltInKeywords.groovy:2975)&#xD;
	at com.kms.katalon.core.webui.keyword.WebUiBuiltInKeywords$scrollToElement$7.call(Unknown Source)&#xD;
	at CLNK-23502 - Clinical Edge - Create Revision to Plan of Care (RPOC).run(CLNK-23502 - Clinical Edge - Create Revision to Plan of Care (RPOC):46)&#xD;
	at com.kms.katalon.core.main.ScriptEngine.run(ScriptEngine.java:194)&#xD;
	at com.kms.katalon.core.main.ScriptEngine.runScriptAsRawText(ScriptEngine.java:119)&#xD;
	at com.kms.katalon.core.main.TestCaseExecutor.runScript(TestCaseExecutor.java:337)&#xD;
	at com.kms.katalon.core.main.TestCaseExecutor.doExecute(TestCaseExecutor.java:328)&#xD;
	at com.kms.katalon.core.main.TestCaseExecutor.processExecutionPhase(TestCaseExecutor.java:307)&#xD;
	at com.kms.katalon.core.main.TestCaseExecutor.accessMainPhase(TestCaseExecutor.java:299)&#xD;
	at com.kms.katalon.core.main.TestCaseExecutor.execute(TestCaseExecutor.java:233)&#xD;
	at com.kms.katalon.core.main.TestSuiteExecutor.accessTestCaseMainPhase(TestSuiteExecutor.java:169)&#xD;
	at com.kms.katalon.core.main.TestSuiteExecutor.accessTestSuiteMainPhase(TestSuiteExecutor.java:142)&#xD;
	at com.kms.katalon.core.main.TestSuiteExecutor.execute(TestSuiteExecutor.java:91)&#xD;
	at com.kms.katalon.core.main.TestCaseMain.startTestSuite(TestCaseMain.java:157)&#xD;
	at com.kms.katalon.core.main.TestCaseMain$startTestSuite$0.call(Unknown Source)&#xD;
	at TempTestSuite1568985466194.run(TempTestSuite1568985466194.groovy:35)&#xD;
Caused by: com.kms.katalon.core.webui.exception.WebElementNotFoundException: Web element with id: 'Object Repository/Regression Clinical Edge/CLINK-23314/a_Khur Heather (535592)' located by 'By.xpath: //*[@id="patientChartContainer"]/div/div[2]/h3/a' not found&#xD;
	at com.kms.katalon.core.webui.common.WebUiCommonHelper.findWebElement(WebUiCommonHelper.java:1097)&#xD;
	at com.kms.katalon.core.webui.keyword.internal.WebUIAbstractKeyword.findWebElement(WebUIAbstractKeyword.groovy:27)&#xD;
	at com.kms.katalon.core.webui.keyword.internal.WebUIAbstractKeyword.findWebElement(WebUIAbstractKeyword.groovy:26)&#xD;
	at com.kms.katalon.core.webui.keyword.builtin.ScrollToElementKeyword$_scrollToElement_closure1.doCall(ScrollToElementKeyword.groovy:79)&#xD;
	at com.kms.katalon.core.webui.keyword.builtin.ScrollToElementKeyword$_scrollToElement_closure1.call(ScrollToElementKeyword.groovy)&#xD;
	at com.kms.katalon.core.webui.keyword.internal.WebUIKeywordMain.runKeyword(WebUIKeywordMain.groovy:20)&#xD;
	at com.kms.katalon.core.webui.keyword.builtin.ScrollToElementKeyword.scrollToElement(ScrollToElementKeyword.groovy:88)&#xD;
	at com.kms.katalon.core.webui.keyword.builtin.ScrollToElementKeyword.execute(ScrollToElementKeyword.groovy:68)&#xD;
	at com.kms.katalon.core.keyword.internal.KeywordExecutor.executeKeywordForPlatform(KeywordExecutor.groovy:56)&#xD;
	at com.kms.katalon.core.webui.keyword.WebUiBuiltInKeywords.scrollToElement(WebUiBuiltInKeywords.groovy:2975)&#xD;
	at com.kms.katalon.core.webui.keyword.WebUiBuiltInKeywords$scrollToElement$7.call(Unknown Source)&#xD;
	at Script1558114775401.run(Script1558114775401.groovy:46)&#xD;
	... 13 more&#xD;
)&#xD;
&#xD;
2019-09-20 10:24:49 - [MESSAGE][INFO] - Unable to find the element located by 'By.xpath: //*[@id="patientChartContainer"]/div/div[2]/h3/a'. Please recheck the objects properties to make sure the desired element is located. &#xD;
&#xD;
2019-09-20 10:24:50 - [MESSAGE][WARNING] - Unable to scroll to object 'Object Repository/Regression Clinical Edge/CLINK-23314/a_Khur Heather (535592)' (Root cause: com.kms.katalon.core.exception.StepFailedException: Unable to scroll to object 'Object Repository/Regression Clinical Edge/CLINK-23314/a_Khur Heather (535592)'&#xD;
	at com.kms.katalon.core.webui.keyword.internal.WebUIKeywordMain.stepFailed(WebUIKeywordMain.groovy:64)&#xD;
	at com.kms.katalon.core.webui.keyword.internal.WebUIKeywordMain.runKeyword(WebUIKeywordMain.groovy:26)&#xD;
	at com.kms.katalon.core.webui.keyword.builtin.ScrollToElementKeyword.scrollToElement(ScrollToElementKeyword.groovy:88)&#xD;
	at com.kms.katalon.core.webui.keyword.builtin.ScrollToElementKeyword.execute(ScrollToElementKeyword.groovy:68)&#xD;
	at com.kms.katalon.core.keyword.internal.KeywordExecutor.executeKeywordForPlatform(KeywordExecutor.groovy:56)&#xD;
	at com.kms.katalon.core.webui.keyword.WebUiBuiltInKeywords.scrollToElement(WebUiBuiltInKeywords.groovy:2975)&#xD;
	at com.kms.katalon.core.webui.keyword.WebUiBuiltInKeywords$scrollToElement$7.call(Unknown Source)&#xD;
	at CLNK-23502 - Clinical Edge - Create Revision to Plan of Care (RPOC).run(CLNK-23502 - Clinical Edge - Create Revision to Plan of Care (RPOC):46)&#xD;
	at com.kms.katalon.core.main.ScriptEngine.run(ScriptEngine.java:194)&#xD;
	at com.kms.katalon.core.main.ScriptEngine.runScriptAsRawText(ScriptEngine.java:119)&#xD;
	at com.kms.katalon.core.main.TestCaseExecutor.runScript(TestCaseExecutor.java:337)&#xD;
	at com.kms.katalon.core.main.TestCaseExecutor.doExecute(TestCaseExecutor.java:328)&#xD;
	at com.kms.katalon.core.main.TestCaseExecutor.processExecutionPhase(TestCaseExecutor.java:307)&#xD;
	at com.kms.katalon.core.main.TestCaseExecutor.accessMainPhase(TestCaseExecutor.java:299)&#xD;
	at com.kms.katalon.core.main.TestCaseExecutor.execute(TestCaseExecutor.java:233)&#xD;
	at com.kms.katalon.core.main.TestSuiteExecutor.accessTestCaseMainPhase(TestSuiteExecutor.java:169)&#xD;
	at com.kms.katalon.core.main.TestSuiteExecutor.accessTestSuiteMainPhase(TestSuiteExecutor.java:142)&#xD;
	at com.kms.katalon.core.main.TestSuiteExecutor.execute(TestSuiteExecutor.java:91)&#xD;
	at com.kms.katalon.core.main.TestCaseMain.startTestSuite(TestCaseMain.java:157)&#xD;
	at com.kms.katalon.core.main.TestCaseMain$startTestSuite$0.call(Unknown Source)&#xD;
	at TempTestSuite1568985466194.run(TempTestSuite1568985466194.groovy:35)&#xD;
Caused by: com.kms.katalon.core.webui.exception.WebElementNotFoundException: Web element with id: 'Object Repository/Regression Clinical Edge/CLINK-23314/a_Khur Heather (535592)' located by 'By.xpath: //*[@id="patientChartContainer"]/div/div[2]/h3/a' not found&#xD;
	at com.kms.katalon.core.webui.common.WebUiCommonHelper.findWebElement(WebUiCommonHelper.java:1097)&#xD;
	at com.kms.katalon.core.webui.keyword.internal.WebUIAbstractKeyword.findWebElement(WebUIAbstractKeyword.groovy:27)&#xD;
	at com.kms.katalon.core.webui.keyword.internal.WebUIAbstractKeyword.findWebElement(WebUIAbstractKeyword.groovy:26)&#xD;
	at com.kms.katalon.core.webui.keyword.builtin.ScrollToElementKeyword$_scrollToElement_closure1.doCall(ScrollToElementKeyword.groovy:79)&#xD;
	at com.kms.katalon.core.webui.keyword.builtin.ScrollToElementKeyword$_scrollToElement_closure1.call(ScrollToElementKeyword.groovy)&#xD;
	at com.kms.katalon.core.webui.keyword.internal.WebUIKeywordMain.runKeyword(WebUIKeywordMain.groovy:20)&#xD;
	at com.kms.katalon.core.webui.keyword.builtin.ScrollToElementKeyword.scrollToElement(ScrollToElementKeyword.groovy:88)&#xD;
	at com.kms.katalon.core.webui.keyword.builtin.ScrollToElementKeyword.execute(ScrollToElementKeyword.groovy:68)&#xD;
	at com.kms.katalon.core.keyword.internal.KeywordExecutor.executeKeywordForPlatform(KeywordExecutor.groovy:56)&#xD;
	at com.kms.katalon.core.webui.keyword.WebUiBuiltInKeywords.scrollToElement(WebUiBuiltInKeywords.groovy:2975)&#xD;
	at com.kms.katalon.core.webui.keyword.WebUiBuiltInKeywords$scrollToElement$7.call(Unknown Source)&#xD;
	at Script1558114775401.run(Script1558114775401.groovy:46)&#xD;
	... 13 more&#xD;
)&#xD;
[[ATTACHMENT|C:\\Users\\isaac\\Desktop\\Clientes\\ProcuraCanada\\Katalon Studio\\Continulink\\Reports\\20190920_101711\\Regression Clinical Edge\\Regression FrontEnd\\20190920_101746\\1568985889933.png]]&#xD;
&#xD;
2019-09-20 10:24:50 - [TEST_STEP][PASSED] - waitForElementPresent(findTestObject("Regression Clinical Edge/CLINK-23314/a_Khur Heather (535592)"), 60): Object 'Object Repository/Regression Clinical Edge/CLINK-23314/a_Khur Heather (535592)' is not present after 60 second(s)&#xD;
&#xD;
2019-09-20 10:25:51 - [MESSAGE][INFO] - Unable to find the element located by 'By.xpath: //*[@id="patientChartContainer"]/div/div[2]/h3/a'. Please recheck the objects properties to make sure the desired element is located. &#xD;
&#xD;
2019-09-20 10:25:51 - [MESSAGE][WARNING] - Object 'Object Repository/Regression Clinical Edge/CLINK-23314/a_Khur Heather (535592)' is not present after 60 second(s)&#xD;
&#xD;
2019-09-20 10:25:51 - [TEST_STEP][PASSED] - click(findTestObject("Regression Clinical Edge/CLINK-23314/a_Khur Heather (535592)")): Unable to click on object 'Object Repository/Regression Clinical Edge/CLINK-23314/a_Khur Heather (535592)' (Root cause: com.kms.katalon.core.exception.StepFailedException: Unable to click on object 'Object Repository/Regression Clinical Edge/CLINK-23314/a_Khur Heather (535592)'&#xD;
	at com.kms.katalon.core.webui.keyword.internal.WebUIKeywordMain.stepFailed(WebUIKeywordMain.groovy:64)&#xD;
	at com.kms.katalon.core.webui.keyword.internal.WebUIKeywordMain.runKeyword(WebUIKeywordMain.groovy:26)&#xD;
	at com.kms.katalon.core.webui.keyword.builtin.ClickKeyword.click(ClickKeyword.groovy:86)&#xD;
	at com.kms.katalon.core.webui.keyword.builtin.ClickKeyword.execute(ClickKeyword.groovy:67)&#xD;
	at com.kms.katalon.core.keyword.internal.KeywordExecutor.executeKeywordForPlatform(KeywordExecutor.groovy:56)&#xD;
	at com.kms.katalon.core.webui.keyword.WebUiBuiltInKeywords.click(WebUiBuiltInKeywords.groovy:616)&#xD;
	at com.kms.katalon.core.webui.keyword.WebUiBuiltInKeywords$click$4.call(Unknown Source)&#xD;
	at CLNK-23502 - Clinical Edge - Create Revision to Plan of Care (RPOC).run(CLNK-23502 - Clinical Edge - Create Revision to Plan of Care (RPOC):50)&#xD;
	at com.kms.katalon.core.main.ScriptEngine.run(ScriptEngine.java:194)&#xD;
	at com.kms.katalon.core.main.ScriptEngine.runScriptAsRawText(ScriptEngine.java:119)&#xD;
	at com.kms.katalon.core.main.TestCaseExecutor.runScript(TestCaseExecutor.java:337)&#xD;
	at com.kms.katalon.core.main.TestCaseExecutor.doExecute(TestCaseExecutor.java:328)&#xD;
	at com.kms.katalon.core.main.TestCaseExecutor.processExecutionPhase(TestCaseExecutor.java:307)&#xD;
	at com.kms.katalon.core.main.TestCaseExecutor.accessMainPhase(TestCaseExecutor.java:299)&#xD;
	at com.kms.katalon.core.main.TestCaseExecutor.execute(TestCaseExecutor.java:233)&#xD;
	at com.kms.katalon.core.main.TestSuiteExecutor.accessTestCaseMainPhase(TestSuiteExecutor.java:169)&#xD;
	at com.kms.katalon.core.main.TestSuiteExecutor.accessTestSuiteMainPhase(TestSuiteExecutor.java:142)&#xD;
	at com.kms.katalon.core.main.TestSuiteExecutor.execute(TestSuiteExecutor.java:91)&#xD;
	at com.kms.katalon.core.main.TestCaseMain.startTestSuite(TestCaseMain.java:157)&#xD;
	at com.kms.katalon.core.main.TestCaseMain$startTestSuite$0.call(Unknown Source)&#xD;
	at TempTestSuite1568985466194.run(TempTestSuite1568985466194.groovy:35)&#xD;
Caused by: com.kms.katalon.core.webui.exception.WebElementNotFoundException: Web element with id: 'Object Repository/Regression Clinical Edge/CLINK-23314/a_Khur Heather (535592)' located by 'By.xpath: //*[@id="patientChartContainer"]/div/div[2]/h3/a' not found&#xD;
	at com.kms.katalon.core.webui.common.WebUiCommonHelper.findWebElement(WebUiCommonHelper.java:1097)&#xD;
	at com.kms.katalon.core.webui.keyword.internal.WebUIAbstractKeyword.findWebElement(WebUIAbstractKeyword.groovy:27)&#xD;
	at com.kms.katalon.core.webui.keyword.internal.WebUIAbstractKeyword.findWebElement(WebUIAbstractKeyword.groovy:26)&#xD;
	at com.kms.katalon.core.webui.keyword.builtin.ClickKeyword$_click_closure1.doCall(ClickKeyword.groovy:77)&#xD;
	at com.kms.katalon.core.webui.keyword.builtin.ClickKeyword$_click_closure1.call(ClickKeyword.groovy)&#xD;
	at com.kms.katalon.core.webui.keyword.internal.WebUIKeywordMain.runKeyword(WebUIKeywordMain.groovy:20)&#xD;
	at com.kms.katalon.core.webui.keyword.builtin.ClickKeyword.click(ClickKeyword.groovy:86)&#xD;
	at com.kms.katalon.core.webui.keyword.builtin.ClickKeyword.execute(ClickKeyword.groovy:67)&#xD;
	at com.kms.katalon.core.keyword.internal.KeywordExecutor.executeKeywordForPlatform(KeywordExecutor.groovy:56)&#xD;
	at com.kms.katalon.core.webui.keyword.WebUiBuiltInKeywords.click(WebUiBuiltInKeywords.groovy:616)&#xD;
	at com.kms.katalon.core.webui.keyword.WebUiBuiltInKeywords$click$4.call(Unknown Source)&#xD;
	at Script1558114775401.run(Script1558114775401.groovy:50)&#xD;
	... 13 more&#xD;
)&#xD;
&#xD;
2019-09-20 10:26:22 - [MESSAGE][INFO] - Unable to find the element located by 'By.xpath: //*[@id="patientChartContainer"]/div/div[2]/h3/a'. Please recheck the objects properties to make sure the desired element is located. &#xD;
&#xD;
2019-09-20 10:26:23 - [MESSAGE][WARNING] - Unable to click on object 'Object Repository/Regression Clinical Edge/CLINK-23314/a_Khur Heather (535592)' (Root cause: com.kms.katalon.core.exception.StepFailedException: Unable to click on object 'Object Repository/Regression Clinical Edge/CLINK-23314/a_Khur Heather (535592)'&#xD;
	at com.kms.katalon.core.webui.keyword.internal.WebUIKeywordMain.stepFailed(WebUIKeywordMain.groovy:64)&#xD;
	at com.kms.katalon.core.webui.keyword.internal.WebUIKeywordMain.runKeyword(WebUIKeywordMain.groovy:26)&#xD;
	at com.kms.katalon.core.webui.keyword.builtin.ClickKeyword.click(ClickKeyword.groovy:86)&#xD;
	at com.kms.katalon.core.webui.keyword.builtin.ClickKeyword.execute(ClickKeyword.groovy:67)&#xD;
	at com.kms.katalon.core.keyword.internal.KeywordExecutor.executeKeywordForPlatform(KeywordExecutor.groovy:56)&#xD;
	at com.kms.katalon.core.webui.keyword.WebUiBuiltInKeywords.click(WebUiBuiltInKeywords.groovy:616)&#xD;
	at com.kms.katalon.core.webui.keyword.WebUiBuiltInKeywords$click$4.call(Unknown Source)&#xD;
	at CLNK-23502 - Clinical Edge - Create Revision to Plan of Care (RPOC).run(CLNK-23502 - Clinical Edge - Create Revision to Plan of Care (RPOC):50)&#xD;
	at com.kms.katalon.core.main.ScriptEngine.run(ScriptEngine.java:194)&#xD;
	at com.kms.katalon.core.main.ScriptEngine.runScriptAsRawText(ScriptEngine.java:119)&#xD;
	at com.kms.katalon.core.main.TestCaseExecutor.runScript(TestCaseExecutor.java:337)&#xD;
	at com.kms.katalon.core.main.TestCaseExecutor.doExecute(TestCaseExecutor.java:328)&#xD;
	at com.kms.katalon.core.main.TestCaseExecutor.processExecutionPhase(TestCaseExecutor.java:307)&#xD;
	at com.kms.katalon.core.main.TestCaseExecutor.accessMainPhase(TestCaseExecutor.java:299)&#xD;
	at com.kms.katalon.core.main.TestCaseExecutor.execute(TestCaseExecutor.java:233)&#xD;
	at com.kms.katalon.core.main.TestSuiteExecutor.accessTestCaseMainPhase(TestSuiteExecutor.java:169)&#xD;
	at com.kms.katalon.core.main.TestSuiteExecutor.accessTestSuiteMainPhase(TestSuiteExecutor.java:142)&#xD;
	at com.kms.katalon.core.main.TestSuiteExecutor.execute(TestSuiteExecutor.java:91)&#xD;
	at com.kms.katalon.core.main.TestCaseMain.startTestSuite(TestCaseMain.java:157)&#xD;
	at com.kms.katalon.core.main.TestCaseMain$startTestSuite$0.call(Unknown Source)&#xD;
	at TempTestSuite1568985466194.run(TempTestSuite1568985466194.groovy:35)&#xD;
Caused by: com.kms.katalon.core.webui.exception.WebElementNotFoundException: Web element with id: 'Object Repository/Regression Clinical Edge/CLINK-23314/a_Khur Heather (535592)' located by 'By.xpath: //*[@id="patientChartContainer"]/div/div[2]/h3/a' not found&#xD;
	at com.kms.katalon.core.webui.common.WebUiCommonHelper.findWebElement(WebUiCommonHelper.java:1097)&#xD;
	at com.kms.katalon.core.webui.keyword.internal.WebUIAbstractKeyword.findWebElement(WebUIAbstractKeyword.groovy:27)&#xD;
	at com.kms.katalon.core.webui.keyword.internal.WebUIAbstractKeyword.findWebElement(WebUIAbstractKeyword.groovy:26)&#xD;
	at com.kms.katalon.core.webui.keyword.builtin.ClickKeyword$_click_closure1.doCall(ClickKeyword.groovy:77)&#xD;
	at com.kms.katalon.core.webui.keyword.builtin.ClickKeyword$_click_closure1.call(ClickKeyword.groovy)&#xD;
	at com.kms.katalon.core.webui.keyword.internal.WebUIKeywordMain.runKeyword(WebUIKeywordMain.groovy:20)&#xD;
	at com.kms.katalon.core.webui.keyword.builtin.ClickKeyword.click(ClickKeyword.groovy:86)&#xD;
	at com.kms.katalon.core.webui.keyword.builtin.ClickKeyword.execute(ClickKeyword.groovy:67)&#xD;
	at com.kms.katalon.core.keyword.internal.KeywordExecutor.executeKeywordForPlatform(KeywordExecutor.groovy:56)&#xD;
	at com.kms.katalon.core.webui.keyword.WebUiBuiltInKeywords.click(WebUiBuiltInKeywords.groovy:616)&#xD;
	at com.kms.katalon.core.webui.keyword.WebUiBuiltInKeywords$click$4.call(Unknown Source)&#xD;
	at Script1558114775401.run(Script1558114775401.groovy:50)&#xD;
	... 13 more&#xD;
)&#xD;
[[ATTACHMENT|C:\\Users\\isaac\\Desktop\\Clientes\\ProcuraCanada\\Katalon Studio\\Continulink\\Reports\\20190920_101711\\Regression Clinical Edge\\Regression FrontEnd\\20190920_101746\\1568985982810.png]]&#xD;
&#xD;
2019-09-20 10:26:23 - [TEST_STEP][PASSED] - delay(5): Delayed 5 second(s)&#xD;
&#xD;
2019-09-20 10:26:28 - [MESSAGE][PASSED] - Delayed 5 second(s)&#xD;
&#xD;
2019-09-20 10:26:28 - [TEST_STEP][PASSED] - waitForPageLoad(50): Wait for page load successfully&#xD;
&#xD;
2019-09-20 10:26:28 - [MESSAGE][PASSED] - Wait for page load successfully&#xD;
&#xD;
2019-09-20 10:26:28 - [TEST_STEP][PASSED] - waitForElementPresent(findTestObject("Regression Clinical Edge/HomePage/ClientLink"), 100): Object 'Object Repository/Regression Clinical Edge/HomePage/ClientLink' is present&#xD;
&#xD;
2019-09-20 10:26:28 - [MESSAGE][PASSED] - Object 'Object Repository/Regression Clinical Edge/HomePage/ClientLink' is present&#xD;
&#xD;
2019-09-20 10:26:28 - [TEST_STEP][PASSED] - click(findTestObject("Regression Clinical Edge/HomePage/ClientLink")): Object: 'Object Repository/Regression Clinical Edge/HomePage/ClientLink' is clicked on&#xD;
&#xD;
2019-09-20 10:26:30 - [MESSAGE][PASSED] - Object: 'Object Repository/Regression Clinical Edge/HomePage/ClientLink' is clicked on&#xD;
&#xD;
2019-09-20 10:26:30 - [TEST_STEP][PASSED] - delay(2): Delayed 2 second(s)&#xD;
&#xD;
2019-09-20 10:26:32 - [MESSAGE][PASSED] - Delayed 2 second(s)&#xD;
&#xD;
2019-09-20 10:26:32 - [TEST_STEP][PASSED] - waitForPageLoad(50): Wait for page load successfully&#xD;
&#xD;
2019-09-20 10:26:32 - [MESSAGE][PASSED] - Wait for page load successfully&#xD;
&#xD;
2019-09-20 10:26:32 - [TEST_STEP][PASSED] - scrollToElement(findTestObject("Regression Clinical Edge/CLINK - 23504/Plan of Care Section"), 50): Scroll to object 'Object Repository/Regression Clinical Edge/CLINK - 23504/Plan of Care Section' successfully&#xD;
&#xD;
2019-09-20 10:26:32 - [MESSAGE][PASSED] - Scroll to object 'Object Repository/Regression Clinical Edge/CLINK - 23504/Plan of Care Section' successfully&#xD;
&#xD;
2019-09-20 10:26:32 - [TEST_STEP][PASSED] - delay(2): Delayed 2 second(s)&#xD;
&#xD;
2019-09-20 10:26:34 - [MESSAGE][PASSED] - Delayed 2 second(s)&#xD;
&#xD;
2019-09-20 10:26:34 - [TEST_STEP][PASSED] - waitForElementPresent(findTestObject("Regression Clinical Edge/CLINK-23502/AddPOC"), 50): Object 'Object Repository/Regression Clinical Edge/CLINK-23502/AddPOC' is present&#xD;
&#xD;
2019-09-20 10:26:34 - [MESSAGE][PASSED] - Object 'Object Repository/Regression Clinical Edge/CLINK-23502/AddPOC' is present&#xD;
&#xD;
2019-09-20 10:26:34 - [TEST_STEP][PASSED] - click(findTestObject("Regression Clinical Edge/CLINK-23502/AddPOC")): Object: 'Object Repository/Regression Clinical Edge/CLINK-23502/AddPOC' is clicked on&#xD;
&#xD;
2019-09-20 10:26:35 - [MESSAGE][PASSED] - Object: 'Object Repository/Regression Clinical Edge/CLINK-23502/AddPOC' is clicked on&#xD;
&#xD;
2019-09-20 10:26:35 - [TEST_STEP][PASSED] - delay(3): Delayed 3 second(s)&#xD;
&#xD;
2019-09-20 10:26:38 - [MESSAGE][PASSED] - Delayed 3 second(s)&#xD;
&#xD;
2019-09-20 10:26:38 - [TEST_STEP][PASSED] - waitForElementPresent(findTestObject("Regression Clinical Edge/CLINK-23502/Revision to POC"), 50): Object 'Object Repository/Regression Clinical Edge/CLINK-23502/Revision to POC' is present&#xD;
&#xD;
2019-09-20 10:26:38 - [MESSAGE][PASSED] - Object 'Object Repository/Regression Clinical Edge/CLINK-23502/Revision to POC' is present&#xD;
&#xD;
2019-09-20 10:26:38 - [TEST_STEP][PASSED] - click(findTestObject("Regression Clinical Edge/CLINK-23502/Revision to POC")): Unable to click on object 'Object Repository/Regression Clinical Edge/CLINK-23502/Revision to POC' (Root cause: com.kms.katalon.core.exception.StepFailedException: Unable to click on object 'Object Repository/Regression Clinical Edge/CLINK-23502/Revision to POC'&#xD;
	at com.kms.katalon.core.webui.keyword.internal.WebUIKeywordMain.stepFailed(WebUIKeywordMain.groovy:64)&#xD;
	at com.kms.katalon.core.webui.keyword.internal.WebUIKeywordMain.runKeyword(WebUIKeywordMain.groovy:26)&#xD;
	at com.kms.katalon.core.webui.keyword.builtin.ClickKeyword.click(ClickKeyword.groovy:86)&#xD;
	at com.kms.katalon.core.webui.keyword.builtin.ClickKeyword.execute(ClickKeyword.groovy:67)&#xD;
	at com.kms.katalon.core.keyword.internal.KeywordExecutor.executeKeywordForPlatform(KeywordExecutor.groovy:56)&#xD;
	at com.kms.katalon.core.webui.keyword.WebUiBuiltInKeywords.click(WebUiBuiltInKeywords.groovy:616)&#xD;
	at com.kms.katalon.core.webui.keyword.WebUiBuiltInKeywords$click$4.call(Unknown Source)&#xD;
	at CLNK-23502 - Clinical Edge - Create Revision to Plan of Care (RPOC).run(CLNK-23502 - Clinical Edge - Create Revision to Plan of Care (RPOC):76)&#xD;
	at com.kms.katalon.core.main.ScriptEngine.run(ScriptEngine.java:194)&#xD;
	at com.kms.katalon.core.main.ScriptEngine.runScriptAsRawText(ScriptEngine.java:119)&#xD;
	at com.kms.katalon.core.main.TestCaseExecutor.runScript(TestCaseExecutor.java:337)&#xD;
	at com.kms.katalon.core.main.TestCaseExecutor.doExecute(TestCaseExecutor.java:328)&#xD;
	at com.kms.katalon.core.main.TestCaseExecutor.processExecutionPhase(TestCaseExecutor.java:307)&#xD;
	at com.kms.katalon.core.main.TestCaseExecutor.accessMainPhase(TestCaseExecutor.java:299)&#xD;
	at com.kms.katalon.core.main.TestCaseExecutor.execute(TestCaseExecutor.java:233)&#xD;
	at com.kms.katalon.core.main.TestSuiteExecutor.accessTestCaseMainPhase(TestSuiteExecutor.java:169)&#xD;
	at com.kms.katalon.core.main.TestSuiteExecutor.accessTestSuiteMainPhase(TestSuiteExecutor.java:142)&#xD;
	at com.kms.katalon.core.main.TestSuiteExecutor.execute(TestSuiteExecutor.java:91)&#xD;
	at com.kms.katalon.core.main.TestCaseMain.startTestSuite(TestCaseMain.java:157)&#xD;
	at com.kms.katalon.core.main.TestCaseMain$startTestSuite$0.call(Unknown Source)&#xD;
	at TempTestSuite1568985466194.run(TempTestSuite1568985466194.groovy:35)&#xD;
Caused by: org.openqa.selenium.ElementNotInteractableException: element not interactable
  (Session info: chrome=76.0.3809.132)
Build info: version: '3.141.59', revision: 'e82be7d358', time: '2018-11-14T08:25:53'
System info: host: 'DESKTOP-BPONDF2', ip: '192.168.0.121', os.name: 'Windows 10', os.arch: 'amd64', os.version: '10.0', java.version: '1.8.0_181'
Driver info: com.kms.katalon.selenium.driver.CChromeDriver
Capabilities {acceptInsecureCerts: false, browserName: chrome, browserVersion: 76.0.3809.132, chrome: {chromedriverVersion: 76.0.3809.126 (d80a294506b4..., userDataDir: C:\Users\isaac\AppData\Loca...}, goog:chromeOptions: {debuggerAddress: localhost:62548}, javascriptEnabled: true, networkConnectionEnabled: false, pageLoadStrategy: normal, platform: XP, platformName: XP, proxy: Proxy(), setWindowRect: true, strictFileInteractability: false, timeouts: {implicit: 0, pageLoad: 300000, script: 30000}, unhandledPromptBehavior: dismiss and notify}
Session ID: b2a0216b24491377fb95d41e1cd88bba&#xD;
	at org.openqa.selenium.remote.http.W3CHttpResponseCodec.createException(W3CHttpResponseCodec.java:187)&#xD;
	at org.openqa.selenium.remote.http.W3CHttpResponseCodec.decode(W3CHttpResponseCodec.java:122)&#xD;
	at org.openqa.selenium.remote.http.W3CHttpResponseCodec.decode(W3CHttpResponseCodec.java:49)&#xD;
	at org.openqa.selenium.remote.HttpCommandExecutor.execute(HttpCommandExecutor.java:158)&#xD;
	at org.openqa.selenium.remote.service.DriverCommandExecutor.execute(DriverCommandExecutor.java:83)&#xD;
	at org.openqa.selenium.remote.RemoteWebDriver.execute(RemoteWebDriver.java:552)&#xD;
	at com.kms.katalon.selenium.driver.CChromeDriver.execute(CChromeDriver.java:20)&#xD;
	at org.openqa.selenium.remote.RemoteWebElement.execute(RemoteWebElement.java:285)&#xD;
	at org.openqa.selenium.remote.RemoteWebElement.click(RemoteWebElement.java:84)&#xD;
	at com.kms.katalon.core.webui.keyword.builtin.ClickKeyword$_click_closure1.doCall(ClickKeyword.groovy:79)&#xD;
	at com.kms.katalon.core.webui.keyword.builtin.ClickKeyword$_click_closure1.call(ClickKeyword.groovy)&#xD;
	at com.kms.katalon.core.webui.keyword.internal.WebUIKeywordMain.runKeyword(WebUIKeywordMain.groovy:20)&#xD;
	at com.kms.katalon.core.webui.keyword.builtin.ClickKeyword.click(ClickKeyword.groovy:86)&#xD;
	at com.kms.katalon.core.webui.keyword.builtin.ClickKeyword.execute(ClickKeyword.groovy:67)&#xD;
	at com.kms.katalon.core.keyword.internal.KeywordExecutor.executeKeywordForPlatform(KeywordExecutor.groovy:56)&#xD;
	at com.kms.katalon.core.webui.keyword.WebUiBuiltInKeywords.click(WebUiBuiltInKeywords.groovy:616)&#xD;
	at com.kms.katalon.core.webui.keyword.WebUiBuiltInKeywords$click$4.call(Unknown Source)&#xD;
	at Script1558114775401.run(Script1558114775401.groovy:76)&#xD;
	... 13 more&#xD;
)&#xD;
&#xD;
2019-09-20 10:26:38 - [MESSAGE][WARNING] - Unable to click on object 'Object Repository/Regression Clinical Edge/CLINK-23502/Revision to POC' (Root cause: com.kms.katalon.core.exception.StepFailedException: Unable to click on object 'Object Repository/Regression Clinical Edge/CLINK-23502/Revision to POC'&#xD;
	at com.kms.katalon.core.webui.keyword.internal.WebUIKeywordMain.stepFailed(WebUIKeywordMain.groovy:64)&#xD;
	at com.kms.katalon.core.webui.keyword.internal.WebUIKeywordMain.runKeyword(WebUIKeywordMain.groovy:26)&#xD;
	at com.kms.katalon.core.webui.keyword.builtin.ClickKeyword.click(ClickKeyword.groovy:86)&#xD;
	at com.kms.katalon.core.webui.keyword.builtin.ClickKeyword.execute(ClickKeyword.groovy:67)&#xD;
	at com.kms.katalon.core.keyword.internal.KeywordExecutor.executeKeywordForPlatform(KeywordExecutor.groovy:56)&#xD;
	at com.kms.katalon.core.webui.keyword.WebUiBuiltInKeywords.click(WebUiBuiltInKeywords.groovy:616)&#xD;
	at com.kms.katalon.core.webui.keyword.WebUiBuiltInKeywords$click$4.call(Unknown Source)&#xD;
	at CLNK-23502 - Clinical Edge - Create Revision to Plan of Care (RPOC).run(CLNK-23502 - Clinical Edge - Create Revision to Plan of Care (RPOC):76)&#xD;
	at com.kms.katalon.core.main.ScriptEngine.run(ScriptEngine.java:194)&#xD;
	at com.kms.katalon.core.main.ScriptEngine.runScriptAsRawText(ScriptEngine.java:119)&#xD;
	at com.kms.katalon.core.main.TestCaseExecutor.runScript(TestCaseExecutor.java:337)&#xD;
	at com.kms.katalon.core.main.TestCaseExecutor.doExecute(TestCaseExecutor.java:328)&#xD;
	at com.kms.katalon.core.main.TestCaseExecutor.processExecutionPhase(TestCaseExecutor.java:307)&#xD;
	at com.kms.katalon.core.main.TestCaseExecutor.accessMainPhase(TestCaseExecutor.java:299)&#xD;
	at com.kms.katalon.core.main.TestCaseExecutor.execute(TestCaseExecutor.java:233)&#xD;
	at com.kms.katalon.core.main.TestSuiteExecutor.accessTestCaseMainPhase(TestSuiteExecutor.java:169)&#xD;
	at com.kms.katalon.core.main.TestSuiteExecutor.accessTestSuiteMainPhase(TestSuiteExecutor.java:142)&#xD;
	at com.kms.katalon.core.main.TestSuiteExecutor.execute(TestSuiteExecutor.java:91)&#xD;
	at com.kms.katalon.core.main.TestCaseMain.startTestSuite(TestCaseMain.java:157)&#xD;
	at com.kms.katalon.core.main.TestCaseMain$startTestSuite$0.call(Unknown Source)&#xD;
	at TempTestSuite1568985466194.run(TempTestSuite1568985466194.groovy:35)&#xD;
Caused by: org.openqa.selenium.ElementNotInteractableException: element not interactable
  (Session info: chrome=76.0.3809.132)
Build info: version: '3.141.59', revision: 'e82be7d358', time: '2018-11-14T08:25:53'
System info: host: 'DESKTOP-BPONDF2', ip: '192.168.0.121', os.name: 'Windows 10', os.arch: 'amd64', os.version: '10.0', java.version: '1.8.0_181'
Driver info: com.kms.katalon.selenium.driver.CChromeDriver
Capabilities {acceptInsecureCerts: false, browserName: chrome, browserVersion: 76.0.3809.132, chrome: {chromedriverVersion: 76.0.3809.126 (d80a294506b4..., userDataDir: C:\Users\isaac\AppData\Loca...}, goog:chromeOptions: {debuggerAddress: localhost:62548}, javascriptEnabled: true, networkConnectionEnabled: false, pageLoadStrategy: normal, platform: XP, platformName: XP, proxy: Proxy(), setWindowRect: true, strictFileInteractability: false, timeouts: {implicit: 0, pageLoad: 300000, script: 30000}, unhandledPromptBehavior: dismiss and notify}
Session ID: b2a0216b24491377fb95d41e1cd88bba&#xD;
	at org.openqa.selenium.remote.http.W3CHttpResponseCodec.createException(W3CHttpResponseCodec.java:187)&#xD;
	at org.openqa.selenium.remote.http.W3CHttpResponseCodec.decode(W3CHttpResponseCodec.java:122)&#xD;
	at org.openqa.selenium.remote.http.W3CHttpResponseCodec.decode(W3CHttpResponseCodec.java:49)&#xD;
	at org.openqa.selenium.remote.HttpCommandExecutor.execute(HttpCommandExecutor.java:158)&#xD;
	at org.openqa.selenium.remote.service.DriverCommandExecutor.execute(DriverCommandExecutor.java:83)&#xD;
	at org.openqa.selenium.remote.RemoteWebDriver.execute(RemoteWebDriver.java:552)&#xD;
	at com.kms.katalon.selenium.driver.CChromeDriver.execute(CChromeDriver.java:20)&#xD;
	at org.openqa.selenium.remote.RemoteWebElement.execute(RemoteWebElement.java:285)&#xD;
	at org.openqa.selenium.remote.RemoteWebElement.click(RemoteWebElement.java:84)&#xD;
	at com.kms.katalon.core.webui.keyword.builtin.ClickKeyword$_click_closure1.doCall(ClickKeyword.groovy:79)&#xD;
	at com.kms.katalon.core.webui.keyword.builtin.ClickKeyword$_click_closure1.call(ClickKeyword.groovy)&#xD;
	at com.kms.katalon.core.webui.keyword.internal.WebUIKeywordMain.runKeyword(WebUIKeywordMain.groovy:20)&#xD;
	at com.kms.katalon.core.webui.keyword.builtin.ClickKeyword.click(ClickKeyword.groovy:86)&#xD;
	at com.kms.katalon.core.webui.keyword.builtin.ClickKeyword.execute(ClickKeyword.groovy:67)&#xD;
	at com.kms.katalon.core.keyword.internal.KeywordExecutor.executeKeywordForPlatform(KeywordExecutor.groovy:56)&#xD;
	at com.kms.katalon.core.webui.keyword.WebUiBuiltInKeywords.click(WebUiBuiltInKeywords.groovy:616)&#xD;
	at com.kms.katalon.core.webui.keyword.WebUiBuiltInKeywords$click$4.call(Unknown Source)&#xD;
	at Script1558114775401.run(Script1558114775401.groovy:76)&#xD;
	... 13 more&#xD;
)&#xD;
[[ATTACHMENT|C:\\Users\\isaac\\Desktop\\Clientes\\ProcuraCanada\\Katalon Studio\\Continulink\\Reports\\20190920_101711\\Regression Clinical Edge\\Regression FrontEnd\\20190920_101746\\1568985998283.png]]&#xD;
&#xD;
2019-09-20 10:26:38 - [TEST_STEP][PASSED] - delay(3): Delayed 3 second(s)&#xD;
&#xD;
2019-09-20 10:26:41 - [MESSAGE][PASSED] - Delayed 3 second(s)&#xD;
&#xD;
2019-09-20 10:26:41 - [TEST_STEP][PASSED] - waitForElementPresent(findTestObject("Regression Clinical Edge/CLINK-23502/Ok"), 50): Object 'Object Repository/Regression Clinical Edge/CLINK-23502/Ok' is not present after 50 second(s)&#xD;
&#xD;
2019-09-20 10:27:32 - [MESSAGE][INFO] - Unable to find the element located by 'By.xpath: //button[@id='divCreateRPOC_dlg_btnOk']/span'. Please recheck the objects properties to make sure the desired element is located. &#xD;
&#xD;
2019-09-20 10:27:32 - [MESSAGE][WARNING] - Object 'Object Repository/Regression Clinical Edge/CLINK-23502/Ok' is not present after 50 second(s)&#xD;
&#xD;
2019-09-20 10:27:32 - [TEST_STEP][PASSED] - click(findTestObject("Regression Clinical Edge/CLINK-23502/Ok")): Unable to click on object 'Object Repository/Regression Clinical Edge/CLINK-23502/Ok' (Root cause: com.kms.katalon.core.exception.StepFailedException: Unable to click on object 'Object Repository/Regression Clinical Edge/CLINK-23502/Ok'&#xD;
	at com.kms.katalon.core.webui.keyword.internal.WebUIKeywordMain.stepFailed(WebUIKeywordMain.groovy:64)&#xD;
	at com.kms.katalon.core.webui.keyword.internal.WebUIKeywordMain.runKeyword(WebUIKeywordMain.groovy:26)&#xD;
	at com.kms.katalon.core.webui.keyword.builtin.ClickKeyword.click(ClickKeyword.groovy:86)&#xD;
	at com.kms.katalon.core.webui.keyword.builtin.ClickKeyword.execute(ClickKeyword.groovy:67)&#xD;
	at com.kms.katalon.core.keyword.internal.KeywordExecutor.executeKeywordForPlatform(KeywordExecutor.groovy:56)&#xD;
	at com.kms.katalon.core.webui.keyword.WebUiBuiltInKeywords.click(WebUiBuiltInKeywords.groovy:616)&#xD;
	at com.kms.katalon.core.webui.keyword.WebUiBuiltInKeywords$click$4.call(Unknown Source)&#xD;
	at CLNK-23502 - Clinical Edge - Create Revision to Plan of Care (RPOC).run(CLNK-23502 - Clinical Edge - Create Revision to Plan of Care (RPOC):82)&#xD;
	at com.kms.katalon.core.main.ScriptEngine.run(ScriptEngine.java:194)&#xD;
	at com.kms.katalon.core.main.ScriptEngine.runScriptAsRawText(ScriptEngine.java:119)&#xD;
	at com.kms.katalon.core.main.TestCaseExecutor.runScript(TestCaseExecutor.java:337)&#xD;
	at com.kms.katalon.core.main.TestCaseExecutor.doExecute(TestCaseExecutor.java:328)&#xD;
	at com.kms.katalon.core.main.TestCaseExecutor.processExecutionPhase(TestCaseExecutor.java:307)&#xD;
	at com.kms.katalon.core.main.TestCaseExecutor.accessMainPhase(TestCaseExecutor.java:299)&#xD;
	at com.kms.katalon.core.main.TestCaseExecutor.execute(TestCaseExecutor.java:233)&#xD;
	at com.kms.katalon.core.main.TestSuiteExecutor.accessTestCaseMainPhase(TestSuiteExecutor.java:169)&#xD;
	at com.kms.katalon.core.main.TestSuiteExecutor.accessTestSuiteMainPhase(TestSuiteExecutor.java:142)&#xD;
	at com.kms.katalon.core.main.TestSuiteExecutor.execute(TestSuiteExecutor.java:91)&#xD;
	at com.kms.katalon.core.main.TestCaseMain.startTestSuite(TestCaseMain.java:157)&#xD;
	at com.kms.katalon.core.main.TestCaseMain$startTestSuite$0.call(Unknown Source)&#xD;
	at TempTestSuite1568985466194.run(TempTestSuite1568985466194.groovy:35)&#xD;
Caused by: com.kms.katalon.core.webui.exception.WebElementNotFoundException: Web element with id: 'Object Repository/Regression Clinical Edge/CLINK-23502/Ok' located by 'By.xpath: //button[@id='divCreateRPOC_dlg_btnOk']/span' not found&#xD;
	at com.kms.katalon.core.webui.common.WebUiCommonHelper.findWebElement(WebUiCommonHelper.java:1097)&#xD;
	at com.kms.katalon.core.webui.keyword.internal.WebUIAbstractKeyword.findWebElement(WebUIAbstractKeyword.groovy:27)&#xD;
	at com.kms.katalon.core.webui.keyword.internal.WebUIAbstractKeyword.findWebElement(WebUIAbstractKeyword.groovy:26)&#xD;
	at com.kms.katalon.core.webui.keyword.builtin.ClickKeyword$_click_closure1.doCall(ClickKeyword.groovy:77)&#xD;
	at com.kms.katalon.core.webui.keyword.builtin.ClickKeyword$_click_closure1.call(ClickKeyword.groovy)&#xD;
	at com.kms.katalon.core.webui.keyword.internal.WebUIKeywordMain.runKeyword(WebUIKeywordMain.groovy:20)&#xD;
	at com.kms.katalon.core.webui.keyword.builtin.ClickKeyword.click(ClickKeyword.groovy:86)&#xD;
	at com.kms.katalon.core.webui.keyword.builtin.ClickKeyword.execute(ClickKeyword.groovy:67)&#xD;
	at com.kms.katalon.core.keyword.internal.KeywordExecutor.executeKeywordForPlatform(KeywordExecutor.groovy:56)&#xD;
	at com.kms.katalon.core.webui.keyword.WebUiBuiltInKeywords.click(WebUiBuiltInKeywords.groovy:616)&#xD;
	at com.kms.katalon.core.webui.keyword.WebUiBuiltInKeywords$click$4.call(Unknown Source)&#xD;
	at Script1558114775401.run(Script1558114775401.groovy:82)&#xD;
	... 13 more&#xD;
)&#xD;
&#xD;
2019-09-20 10:28:03 - [MESSAGE][INFO] - Unable to find the element located by 'By.xpath: //button[@id='divCreateRPOC_dlg_btnOk']/span'. Please recheck the objects properties to make sure the desired element is located. &#xD;
&#xD;
2019-09-20 10:28:04 - [MESSAGE][WARNING] - Unable to click on object 'Object Repository/Regression Clinical Edge/CLINK-23502/Ok' (Root cause: com.kms.katalon.core.exception.StepFailedException: Unable to click on object 'Object Repository/Regression Clinical Edge/CLINK-23502/Ok'&#xD;
	at com.kms.katalon.core.webui.keyword.internal.WebUIKeywordMain.stepFailed(WebUIKeywordMain.groovy:64)&#xD;
	at com.kms.katalon.core.webui.keyword.internal.WebUIKeywordMain.runKeyword(WebUIKeywordMain.groovy:26)&#xD;
	at com.kms.katalon.core.webui.keyword.builtin.ClickKeyword.click(ClickKeyword.groovy:86)&#xD;
	at com.kms.katalon.core.webui.keyword.builtin.ClickKeyword.execute(ClickKeyword.groovy:67)&#xD;
	at com.kms.katalon.core.keyword.internal.KeywordExecutor.executeKeywordForPlatform(KeywordExecutor.groovy:56)&#xD;
	at com.kms.katalon.core.webui.keyword.WebUiBuiltInKeywords.click(WebUiBuiltInKeywords.groovy:616)&#xD;
	at com.kms.katalon.core.webui.keyword.WebUiBuiltInKeywords$click$4.call(Unknown Source)&#xD;
	at CLNK-23502 - Clinical Edge - Create Revision to Plan of Care (RPOC).run(CLNK-23502 - Clinical Edge - Create Revision to Plan of Care (RPOC):82)&#xD;
	at com.kms.katalon.core.main.ScriptEngine.run(ScriptEngine.java:194)&#xD;
	at com.kms.katalon.core.main.ScriptEngine.runScriptAsRawText(ScriptEngine.java:119)&#xD;
	at com.kms.katalon.core.main.TestCaseExecutor.runScript(TestCaseExecutor.java:337)&#xD;
	at com.kms.katalon.core.main.TestCaseExecutor.doExecute(TestCaseExecutor.java:328)&#xD;
	at com.kms.katalon.core.main.TestCaseExecutor.processExecutionPhase(TestCaseExecutor.java:307)&#xD;
	at com.kms.katalon.core.main.TestCaseExecutor.accessMainPhase(TestCaseExecutor.java:299)&#xD;
	at com.kms.katalon.core.main.TestCaseExecutor.execute(TestCaseExecutor.java:233)&#xD;
	at com.kms.katalon.core.main.TestSuiteExecutor.accessTestCaseMainPhase(TestSuiteExecutor.java:169)&#xD;
	at com.kms.katalon.core.main.TestSuiteExecutor.accessTestSuiteMainPhase(TestSuiteExecutor.java:142)&#xD;
	at com.kms.katalon.core.main.TestSuiteExecutor.execute(TestSuiteExecutor.java:91)&#xD;
	at com.kms.katalon.core.main.TestCaseMain.startTestSuite(TestCaseMain.java:157)&#xD;
	at com.kms.katalon.core.main.TestCaseMain$startTestSuite$0.call(Unknown Source)&#xD;
	at TempTestSuite1568985466194.run(TempTestSuite1568985466194.groovy:35)&#xD;
Caused by: com.kms.katalon.core.webui.exception.WebElementNotFoundException: Web element with id: 'Object Repository/Regression Clinical Edge/CLINK-23502/Ok' located by 'By.xpath: //button[@id='divCreateRPOC_dlg_btnOk']/span' not found&#xD;
	at com.kms.katalon.core.webui.common.WebUiCommonHelper.findWebElement(WebUiCommonHelper.java:1097)&#xD;
	at com.kms.katalon.core.webui.keyword.internal.WebUIAbstractKeyword.findWebElement(WebUIAbstractKeyword.groovy:27)&#xD;
	at com.kms.katalon.core.webui.keyword.internal.WebUIAbstractKeyword.findWebElement(WebUIAbstractKeyword.groovy:26)&#xD;
	at com.kms.katalon.core.webui.keyword.builtin.ClickKeyword$_click_closure1.doCall(ClickKeyword.groovy:77)&#xD;
	at com.kms.katalon.core.webui.keyword.builtin.ClickKeyword$_click_closure1.call(ClickKeyword.groovy)&#xD;
	at com.kms.katalon.core.webui.keyword.internal.WebUIKeywordMain.runKeyword(WebUIKeywordMain.groovy:20)&#xD;
	at com.kms.katalon.core.webui.keyword.builtin.ClickKeyword.click(ClickKeyword.groovy:86)&#xD;
	at com.kms.katalon.core.webui.keyword.builtin.ClickKeyword.execute(ClickKeyword.groovy:67)&#xD;
	at com.kms.katalon.core.keyword.internal.KeywordExecutor.executeKeywordForPlatform(KeywordExecutor.groovy:56)&#xD;
	at com.kms.katalon.core.webui.keyword.WebUiBuiltInKeywords.click(WebUiBuiltInKeywords.groovy:616)&#xD;
	at com.kms.katalon.core.webui.keyword.WebUiBuiltInKeywords$click$4.call(Unknown Source)&#xD;
	at Script1558114775401.run(Script1558114775401.groovy:82)&#xD;
	... 13 more&#xD;
)&#xD;
[[ATTACHMENT|C:\\Users\\isaac\\Desktop\\Clientes\\ProcuraCanada\\Katalon Studio\\Continulink\\Reports\\20190920_101711\\Regression Clinical Edge\\Regression FrontEnd\\20190920_101746\\1568986083653.png]]&#xD;
&#xD;
2019-09-20 10:28:04 - [TEST_STEP][PASSED] - delay(3): Delayed 3 second(s)&#xD;
&#xD;
2019-09-20 10:28:07 - [MESSAGE][PASSED] - Delayed 3 second(s)&#xD;
&#xD;
2019-09-20 10:28:07 - [TEST_STEP][PASSED] - waitForElementPresent(findTestObject("Regression Clinical Edge/CLINK-23502/Save"), 50): Object 'Object Repository/Regression Clinical Edge/CLINK-23502/Save' is not present after 50 second(s)&#xD;
&#xD;
2019-09-20 10:28:58 - [MESSAGE][INFO] - Unable to find the element located by 'By.xpath: //button[@id='divCreatePOC_dlg_btnOk']/span'. Please recheck the objects properties to make sure the desired element is located. &#xD;
&#xD;
2019-09-20 10:28:58 - [MESSAGE][WARNING] - Object 'Object Repository/Regression Clinical Edge/CLINK-23502/Save' is not present after 50 second(s)&#xD;
&#xD;
2019-09-20 10:28:58 - [TEST_STEP][PASSED] - click(findTestObject("Regression Clinical Edge/CLINK-23502/Save")): Unable to click on object 'Object Repository/Regression Clinical Edge/CLINK-23502/Save' (Root cause: com.kms.katalon.core.exception.StepFailedException: Unable to click on object 'Object Repository/Regression Clinical Edge/CLINK-23502/Save'&#xD;
	at com.kms.katalon.core.webui.keyword.internal.WebUIKeywordMain.stepFailed(WebUIKeywordMain.groovy:64)&#xD;
	at com.kms.katalon.core.webui.keyword.internal.WebUIKeywordMain.runKeyword(WebUIKeywordMain.groovy:26)&#xD;
	at com.kms.katalon.core.webui.keyword.builtin.ClickKeyword.click(ClickKeyword.groovy:86)&#xD;
	at com.kms.katalon.core.webui.keyword.builtin.ClickKeyword.execute(ClickKeyword.groovy:67)&#xD;
	at com.kms.katalon.core.keyword.internal.KeywordExecutor.executeKeywordForPlatform(KeywordExecutor.groovy:56)&#xD;
	at com.kms.katalon.core.webui.keyword.WebUiBuiltInKeywords.click(WebUiBuiltInKeywords.groovy:616)&#xD;
	at com.kms.katalon.core.webui.keyword.WebUiBuiltInKeywords$click$4.call(Unknown Source)&#xD;
	at CLNK-23502 - Clinical Edge - Create Revision to Plan of Care (RPOC).run(CLNK-23502 - Clinical Edge - Create Revision to Plan of Care (RPOC):88)&#xD;
	at com.kms.katalon.core.main.ScriptEngine.run(ScriptEngine.java:194)&#xD;
	at com.kms.katalon.core.main.ScriptEngine.runScriptAsRawText(ScriptEngine.java:119)&#xD;
	at com.kms.katalon.core.main.TestCaseExecutor.runScript(TestCaseExecutor.java:337)&#xD;
	at com.kms.katalon.core.main.TestCaseExecutor.doExecute(TestCaseExecutor.java:328)&#xD;
	at com.kms.katalon.core.main.TestCaseExecutor.processExecutionPhase(TestCaseExecutor.java:307)&#xD;
	at com.kms.katalon.core.main.TestCaseExecutor.accessMainPhase(TestCaseExecutor.java:299)&#xD;
	at com.kms.katalon.core.main.TestCaseExecutor.execute(TestCaseExecutor.java:233)&#xD;
	at com.kms.katalon.core.main.TestSuiteExecutor.accessTestCaseMainPhase(TestSuiteExecutor.java:169)&#xD;
	at com.kms.katalon.core.main.TestSuiteExecutor.accessTestSuiteMainPhase(TestSuiteExecutor.java:142)&#xD;
	at com.kms.katalon.core.main.TestSuiteExecutor.execute(TestSuiteExecutor.java:91)&#xD;
	at com.kms.katalon.core.main.TestCaseMain.startTestSuite(TestCaseMain.java:157)&#xD;
	at com.kms.katalon.core.main.TestCaseMain$startTestSuite$0.call(Unknown Source)&#xD;
	at TempTestSuite1568985466194.run(TempTestSuite1568985466194.groovy:35)&#xD;
Caused by: com.kms.katalon.core.webui.exception.WebElementNotFoundException: Web element with id: 'Object Repository/Regression Clinical Edge/CLINK-23502/Save' located by 'By.xpath: //button[@id='divCreatePOC_dlg_btnOk']/span' not found&#xD;
	at com.kms.katalon.core.webui.common.WebUiCommonHelper.findWebElement(WebUiCommonHelper.java:1097)&#xD;
	at com.kms.katalon.core.webui.keyword.internal.WebUIAbstractKeyword.findWebElement(WebUIAbstractKeyword.groovy:27)&#xD;
	at com.kms.katalon.core.webui.keyword.internal.WebUIAbstractKeyword.findWebElement(WebUIAbstractKeyword.groovy:26)&#xD;
	at com.kms.katalon.core.webui.keyword.builtin.ClickKeyword$_click_closure1.doCall(ClickKeyword.groovy:77)&#xD;
	at com.kms.katalon.core.webui.keyword.builtin.ClickKeyword$_click_closure1.call(ClickKeyword.groovy)&#xD;
	at com.kms.katalon.core.webui.keyword.internal.WebUIKeywordMain.runKeyword(WebUIKeywordMain.groovy:20)&#xD;
	at com.kms.katalon.core.webui.keyword.builtin.ClickKeyword.click(ClickKeyword.groovy:86)&#xD;
	at com.kms.katalon.core.webui.keyword.builtin.ClickKeyword.execute(ClickKeyword.groovy:67)&#xD;
	at com.kms.katalon.core.keyword.internal.KeywordExecutor.executeKeywordForPlatform(KeywordExecutor.groovy:56)&#xD;
	at com.kms.katalon.core.webui.keyword.WebUiBuiltInKeywords.click(WebUiBuiltInKeywords.groovy:616)&#xD;
	at com.kms.katalon.core.webui.keyword.WebUiBuiltInKeywords$click$4.call(Unknown Source)&#xD;
	at Script1558114775401.run(Script1558114775401.groovy:88)&#xD;
	... 13 more&#xD;
)&#xD;
&#xD;
2019-09-20 10:29:29 - [MESSAGE][INFO] - Unable to find the element located by 'By.xpath: //button[@id='divCreatePOC_dlg_btnOk']/span'. Please recheck the objects properties to make sure the desired element is located. &#xD;
&#xD;
2019-09-20 10:29:29 - [MESSAGE][WARNING] - Unable to click on object 'Object Repository/Regression Clinical Edge/CLINK-23502/Save' (Root cause: com.kms.katalon.core.exception.StepFailedException: Unable to click on object 'Object Repository/Regression Clinical Edge/CLINK-23502/Save'&#xD;
	at com.kms.katalon.core.webui.keyword.internal.WebUIKeywordMain.stepFailed(WebUIKeywordMain.groovy:64)&#xD;
	at com.kms.katalon.core.webui.keyword.internal.WebUIKeywordMain.runKeyword(WebUIKeywordMain.groovy:26)&#xD;
	at com.kms.katalon.core.webui.keyword.builtin.ClickKeyword.click(ClickKeyword.groovy:86)&#xD;
	at com.kms.katalon.core.webui.keyword.builtin.ClickKeyword.execute(ClickKeyword.groovy:67)&#xD;
	at com.kms.katalon.core.keyword.internal.KeywordExecutor.executeKeywordForPlatform(KeywordExecutor.groovy:56)&#xD;
	at com.kms.katalon.core.webui.keyword.WebUiBuiltInKeywords.click(WebUiBuiltInKeywords.groovy:616)&#xD;
	at com.kms.katalon.core.webui.keyword.WebUiBuiltInKeywords$click$4.call(Unknown Source)&#xD;
	at CLNK-23502 - Clinical Edge - Create Revision to Plan of Care (RPOC).run(CLNK-23502 - Clinical Edge - Create Revision to Plan of Care (RPOC):88)&#xD;
	at com.kms.katalon.core.main.ScriptEngine.run(ScriptEngine.java:194)&#xD;
	at com.kms.katalon.core.main.ScriptEngine.runScriptAsRawText(ScriptEngine.java:119)&#xD;
	at com.kms.katalon.core.main.TestCaseExecutor.runScript(TestCaseExecutor.java:337)&#xD;
	at com.kms.katalon.core.main.TestCaseExecutor.doExecute(TestCaseExecutor.java:328)&#xD;
	at com.kms.katalon.core.main.TestCaseExecutor.processExecutionPhase(TestCaseExecutor.java:307)&#xD;
	at com.kms.katalon.core.main.TestCaseExecutor.accessMainPhase(TestCaseExecutor.java:299)&#xD;
	at com.kms.katalon.core.main.TestCaseExecutor.execute(TestCaseExecutor.java:233)&#xD;
	at com.kms.katalon.core.main.TestSuiteExecutor.accessTestCaseMainPhase(TestSuiteExecutor.java:169)&#xD;
	at com.kms.katalon.core.main.TestSuiteExecutor.accessTestSuiteMainPhase(TestSuiteExecutor.java:142)&#xD;
	at com.kms.katalon.core.main.TestSuiteExecutor.execute(TestSuiteExecutor.java:91)&#xD;
	at com.kms.katalon.core.main.TestCaseMain.startTestSuite(TestCaseMain.java:157)&#xD;
	at com.kms.katalon.core.main.TestCaseMain$startTestSuite$0.call(Unknown Source)&#xD;
	at TempTestSuite1568985466194.run(TempTestSuite1568985466194.groovy:35)&#xD;
Caused by: com.kms.katalon.core.webui.exception.WebElementNotFoundException: Web element with id: 'Object Repository/Regression Clinical Edge/CLINK-23502/Save' located by 'By.xpath: //button[@id='divCreatePOC_dlg_btnOk']/span' not found&#xD;
	at com.kms.katalon.core.webui.common.WebUiCommonHelper.findWebElement(WebUiCommonHelper.java:1097)&#xD;
	at com.kms.katalon.core.webui.keyword.internal.WebUIAbstractKeyword.findWebElement(WebUIAbstractKeyword.groovy:27)&#xD;
	at com.kms.katalon.core.webui.keyword.internal.WebUIAbstractKeyword.findWebElement(WebUIAbstractKeyword.groovy:26)&#xD;
	at com.kms.katalon.core.webui.keyword.builtin.ClickKeyword$_click_closure1.doCall(ClickKeyword.groovy:77)&#xD;
	at com.kms.katalon.core.webui.keyword.builtin.ClickKeyword$_click_closure1.call(ClickKeyword.groovy)&#xD;
	at com.kms.katalon.core.webui.keyword.internal.WebUIKeywordMain.runKeyword(WebUIKeywordMain.groovy:20)&#xD;
	at com.kms.katalon.core.webui.keyword.builtin.ClickKeyword.click(ClickKeyword.groovy:86)&#xD;
	at com.kms.katalon.core.webui.keyword.builtin.ClickKeyword.execute(ClickKeyword.groovy:67)&#xD;
	at com.kms.katalon.core.keyword.internal.KeywordExecutor.executeKeywordForPlatform(KeywordExecutor.groovy:56)&#xD;
	at com.kms.katalon.core.webui.keyword.WebUiBuiltInKeywords.click(WebUiBuiltInKeywords.groovy:616)&#xD;
	at com.kms.katalon.core.webui.keyword.WebUiBuiltInKeywords$click$4.call(Unknown Source)&#xD;
	at Script1558114775401.run(Script1558114775401.groovy:88)&#xD;
	... 13 more&#xD;
)&#xD;
[[ATTACHMENT|C:\\Users\\isaac\\Desktop\\Clientes\\ProcuraCanada\\Katalon Studio\\Continulink\\Reports\\20190920_101711\\Regression Clinical Edge\\Regression FrontEnd\\20190920_101746\\1568986169012.png]]&#xD;
&#xD;
2019-09-20 10:29:29 - [TEST_STEP][PASSED] - delay(3): Delayed 3 second(s)&#xD;
&#xD;
2019-09-20 10:29:32 - [MESSAGE][PASSED] - Delayed 3 second(s)&#xD;
&#xD;
2019-09-20 10:29:32 - [TEST_STEP][PASSED] - waitForPageLoad(0): Wait for page load successfully&#xD;
&#xD;
2019-09-20 10:29:32 - [MESSAGE][WARNING] - Timeout '0' is invalid. Using default page load timeout: '30'&#xD;
&#xD;
2019-09-20 10:29:32 - [MESSAGE][PASSED] - Wait for page load successfully</system-out>
            <system-err></system-err>
        </testcase>
        <system-out>2019-09-20 10:17:52 - [TEST_SUITE][INCOMPLETE] - Regression FrontEnd: null</system-out>
        <system-err>2019-09-20 10:17:52 - [TEST_SUITE][INCOMPLETE] - Regression FrontEnd: null</system-err>
    </testsuite>
</testsuites>
