<?xml version="1.0" encoding="UTF-8"?>
<testsuites name="My Patients - Add Schedule" time="53" tests="0" failures="1" errors="0">
   <testsuite name="My Patients - Add Schedule" tests="0" failures="1" errors="0" time="53" timestamp="2019-02-20 10:24:43" hostname="isaac - DESKTOP-RO0FF5F" id="Test Suites/My Patients - Add Schedule">
      <properties>
         <property name="deviceName" value=""/>
         <property name="devicePlatform" value=""/>
         <property name="logFolder" value="C:\\Users\\isaac\\Katalon Studio\\Continulink\\Reports\\My Patients - Add Schedule\\20190220_102438"/>
         <property name="logFiles" value="C:\\Users\\isaac\\Katalon Studio\\Continulink\\Reports\\My Patients - Add Schedule\\20190220_102438\\execution0.log"/>
         <property name="attachments" value=""/>
         <property name="hostName" value="isaac - DESKTOP-RO0FF5F"/>
         <property name="os" value="Windows 10 64bit"/>
         <property name="katalonVersion" value="5.10.1.1"/>
         <property name="browser" value="Chrome 72.0.3626.109"/>
         <property name="hostAddress" value="192.168.0.115"/>
         <property name="sessionId" value="03efd7eccf740aa8c5d73dc9a6b66f85"/>
         <property name="seleniumVersion" value="3.7.1"/>
         <property name="proxyInformation" value="ProxyInformation{proxyOption=NO_PROXY, proxyServerType=HTTP, password=, proxyServerAddress=, proxyServerPort=0}"/>
         <property name="platform" value="Windows 10"/>
      </properties>
      <testcase name="Test Cases/My Patients - AddSchedule/Create Schedule" classname="Test Cases/My Patients - AddSchedule/Create Schedule" status="FAILED">
         <failure type="FAILED" message="Test Cases/My Patients - AddSchedule/Create Schedule FAILED.
Reason:
com.kms.katalon.core.exception.StepFailedException: Unable to set text '02202019' of object 'Object Repository/My Patients - AddSchedule/EndDate' (Root cause: org.openqa.selenium.UnhandledAlertException: unexpected alert open: {Alert text : Time must be entered in the correct format.}
  (Session info: chrome=72.0.3626.109)
  (Driver info: chromedriver=2.43.600210 (68dcf5eebde37173d4027fa8635e332711d2874a),platform=Windows NT 10.0.17134 x86_64) (WARNING: The server did not provide any stacktrace information)
Command duration or timeout: 0 milliseconds: null
Build info: version: '3.7.1', revision: '8a0099a', time: '2017-11-06T21:07:36.161Z'
System info: host: 'DESKTOP-RO0FF5F', ip: '192.168.0.115', os.name: 'Windows 10', os.arch: 'amd64', os.version: '10.0', java.version: '1.8.0_181'
Driver info: com.kms.katalon.selenium.driver.CChromeDriver
Capabilities {acceptInsecureCerts: false, acceptSslCerts: false, applicationCacheEnabled: false, browserConnectionEnabled: false, browserName: chrome, chrome: {chromedriverVersion: 2.43.600210 (68dcf5eebde371..., userDataDir: C:\Users\isaac\AppData\Loca...}, cssSelectorsEnabled: true, databaseEnabled: false, goog:chromeOptions: {debuggerAddress: localhost:57308}, handlesAlerts: true, hasTouchScreen: false, javascriptEnabled: true, locationContextEnabled: true, mobileEmulationEnabled: false, nativeEvents: true, networkConnectionEnabled: false, pageLoadStrategy: normal, platform: XP, platformName: XP, rotatable: false, setWindowRect: true, takesHeapSnapshot: true, takesScreenshot: true, unexpectedAlertBehaviour: , unhandledPromptBehavior: , version: 72.0.3626.109, webStorageEnabled: true}
Session ID: 03efd7eccf740aa8c5d73dc9a6b66f85
*** Element info: {Using=xpath, value=//input[@id='ctl00_MainContent_ctl01_AddVisit_EndDate_txtValue']})
	at com.kms.katalon.core.keyword.internal.KeywordMain.stepFailed(KeywordMain.groovy:36)
	at com.kms.katalon.core.webui.keyword.internal.WebUIKeywordMain.stepFailed(WebUIKeywordMain.groovy:65)
	at com.kms.katalon.core.webui.keyword.internal.WebUIKeywordMain.runKeyword(WebUIKeywordMain.groovy:27)
	at com.kms.katalon.core.webui.keyword.builtin.SetTextKeyword.setText(SetTextKeyword.groovy:65)
	at com.kms.katalon.core.webui.keyword.builtin.SetTextKeyword.execute(SetTextKeyword.groovy:37)
	at com.kms.katalon.core.keyword.internal.KeywordExecutor.executeKeywordForPlatform(KeywordExecutor.groovy:53)
	at com.kms.katalon.core.webui.keyword.WebUiBuiltInKeywords.setText(WebUiBuiltInKeywords.groovy:950)
	at com.kms.katalon.core.webui.keyword.WebUiBuiltInKeywords$setText$0.call(Unknown Source)
	at Create Schedule.run(Create Schedule:97)
	at com.kms.katalon.core.main.ScriptEngine.run(ScriptEngine.java:194)
	at com.kms.katalon.core.main.ScriptEngine.runScriptAsRawText(ScriptEngine.java:119)
	at com.kms.katalon.core.main.TestCaseExecutor.runScript(TestCaseExecutor.java:328)
	at com.kms.katalon.core.main.TestCaseExecutor.doExecute(TestCaseExecutor.java:319)
	at com.kms.katalon.core.main.TestCaseExecutor.processExecutionPhase(TestCaseExecutor.java:298)
	at com.kms.katalon.core.main.TestCaseExecutor.accessMainPhase(TestCaseExecutor.java:290)
	at com.kms.katalon.core.main.TestCaseExecutor.execute(TestCaseExecutor.java:224)
	at com.kms.katalon.core.main.TestSuiteExecutor.accessTestCaseMainPhase(TestSuiteExecutor.java:129)
	at com.kms.katalon.core.main.TestSuiteExecutor.accessTestSuiteMainPhase(TestSuiteExecutor.java:112)
	at com.kms.katalon.core.main.TestSuiteExecutor.execute(TestSuiteExecutor.java:81)
	at com.kms.katalon.core.main.TestCaseMain.startTestSuite(TestCaseMain.java:149)
	at com.kms.katalon.core.main.TestCaseMain$startTestSuite$0.call(Unknown Source)
	at TempTestSuite1550669078065.run(TempTestSuite1550669078065.groovy:36)
"/>
         <system-out><![CDATA[2019-02-20 10:24:43 - [TEST_CASE][FAILED] - Test Cases/My Patients - AddSchedule/Create Schedule: Test Cases/My Patients - AddSchedule/Create Schedule FAILED.
Reason:
com.kms.katalon.core.exception.StepFailedException: Unable to set text '02202019' of object 'Object Repository/My Patients - AddSchedule/EndDate' (Root cause: org.openqa.selenium.UnhandledAlertException: unexpected alert open: {Alert text : Time must be entered in the correct format.}
  (Session info: chrome=72.0.3626.109)
  (Driver info: chromedriver=2.43.600210 (68dcf5eebde37173d4027fa8635e332711d2874a),platform=Windows NT 10.0.17134 x86_64) (WARNING: The server did not provide any stacktrace information)
Command duration or timeout: 0 milliseconds: null
Build info: version: '3.7.1', revision: '8a0099a', time: '2017-11-06T21:07:36.161Z'
System info: host: 'DESKTOP-RO0FF5F', ip: '192.168.0.115', os.name: 'Windows 10', os.arch: 'amd64', os.version: '10.0', java.version: '1.8.0_181'
Driver info: com.kms.katalon.selenium.driver.CChromeDriver
Capabilities {acceptInsecureCerts: false, acceptSslCerts: false, applicationCacheEnabled: false, browserConnectionEnabled: false, browserName: chrome, chrome: {chromedriverVersion: 2.43.600210 (68dcf5eebde371..., userDataDir: C:\Users\isaac\AppData\Loca...}, cssSelectorsEnabled: true, databaseEnabled: false, goog:chromeOptions: {debuggerAddress: localhost:57308}, handlesAlerts: true, hasTouchScreen: false, javascriptEnabled: true, locationContextEnabled: true, mobileEmulationEnabled: false, nativeEvents: true, networkConnectionEnabled: false, pageLoadStrategy: normal, platform: XP, platformName: XP, rotatable: false, setWindowRect: true, takesHeapSnapshot: true, takesScreenshot: true, unexpectedAlertBehaviour: , unhandledPromptBehavior: , version: 72.0.3626.109, webStorageEnabled: true}
Session ID: 03efd7eccf740aa8c5d73dc9a6b66f85
*** Element info: {Using=xpath, value=//input[@id='ctl00_MainContent_ctl01_AddVisit_EndDate_txtValue']})
	at com.kms.katalon.core.keyword.internal.KeywordMain.stepFailed(KeywordMain.groovy:36)
	at com.kms.katalon.core.webui.keyword.internal.WebUIKeywordMain.stepFailed(WebUIKeywordMain.groovy:65)
	at com.kms.katalon.core.webui.keyword.internal.WebUIKeywordMain.runKeyword(WebUIKeywordMain.groovy:27)
	at com.kms.katalon.core.webui.keyword.builtin.SetTextKeyword.setText(SetTextKeyword.groovy:65)
	at com.kms.katalon.core.webui.keyword.builtin.SetTextKeyword.execute(SetTextKeyword.groovy:37)
	at com.kms.katalon.core.keyword.internal.KeywordExecutor.executeKeywordForPlatform(KeywordExecutor.groovy:53)
	at com.kms.katalon.core.webui.keyword.WebUiBuiltInKeywords.setText(WebUiBuiltInKeywords.groovy:950)
	at com.kms.katalon.core.webui.keyword.WebUiBuiltInKeywords$setText$0.call(Unknown Source)
	at Create Schedule.run(Create Schedule:97)
	at com.kms.katalon.core.main.ScriptEngine.run(ScriptEngine.java:194)
	at com.kms.katalon.core.main.ScriptEngine.runScriptAsRawText(ScriptEngine.java:119)
	at com.kms.katalon.core.main.TestCaseExecutor.runScript(TestCaseExecutor.java:328)
	at com.kms.katalon.core.main.TestCaseExecutor.doExecute(TestCaseExecutor.java:319)
	at com.kms.katalon.core.main.TestCaseExecutor.processExecutionPhase(TestCaseExecutor.java:298)
	at com.kms.katalon.core.main.TestCaseExecutor.accessMainPhase(TestCaseExecutor.java:290)
	at com.kms.katalon.core.main.TestCaseExecutor.execute(TestCaseExecutor.java:224)
	at com.kms.katalon.core.main.TestSuiteExecutor.accessTestCaseMainPhase(TestSuiteExecutor.java:129)
	at com.kms.katalon.core.main.TestSuiteExecutor.accessTestSuiteMainPhase(TestSuiteExecutor.java:112)
	at com.kms.katalon.core.main.TestSuiteExecutor.execute(TestSuiteExecutor.java:81)
	at com.kms.katalon.core.main.TestCaseMain.startTestSuite(TestCaseMain.java:149)
	at com.kms.katalon.core.main.TestCaseMain$startTestSuite$0.call(Unknown Source)
	at TempTestSuite1550669078065.run(TempTestSuite1550669078065.groovy:36)


2019-02-20 10:24:44 - [TEST_STEP][PASSED] - callTestCase(findTestCase("Login/Verify Successful Login"), [:], STOP_ON_FAILURE): Call Test Case 'Test Cases/Login/Verify Successful Login' successfully

2019-02-20 10:24:45 - [TEST_CASE][PASSED] - Test Cases/Login/Verify Successful Login: Test Cases/Login/Verify Successful Login

2019-02-20 10:24:45 - [TEST_STEP][PASSED] - openBrowser(G_SiteURL): Browser is opened with url: 'https://qanewpoc.continulink.com/Client.aspx?buid=287&episodeid=682299'

2019-02-20 10:24:46 - [MESSAGE][INFO] - Starting 'Chrome' driver

2019-02-20 10:24:46 - [MESSAGE][INFO] - Action delay is set to 0 seconds

2019-02-20 10:24:55 - [MESSAGE][PASSED] - Browser is opened with url: 'https://qanewpoc.continulink.com/Client.aspx?buid=287&episodeid=682299'

2019-02-20 10:24:55 - [TEST_STEP][PASSED] - setText(findTestObject("Login/User"), G_User): Text 'Mobinnur' is set on object 'Object Repository/Login/User'

2019-02-20 10:24:56 - [MESSAGE][PASSED] - Text 'Mobinnur' is set on object 'Object Repository/Login/User'

2019-02-20 10:24:56 - [TEST_STEP][PASSED] - setText(findTestObject("Login/Password"), G_Password): Text 'qwerty' is set on object 'Object Repository/Login/Password'

2019-02-20 10:24:56 - [MESSAGE][PASSED] - Text 'qwerty' is set on object 'Object Repository/Login/Password'

2019-02-20 10:24:56 - [TEST_STEP][PASSED] - click(findTestObject("Login/Button_LogIn")): Object: 'Object Repository/Login/Button_LogIn' is clicked on

2019-02-20 10:24:59 - [MESSAGE][PASSED] - Object: 'Object Repository/Login/Button_LogIn' is clicked on

2019-02-20 10:24:59 - [TEST_STEP][PASSED] - maximizeWindow(): Current window maximized

2019-02-20 10:25:00 - [MESSAGE][PASSED] - Current window maximized

2019-02-20 10:25:00 - [TEST_STEP][PASSED] - waitForPageLoad(60): Wait for page load successfully

2019-02-20 10:25:01 - [MESSAGE][PASSED] - Wait for page load successfully

2019-02-20 10:25:01 - [TEST_STEP][PASSED] - waitForElementPresent(findTestObject("ClientPage/button_Add Schedule"), 60): Object 'Object Repository/ClientPage/button_Add Schedule' is present

2019-02-20 10:25:01 - [MESSAGE][PASSED] - Object 'Object Repository/ClientPage/button_Add Schedule' is present

2019-02-20 10:25:01 - [TEST_STEP][PASSED] - verifyElementPresent(findTestObject("ClientPage/button_Add Schedule"), 100): Object 'Object Repository/ClientPage/button_Add Schedule' is present

2019-02-20 10:25:01 - [MESSAGE][PASSED] - Object 'Object Repository/ClientPage/button_Add Schedule' is present

2019-02-20 10:25:01 - [MESSAGE][PASSED] - Call Test Case 'Test Cases/Login/Verify Successful Login' successfully

2019-02-20 10:25:01 - [TEST_STEP][PASSED] - waitForPageLoad(60): Wait for page load successfully

2019-02-20 10:25:01 - [MESSAGE][PASSED] - Wait for page load successfully

2019-02-20 10:25:01 - [TEST_STEP][PASSED] - maximizeWindow(): Current window maximized

2019-02-20 10:25:01 - [MESSAGE][PASSED] - Current window maximized

2019-02-20 10:25:01 - [TEST_STEP][PASSED] - waitForPageLoad(60): Wait for page load successfully

2019-02-20 10:25:01 - [MESSAGE][PASSED] - Wait for page load successfully

2019-02-20 10:25:01 - [TEST_STEP][PASSED] - delay(3): Delayed 3 second(s)

2019-02-20 10:25:04 - [MESSAGE][PASSED] - Delayed 3 second(s)

2019-02-20 10:25:04 - [TEST_STEP][PASSED] - waitForElementPresent(findTestObject("ClientPage/HomeLink"), 100): Object 'Object Repository/ClientPage/HomeLink' is present

2019-02-20 10:25:04 - [MESSAGE][PASSED] - Object 'Object Repository/ClientPage/HomeLink' is present

2019-02-20 10:25:04 - [TEST_STEP][PASSED] - click(findTestObject("ClientPage/HomeLink")): Object: 'Object Repository/ClientPage/HomeLink' is clicked on

2019-02-20 10:25:05 - [MESSAGE][PASSED] - Object: 'Object Repository/ClientPage/HomeLink' is clicked on

2019-02-20 10:25:05 - [TEST_STEP][PASSED] - delay(2): Delayed 2 second(s)

2019-02-20 10:25:07 - [MESSAGE][PASSED] - Delayed 2 second(s)

2019-02-20 10:25:07 - [TEST_STEP][PASSED] - waitForPageLoad(50): Wait for page load successfully

2019-02-20 10:25:07 - [MESSAGE][PASSED] - Wait for page load successfully

2019-02-20 10:25:07 - [TEST_STEP][PASSED] - waitForElementPresent(findTestObject("HomePage/RequestTab"), 50): Object 'Object Repository/HomePage/RequestTab' is present

2019-02-20 10:25:07 - [MESSAGE][PASSED] - Object 'Object Repository/HomePage/RequestTab' is present

2019-02-20 10:25:07 - [TEST_STEP][PASSED] - click(findTestObject("HomePage/RequestTab")): Object: 'Object Repository/HomePage/RequestTab' is clicked on

2019-02-20 10:25:08 - [MESSAGE][PASSED] - Object: 'Object Repository/HomePage/RequestTab' is clicked on

2019-02-20 10:25:08 - [TEST_STEP][PASSED] - delay(2): Delayed 2 second(s)

2019-02-20 10:25:10 - [MESSAGE][PASSED] - Delayed 2 second(s)

2019-02-20 10:25:10 - [TEST_STEP][PASSED] - waitForElementPresent(findTestObject("HomePage/SearchText"), 50): Object 'Object Repository/HomePage/SearchText' is present

2019-02-20 10:25:10 - [MESSAGE][PASSED] - Object 'Object Repository/HomePage/SearchText' is present

2019-02-20 10:25:10 - [TEST_STEP][PASSED] - setText(findTestObject("HomePage/SearchText"), G_Patient): Text 'Heather Khur' is set on object 'Object Repository/HomePage/SearchText'

2019-02-20 10:25:11 - [MESSAGE][PASSED] - Text 'Heather Khur' is set on object 'Object Repository/HomePage/SearchText'

2019-02-20 10:25:11 - [TEST_STEP][PASSED] - delay(3): Delayed 3 second(s)

2019-02-20 10:25:14 - [MESSAGE][PASSED] - Delayed 3 second(s)

2019-02-20 10:25:14 - [TEST_STEP][PASSED] - waitForElementPresent(findTestObject("HomePage/ClientLink"), 100): Object 'Object Repository/HomePage/ClientLink' is present

2019-02-20 10:25:14 - [MESSAGE][PASSED] - Object 'Object Repository/HomePage/ClientLink' is present

2019-02-20 10:25:14 - [TEST_STEP][PASSED] - click(findTestObject("HomePage/ClientLink")): Object: 'Object Repository/HomePage/ClientLink' is clicked on

2019-02-20 10:25:16 - [MESSAGE][PASSED] - Object: 'Object Repository/HomePage/ClientLink' is clicked on

2019-02-20 10:25:16 - [TEST_STEP][PASSED] - delay(2): Delayed 2 second(s)

2019-02-20 10:25:18 - [MESSAGE][PASSED] - Delayed 2 second(s)

2019-02-20 10:25:18 - [TEST_STEP][PASSED] - waitForPageLoad(50): Wait for page load successfully

2019-02-20 10:25:18 - [MESSAGE][PASSED] - Wait for page load successfully

2019-02-20 10:25:18 - [TEST_STEP][PASSED] - waitForElementPresent(findTestObject("My Patients - AddSchedule/button_Add Schedule"), 50): Object 'Object Repository/My Patients - AddSchedule/button_Add Schedule' is present

2019-02-20 10:25:18 - [MESSAGE][PASSED] - Object 'Object Repository/My Patients - AddSchedule/button_Add Schedule' is present

2019-02-20 10:25:18 - [TEST_STEP][PASSED] - click(findTestObject("My Patients - AddSchedule/button_Add Schedule")): Object: 'Object Repository/My Patients - AddSchedule/button_Add Schedule' is clicked on

2019-02-20 10:25:18 - [MESSAGE][PASSED] - Object: 'Object Repository/My Patients - AddSchedule/button_Add Schedule' is clicked on

2019-02-20 10:25:18 - [TEST_STEP][PASSED] - waitForElementPresent(findTestObject("My Patients - AddSchedule/FilterBySubServices"), 50): Object 'Object Repository/My Patients - AddSchedule/FilterBySubServices' is present

2019-02-20 10:25:18 - [MESSAGE][PASSED] - Object 'Object Repository/My Patients - AddSchedule/FilterBySubServices' is present

2019-02-20 10:25:18 - [TEST_STEP][PASSED] - click(findTestObject("My Patients - AddSchedule/FilterBySubServices")): Object: 'Object Repository/My Patients - AddSchedule/FilterBySubServices' is clicked on

2019-02-20 10:25:18 - [MESSAGE][PASSED] - Object: 'Object Repository/My Patients - AddSchedule/FilterBySubServices' is clicked on

2019-02-20 10:25:18 - [TEST_STEP][PASSED] - delay(2): Delayed 2 second(s)

2019-02-20 10:25:20 - [MESSAGE][PASSED] - Delayed 2 second(s)

2019-02-20 10:25:20 - [TEST_STEP][PASSED] - waitForElementPresent(findTestObject("My Patients - AddSchedule/ServiceTypeList"), 50): Object 'Object Repository/My Patients - AddSchedule/ServiceTypeList' is present

2019-02-20 10:25:21 - [MESSAGE][PASSED] - Object 'Object Repository/My Patients - AddSchedule/ServiceTypeList' is present

2019-02-20 10:25:21 - [TEST_STEP][PASSED] - click(findTestObject("My Patients - AddSchedule/ServiceTypeList")): Object: 'Object Repository/My Patients - AddSchedule/ServiceTypeList' is clicked on

2019-02-20 10:25:21 - [MESSAGE][PASSED] - Object: 'Object Repository/My Patients - AddSchedule/ServiceTypeList' is clicked on

2019-02-20 10:25:21 - [TEST_STEP][PASSED] - delay(2): Delayed 2 second(s)

2019-02-20 10:25:23 - [MESSAGE][PASSED] - Delayed 2 second(s)

2019-02-20 10:25:23 - [TEST_STEP][PASSED] - focus(findTestObject("My Patients - AddSchedule/ServiceTypeList"), STOP_ON_FAILURE): Object: 'Object Repository/My Patients - AddSchedule/ServiceTypeList' is focused

2019-02-20 10:25:23 - [MESSAGE][PASSED] - Object: 'Object Repository/My Patients - AddSchedule/ServiceTypeList' is focused

2019-02-20 10:25:23 - [TEST_STEP][PASSED] - sendKeys(findTestObject("My Patients - AddSchedule/ServiceTypeList"), Keys.chord(ARROW_DOWN, ARROW_DOWN, ARROW_DOWN, ARROW_DOWN, ARROW_DOWN, ENTER)): Keys 'DOWN + DOWN + DOWN + DOWN + DOWN + ENTER + ' sent to object: 'Object Repository/My Patients - AddSchedule/ServiceTypeList'

2019-02-20 10:25:23 - [MESSAGE][PASSED] - Keys 'DOWN + DOWN + DOWN + DOWN + DOWN + ENTER + ' sent to object: 'Object Repository/My Patients - AddSchedule/ServiceTypeList'

2019-02-20 10:25:23 - [TEST_STEP][PASSED] - waitForElementPresent(findTestObject("My Patients - AddSchedule/StartDate"), 60): Object 'Object Repository/My Patients - AddSchedule/StartDate' is present

2019-02-20 10:25:23 - [MESSAGE][PASSED] - Object 'Object Repository/My Patients - AddSchedule/StartDate' is present

2019-02-20 10:25:23 - [TEST_STEP][PASSED] - delay(2): Delayed 2 second(s)

2019-02-20 10:25:25 - [MESSAGE][PASSED] - Delayed 2 second(s)

2019-02-20 10:25:25 - [TEST_STEP][PASSED] - setText(findTestObject("My Patients - AddSchedule/StartDate"), getDate.DateUtilities.getDateMonthDayYearNumber()): Text '02202019' is set on object 'Object Repository/My Patients - AddSchedule/StartDate'

2019-02-20 10:25:25 - [MESSAGE][PASSED] - getDate.DateUtilities.getDateMonthDayYearNumber is PASSED

2019-02-20 10:25:26 - [MESSAGE][PASSED] - Text '02202019' is set on object 'Object Repository/My Patients - AddSchedule/StartDate'

2019-02-20 10:25:26 - [TEST_STEP][PASSED] - delay(2): Delayed 2 second(s)

2019-02-20 10:25:28 - [MESSAGE][PASSED] - Delayed 2 second(s)

2019-02-20 10:25:28 - [TEST_STEP][PASSED] - clearText(findTestObject("My Patients - AddSchedule/StartTime")): Text of object 'Object Repository/My Patients - AddSchedule/StartTime' is cleared

2019-02-20 10:25:28 - [MESSAGE][PASSED] - Text of object 'Object Repository/My Patients - AddSchedule/StartTime' is cleared

2019-02-20 10:25:28 - [TEST_STEP][PASSED] - waitForElementPresent(findTestObject("My Patients - AddSchedule/StartTime"), 60): Object 'Object Repository/My Patients - AddSchedule/StartTime' is present

2019-02-20 10:25:28 - [MESSAGE][PASSED] - Object 'Object Repository/My Patients - AddSchedule/StartTime' is present

2019-02-20 10:25:28 - [TEST_STEP][PASSED] - delay(3): Delayed 3 second(s)

2019-02-20 10:25:31 - [MESSAGE][PASSED] - Delayed 3 second(s)

2019-02-20 10:25:31 - [TEST_STEP][PASSED] - setText(findTestObject("My Patients - AddSchedule/StartTime"), G_StartTime): Text '07:00' is set on object 'Object Repository/My Patients - AddSchedule/StartTime'

2019-02-20 10:25:31 - [MESSAGE][PASSED] - Text '07:00' is set on object 'Object Repository/My Patients - AddSchedule/StartTime'

2019-02-20 10:25:31 - [TEST_STEP][PASSED] - delay(3): Delayed 3 second(s)

2019-02-20 10:25:34 - [MESSAGE][PASSED] - Delayed 3 second(s)

2019-02-20 10:25:34 - [TEST_STEP][PASSED] - waitForElementPresent(findTestObject("My Patients - AddSchedule/EndDate"), 60): Object 'Object Repository/My Patients - AddSchedule/EndDate' is present

2019-02-20 10:25:34 - [MESSAGE][PASSED] - Object 'Object Repository/My Patients - AddSchedule/EndDate' is present

2019-02-20 10:25:34 - [TEST_STEP][FAILED] - setText(findTestObject("My Patients - AddSchedule/EndDate"), getDate.DateUtilities.getDateMonthDayYearNumber()): setText(findTestObject("My Patients - AddSchedule/EndDate"), getDate.DateUtilities.getDateMonthDayYearNumber()) FAILED.
Reason:
com.kms.katalon.core.exception.StepFailedException: Unable to set text '02202019' of object 'Object Repository/My Patients - AddSchedule/EndDate' (Root cause: org.openqa.selenium.UnhandledAlertException: unexpected alert open: {Alert text : Time must be entered in the correct format.}
  (Session info: chrome=72.0.3626.109)
  (Driver info: chromedriver=2.43.600210 (68dcf5eebde37173d4027fa8635e332711d2874a),platform=Windows NT 10.0.17134 x86_64) (WARNING: The server did not provide any stacktrace information)
Command duration or timeout: 0 milliseconds: null
Build info: version: '3.7.1', revision: '8a0099a', time: '2017-11-06T21:07:36.161Z'
System info: host: 'DESKTOP-RO0FF5F', ip: '192.168.0.115', os.name: 'Windows 10', os.arch: 'amd64', os.version: '10.0', java.version: '1.8.0_181'
Driver info: com.kms.katalon.selenium.driver.CChromeDriver
Capabilities {acceptInsecureCerts: false, acceptSslCerts: false, applicationCacheEnabled: false, browserConnectionEnabled: false, browserName: chrome, chrome: {chromedriverVersion: 2.43.600210 (68dcf5eebde371..., userDataDir: C:\Users\isaac\AppData\Loca...}, cssSelectorsEnabled: true, databaseEnabled: false, goog:chromeOptions: {debuggerAddress: localhost:57308}, handlesAlerts: true, hasTouchScreen: false, javascriptEnabled: true, locationContextEnabled: true, mobileEmulationEnabled: false, nativeEvents: true, networkConnectionEnabled: false, pageLoadStrategy: normal, platform: XP, platformName: XP, rotatable: false, setWindowRect: true, takesHeapSnapshot: true, takesScreenshot: true, unexpectedAlertBehaviour: , unhandledPromptBehavior: , version: 72.0.3626.109, webStorageEnabled: true}
Session ID: 03efd7eccf740aa8c5d73dc9a6b66f85
*** Element info: {Using=xpath, value=//input[@id='ctl00_MainContent_ctl01_AddVisit_EndDate_txtValue']})
	at com.kms.katalon.core.keyword.internal.KeywordMain.stepFailed(KeywordMain.groovy:36)
	at com.kms.katalon.core.webui.keyword.internal.WebUIKeywordMain.stepFailed(WebUIKeywordMain.groovy:65)
	at com.kms.katalon.core.webui.keyword.internal.WebUIKeywordMain.runKeyword(WebUIKeywordMain.groovy:27)
	at com.kms.katalon.core.webui.keyword.builtin.SetTextKeyword.setText(SetTextKeyword.groovy:65)
	at com.kms.katalon.core.webui.keyword.builtin.SetTextKeyword.execute(SetTextKeyword.groovy:37)
	at com.kms.katalon.core.keyword.internal.KeywordExecutor.executeKeywordForPlatform(KeywordExecutor.groovy:53)
	at com.kms.katalon.core.webui.keyword.WebUiBuiltInKeywords.setText(WebUiBuiltInKeywords.groovy:950)
	at com.kms.katalon.core.webui.keyword.WebUiBuiltInKeywords$setText$0.call(Unknown Source)
	at Create Schedule.run(Create Schedule:97)
	at com.kms.katalon.core.main.ScriptEngine.run(ScriptEngine.java:194)
	at com.kms.katalon.core.main.ScriptEngine.runScriptAsRawText(ScriptEngine.java:119)
	at com.kms.katalon.core.main.TestCaseExecutor.runScript(TestCaseExecutor.java:328)
	at com.kms.katalon.core.main.TestCaseExecutor.doExecute(TestCaseExecutor.java:319)
	at com.kms.katalon.core.main.TestCaseExecutor.processExecutionPhase(TestCaseExecutor.java:298)
	at com.kms.katalon.core.main.TestCaseExecutor.accessMainPhase(TestCaseExecutor.java:290)
	at com.kms.katalon.core.main.TestCaseExecutor.execute(TestCaseExecutor.java:224)
	at com.kms.katalon.core.main.TestSuiteExecutor.accessTestCaseMainPhase(TestSuiteExecutor.java:129)
	at com.kms.katalon.core.main.TestSuiteExecutor.accessTestSuiteMainPhase(TestSuiteExecutor.java:112)
	at com.kms.katalon.core.main.TestSuiteExecutor.execute(TestSuiteExecutor.java:81)
	at com.kms.katalon.core.main.TestCaseMain.startTestSuite(TestCaseMain.java:149)
	at com.kms.katalon.core.main.TestCaseMain$startTestSuite$0.call(Unknown Source)
	at TempTestSuite1550669078065.run(TempTestSuite1550669078065.groovy:36)


2019-02-20 10:25:34 - [MESSAGE][PASSED] - getDate.DateUtilities.getDateMonthDayYearNumber is PASSED

2019-02-20 10:25:35 - [MESSAGE][WARNING] - Cannot take screenshot

2019-02-20 10:25:35 - [MESSAGE][FAILED] - Unable to set text '02202019' of object 'Object Repository/My Patients - AddSchedule/EndDate' (Root cause: org.openqa.selenium.UnhandledAlertException: unexpected alert open: {Alert text : Time must be entered in the correct format.}
  (Session info: chrome=72.0.3626.109)
  (Driver info: chromedriver=2.43.600210 (68dcf5eebde37173d4027fa8635e332711d2874a),platform=Windows NT 10.0.17134 x86_64) (WARNING: The server did not provide any stacktrace information)
Command duration or timeout: 0 milliseconds: null
Build info: version: '3.7.1', revision: '8a0099a', time: '2017-11-06T21:07:36.161Z'
System info: host: 'DESKTOP-RO0FF5F', ip: '192.168.0.115', os.name: 'Windows 10', os.arch: 'amd64', os.version: '10.0', java.version: '1.8.0_181'
Driver info: com.kms.katalon.selenium.driver.CChromeDriver
Capabilities {acceptInsecureCerts: false, acceptSslCerts: false, applicationCacheEnabled: false, browserConnectionEnabled: false, browserName: chrome, chrome: {chromedriverVersion: 2.43.600210 (68dcf5eebde371..., userDataDir: C:\Users\isaac\AppData\Loca...}, cssSelectorsEnabled: true, databaseEnabled: false, goog:chromeOptions: {debuggerAddress: localhost:57308}, handlesAlerts: true, hasTouchScreen: false, javascriptEnabled: true, locationContextEnabled: true, mobileEmulationEnabled: false, nativeEvents: true, networkConnectionEnabled: false, pageLoadStrategy: normal, platform: XP, platformName: XP, rotatable: false, setWindowRect: true, takesHeapSnapshot: true, takesScreenshot: true, unexpectedAlertBehaviour: , unhandledPromptBehavior: , version: 72.0.3626.109, webStorageEnabled: true}
Session ID: 03efd7eccf740aa8c5d73dc9a6b66f85
*** Element info: {Using=xpath, value=//input[@id='ctl00_MainContent_ctl01_AddVisit_EndDate_txtValue']})

2019-02-20 10:25:35 - [MESSAGE][FAILED] - setText(findTestObject("My Patients - AddSchedule/EndDate"), getDate.DateUtilities.getDateMonthDayYearNumber()) FAILED.
Reason:
com.kms.katalon.core.exception.StepFailedException: Unable to set text '02202019' of object 'Object Repository/My Patients - AddSchedule/EndDate' (Root cause: org.openqa.selenium.UnhandledAlertException: unexpected alert open: {Alert text : Time must be entered in the correct format.}
  (Session info: chrome=72.0.3626.109)
  (Driver info: chromedriver=2.43.600210 (68dcf5eebde37173d4027fa8635e332711d2874a),platform=Windows NT 10.0.17134 x86_64) (WARNING: The server did not provide any stacktrace information)
Command duration or timeout: 0 milliseconds: null
Build info: version: '3.7.1', revision: '8a0099a', time: '2017-11-06T21:07:36.161Z'
System info: host: 'DESKTOP-RO0FF5F', ip: '192.168.0.115', os.name: 'Windows 10', os.arch: 'amd64', os.version: '10.0', java.version: '1.8.0_181'
Driver info: com.kms.katalon.selenium.driver.CChromeDriver
Capabilities {acceptInsecureCerts: false, acceptSslCerts: false, applicationCacheEnabled: false, browserConnectionEnabled: false, browserName: chrome, chrome: {chromedriverVersion: 2.43.600210 (68dcf5eebde371..., userDataDir: C:\Users\isaac\AppData\Loca...}, cssSelectorsEnabled: true, databaseEnabled: false, goog:chromeOptions: {debuggerAddress: localhost:57308}, handlesAlerts: true, hasTouchScreen: false, javascriptEnabled: true, locationContextEnabled: true, mobileEmulationEnabled: false, nativeEvents: true, networkConnectionEnabled: false, pageLoadStrategy: normal, platform: XP, platformName: XP, rotatable: false, setWindowRect: true, takesHeapSnapshot: true, takesScreenshot: true, unexpectedAlertBehaviour: , unhandledPromptBehavior: , version: 72.0.3626.109, webStorageEnabled: true}
Session ID: 03efd7eccf740aa8c5d73dc9a6b66f85
*** Element info: {Using=xpath, value=//input[@id='ctl00_MainContent_ctl01_AddVisit_EndDate_txtValue']})
	at com.kms.katalon.core.keyword.internal.KeywordMain.stepFailed(KeywordMain.groovy:36)
	at com.kms.katalon.core.webui.keyword.internal.WebUIKeywordMain.stepFailed(WebUIKeywordMain.groovy:65)
	at com.kms.katalon.core.webui.keyword.internal.WebUIKeywordMain.runKeyword(WebUIKeywordMain.groovy:27)
	at com.kms.katalon.core.webui.keyword.builtin.SetTextKeyword.setText(SetTextKeyword.groovy:65)
	at com.kms.katalon.core.webui.keyword.builtin.SetTextKeyword.execute(SetTextKeyword.groovy:37)
	at com.kms.katalon.core.keyword.internal.KeywordExecutor.executeKeywordForPlatform(KeywordExecutor.groovy:53)
	at com.kms.katalon.core.webui.keyword.WebUiBuiltInKeywords.setText(WebUiBuiltInKeywords.groovy:950)
	at com.kms.katalon.core.webui.keyword.WebUiBuiltInKeywords$setText$0.call(Unknown Source)
	at Create Schedule.run(Create Schedule:97)
	at com.kms.katalon.core.main.ScriptEngine.run(ScriptEngine.java:194)
	at com.kms.katalon.core.main.ScriptEngine.runScriptAsRawText(ScriptEngine.java:119)
	at com.kms.katalon.core.main.TestCaseExecutor.runScript(TestCaseExecutor.java:328)
	at com.kms.katalon.core.main.TestCaseExecutor.doExecute(TestCaseExecutor.java:319)
	at com.kms.katalon.core.main.TestCaseExecutor.processExecutionPhase(TestCaseExecutor.java:298)
	at com.kms.katalon.core.main.TestCaseExecutor.accessMainPhase(TestCaseExecutor.java:290)
	at com.kms.katalon.core.main.TestCaseExecutor.execute(TestCaseExecutor.java:224)
	at com.kms.katalon.core.main.TestSuiteExecutor.accessTestCaseMainPhase(TestSuiteExecutor.java:129)
	at com.kms.katalon.core.main.TestSuiteExecutor.accessTestSuiteMainPhase(TestSuiteExecutor.java:112)
	at com.kms.katalon.core.main.TestSuiteExecutor.execute(TestSuiteExecutor.java:81)
	at com.kms.katalon.core.main.TestCaseMain.startTestSuite(TestCaseMain.java:149)
	at com.kms.katalon.core.main.TestCaseMain$startTestSuite$0.call(Unknown Source)
	at TempTestSuite1550669078065.run(TempTestSuite1550669078065.groovy:36)]]></system-out>
         <system-err><![CDATA[2019-02-20 10:24:43 - [TEST_CASE][FAILED] - Test Cases/My Patients - AddSchedule/Create Schedule: Test Cases/My Patients - AddSchedule/Create Schedule FAILED.
Reason:
com.kms.katalon.core.exception.StepFailedException: Unable to set text '02202019' of object 'Object Repository/My Patients - AddSchedule/EndDate' (Root cause: org.openqa.selenium.UnhandledAlertException: unexpected alert open: {Alert text : Time must be entered in the correct format.}
  (Session info: chrome=72.0.3626.109)
  (Driver info: chromedriver=2.43.600210 (68dcf5eebde37173d4027fa8635e332711d2874a),platform=Windows NT 10.0.17134 x86_64) (WARNING: The server did not provide any stacktrace information)
Command duration or timeout: 0 milliseconds: null
Build info: version: '3.7.1', revision: '8a0099a', time: '2017-11-06T21:07:36.161Z'
System info: host: 'DESKTOP-RO0FF5F', ip: '192.168.0.115', os.name: 'Windows 10', os.arch: 'amd64', os.version: '10.0', java.version: '1.8.0_181'
Driver info: com.kms.katalon.selenium.driver.CChromeDriver
Capabilities {acceptInsecureCerts: false, acceptSslCerts: false, applicationCacheEnabled: false, browserConnectionEnabled: false, browserName: chrome, chrome: {chromedriverVersion: 2.43.600210 (68dcf5eebde371..., userDataDir: C:\Users\isaac\AppData\Loca...}, cssSelectorsEnabled: true, databaseEnabled: false, goog:chromeOptions: {debuggerAddress: localhost:57308}, handlesAlerts: true, hasTouchScreen: false, javascriptEnabled: true, locationContextEnabled: true, mobileEmulationEnabled: false, nativeEvents: true, networkConnectionEnabled: false, pageLoadStrategy: normal, platform: XP, platformName: XP, rotatable: false, setWindowRect: true, takesHeapSnapshot: true, takesScreenshot: true, unexpectedAlertBehaviour: , unhandledPromptBehavior: , version: 72.0.3626.109, webStorageEnabled: true}
Session ID: 03efd7eccf740aa8c5d73dc9a6b66f85
*** Element info: {Using=xpath, value=//input[@id='ctl00_MainContent_ctl01_AddVisit_EndDate_txtValue']})
	at com.kms.katalon.core.keyword.internal.KeywordMain.stepFailed(KeywordMain.groovy:36)
	at com.kms.katalon.core.webui.keyword.internal.WebUIKeywordMain.stepFailed(WebUIKeywordMain.groovy:65)
	at com.kms.katalon.core.webui.keyword.internal.WebUIKeywordMain.runKeyword(WebUIKeywordMain.groovy:27)
	at com.kms.katalon.core.webui.keyword.builtin.SetTextKeyword.setText(SetTextKeyword.groovy:65)
	at com.kms.katalon.core.webui.keyword.builtin.SetTextKeyword.execute(SetTextKeyword.groovy:37)
	at com.kms.katalon.core.keyword.internal.KeywordExecutor.executeKeywordForPlatform(KeywordExecutor.groovy:53)
	at com.kms.katalon.core.webui.keyword.WebUiBuiltInKeywords.setText(WebUiBuiltInKeywords.groovy:950)
	at com.kms.katalon.core.webui.keyword.WebUiBuiltInKeywords$setText$0.call(Unknown Source)
	at Create Schedule.run(Create Schedule:97)
	at com.kms.katalon.core.main.ScriptEngine.run(ScriptEngine.java:194)
	at com.kms.katalon.core.main.ScriptEngine.runScriptAsRawText(ScriptEngine.java:119)
	at com.kms.katalon.core.main.TestCaseExecutor.runScript(TestCaseExecutor.java:328)
	at com.kms.katalon.core.main.TestCaseExecutor.doExecute(TestCaseExecutor.java:319)
	at com.kms.katalon.core.main.TestCaseExecutor.processExecutionPhase(TestCaseExecutor.java:298)
	at com.kms.katalon.core.main.TestCaseExecutor.accessMainPhase(TestCaseExecutor.java:290)
	at com.kms.katalon.core.main.TestCaseExecutor.execute(TestCaseExecutor.java:224)
	at com.kms.katalon.core.main.TestSuiteExecutor.accessTestCaseMainPhase(TestSuiteExecutor.java:129)
	at com.kms.katalon.core.main.TestSuiteExecutor.accessTestSuiteMainPhase(TestSuiteExecutor.java:112)
	at com.kms.katalon.core.main.TestSuiteExecutor.execute(TestSuiteExecutor.java:81)
	at com.kms.katalon.core.main.TestCaseMain.startTestSuite(TestCaseMain.java:149)
	at com.kms.katalon.core.main.TestCaseMain$startTestSuite$0.call(Unknown Source)
	at TempTestSuite1550669078065.run(TempTestSuite1550669078065.groovy:36)]]></system-err>
      </testcase>
      <system-out><![CDATA[2019-02-20 10:24:43 - [TEST_SUITE][FAILED] - My Patients - Add Schedule: Test Cases/My Patients - AddSchedule/Create Schedule FAILED.
Reason:
com.kms.katalon.core.exception.StepFailedException: Unable to set text '02202019' of object 'Object Repository/My Patients - AddSchedule/EndDate' (Root cause: org.openqa.selenium.UnhandledAlertException: unexpected alert open: {Alert text : Time must be entered in the correct format.}
  (Session info: chrome=72.0.3626.109)
  (Driver info: chromedriver=2.43.600210 (68dcf5eebde37173d4027fa8635e332711d2874a),platform=Windows NT 10.0.17134 x86_64) (WARNING: The server did not provide any stacktrace information)
Command duration or timeout: 0 milliseconds: null
Build info: version: '3.7.1', revision: '8a0099a', time: '2017-11-06T21:07:36.161Z'
System info: host: 'DESKTOP-RO0FF5F', ip: '192.168.0.115', os.name: 'Windows 10', os.arch: 'amd64', os.version: '10.0', java.version: '1.8.0_181'
Driver info: com.kms.katalon.selenium.driver.CChromeDriver
Capabilities {acceptInsecureCerts: false, acceptSslCerts: false, applicationCacheEnabled: false, browserConnectionEnabled: false, browserName: chrome, chrome: {chromedriverVersion: 2.43.600210 (68dcf5eebde371..., userDataDir: C:\Users\isaac\AppData\Loca...}, cssSelectorsEnabled: true, databaseEnabled: false, goog:chromeOptions: {debuggerAddress: localhost:57308}, handlesAlerts: true, hasTouchScreen: false, javascriptEnabled: true, locationContextEnabled: true, mobileEmulationEnabled: false, nativeEvents: true, networkConnectionEnabled: false, pageLoadStrategy: normal, platform: XP, platformName: XP, rotatable: false, setWindowRect: true, takesHeapSnapshot: true, takesScreenshot: true, unexpectedAlertBehaviour: , unhandledPromptBehavior: , version: 72.0.3626.109, webStorageEnabled: true}
Session ID: 03efd7eccf740aa8c5d73dc9a6b66f85
*** Element info: {Using=xpath, value=//input[@id='ctl00_MainContent_ctl01_AddVisit_EndDate_txtValue']})
	at com.kms.katalon.core.keyword.internal.KeywordMain.stepFailed(KeywordMain.groovy:36)
	at com.kms.katalon.core.webui.keyword.internal.WebUIKeywordMain.stepFailed(WebUIKeywordMain.groovy:65)
	at com.kms.katalon.core.webui.keyword.internal.WebUIKeywordMain.runKeyword(WebUIKeywordMain.groovy:27)
	at com.kms.katalon.core.webui.keyword.builtin.SetTextKeyword.setText(SetTextKeyword.groovy:65)
	at com.kms.katalon.core.webui.keyword.builtin.SetTextKeyword.execute(SetTextKeyword.groovy:37)
	at com.kms.katalon.core.keyword.internal.KeywordExecutor.executeKeywordForPlatform(KeywordExecutor.groovy:53)
	at com.kms.katalon.core.webui.keyword.WebUiBuiltInKeywords.setText(WebUiBuiltInKeywords.groovy:950)
	at com.kms.katalon.core.webui.keyword.WebUiBuiltInKeywords$setText$0.call(Unknown Source)
	at Create Schedule.run(Create Schedule:97)
	at com.kms.katalon.core.main.ScriptEngine.run(ScriptEngine.java:194)
	at com.kms.katalon.core.main.ScriptEngine.runScriptAsRawText(ScriptEngine.java:119)
	at com.kms.katalon.core.main.TestCaseExecutor.runScript(TestCaseExecutor.java:328)
	at com.kms.katalon.core.main.TestCaseExecutor.doExecute(TestCaseExecutor.java:319)
	at com.kms.katalon.core.main.TestCaseExecutor.processExecutionPhase(TestCaseExecutor.java:298)
	at com.kms.katalon.core.main.TestCaseExecutor.accessMainPhase(TestCaseExecutor.java:290)
	at com.kms.katalon.core.main.TestCaseExecutor.execute(TestCaseExecutor.java:224)
	at com.kms.katalon.core.main.TestSuiteExecutor.accessTestCaseMainPhase(TestSuiteExecutor.java:129)
	at com.kms.katalon.core.main.TestSuiteExecutor.accessTestSuiteMainPhase(TestSuiteExecutor.java:112)
	at com.kms.katalon.core.main.TestSuiteExecutor.execute(TestSuiteExecutor.java:81)
	at com.kms.katalon.core.main.TestCaseMain.startTestSuite(TestCaseMain.java:149)
	at com.kms.katalon.core.main.TestCaseMain$startTestSuite$0.call(Unknown Source)
	at TempTestSuite1550669078065.run(TempTestSuite1550669078065.groovy:36)]]></system-out>
      <system-err><![CDATA[2019-02-20 10:24:43 - [TEST_SUITE][FAILED] - My Patients - Add Schedule: Test Cases/My Patients - AddSchedule/Create Schedule FAILED.
Reason:
com.kms.katalon.core.exception.StepFailedException: Unable to set text '02202019' of object 'Object Repository/My Patients - AddSchedule/EndDate' (Root cause: org.openqa.selenium.UnhandledAlertException: unexpected alert open: {Alert text : Time must be entered in the correct format.}
  (Session info: chrome=72.0.3626.109)
  (Driver info: chromedriver=2.43.600210 (68dcf5eebde37173d4027fa8635e332711d2874a),platform=Windows NT 10.0.17134 x86_64) (WARNING: The server did not provide any stacktrace information)
Command duration or timeout: 0 milliseconds: null
Build info: version: '3.7.1', revision: '8a0099a', time: '2017-11-06T21:07:36.161Z'
System info: host: 'DESKTOP-RO0FF5F', ip: '192.168.0.115', os.name: 'Windows 10', os.arch: 'amd64', os.version: '10.0', java.version: '1.8.0_181'
Driver info: com.kms.katalon.selenium.driver.CChromeDriver
Capabilities {acceptInsecureCerts: false, acceptSslCerts: false, applicationCacheEnabled: false, browserConnectionEnabled: false, browserName: chrome, chrome: {chromedriverVersion: 2.43.600210 (68dcf5eebde371..., userDataDir: C:\Users\isaac\AppData\Loca...}, cssSelectorsEnabled: true, databaseEnabled: false, goog:chromeOptions: {debuggerAddress: localhost:57308}, handlesAlerts: true, hasTouchScreen: false, javascriptEnabled: true, locationContextEnabled: true, mobileEmulationEnabled: false, nativeEvents: true, networkConnectionEnabled: false, pageLoadStrategy: normal, platform: XP, platformName: XP, rotatable: false, setWindowRect: true, takesHeapSnapshot: true, takesScreenshot: true, unexpectedAlertBehaviour: , unhandledPromptBehavior: , version: 72.0.3626.109, webStorageEnabled: true}
Session ID: 03efd7eccf740aa8c5d73dc9a6b66f85
*** Element info: {Using=xpath, value=//input[@id='ctl00_MainContent_ctl01_AddVisit_EndDate_txtValue']})
	at com.kms.katalon.core.keyword.internal.KeywordMain.stepFailed(KeywordMain.groovy:36)
	at com.kms.katalon.core.webui.keyword.internal.WebUIKeywordMain.stepFailed(WebUIKeywordMain.groovy:65)
	at com.kms.katalon.core.webui.keyword.internal.WebUIKeywordMain.runKeyword(WebUIKeywordMain.groovy:27)
	at com.kms.katalon.core.webui.keyword.builtin.SetTextKeyword.setText(SetTextKeyword.groovy:65)
	at com.kms.katalon.core.webui.keyword.builtin.SetTextKeyword.execute(SetTextKeyword.groovy:37)
	at com.kms.katalon.core.keyword.internal.KeywordExecutor.executeKeywordForPlatform(KeywordExecutor.groovy:53)
	at com.kms.katalon.core.webui.keyword.WebUiBuiltInKeywords.setText(WebUiBuiltInKeywords.groovy:950)
	at com.kms.katalon.core.webui.keyword.WebUiBuiltInKeywords$setText$0.call(Unknown Source)
	at Create Schedule.run(Create Schedule:97)
	at com.kms.katalon.core.main.ScriptEngine.run(ScriptEngine.java:194)
	at com.kms.katalon.core.main.ScriptEngine.runScriptAsRawText(ScriptEngine.java:119)
	at com.kms.katalon.core.main.TestCaseExecutor.runScript(TestCaseExecutor.java:328)
	at com.kms.katalon.core.main.TestCaseExecutor.doExecute(TestCaseExecutor.java:319)
	at com.kms.katalon.core.main.TestCaseExecutor.processExecutionPhase(TestCaseExecutor.java:298)
	at com.kms.katalon.core.main.TestCaseExecutor.accessMainPhase(TestCaseExecutor.java:290)
	at com.kms.katalon.core.main.TestCaseExecutor.execute(TestCaseExecutor.java:224)
	at com.kms.katalon.core.main.TestSuiteExecutor.accessTestCaseMainPhase(TestSuiteExecutor.java:129)
	at com.kms.katalon.core.main.TestSuiteExecutor.accessTestSuiteMainPhase(TestSuiteExecutor.java:112)
	at com.kms.katalon.core.main.TestSuiteExecutor.execute(TestSuiteExecutor.java:81)
	at com.kms.katalon.core.main.TestCaseMain.startTestSuite(TestCaseMain.java:149)
	at com.kms.katalon.core.main.TestCaseMain$startTestSuite$0.call(Unknown Source)
	at TempTestSuite1550669078065.run(TempTestSuite1550669078065.groovy:36)]]></system-err>
   </testsuite>
</testsuites>
