<?xml version="1.0" encoding="UTF-8" standalone="yes"?>
<testsuites name="BVT Automation" time="458" tests="5" failures="0" errors="0">
    <testsuite name="BVT Automation" tests="5" failures="0" errors="0" time="458" timestamp="2019-09-20 09:49:39" hostname="isaac - DESKTOP-BPONDF2" id="Test Suites/End to End/BVT Automation">
        <properties>
            <property name="deviceName" value=""/>
            <property name="devicePlatform" value=""/>
            <property name="logFolder" value="C:\\Users\\isaac\\Desktop\\Clientes\\ProcuraCanada\\Katalon Studio\\Continulink\\Reports\\20190920_094900\\End to End\\BVT Automation\\20190920_094933"/>
            <property name="logFiles" value="C:\\Users\\isaac\\Desktop\\Clientes\\ProcuraCanada\\Katalon Studio\\Continulink\\Reports\\20190920_094900\\End to End\\BVT Automation\\20190920_094933\\execution0.log"/>
            <property name="attachments" value="C:\\Users\\isaac\\Desktop\\Clientes\\ProcuraCanada\\Katalon Studio\\Continulink\\Reports\\20190920_094900\\End to End\\BVT Automation\\20190920_094933\\1568983856926.png, C:\\Users\\isaac\\Desktop\\Clientes\\ProcuraCanada\\Katalon Studio\\Continulink\\Reports\\20190920_094900\\End to End\\BVT Automation\\20190920_094933\\1568984114927.png, C:\\Users\\isaac\\Desktop\\Clientes\\ProcuraCanada\\Katalon Studio\\Continulink\\Reports\\20190920_094900\\End to End\\BVT Automation\\20190920_094933\\1568984120570.png, C:\\Users\\isaac\\Desktop\\Clientes\\ProcuraCanada\\Katalon Studio\\Continulink\\Reports\\20190920_094900\\End to End\\BVT Automation\\20190920_094933\\1568984126060.png"/>
            <property name="hostName" value="isaac - DESKTOP-BPONDF2"/>
            <property name="os" value="Windows 10 64bit"/>
            <property name="katalonVersion" value="6.3.2.1"/>
            <property name="browser" value="Chrome 76.0.3809.132"/>
            <property name="hostAddress" value="192.168.0.121"/>
            <property name="sessionId" value="12dab8ec99e634139c4eb5ed8f097cb2"/>
            <property name="seleniumVersion" value="3.141.59"/>
            <property name="proxyInformation" value="ProxyInformation{proxyOption=NO_PROXY, proxyServerType=HTTP, password=, proxyServerAddress=, proxyServerPort=0}"/>
            <property name="platform" value="Windows 10"/>
        </properties>
        <testcase name="Test Cases/Regression BackOffice (All Browsers)/CLNK-31354 - Adding a New ServiceGroupSetup" classname="Test Cases/Regression BackOffice (All Browsers)/CLNK-31354 - Adding a New ServiceGroupSetup" status="PASSED">
            <system-out>2019-09-20 09:49:40 - [TEST_CASE][PASSED] - Test Cases/Regression BackOffice (All Browsers)/CLNK-31354 - Adding a New ServiceGroupSetup: Test Cases/Regression BackOffice (All Browsers)/CLNK-31354 - Adding a New ServiceGroupSetup&#xD;
&#xD;
2019-09-20 09:49:40 - [TEST_STEP][PASSED] - callTestCase(findTestCase("Regression BackOffice (All Browsers)/CLNK-23439 - Clink - Back office Client"), [:], STOP_ON_FAILURE): Call Test Case 'Test Cases/Regression BackOffice (All Browsers)/CLNK-23439 - Clink - Back office Client' successfully&#xD;
&#xD;
2019-09-20 09:49:41 - [TEST_CASE][PASSED] - Test Cases/Regression BackOffice (All Browsers)/CLNK-23439 - Clink - Back office Client: Test Cases/Regression BackOffice (All Browsers)/CLNK-23439 - Clink - Back office Client&#xD;
&#xD;
2019-09-20 09:49:41 - [TEST_STEP][PASSED] - deleteAllCookies(): Delete all cookies successfully&#xD;
&#xD;
2019-09-20 09:49:42 - [MESSAGE][WARNING] - Cannot delete cookies because browser is closed&#xD;
&#xD;
2019-09-20 09:49:42 - [MESSAGE][PASSED] - Delete all cookies successfully&#xD;
&#xD;
2019-09-20 09:49:42 - [TEST_STEP][PASSED] - openBrowser(G_SiteBackOffice): Browser is opened with url: 'https://qanewpoc.continulink.com:8443/Backoffice/'&#xD;
&#xD;
2019-09-20 09:49:42 - [MESSAGE][INFO] - Starting 'Chrome' driver&#xD;
&#xD;
2019-09-20 09:49:42 - [MESSAGE][INFO] - Action delay is set to 0 seconds&#xD;
&#xD;
2019-09-20 09:49:53 - [MESSAGE][PASSED] - Browser is opened with url: 'https://qanewpoc.continulink.com:8443/Backoffice/'&#xD;
&#xD;
2019-09-20 09:49:53 - [TEST_STEP][PASSED] - waitForPageLoad(60): Wait for page load successfully&#xD;
&#xD;
2019-09-20 09:49:53 - [MESSAGE][PASSED] - Wait for page load successfully&#xD;
&#xD;
2019-09-20 09:49:53 - [TEST_STEP][PASSED] - maximizeWindow(): Current window maximized&#xD;
&#xD;
2019-09-20 09:49:57 - [MESSAGE][PASSED] - Current window maximized&#xD;
&#xD;
2019-09-20 09:49:57 - [TEST_STEP][PASSED] - setText(findTestObject("Regression BackOffice/Login/UserBackOffice"), G_UserBackOffice): Text 'automation_admin' is set on object 'Object Repository/Regression BackOffice/Login/UserBackOffice'&#xD;
&#xD;
2019-09-20 09:49:57 - [MESSAGE][PASSED] - Text 'automation_admin' is set on object 'Object Repository/Regression BackOffice/Login/UserBackOffice'&#xD;
&#xD;
2019-09-20 09:49:57 - [TEST_STEP][PASSED] - setText(findTestObject("Regression BackOffice/Login/PasswordBackOffice"), G_PasswordBackOffice): Text 'qwerty' is set on object 'Object Repository/Regression BackOffice/Login/PasswordBackOffice'&#xD;
&#xD;
2019-09-20 09:49:58 - [MESSAGE][PASSED] - Text 'qwerty' is set on object 'Object Repository/Regression BackOffice/Login/PasswordBackOffice'&#xD;
&#xD;
2019-09-20 09:49:58 - [TEST_STEP][PASSED] - click(findTestObject("Regression BackOffice/Login/LoginBackOffice")): Object: 'Object Repository/Regression BackOffice/Login/LoginBackOffice' is clicked on&#xD;
&#xD;
2019-09-20 09:50:02 - [MESSAGE][PASSED] - Object: 'Object Repository/Regression BackOffice/Login/LoginBackOffice' is clicked on&#xD;
&#xD;
2019-09-20 09:50:02 - [TEST_STEP][PASSED] - waitForPageLoad(60): Wait for page load successfully&#xD;
&#xD;
2019-09-20 09:50:02 - [MESSAGE][PASSED] - Wait for page load successfully&#xD;
&#xD;
2019-09-20 09:50:02 - [TEST_STEP][PASSED] - delay(2): Delayed 2 second(s)&#xD;
&#xD;
2019-09-20 09:50:04 - [MESSAGE][PASSED] - Delayed 2 second(s)&#xD;
&#xD;
2019-09-20 09:50:04 - [TEST_STEP][PASSED] - switchToFrame(findTestObject("Regression BackOffice/CLINK-Frames/FrameFrameLeft"), 5, STOP_ON_FAILURE): null&#xD;
&#xD;
2019-09-20 09:50:04 - [TEST_STEP][PASSED] - delay(2): Delayed 2 second(s)&#xD;
&#xD;
2019-09-20 09:50:06 - [MESSAGE][PASSED] - Delayed 2 second(s)&#xD;
&#xD;
2019-09-20 09:50:06 - [TEST_STEP][PASSED] - waitForElementPresent(findTestObject("Regression BackOffice/CLINK-Frames/ClientIntake"), 50): Object 'Object Repository/Regression BackOffice/CLINK-Frames/ClientIntake' is present&#xD;
&#xD;
2019-09-20 09:50:07 - [MESSAGE][PASSED] - Object 'Object Repository/Regression BackOffice/CLINK-Frames/ClientIntake' is present&#xD;
&#xD;
2019-09-20 09:50:07 - [TEST_STEP][PASSED] - verifyElementPresent(findTestObject("Regression BackOffice/CLINK-Frames/ClientIntake"), 100, STOP_ON_FAILURE): Object 'Object Repository/Regression BackOffice/CLINK-Frames/ClientIntake' is present&#xD;
&#xD;
2019-09-20 09:50:07 - [MESSAGE][PASSED] - Object 'Object Repository/Regression BackOffice/CLINK-Frames/ClientIntake' is present&#xD;
&#xD;
2019-09-20 09:50:07 - [TEST_STEP][PASSED] - switchToDefaultContent(): null&#xD;
&#xD;
2019-09-20 09:50:07 - [MESSAGE][PASSED] - Call Test Case 'Test Cases/Regression BackOffice (All Browsers)/CLNK-23439 - Clink - Back office Client' successfully&#xD;
&#xD;
2019-09-20 09:50:07 - [TEST_STEP][PASSED] - waitForPageLoad(60): Wait for page load successfully&#xD;
&#xD;
2019-09-20 09:50:07 - [MESSAGE][PASSED] - Wait for page load successfully&#xD;
&#xD;
2019-09-20 09:50:07 - [TEST_STEP][PASSED] - delay(3): Delayed 3 second(s)&#xD;
&#xD;
2019-09-20 09:50:10 - [MESSAGE][PASSED] - Delayed 3 second(s)&#xD;
&#xD;
2019-09-20 09:50:10 - [TEST_STEP][PASSED] - switchToFrame(findTestObject("Regression BackOffice/CLNK-23449/FrameLeft"), 30): null&#xD;
&#xD;
2019-09-20 09:50:10 - [TEST_STEP][PASSED] - waitForElementPresent(findTestObject("Regression BackOffice/CLNK-23449/ClienIntakeICon"), 100): Object 'Object Repository/Regression BackOffice/CLNK-23449/ClienIntakeICon' is present&#xD;
&#xD;
2019-09-20 09:50:10 - [MESSAGE][PASSED] - Object 'Object Repository/Regression BackOffice/CLNK-23449/ClienIntakeICon' is present&#xD;
&#xD;
2019-09-20 09:50:10 - [TEST_STEP][PASSED] - click(findTestObject("Regression BackOffice/CLNK-23449/ClienIntakeICon")): Object: 'Object Repository/Regression BackOffice/CLNK-23449/ClienIntakeICon' is clicked on&#xD;
&#xD;
2019-09-20 09:50:10 - [MESSAGE][PASSED] - Object: 'Object Repository/Regression BackOffice/CLNK-23449/ClienIntakeICon' is clicked on&#xD;
&#xD;
2019-09-20 09:50:10 - [TEST_STEP][PASSED] - delay(2): Delayed 2 second(s)&#xD;
&#xD;
2019-09-20 09:50:12 - [MESSAGE][PASSED] - Delayed 2 second(s)&#xD;
&#xD;
2019-09-20 09:50:12 - [TEST_STEP][PASSED] - waitForPageLoad(50): Wait for page load successfully&#xD;
&#xD;
2019-09-20 09:50:12 - [MESSAGE][PASSED] - Wait for page load successfully&#xD;
&#xD;
2019-09-20 09:50:12 - [TEST_STEP][PASSED] - waitForElementPresent(findTestObject("Regression BackOffice/CLNK-31354/ServiceGroupLink"), 50): Object 'Object Repository/Regression BackOffice/CLNK-31354/ServiceGroupLink' is present&#xD;
&#xD;
2019-09-20 09:50:12 - [MESSAGE][PASSED] - Object 'Object Repository/Regression BackOffice/CLNK-31354/ServiceGroupLink' is present&#xD;
&#xD;
2019-09-20 09:50:12 - [TEST_STEP][PASSED] - click(findTestObject("Regression BackOffice/CLNK-31354/ServiceGroupLink")): Object: 'Object Repository/Regression BackOffice/CLNK-31354/ServiceGroupLink' is clicked on&#xD;
&#xD;
2019-09-20 09:50:29 - [MESSAGE][PASSED] - Object: 'Object Repository/Regression BackOffice/CLNK-31354/ServiceGroupLink' is clicked on&#xD;
&#xD;
2019-09-20 09:50:29 - [TEST_STEP][PASSED] - delay(2): Delayed 2 second(s)&#xD;
&#xD;
2019-09-20 09:50:31 - [MESSAGE][PASSED] - Delayed 2 second(s)&#xD;
&#xD;
2019-09-20 09:50:31 - [TEST_STEP][PASSED] - switchToDefaultContent(): null&#xD;
&#xD;
2019-09-20 09:50:31 - [TEST_STEP][PASSED] - switchToFrame(findTestObject("Regression BackOffice/CLNK-23449/FrameMain"), 30): null&#xD;
&#xD;
2019-09-20 09:50:31 - [TEST_STEP][PASSED] - waitForElementPresent(findTestObject("Regression BackOffice/CLNK-31354/FirstName"), 50): Object 'Object Repository/Regression BackOffice/CLNK-31354/FirstName' is present&#xD;
&#xD;
2019-09-20 09:50:31 - [MESSAGE][PASSED] - Object 'Object Repository/Regression BackOffice/CLNK-31354/FirstName' is present&#xD;
&#xD;
2019-09-20 09:50:31 - [TEST_STEP][PASSED] - setText(findTestObject("Regression BackOffice/CLNK-31354/FirstName"), G_ClientFirstName): Text 'Ernest' is set on object 'Object Repository/Regression BackOffice/CLNK-31354/FirstName'&#xD;
&#xD;
2019-09-20 09:50:31 - [MESSAGE][PASSED] - Text 'Ernest' is set on object 'Object Repository/Regression BackOffice/CLNK-31354/FirstName'&#xD;
&#xD;
2019-09-20 09:50:31 - [TEST_STEP][PASSED] - delay(2): Delayed 2 second(s)&#xD;
&#xD;
2019-09-20 09:50:33 - [MESSAGE][PASSED] - Delayed 2 second(s)&#xD;
&#xD;
2019-09-20 09:50:33 - [TEST_STEP][PASSED] - waitForElementPresent(findTestObject("Regression BackOffice/CLNK-31354/Last Name"), 50): Object 'Object Repository/Regression BackOffice/CLNK-31354/Last Name' is present&#xD;
&#xD;
2019-09-20 09:50:34 - [MESSAGE][PASSED] - Object 'Object Repository/Regression BackOffice/CLNK-31354/Last Name' is present&#xD;
&#xD;
2019-09-20 09:50:34 - [TEST_STEP][PASSED] - setText(findTestObject("Regression BackOffice/CLNK-31354/Last Name"), G_ClientLastName): Text 'Ernesky' is set on object 'Object Repository/Regression BackOffice/CLNK-31354/Last Name'&#xD;
&#xD;
2019-09-20 09:50:34 - [MESSAGE][PASSED] - Text 'Ernesky' is set on object 'Object Repository/Regression BackOffice/CLNK-31354/Last Name'&#xD;
&#xD;
2019-09-20 09:50:34 - [TEST_STEP][PASSED] - delay(2): Delayed 2 second(s)&#xD;
&#xD;
2019-09-20 09:50:36 - [MESSAGE][PASSED] - Delayed 2 second(s)&#xD;
&#xD;
2019-09-20 09:50:36 - [TEST_STEP][PASSED] - waitForElementPresent(findTestObject("Regression BackOffice/CLNK-31354/SearchButton"), 50): Object 'Object Repository/Regression BackOffice/CLNK-31354/SearchButton' is present&#xD;
&#xD;
2019-09-20 09:50:36 - [MESSAGE][PASSED] - Object 'Object Repository/Regression BackOffice/CLNK-31354/SearchButton' is present&#xD;
&#xD;
2019-09-20 09:50:36 - [TEST_STEP][PASSED] - click(findTestObject("Regression BackOffice/CLNK-31354/SearchButton"), OPTIONAL): Object: 'Object Repository/Regression BackOffice/CLNK-31354/SearchButton' is clicked on&#xD;
&#xD;
2019-09-20 09:50:37 - [MESSAGE][PASSED] - Object: 'Object Repository/Regression BackOffice/CLNK-31354/SearchButton' is clicked on&#xD;
&#xD;
2019-09-20 09:50:37 - [TEST_STEP][PASSED] - delay(2): Delayed 2 second(s)&#xD;
&#xD;
2019-09-20 09:50:39 - [MESSAGE][PASSED] - Delayed 2 second(s)&#xD;
&#xD;
2019-09-20 09:50:39 - [TEST_STEP][PASSED] - waitForPageLoad(50): Wait for page load successfully&#xD;
&#xD;
2019-09-20 09:50:39 - [MESSAGE][PASSED] - Wait for page load successfully&#xD;
&#xD;
2019-09-20 09:50:39 - [TEST_STEP][PASSED] - delay(2): Delayed 2 second(s)&#xD;
&#xD;
2019-09-20 09:50:41 - [MESSAGE][PASSED] - Delayed 2 second(s)&#xD;
&#xD;
2019-09-20 09:50:41 - [TEST_STEP][PASSED] - waitForElementPresent(findTestObject("Regression BackOffice/CLNK-31354/ClientSearch"), 50): Object 'Object Repository/Regression BackOffice/CLNK-31354/ClientSearch' is present&#xD;
&#xD;
2019-09-20 09:50:41 - [MESSAGE][PASSED] - Object 'Object Repository/Regression BackOffice/CLNK-31354/ClientSearch' is present&#xD;
&#xD;
2019-09-20 09:50:41 - [TEST_STEP][PASSED] - click(findTestObject("Regression BackOffice/CLNK-31354/ClientSearch")): Object: 'Object Repository/Regression BackOffice/CLNK-31354/ClientSearch' is clicked on&#xD;
&#xD;
2019-09-20 09:50:43 - [MESSAGE][PASSED] - Object: 'Object Repository/Regression BackOffice/CLNK-31354/ClientSearch' is clicked on&#xD;
&#xD;
2019-09-20 09:50:43 - [TEST_STEP][PASSED] - delay(2): Delayed 2 second(s)&#xD;
&#xD;
2019-09-20 09:50:45 - [MESSAGE][PASSED] - Delayed 2 second(s)&#xD;
&#xD;
2019-09-20 09:50:45 - [TEST_STEP][PASSED] - waitForPageLoad(50): Wait for page load successfully&#xD;
&#xD;
2019-09-20 09:50:45 - [MESSAGE][PASSED] - Wait for page load successfully&#xD;
&#xD;
2019-09-20 09:50:45 - [TEST_STEP][PASSED] - waitForElementPresent(findTestObject("Regression BackOffice/CLNK-31354/AddServiceButton"), 50): Object 'Object Repository/Regression BackOffice/CLNK-31354/AddServiceButton' is present&#xD;
&#xD;
2019-09-20 09:50:45 - [MESSAGE][PASSED] - Object 'Object Repository/Regression BackOffice/CLNK-31354/AddServiceButton' is present&#xD;
&#xD;
2019-09-20 09:50:45 - [TEST_STEP][PASSED] - click(findTestObject("Regression BackOffice/CLNK-31354/AddServiceButton")): Object: 'Object Repository/Regression BackOffice/CLNK-31354/AddServiceButton' is clicked on&#xD;
&#xD;
2019-09-20 09:50:45 - [MESSAGE][PASSED] - Object: 'Object Repository/Regression BackOffice/CLNK-31354/AddServiceButton' is clicked on&#xD;
&#xD;
2019-09-20 09:50:45 - [TEST_STEP][PASSED] - delay(2): Delayed 2 second(s)&#xD;
&#xD;
2019-09-20 09:50:47 - [MESSAGE][PASSED] - Delayed 2 second(s)&#xD;
&#xD;
2019-09-20 09:50:47 - [TEST_STEP][PASSED] - waitForElementPresent(findTestObject("Regression BackOffice/CLNK-31354/ServiceType"), 50): Object 'Object Repository/Regression BackOffice/CLNK-31354/ServiceType' is present&#xD;
&#xD;
2019-09-20 09:50:47 - [MESSAGE][PASSED] - Object 'Object Repository/Regression BackOffice/CLNK-31354/ServiceType' is present&#xD;
&#xD;
2019-09-20 09:50:47 - [TEST_STEP][PASSED] - click(findTestObject("Regression BackOffice/CLNK-31354/ServiceType")): Object: 'Object Repository/Regression BackOffice/CLNK-31354/ServiceType' is clicked on&#xD;
&#xD;
2019-09-20 09:50:47 - [MESSAGE][PASSED] - Object: 'Object Repository/Regression BackOffice/CLNK-31354/ServiceType' is clicked on&#xD;
&#xD;
2019-09-20 09:50:47 - [TEST_STEP][PASSED] - sendKeys(findTestObject("Regression BackOffice/CLNK-31354/ServiceType"), Keys.chord(ARROW_DOWN, ARROW_DOWN, ENTER)): Keys 'DOWN + DOWN + ENTER + ' sent to object: 'Object Repository/Regression BackOffice/CLNK-31354/ServiceType'&#xD;
&#xD;
2019-09-20 09:50:47 - [MESSAGE][PASSED] - Keys 'DOWN + DOWN + ENTER + ' sent to object: 'Object Repository/Regression BackOffice/CLNK-31354/ServiceType'&#xD;
&#xD;
2019-09-20 09:50:47 - [TEST_STEP][PASSED] - delay(2): Delayed 2 second(s)&#xD;
&#xD;
2019-09-20 09:50:49 - [MESSAGE][PASSED] - Delayed 2 second(s)&#xD;
&#xD;
2019-09-20 09:50:49 - [TEST_STEP][PASSED] - waitForElementPresent(findTestObject("Regression BackOffice/CLNK-31354/a_Add to List"), 50): Object 'Object Repository/Regression BackOffice/CLNK-31354/a_Add to List' is present&#xD;
&#xD;
2019-09-20 09:50:49 - [MESSAGE][PASSED] - Object 'Object Repository/Regression BackOffice/CLNK-31354/a_Add to List' is present&#xD;
&#xD;
2019-09-20 09:50:49 - [TEST_STEP][PASSED] - click(findTestObject("Regression BackOffice/CLNK-31354/a_Add to List")): Object: 'Object Repository/Regression BackOffice/CLNK-31354/a_Add to List' is clicked on&#xD;
&#xD;
2019-09-20 09:50:50 - [MESSAGE][PASSED] - Object: 'Object Repository/Regression BackOffice/CLNK-31354/a_Add to List' is clicked on&#xD;
&#xD;
2019-09-20 09:50:50 - [TEST_STEP][PASSED] - delay(2): Delayed 2 second(s)&#xD;
&#xD;
2019-09-20 09:50:52 - [MESSAGE][PASSED] - Delayed 2 second(s)&#xD;
&#xD;
2019-09-20 09:50:52 - [TEST_STEP][PASSED] - waitForElementPresent(findTestObject("Regression BackOffice/CLNK-31354/AddPayer"), 50): Object 'Object Repository/Regression BackOffice/CLNK-31354/AddPayer' is present&#xD;
&#xD;
2019-09-20 09:50:52 - [MESSAGE][PASSED] - Object 'Object Repository/Regression BackOffice/CLNK-31354/AddPayer' is present&#xD;
&#xD;
2019-09-20 09:50:52 - [TEST_STEP][PASSED] - click(findTestObject("Regression BackOffice/CLNK-31354/AddPayer")): Object: 'Object Repository/Regression BackOffice/CLNK-31354/AddPayer' is clicked on&#xD;
&#xD;
2019-09-20 09:50:52 - [MESSAGE][PASSED] - Object: 'Object Repository/Regression BackOffice/CLNK-31354/AddPayer' is clicked on&#xD;
&#xD;
2019-09-20 09:50:52 - [TEST_STEP][PASSED] - delay(2): Delayed 2 second(s)&#xD;
&#xD;
2019-09-20 09:50:54 - [MESSAGE][PASSED] - Delayed 2 second(s)&#xD;
&#xD;
2019-09-20 09:50:54 - [TEST_STEP][PASSED] - waitForElementPresent(findTestObject("Regression BackOffice/CLNK-31354/Group"), 50): Object 'Object Repository/Regression BackOffice/CLNK-31354/Group' is present&#xD;
&#xD;
2019-09-20 09:50:54 - [MESSAGE][PASSED] - Object 'Object Repository/Regression BackOffice/CLNK-31354/Group' is present&#xD;
&#xD;
2019-09-20 09:50:54 - [TEST_STEP][PASSED] - click(findTestObject("Regression BackOffice/CLNK-31354/Group")): Object: 'Object Repository/Regression BackOffice/CLNK-31354/Group' is clicked on&#xD;
&#xD;
2019-09-20 09:50:54 - [MESSAGE][PASSED] - Object: 'Object Repository/Regression BackOffice/CLNK-31354/Group' is clicked on&#xD;
&#xD;
2019-09-20 09:50:54 - [TEST_STEP][PASSED] - sendKeys(findTestObject("Regression BackOffice/CLNK-31354/Group"), Keys.chord(ARROW_DOWN, ENTER)): Keys 'DOWN + ENTER + ' sent to object: 'Object Repository/Regression BackOffice/CLNK-31354/Group'&#xD;
&#xD;
2019-09-20 09:50:54 - [MESSAGE][PASSED] - Keys 'DOWN + ENTER + ' sent to object: 'Object Repository/Regression BackOffice/CLNK-31354/Group'&#xD;
&#xD;
2019-09-20 09:50:54 - [TEST_STEP][PASSED] - delay(2): Delayed 2 second(s)&#xD;
&#xD;
2019-09-20 09:50:56 - [MESSAGE][PASSED] - Delayed 2 second(s)&#xD;
&#xD;
2019-09-20 09:50:56 - [TEST_STEP][PASSED] - sendKeys(findTestObject("Regression BackOffice/CLNK-31354/ServiceType"), Keys.chord(ARROW_DOWN, ARROW_DOWN, ENTER)): Unable to send keys '' to object 'Object Repository/Regression BackOffice/CLNK-31354/ServiceType' (Root cause: com.kms.katalon.core.exception.StepFailedException: Unable to send keys '' to object 'Object Repository/Regression BackOffice/CLNK-31354/ServiceType'&#xD;
	at com.kms.katalon.core.webui.keyword.internal.WebUIKeywordMain.stepFailed(WebUIKeywordMain.groovy:64)&#xD;
	at com.kms.katalon.core.webui.keyword.internal.WebUIKeywordMain.runKeyword(WebUIKeywordMain.groovy:26)&#xD;
	at com.kms.katalon.core.webui.keyword.builtin.SendKeysKeyword.sendKeys(SendKeysKeyword.groovy:60)&#xD;
	at com.kms.katalon.core.webui.keyword.builtin.SendKeysKeyword.execute(SendKeysKeyword.groovy:38)&#xD;
	at com.kms.katalon.core.keyword.internal.KeywordExecutor.executeKeywordForPlatform(KeywordExecutor.groovy:56)&#xD;
	at com.kms.katalon.core.webui.keyword.WebUiBuiltInKeywords.sendKeys(WebUiBuiltInKeywords.groovy:834)&#xD;
	at com.kms.katalon.core.webui.keyword.WebUiBuiltInKeywords$sendKeys$11.call(Unknown Source)&#xD;
	at CLNK-31354 - Adding a New ServiceGroupSetup.run(CLNK-31354 - Adding a New ServiceGroupSetup:110)&#xD;
	at com.kms.katalon.core.main.ScriptEngine.run(ScriptEngine.java:194)&#xD;
	at com.kms.katalon.core.main.ScriptEngine.runScriptAsRawText(ScriptEngine.java:119)&#xD;
	at com.kms.katalon.core.main.TestCaseExecutor.runScript(TestCaseExecutor.java:337)&#xD;
	at com.kms.katalon.core.main.TestCaseExecutor.doExecute(TestCaseExecutor.java:328)&#xD;
	at com.kms.katalon.core.main.TestCaseExecutor.processExecutionPhase(TestCaseExecutor.java:307)&#xD;
	at com.kms.katalon.core.main.TestCaseExecutor.accessMainPhase(TestCaseExecutor.java:299)&#xD;
	at com.kms.katalon.core.main.TestCaseExecutor.execute(TestCaseExecutor.java:233)&#xD;
	at com.kms.katalon.core.main.TestSuiteExecutor.accessTestCaseMainPhase(TestSuiteExecutor.java:169)&#xD;
	at com.kms.katalon.core.main.TestSuiteExecutor.accessTestSuiteMainPhase(TestSuiteExecutor.java:142)&#xD;
	at com.kms.katalon.core.main.TestSuiteExecutor.execute(TestSuiteExecutor.java:91)&#xD;
	at com.kms.katalon.core.main.TestCaseMain.startTestSuite(TestCaseMain.java:157)&#xD;
	at com.kms.katalon.core.main.TestCaseMain$startTestSuite$0.call(Unknown Source)&#xD;
	at TempTestSuite1568983773172.run(TempTestSuite1568983773172.groovy:35)&#xD;
Caused by: org.openqa.selenium.ElementNotInteractableException: element not interactable
  (Session info: chrome=76.0.3809.132)
Build info: version: '3.141.59', revision: 'e82be7d358', time: '2018-11-14T08:25:53'
System info: host: 'DESKTOP-BPONDF2', ip: '192.168.0.121', os.name: 'Windows 10', os.arch: 'amd64', os.version: '10.0', java.version: '1.8.0_181'
Driver info: com.kms.katalon.selenium.driver.CChromeDriver
Capabilities {acceptInsecureCerts: false, browserName: chrome, browserVersion: 76.0.3809.132, chrome: {chromedriverVersion: 76.0.3809.126 (d80a294506b4..., userDataDir: C:\Users\isaac\AppData\Loca...}, goog:chromeOptions: {debuggerAddress: localhost:61616}, javascriptEnabled: true, networkConnectionEnabled: false, pageLoadStrategy: normal, platform: XP, platformName: XP, proxy: Proxy(), setWindowRect: true, strictFileInteractability: false, timeouts: {implicit: 0, pageLoad: 300000, script: 30000}, unhandledPromptBehavior: dismiss and notify}
Session ID: 67b80ae432c80c27a29f357ad75b97ba&#xD;
	at org.openqa.selenium.remote.http.W3CHttpResponseCodec.createException(W3CHttpResponseCodec.java:187)&#xD;
	at org.openqa.selenium.remote.http.W3CHttpResponseCodec.decode(W3CHttpResponseCodec.java:122)&#xD;
	at org.openqa.selenium.remote.http.W3CHttpResponseCodec.decode(W3CHttpResponseCodec.java:49)&#xD;
	at org.openqa.selenium.remote.HttpCommandExecutor.execute(HttpCommandExecutor.java:158)&#xD;
	at org.openqa.selenium.remote.service.DriverCommandExecutor.execute(DriverCommandExecutor.java:83)&#xD;
	at org.openqa.selenium.remote.RemoteWebDriver.execute(RemoteWebDriver.java:552)&#xD;
	at com.kms.katalon.selenium.driver.CChromeDriver.execute(CChromeDriver.java:20)&#xD;
	at org.openqa.selenium.remote.RemoteWebElement.execute(RemoteWebElement.java:285)&#xD;
	at org.openqa.selenium.remote.RemoteWebElement.sendKeys(RemoteWebElement.java:106)&#xD;
	at com.kms.katalon.core.webui.keyword.builtin.SendKeysKeyword$_sendKeys_closure1.doCall(SendKeysKeyword.groovy:53)&#xD;
	at com.kms.katalon.core.webui.keyword.builtin.SendKeysKeyword$_sendKeys_closure1.call(SendKeysKeyword.groovy)&#xD;
	at com.kms.katalon.core.webui.keyword.internal.WebUIKeywordMain.runKeyword(WebUIKeywordMain.groovy:20)&#xD;
	at com.kms.katalon.core.webui.keyword.builtin.SendKeysKeyword.sendKeys(SendKeysKeyword.groovy:60)&#xD;
	at com.kms.katalon.core.webui.keyword.builtin.SendKeysKeyword.execute(SendKeysKeyword.groovy:38)&#xD;
	at com.kms.katalon.core.keyword.internal.KeywordExecutor.executeKeywordForPlatform(KeywordExecutor.groovy:56)&#xD;
	at com.kms.katalon.core.webui.keyword.WebUiBuiltInKeywords.sendKeys(WebUiBuiltInKeywords.groovy:834)&#xD;
	at com.kms.katalon.core.webui.keyword.WebUiBuiltInKeywords$sendKeys$11.call(Unknown Source)&#xD;
	at Script1566851321573.run(Script1566851321573.groovy:110)&#xD;
	... 13 more&#xD;
)&#xD;
&#xD;
2019-09-20 09:50:57 - [MESSAGE][WARNING] - Unable to send keys '' to object 'Object Repository/Regression BackOffice/CLNK-31354/ServiceType' (Root cause: com.kms.katalon.core.exception.StepFailedException: Unable to send keys '' to object 'Object Repository/Regression BackOffice/CLNK-31354/ServiceType'&#xD;
	at com.kms.katalon.core.webui.keyword.internal.WebUIKeywordMain.stepFailed(WebUIKeywordMain.groovy:64)&#xD;
	at com.kms.katalon.core.webui.keyword.internal.WebUIKeywordMain.runKeyword(WebUIKeywordMain.groovy:26)&#xD;
	at com.kms.katalon.core.webui.keyword.builtin.SendKeysKeyword.sendKeys(SendKeysKeyword.groovy:60)&#xD;
	at com.kms.katalon.core.webui.keyword.builtin.SendKeysKeyword.execute(SendKeysKeyword.groovy:38)&#xD;
	at com.kms.katalon.core.keyword.internal.KeywordExecutor.executeKeywordForPlatform(KeywordExecutor.groovy:56)&#xD;
	at com.kms.katalon.core.webui.keyword.WebUiBuiltInKeywords.sendKeys(WebUiBuiltInKeywords.groovy:834)&#xD;
	at com.kms.katalon.core.webui.keyword.WebUiBuiltInKeywords$sendKeys$11.call(Unknown Source)&#xD;
	at CLNK-31354 - Adding a New ServiceGroupSetup.run(CLNK-31354 - Adding a New ServiceGroupSetup:110)&#xD;
	at com.kms.katalon.core.main.ScriptEngine.run(ScriptEngine.java:194)&#xD;
	at com.kms.katalon.core.main.ScriptEngine.runScriptAsRawText(ScriptEngine.java:119)&#xD;
	at com.kms.katalon.core.main.TestCaseExecutor.runScript(TestCaseExecutor.java:337)&#xD;
	at com.kms.katalon.core.main.TestCaseExecutor.doExecute(TestCaseExecutor.java:328)&#xD;
	at com.kms.katalon.core.main.TestCaseExecutor.processExecutionPhase(TestCaseExecutor.java:307)&#xD;
	at com.kms.katalon.core.main.TestCaseExecutor.accessMainPhase(TestCaseExecutor.java:299)&#xD;
	at com.kms.katalon.core.main.TestCaseExecutor.execute(TestCaseExecutor.java:233)&#xD;
	at com.kms.katalon.core.main.TestSuiteExecutor.accessTestCaseMainPhase(TestSuiteExecutor.java:169)&#xD;
	at com.kms.katalon.core.main.TestSuiteExecutor.accessTestSuiteMainPhase(TestSuiteExecutor.java:142)&#xD;
	at com.kms.katalon.core.main.TestSuiteExecutor.execute(TestSuiteExecutor.java:91)&#xD;
	at com.kms.katalon.core.main.TestCaseMain.startTestSuite(TestCaseMain.java:157)&#xD;
	at com.kms.katalon.core.main.TestCaseMain$startTestSuite$0.call(Unknown Source)&#xD;
	at TempTestSuite1568983773172.run(TempTestSuite1568983773172.groovy:35)&#xD;
Caused by: org.openqa.selenium.ElementNotInteractableException: element not interactable
  (Session info: chrome=76.0.3809.132)
Build info: version: '3.141.59', revision: 'e82be7d358', time: '2018-11-14T08:25:53'
System info: host: 'DESKTOP-BPONDF2', ip: '192.168.0.121', os.name: 'Windows 10', os.arch: 'amd64', os.version: '10.0', java.version: '1.8.0_181'
Driver info: com.kms.katalon.selenium.driver.CChromeDriver
Capabilities {acceptInsecureCerts: false, browserName: chrome, browserVersion: 76.0.3809.132, chrome: {chromedriverVersion: 76.0.3809.126 (d80a294506b4..., userDataDir: C:\Users\isaac\AppData\Loca...}, goog:chromeOptions: {debuggerAddress: localhost:61616}, javascriptEnabled: true, networkConnectionEnabled: false, pageLoadStrategy: normal, platform: XP, platformName: XP, proxy: Proxy(), setWindowRect: true, strictFileInteractability: false, timeouts: {implicit: 0, pageLoad: 300000, script: 30000}, unhandledPromptBehavior: dismiss and notify}
Session ID: 67b80ae432c80c27a29f357ad75b97ba&#xD;
	at org.openqa.selenium.remote.http.W3CHttpResponseCodec.createException(W3CHttpResponseCodec.java:187)&#xD;
	at org.openqa.selenium.remote.http.W3CHttpResponseCodec.decode(W3CHttpResponseCodec.java:122)&#xD;
	at org.openqa.selenium.remote.http.W3CHttpResponseCodec.decode(W3CHttpResponseCodec.java:49)&#xD;
	at org.openqa.selenium.remote.HttpCommandExecutor.execute(HttpCommandExecutor.java:158)&#xD;
	at org.openqa.selenium.remote.service.DriverCommandExecutor.execute(DriverCommandExecutor.java:83)&#xD;
	at org.openqa.selenium.remote.RemoteWebDriver.execute(RemoteWebDriver.java:552)&#xD;
	at com.kms.katalon.selenium.driver.CChromeDriver.execute(CChromeDriver.java:20)&#xD;
	at org.openqa.selenium.remote.RemoteWebElement.execute(RemoteWebElement.java:285)&#xD;
	at org.openqa.selenium.remote.RemoteWebElement.sendKeys(RemoteWebElement.java:106)&#xD;
	at com.kms.katalon.core.webui.keyword.builtin.SendKeysKeyword$_sendKeys_closure1.doCall(SendKeysKeyword.groovy:53)&#xD;
	at com.kms.katalon.core.webui.keyword.builtin.SendKeysKeyword$_sendKeys_closure1.call(SendKeysKeyword.groovy)&#xD;
	at com.kms.katalon.core.webui.keyword.internal.WebUIKeywordMain.runKeyword(WebUIKeywordMain.groovy:20)&#xD;
	at com.kms.katalon.core.webui.keyword.builtin.SendKeysKeyword.sendKeys(SendKeysKeyword.groovy:60)&#xD;
	at com.kms.katalon.core.webui.keyword.builtin.SendKeysKeyword.execute(SendKeysKeyword.groovy:38)&#xD;
	at com.kms.katalon.core.keyword.internal.KeywordExecutor.executeKeywordForPlatform(KeywordExecutor.groovy:56)&#xD;
	at com.kms.katalon.core.webui.keyword.WebUiBuiltInKeywords.sendKeys(WebUiBuiltInKeywords.groovy:834)&#xD;
	at com.kms.katalon.core.webui.keyword.WebUiBuiltInKeywords$sendKeys$11.call(Unknown Source)&#xD;
	at Script1566851321573.run(Script1566851321573.groovy:110)&#xD;
	... 13 more&#xD;
)&#xD;
[[ATTACHMENT|C:\\Users\\isaac\\Desktop\\Clientes\\ProcuraCanada\\Katalon Studio\\Continulink\\Reports\\20190920_094900\\End to End\\BVT Automation\\20190920_094933\\1568983856926.png]]&#xD;
&#xD;
2019-09-20 09:50:57 - [TEST_STEP][PASSED] - delay(2): Delayed 2 second(s)&#xD;
&#xD;
2019-09-20 09:50:59 - [MESSAGE][PASSED] - Delayed 2 second(s)&#xD;
&#xD;
2019-09-20 09:50:59 - [TEST_STEP][PASSED] - waitForElementPresent(findTestObject("Regression BackOffice/CLNK-31354/a_Add to List - Payer"), 50): Object 'Object Repository/Regression BackOffice/CLNK-31354/a_Add to List - Payer' is present&#xD;
&#xD;
2019-09-20 09:50:59 - [MESSAGE][PASSED] - Object 'Object Repository/Regression BackOffice/CLNK-31354/a_Add to List - Payer' is present&#xD;
&#xD;
2019-09-20 09:50:59 - [TEST_STEP][PASSED] - click(findTestObject("Regression BackOffice/CLNK-31354/a_Add to List - Payer")): Object: 'Object Repository/Regression BackOffice/CLNK-31354/a_Add to List - Payer' is clicked on&#xD;
&#xD;
2019-09-20 09:50:59 - [MESSAGE][PASSED] - Object: 'Object Repository/Regression BackOffice/CLNK-31354/a_Add to List - Payer' is clicked on&#xD;
&#xD;
2019-09-20 09:50:59 - [TEST_STEP][PASSED] - delay(5): Delayed 5 second(s)&#xD;
&#xD;
2019-09-20 09:51:04 - [MESSAGE][PASSED] - Delayed 5 second(s)&#xD;
&#xD;
2019-09-20 09:51:04 - [TEST_STEP][PASSED] - waitForElementPresent(findTestObject("Regression BackOffice/CLNK-31354/Reimbursement"), 50): Object 'Object Repository/Regression BackOffice/CLNK-31354/Reimbursement' is present&#xD;
&#xD;
2019-09-20 09:51:04 - [MESSAGE][PASSED] - Object 'Object Repository/Regression BackOffice/CLNK-31354/Reimbursement' is present&#xD;
&#xD;
2019-09-20 09:51:04 - [TEST_STEP][PASSED] - click(findTestObject("Regression BackOffice/CLNK-31354/Reimbursement")): Object: 'Object Repository/Regression BackOffice/CLNK-31354/Reimbursement' is clicked on&#xD;
&#xD;
2019-09-20 09:51:05 - [MESSAGE][PASSED] - Object: 'Object Repository/Regression BackOffice/CLNK-31354/Reimbursement' is clicked on&#xD;
&#xD;
2019-09-20 09:51:05 - [TEST_STEP][PASSED] - sendKeys(findTestObject("Regression BackOffice/CLNK-31354/Reimbursement"), Keys.chord(BACK_SPACE)): Keys 'BACK_SPACE + ' sent to object: 'Object Repository/Regression BackOffice/CLNK-31354/Reimbursement'&#xD;
&#xD;
2019-09-20 09:51:05 - [MESSAGE][PASSED] - Keys 'BACK_SPACE + ' sent to object: 'Object Repository/Regression BackOffice/CLNK-31354/Reimbursement'&#xD;
&#xD;
2019-09-20 09:51:05 - [TEST_STEP][PASSED] - sendKeys(findTestObject("Regression BackOffice/CLNK-31354/Reimbursement"), "100"): Keys '100' sent to object: 'Object Repository/Regression BackOffice/CLNK-31354/Reimbursement'&#xD;
&#xD;
2019-09-20 09:51:05 - [MESSAGE][PASSED] - Keys '100' sent to object: 'Object Repository/Regression BackOffice/CLNK-31354/Reimbursement'&#xD;
&#xD;
2019-09-20 09:51:05 - [TEST_STEP][PASSED] - delay(5): Delayed 5 second(s)&#xD;
&#xD;
2019-09-20 09:51:10 - [MESSAGE][PASSED] - Delayed 5 second(s)&#xD;
&#xD;
2019-09-20 09:51:10 - [TEST_STEP][PASSED] - switchToDefaultContent(): null&#xD;
&#xD;
2019-09-20 09:51:10 - [TEST_STEP][PASSED] - switchToFrame(findTestObject("Regression BackOffice/CLNK-31354/frame_Capture object_BannerFrame"), 30): null&#xD;
&#xD;
2019-09-20 09:51:10 - [TEST_STEP][PASSED] - waitForElementPresent(findTestObject("Regression BackOffice/CLNK-31354/SaveButton"), 50): Object 'Object Repository/Regression BackOffice/CLNK-31354/SaveButton' is present&#xD;
&#xD;
2019-09-20 09:51:10 - [MESSAGE][PASSED] - Object 'Object Repository/Regression BackOffice/CLNK-31354/SaveButton' is present&#xD;
&#xD;
2019-09-20 09:51:10 - [TEST_STEP][PASSED] - click(findTestObject("Regression BackOffice/CLNK-31354/SaveButton")): Object: 'Object Repository/Regression BackOffice/CLNK-31354/SaveButton' is clicked on&#xD;
&#xD;
2019-09-20 09:51:10 - [MESSAGE][PASSED] - Object: 'Object Repository/Regression BackOffice/CLNK-31354/SaveButton' is clicked on&#xD;
&#xD;
2019-09-20 09:51:10 - [TEST_STEP][PASSED] - delay(5): Delayed 5 second(s)&#xD;
&#xD;
2019-09-20 09:51:15 - [MESSAGE][PASSED] - Delayed 5 second(s)&#xD;
&#xD;
2019-09-20 09:51:15 - [TEST_STEP][PASSED] - waitForAlert(30): Alert is present after 30 second(s).&#xD;
&#xD;
2019-09-20 09:51:15 - [MESSAGE][PASSED] - Alert is present after 30 second(s).&#xD;
&#xD;
2019-09-20 09:51:15 - [TEST_STEP][PASSED] - driver = getWebDriver(): null&#xD;
&#xD;
2019-09-20 09:51:15 - [TEST_STEP][PASSED] - fecha = getDate.DateUtilities.getDateMonthDayYearNumberwithSlash(): getDate.DateUtilities.getDateMonthDayYearNumberwithSlash is PASSED&#xD;
&#xD;
2019-09-20 09:51:16 - [MESSAGE][PASSED] - getDate.DateUtilities.getDateMonthDayYearNumberwithSlash is PASSED&#xD;
&#xD;
2019-09-20 09:51:16 - [TEST_STEP][PASSED] - println(fecha): null&#xD;
&#xD;
2019-09-20 09:51:16 - [TEST_STEP][PASSED] - alert().sendKeys(fecha): null&#xD;
&#xD;
2019-09-20 09:51:16 - [TEST_STEP][PASSED] - acceptAlert(): Alert accepted&#xD;
&#xD;
2019-09-20 09:51:16 - [MESSAGE][PASSED] - Alert accepted&#xD;
&#xD;
2019-09-20 09:51:16 - [TEST_STEP][PASSED] - delay(10): Delayed 10 second(s)&#xD;
&#xD;
2019-09-20 09:51:26 - [MESSAGE][PASSED] - Delayed 10 second(s)&#xD;
&#xD;
2019-09-20 09:51:26 - [TEST_STEP][NOT_RUN] - switchToDefaultContent(): NOT_RUN: switchToDefaultContent()&#xD;
&#xD;
2019-09-20 09:51:26 - [MESSAGE][NOT_RUN] - NOT_RUN: switchToDefaultContent()</system-out>
            <system-err></system-err>
        </testcase>
        <testcase name="Test Cases/Regression Clinical Edge (All Browsers)/CLNK-23467 - CE - Happy path - Add shedule - Chrome browser - Windows" classname="Test Cases/Regression Clinical Edge (All Browsers)/CLNK-23467 - CE - Happy path - Add shedule - Chrome browser - Windows" status="PASSED">
            <system-out>2019-09-20 09:51:28 - [TEST_CASE][PASSED] - Test Cases/Regression Clinical Edge (All Browsers)/CLNK-23467 - CE - Happy path - Add shedule - Chrome browser - Windows: Test Cases/Regression Clinical Edge (All Browsers)/CLNK-23467 - CE - Happy path - Add shedule - Chrome browser - Windows&#xD;
&#xD;
2019-09-20 09:51:28 - [TEST_STEP][PASSED] - callTestCase(findTestCase("Regression Clinical Edge (All Browsers)/CLNK-23349 - ContinuLink - Login"), [:], STOP_ON_FAILURE): Call Test Case 'Test Cases/Regression Clinical Edge (All Browsers)/CLNK-23349 - ContinuLink - Login' successfully&#xD;
&#xD;
2019-09-20 09:51:28 - [TEST_CASE][PASSED] - Test Cases/Regression Clinical Edge (All Browsers)/CLNK-23349 - ContinuLink - Login: Test Cases/Regression Clinical Edge (All Browsers)/CLNK-23349 - ContinuLink - Login&#xD;
&#xD;
2019-09-20 09:51:28 - [TEST_STEP][PASSED] - deleteAllCookies(): Delete all cookies successfully&#xD;
&#xD;
2019-09-20 09:51:28 - [MESSAGE][PASSED] - Delete all cookies successfully&#xD;
&#xD;
2019-09-20 09:51:28 - [TEST_STEP][PASSED] - openBrowser(G_SiteURL): Browser is opened with url: 'https://qanewpoc.continulink.com/Account/Login.aspx?ReturnUrl=%2fdefault.aspx'&#xD;
&#xD;
2019-09-20 09:51:28 - [MESSAGE][WARNING] - A browser is already opened. Closing browser and opening a new one&#xD;
&#xD;
2019-09-20 09:51:29 - [MESSAGE][INFO] - Starting 'Chrome' driver&#xD;
&#xD;
2019-09-20 09:51:38 - [MESSAGE][PASSED] - Browser is opened with url: 'https://qanewpoc.continulink.com/Account/Login.aspx?ReturnUrl=%2fdefault.aspx'&#xD;
&#xD;
2019-09-20 09:51:38 - [TEST_STEP][PASSED] - waitForPageLoad(60): Wait for page load successfully&#xD;
&#xD;
2019-09-20 09:51:38 - [MESSAGE][PASSED] - Wait for page load successfully&#xD;
&#xD;
2019-09-20 09:51:38 - [TEST_STEP][PASSED] - maximizeWindow(): Current window maximized&#xD;
&#xD;
2019-09-20 09:51:42 - [MESSAGE][PASSED] - Current window maximized&#xD;
&#xD;
2019-09-20 09:51:42 - [TEST_STEP][PASSED] - setText(findTestObject("Regression Clinical Edge/CLNK-23349/User"), G_CaregiverUserName): Text 'setenta' is set on object 'Object Repository/Regression Clinical Edge/CLNK-23349/User'&#xD;
&#xD;
2019-09-20 09:51:43 - [MESSAGE][PASSED] - Text 'setenta' is set on object 'Object Repository/Regression Clinical Edge/CLNK-23349/User'&#xD;
&#xD;
2019-09-20 09:51:43 - [TEST_STEP][PASSED] - setText(findTestObject("Regression Clinical Edge/CLNK-23349/Password"), G_Password): Text 'qwerty' is set on object 'Object Repository/Regression Clinical Edge/CLNK-23349/Password'&#xD;
&#xD;
2019-09-20 09:51:43 - [MESSAGE][PASSED] - Text 'qwerty' is set on object 'Object Repository/Regression Clinical Edge/CLNK-23349/Password'&#xD;
&#xD;
2019-09-20 09:51:43 - [TEST_STEP][PASSED] - click(findTestObject("Regression Clinical Edge/CLNK-23349/Button_LogIn")): Object: 'Object Repository/Regression Clinical Edge/CLNK-23349/Button_LogIn' is clicked on&#xD;
&#xD;
2019-09-20 09:51:45 - [MESSAGE][PASSED] - Object: 'Object Repository/Regression Clinical Edge/CLNK-23349/Button_LogIn' is clicked on&#xD;
&#xD;
2019-09-20 09:51:45 - [TEST_STEP][PASSED] - waitForPageLoad(60): Wait for page load successfully&#xD;
&#xD;
2019-09-20 09:51:45 - [MESSAGE][PASSED] - Wait for page load successfully&#xD;
&#xD;
2019-09-20 09:51:45 - [TEST_STEP][PASSED] - delay(2): Delayed 2 second(s)&#xD;
&#xD;
2019-09-20 09:51:47 - [MESSAGE][PASSED] - Delayed 2 second(s)&#xD;
&#xD;
2019-09-20 09:51:47 - [TEST_STEP][NOT_RUN] - waitForElementPresent(findTestObject("Regression Clinical Edge/CLINK-23509/button_Close"), 100): NOT_RUN: waitForElementPresent(findTestObject("Regression Clinical Edge/CLINK-23509/button_Close"), 100)&#xD;
&#xD;
2019-09-20 09:51:47 - [MESSAGE][NOT_RUN] - NOT_RUN: waitForElementPresent(findTestObject("Regression Clinical Edge/CLINK-23509/button_Close"), 100)&#xD;
&#xD;
2019-09-20 09:51:47 - [TEST_STEP][NOT_RUN] - click(findTestObject("Regression Clinical Edge/CLINK-23509/button_Close")): NOT_RUN: click(findTestObject("Regression Clinical Edge/CLINK-23509/button_Close"))&#xD;
&#xD;
2019-09-20 09:51:47 - [MESSAGE][NOT_RUN] - NOT_RUN: click(findTestObject("Regression Clinical Edge/CLINK-23509/button_Close"))&#xD;
&#xD;
2019-09-20 09:51:47 - [TEST_STEP][NOT_RUN] - delay(2): NOT_RUN: delay(2)&#xD;
&#xD;
2019-09-20 09:51:47 - [MESSAGE][NOT_RUN] - NOT_RUN: delay(2)&#xD;
&#xD;
2019-09-20 09:51:47 - [MESSAGE][PASSED] - Call Test Case 'Test Cases/Regression Clinical Edge (All Browsers)/CLNK-23349 - ContinuLink - Login' successfully&#xD;
&#xD;
2019-09-20 09:51:47 - [TEST_STEP][PASSED] - waitForPageLoad(60): Wait for page load successfully&#xD;
&#xD;
2019-09-20 09:51:47 - [MESSAGE][PASSED] - Wait for page load successfully&#xD;
&#xD;
2019-09-20 09:51:47 - [TEST_STEP][PASSED] - maximizeWindow(): Current window maximized&#xD;
&#xD;
2019-09-20 09:51:47 - [MESSAGE][PASSED] - Current window maximized&#xD;
&#xD;
2019-09-20 09:51:47 - [TEST_STEP][PASSED] - waitForPageLoad(60): Wait for page load successfully&#xD;
&#xD;
2019-09-20 09:51:47 - [MESSAGE][PASSED] - Wait for page load successfully&#xD;
&#xD;
2019-09-20 09:51:47 - [TEST_STEP][PASSED] - delay(8): Delayed 8 second(s)&#xD;
&#xD;
2019-09-20 09:51:55 - [MESSAGE][PASSED] - Delayed 8 second(s)&#xD;
&#xD;
2019-09-20 09:51:55 - [TEST_STEP][PASSED] - waitForElementPresent(findTestObject("Regression Clinical Edge/ClientPage/HomeLink"), 100): Object 'Object Repository/Regression Clinical Edge/ClientPage/HomeLink' is present&#xD;
&#xD;
2019-09-20 09:51:55 - [MESSAGE][PASSED] - Object 'Object Repository/Regression Clinical Edge/ClientPage/HomeLink' is present&#xD;
&#xD;
2019-09-20 09:51:55 - [TEST_STEP][PASSED] - click(findTestObject("Regression Clinical Edge/ClientPage/HomeLink")): Object: 'Object Repository/Regression Clinical Edge/ClientPage/HomeLink' is clicked on&#xD;
&#xD;
2019-09-20 09:51:56 - [MESSAGE][PASSED] - Object: 'Object Repository/Regression Clinical Edge/ClientPage/HomeLink' is clicked on&#xD;
&#xD;
2019-09-20 09:51:56 - [TEST_STEP][PASSED] - delay(2): Delayed 2 second(s)&#xD;
&#xD;
2019-09-20 09:51:58 - [MESSAGE][PASSED] - Delayed 2 second(s)&#xD;
&#xD;
2019-09-20 09:51:58 - [TEST_STEP][PASSED] - waitForPageLoad(50): Wait for page load successfully&#xD;
&#xD;
2019-09-20 09:51:58 - [MESSAGE][PASSED] - Wait for page load successfully&#xD;
&#xD;
2019-09-20 09:51:58 - [TEST_STEP][PASSED] - verifyElementPresent(findTestObject("Regression Clinical Edge/CLINK-23467/a_CurrentClient"), 10): Object 'Object Repository/Regression Clinical Edge/CLINK-23467/a_CurrentClient' is present&#xD;
&#xD;
2019-09-20 09:51:58 - [MESSAGE][PASSED] - Object 'Object Repository/Regression Clinical Edge/CLINK-23467/a_CurrentClient' is present&#xD;
&#xD;
2019-09-20 09:51:58 - [TEST_STEP][PASSED] - if (verifyElementPresent(findTestObject("Regression Clinical Edge/CLINK-23467/a_CurrentClient"), 10)): Object: 'Object Repository/Regression Clinical Edge/CLINK-23467/a_CurrentClient' is clicked on&#xD;
&#xD;
2019-09-20 09:51:58 - [MESSAGE][PASSED] - Object 'Object Repository/Regression Clinical Edge/CLINK-23467/a_CurrentClient' is present&#xD;
&#xD;
2019-09-20 09:51:58 - [TEST_STEP][PASSED] - click(findTestObject("Regression Clinical Edge/CLINK-23467/a_CurrentClient")): Object: 'Object Repository/Regression Clinical Edge/CLINK-23467/a_CurrentClient' is clicked on&#xD;
&#xD;
2019-09-20 09:52:00 - [MESSAGE][PASSED] - Object: 'Object Repository/Regression Clinical Edge/CLINK-23467/a_CurrentClient' is clicked on&#xD;
&#xD;
2019-09-20 09:52:00 - [TEST_STEP][PASSED] - delay(5): Delayed 5 second(s)&#xD;
&#xD;
2019-09-20 09:52:05 - [MESSAGE][PASSED] - Delayed 5 second(s)&#xD;
&#xD;
2019-09-20 09:52:05 - [TEST_STEP][PASSED] - waitForPageLoad(50): Wait for page load successfully&#xD;
&#xD;
2019-09-20 09:52:05 - [MESSAGE][PASSED] - Wait for page load successfully&#xD;
&#xD;
2019-09-20 09:52:05 - [TEST_STEP][PASSED] - waitForElementPresent(findTestObject("Regression Clinical Edge/CLINK-23314/button_Add Schedule"), 50): Object 'Object Repository/Regression Clinical Edge/CLINK-23314/button_Add Schedule' is present&#xD;
&#xD;
2019-09-20 09:52:05 - [MESSAGE][PASSED] - Object 'Object Repository/Regression Clinical Edge/CLINK-23314/button_Add Schedule' is present&#xD;
&#xD;
2019-09-20 09:52:05 - [TEST_STEP][PASSED] - click(findTestObject("Regression Clinical Edge/CLINK-23314/button_Add Schedule")): Object: 'Object Repository/Regression Clinical Edge/CLINK-23314/button_Add Schedule' is clicked on&#xD;
&#xD;
2019-09-20 09:52:05 - [MESSAGE][PASSED] - Object: 'Object Repository/Regression Clinical Edge/CLINK-23314/button_Add Schedule' is clicked on&#xD;
&#xD;
2019-09-20 09:52:05 - [TEST_STEP][PASSED] - waitForElementPresent(findTestObject("Regression Clinical Edge/CLINK-23314/FilterBySubServices"), 50): Object 'Object Repository/Regression Clinical Edge/CLINK-23314/FilterBySubServices' is present&#xD;
&#xD;
2019-09-20 09:52:05 - [MESSAGE][PASSED] - Object 'Object Repository/Regression Clinical Edge/CLINK-23314/FilterBySubServices' is present&#xD;
&#xD;
2019-09-20 09:52:05 - [TEST_STEP][PASSED] - click(findTestObject("Regression Clinical Edge/CLINK-23314/FilterBySubServices")): Object: 'Object Repository/Regression Clinical Edge/CLINK-23314/FilterBySubServices' is clicked on&#xD;
&#xD;
2019-09-20 09:52:06 - [MESSAGE][PASSED] - Object: 'Object Repository/Regression Clinical Edge/CLINK-23314/FilterBySubServices' is clicked on&#xD;
&#xD;
2019-09-20 09:52:06 - [TEST_STEP][PASSED] - delay(2): Delayed 2 second(s)&#xD;
&#xD;
2019-09-20 09:52:08 - [MESSAGE][PASSED] - Delayed 2 second(s)&#xD;
&#xD;
2019-09-20 09:52:08 - [TEST_STEP][PASSED] - waitForElementPresent(findTestObject("Regression Clinical Edge/CLINK-23314/ServiceTypeList"), 50): Object 'Object Repository/Regression Clinical Edge/CLINK-23314/ServiceTypeList' is present&#xD;
&#xD;
2019-09-20 09:52:08 - [MESSAGE][PASSED] - Object 'Object Repository/Regression Clinical Edge/CLINK-23314/ServiceTypeList' is present&#xD;
&#xD;
2019-09-20 09:52:08 - [TEST_STEP][PASSED] - click(findTestObject("Regression Clinical Edge/CLINK-23314/ServiceTypeList")): Object: 'Object Repository/Regression Clinical Edge/CLINK-23314/ServiceTypeList' is clicked on&#xD;
&#xD;
2019-09-20 09:52:08 - [MESSAGE][PASSED] - Object: 'Object Repository/Regression Clinical Edge/CLINK-23314/ServiceTypeList' is clicked on&#xD;
&#xD;
2019-09-20 09:52:08 - [TEST_STEP][PASSED] - sendKeys(findTestObject("Regression Clinical Edge/CLINK-23314/ServiceTypeList"), Keys.chord(ARROW_RIGHT, ARROW_DOWN, ARROW_DOWN, ARROW_DOWN, ARROW_DOWN, ARROW_DOWN, ARROW_DOWN, ARROW_DOWN, ARROW_DOWN, ENTER)): Keys 'RIGHT + DOWN + DOWN + DOWN + DOWN + DOWN + DOWN + DOWN + DOWN + ENTER + ' sent to object: 'Object Repository/Regression Clinical Edge/CLINK-23314/ServiceTypeList'&#xD;
&#xD;
2019-09-20 09:52:08 - [MESSAGE][PASSED] - Keys 'RIGHT + DOWN + DOWN + DOWN + DOWN + DOWN + DOWN + DOWN + DOWN + ENTER + ' sent to object: 'Object Repository/Regression Clinical Edge/CLINK-23314/ServiceTypeList'&#xD;
&#xD;
2019-09-20 09:52:08 - [TEST_STEP][PASSED] - waitForElementPresent(findTestObject("Regression Clinical Edge/CLINK-23314/StartTime"), 60): Object 'Object Repository/Regression Clinical Edge/CLINK-23314/StartTime' is present&#xD;
&#xD;
2019-09-20 09:52:08 - [MESSAGE][PASSED] - Object 'Object Repository/Regression Clinical Edge/CLINK-23314/StartTime' is present&#xD;
&#xD;
2019-09-20 09:52:08 - [TEST_STEP][PASSED] - clearText(findTestObject("Regression Clinical Edge/CLINK-23314/StartTime")): Text of object 'Object Repository/Regression Clinical Edge/CLINK-23314/StartTime' is cleared&#xD;
&#xD;
2019-09-20 09:52:09 - [MESSAGE][PASSED] - Text of object 'Object Repository/Regression Clinical Edge/CLINK-23314/StartTime' is cleared&#xD;
&#xD;
2019-09-20 09:52:09 - [TEST_STEP][PASSED] - delay(3): Delayed 3 second(s)&#xD;
&#xD;
2019-09-20 09:52:12 - [MESSAGE][PASSED] - Delayed 3 second(s)&#xD;
&#xD;
2019-09-20 09:52:12 - [TEST_STEP][PASSED] - click(findTestObject("Regression Clinical Edge/CLINK-23314/StartTime")): Object: 'Object Repository/Regression Clinical Edge/CLINK-23314/StartTime' is clicked on&#xD;
&#xD;
2019-09-20 09:52:12 - [MESSAGE][PASSED] - Object: 'Object Repository/Regression Clinical Edge/CLINK-23314/StartTime' is clicked on&#xD;
&#xD;
2019-09-20 09:52:12 - [TEST_STEP][PASSED] - delay(2): Delayed 2 second(s)&#xD;
&#xD;
2019-09-20 09:52:14 - [MESSAGE][PASSED] - Delayed 2 second(s)&#xD;
&#xD;
2019-09-20 09:52:14 - [TEST_STEP][PASSED] - sendKeys(findTestObject("Regression Clinical Edge/CLINK-23314/StartTime"), "0005"): Keys '0005' sent to object: 'Object Repository/Regression Clinical Edge/CLINK-23314/StartTime'&#xD;
&#xD;
2019-09-20 09:52:14 - [MESSAGE][PASSED] - Keys '0005' sent to object: 'Object Repository/Regression Clinical Edge/CLINK-23314/StartTime'&#xD;
&#xD;
2019-09-20 09:52:14 - [TEST_STEP][PASSED] - delay(3): Delayed 3 second(s)&#xD;
&#xD;
2019-09-20 09:52:17 - [MESSAGE][PASSED] - Delayed 3 second(s)&#xD;
&#xD;
2019-09-20 09:52:17 - [TEST_STEP][PASSED] - waitForElementPresent(findTestObject("Regression Clinical Edge/CLINK-23314/EndTime"), 60): Object 'Object Repository/Regression Clinical Edge/CLINK-23314/EndTime' is present&#xD;
&#xD;
2019-09-20 09:52:17 - [MESSAGE][PASSED] - Object 'Object Repository/Regression Clinical Edge/CLINK-23314/EndTime' is present&#xD;
&#xD;
2019-09-20 09:52:17 - [TEST_STEP][PASSED] - clearText(findTestObject("Regression Clinical Edge/CLINK-23314/EndTime")): Text of object 'Object Repository/Regression Clinical Edge/CLINK-23314/EndTime' is cleared&#xD;
&#xD;
2019-09-20 09:52:17 - [MESSAGE][PASSED] - Text of object 'Object Repository/Regression Clinical Edge/CLINK-23314/EndTime' is cleared&#xD;
&#xD;
2019-09-20 09:52:17 - [TEST_STEP][PASSED] - delay(2): Delayed 2 second(s)&#xD;
&#xD;
2019-09-20 09:52:19 - [MESSAGE][PASSED] - Delayed 2 second(s)&#xD;
&#xD;
2019-09-20 09:52:19 - [TEST_STEP][PASSED] - click(findTestObject("Regression Clinical Edge/CLINK-23314/EndTime")): Object: 'Object Repository/Regression Clinical Edge/CLINK-23314/EndTime' is clicked on&#xD;
&#xD;
2019-09-20 09:52:19 - [MESSAGE][PASSED] - Object: 'Object Repository/Regression Clinical Edge/CLINK-23314/EndTime' is clicked on&#xD;
&#xD;
2019-09-20 09:52:19 - [TEST_STEP][PASSED] - delay(2): Delayed 2 second(s)&#xD;
&#xD;
2019-09-20 09:52:21 - [MESSAGE][PASSED] - Delayed 2 second(s)&#xD;
&#xD;
2019-09-20 09:52:21 - [TEST_STEP][PASSED] - sendKeys(findTestObject("Regression Clinical Edge/CLINK-23314/EndTime"), "0025"): Keys '0025' sent to object: 'Object Repository/Regression Clinical Edge/CLINK-23314/EndTime'&#xD;
&#xD;
2019-09-20 09:52:22 - [MESSAGE][PASSED] - Keys '0025' sent to object: 'Object Repository/Regression Clinical Edge/CLINK-23314/EndTime'&#xD;
&#xD;
2019-09-20 09:52:22 - [TEST_STEP][PASSED] - waitForElementPresent(findTestObject("Regression Clinical Edge/CLINK-23314/SaveButton"), 100): Object 'Object Repository/Regression Clinical Edge/CLINK-23314/SaveButton' is present&#xD;
&#xD;
2019-09-20 09:52:22 - [MESSAGE][PASSED] - Object 'Object Repository/Regression Clinical Edge/CLINK-23314/SaveButton' is present&#xD;
&#xD;
2019-09-20 09:52:22 - [TEST_STEP][PASSED] - click(findTestObject("Regression Clinical Edge/CLINK-23314/SaveButton")): Object: 'Object Repository/Regression Clinical Edge/CLINK-23314/SaveButton' is clicked on&#xD;
&#xD;
2019-09-20 09:52:22 - [MESSAGE][PASSED] - Object: 'Object Repository/Regression Clinical Edge/CLINK-23314/SaveButton' is clicked on&#xD;
&#xD;
2019-09-20 09:52:22 - [TEST_STEP][PASSED] - waitForPageLoad(100): Wait for page load successfully&#xD;
&#xD;
2019-09-20 09:52:22 - [MESSAGE][PASSED] - Wait for page load successfully&#xD;
&#xD;
2019-09-20 09:52:22 - [TEST_STEP][PASSED] - delay(4): Delayed 4 second(s)&#xD;
&#xD;
2019-09-20 09:52:26 - [MESSAGE][PASSED] - Delayed 4 second(s)&#xD;
&#xD;
2019-09-20 09:52:26 - [TEST_STEP][PASSED] - closeBrowser(): Browser is closed&#xD;
&#xD;
2019-09-20 09:52:27 - [MESSAGE][PASSED] - Browser is closed</system-out>
            <system-err></system-err>
        </testcase>
        <testcase name="Test Cases/Regression Clinical Edge (All Browsers)/CLNK-29104 - CE - Start visit" classname="Test Cases/Regression Clinical Edge (All Browsers)/CLNK-29104 - CE - Start visit" status="PASSED">
            <system-out>2019-09-20 09:52:29 - [TEST_CASE][PASSED] - Test Cases/Regression Clinical Edge (All Browsers)/CLNK-29104 - CE - Start visit: Test Cases/Regression Clinical Edge (All Browsers)/CLNK-29104 - CE - Start visit&#xD;
&#xD;
2019-09-20 09:52:29 - [TEST_STEP][PASSED] - callTestCase(findTestCase("Regression Clinical Edge (All Browsers)/CLNK-23349 - ContinuLink - Login"), [:], STOP_ON_FAILURE): Call Test Case 'Test Cases/Regression Clinical Edge (All Browsers)/CLNK-23349 - ContinuLink - Login' successfully&#xD;
&#xD;
2019-09-20 09:52:29 - [TEST_CASE][PASSED] - Test Cases/Regression Clinical Edge (All Browsers)/CLNK-23349 - ContinuLink - Login: Test Cases/Regression Clinical Edge (All Browsers)/CLNK-23349 - ContinuLink - Login&#xD;
&#xD;
2019-09-20 09:52:29 - [TEST_STEP][PASSED] - deleteAllCookies(): Delete all cookies successfully&#xD;
&#xD;
2019-09-20 09:52:29 - [MESSAGE][WARNING] - Cannot delete cookies because browser is closed&#xD;
&#xD;
2019-09-20 09:52:29 - [MESSAGE][PASSED] - Delete all cookies successfully&#xD;
&#xD;
2019-09-20 09:52:29 - [TEST_STEP][PASSED] - openBrowser(G_SiteURL): Browser is opened with url: 'https://qanewpoc.continulink.com/Account/Login.aspx?ReturnUrl=%2fdefault.aspx'&#xD;
&#xD;
2019-09-20 09:52:29 - [MESSAGE][INFO] - Starting 'Chrome' driver&#xD;
&#xD;
2019-09-20 09:52:38 - [MESSAGE][PASSED] - Browser is opened with url: 'https://qanewpoc.continulink.com/Account/Login.aspx?ReturnUrl=%2fdefault.aspx'&#xD;
&#xD;
2019-09-20 09:52:38 - [TEST_STEP][PASSED] - waitForPageLoad(60): Wait for page load successfully&#xD;
&#xD;
2019-09-20 09:52:38 - [MESSAGE][PASSED] - Wait for page load successfully&#xD;
&#xD;
2019-09-20 09:52:38 - [TEST_STEP][PASSED] - maximizeWindow(): Current window maximized&#xD;
&#xD;
2019-09-20 09:52:43 - [MESSAGE][PASSED] - Current window maximized&#xD;
&#xD;
2019-09-20 09:52:43 - [TEST_STEP][PASSED] - setText(findTestObject("Regression Clinical Edge/CLNK-23349/User"), G_CaregiverUserName): Text 'setenta' is set on object 'Object Repository/Regression Clinical Edge/CLNK-23349/User'&#xD;
&#xD;
2019-09-20 09:52:43 - [MESSAGE][PASSED] - Text 'setenta' is set on object 'Object Repository/Regression Clinical Edge/CLNK-23349/User'&#xD;
&#xD;
2019-09-20 09:52:43 - [TEST_STEP][PASSED] - setText(findTestObject("Regression Clinical Edge/CLNK-23349/Password"), G_Password): Text 'qwerty' is set on object 'Object Repository/Regression Clinical Edge/CLNK-23349/Password'&#xD;
&#xD;
2019-09-20 09:52:43 - [MESSAGE][PASSED] - Text 'qwerty' is set on object 'Object Repository/Regression Clinical Edge/CLNK-23349/Password'&#xD;
&#xD;
2019-09-20 09:52:43 - [TEST_STEP][PASSED] - click(findTestObject("Regression Clinical Edge/CLNK-23349/Button_LogIn")): Object: 'Object Repository/Regression Clinical Edge/CLNK-23349/Button_LogIn' is clicked on&#xD;
&#xD;
2019-09-20 09:52:45 - [MESSAGE][PASSED] - Object: 'Object Repository/Regression Clinical Edge/CLNK-23349/Button_LogIn' is clicked on&#xD;
&#xD;
2019-09-20 09:52:45 - [TEST_STEP][PASSED] - waitForPageLoad(60): Wait for page load successfully&#xD;
&#xD;
2019-09-20 09:52:45 - [MESSAGE][PASSED] - Wait for page load successfully&#xD;
&#xD;
2019-09-20 09:52:45 - [TEST_STEP][PASSED] - delay(2): Delayed 2 second(s)&#xD;
&#xD;
2019-09-20 09:52:47 - [MESSAGE][PASSED] - Delayed 2 second(s)&#xD;
&#xD;
2019-09-20 09:52:47 - [TEST_STEP][NOT_RUN] - waitForElementPresent(findTestObject("Regression Clinical Edge/CLINK-23509/button_Close"), 100): NOT_RUN: waitForElementPresent(findTestObject("Regression Clinical Edge/CLINK-23509/button_Close"), 100)&#xD;
&#xD;
2019-09-20 09:52:47 - [MESSAGE][NOT_RUN] - NOT_RUN: waitForElementPresent(findTestObject("Regression Clinical Edge/CLINK-23509/button_Close"), 100)&#xD;
&#xD;
2019-09-20 09:52:47 - [TEST_STEP][NOT_RUN] - click(findTestObject("Regression Clinical Edge/CLINK-23509/button_Close")): NOT_RUN: click(findTestObject("Regression Clinical Edge/CLINK-23509/button_Close"))&#xD;
&#xD;
2019-09-20 09:52:47 - [MESSAGE][NOT_RUN] - NOT_RUN: click(findTestObject("Regression Clinical Edge/CLINK-23509/button_Close"))&#xD;
&#xD;
2019-09-20 09:52:47 - [TEST_STEP][NOT_RUN] - delay(2): NOT_RUN: delay(2)&#xD;
&#xD;
2019-09-20 09:52:47 - [MESSAGE][NOT_RUN] - NOT_RUN: delay(2)&#xD;
&#xD;
2019-09-20 09:52:47 - [MESSAGE][PASSED] - Call Test Case 'Test Cases/Regression Clinical Edge (All Browsers)/CLNK-23349 - ContinuLink - Login' successfully&#xD;
&#xD;
2019-09-20 09:52:47 - [TEST_STEP][PASSED] - waitForPageLoad(60): Wait for page load successfully&#xD;
&#xD;
2019-09-20 09:52:47 - [MESSAGE][PASSED] - Wait for page load successfully&#xD;
&#xD;
2019-09-20 09:52:47 - [TEST_STEP][PASSED] - maximizeWindow(): Current window maximized&#xD;
&#xD;
2019-09-20 09:52:47 - [MESSAGE][PASSED] - Current window maximized&#xD;
&#xD;
2019-09-20 09:52:47 - [TEST_STEP][PASSED] - waitForPageLoad(60): Wait for page load successfully&#xD;
&#xD;
2019-09-20 09:52:47 - [MESSAGE][PASSED] - Wait for page load successfully&#xD;
&#xD;
2019-09-20 09:52:47 - [TEST_STEP][PASSED] - delay(8): Delayed 8 second(s)&#xD;
&#xD;
2019-09-20 09:52:55 - [MESSAGE][PASSED] - Delayed 8 second(s)&#xD;
&#xD;
2019-09-20 09:52:55 - [TEST_STEP][PASSED] - waitForElementPresent(findTestObject("Regression Clinical Edge/ClientPage/HomeLink"), 100): Object 'Object Repository/Regression Clinical Edge/ClientPage/HomeLink' is present&#xD;
&#xD;
2019-09-20 09:52:55 - [MESSAGE][PASSED] - Object 'Object Repository/Regression Clinical Edge/ClientPage/HomeLink' is present&#xD;
&#xD;
2019-09-20 09:52:55 - [TEST_STEP][PASSED] - click(findTestObject("Regression Clinical Edge/ClientPage/HomeLink")): Object: 'Object Repository/Regression Clinical Edge/ClientPage/HomeLink' is clicked on&#xD;
&#xD;
2019-09-20 09:52:56 - [MESSAGE][PASSED] - Object: 'Object Repository/Regression Clinical Edge/ClientPage/HomeLink' is clicked on&#xD;
&#xD;
2019-09-20 09:52:56 - [TEST_STEP][PASSED] - delay(2): Delayed 2 second(s)&#xD;
&#xD;
2019-09-20 09:52:58 - [MESSAGE][PASSED] - Delayed 2 second(s)&#xD;
&#xD;
2019-09-20 09:52:58 - [TEST_STEP][PASSED] - waitForPageLoad(50): Wait for page load successfully&#xD;
&#xD;
2019-09-20 09:52:58 - [MESSAGE][PASSED] - Wait for page load successfully&#xD;
&#xD;
2019-09-20 09:52:58 - [TEST_STEP][PASSED] - verifyElementPresent(findTestObject("Regression Clinical Edge/CLINK-23467/a_CurrentClient"), 10): Object 'Object Repository/Regression Clinical Edge/CLINK-23467/a_CurrentClient' is present&#xD;
&#xD;
2019-09-20 09:52:58 - [MESSAGE][PASSED] - Object 'Object Repository/Regression Clinical Edge/CLINK-23467/a_CurrentClient' is present&#xD;
&#xD;
2019-09-20 09:52:58 - [TEST_STEP][PASSED] - if (verifyElementPresent(findTestObject("Regression Clinical Edge/CLINK-23467/a_CurrentClient"), 10)): Object: 'Object Repository/Regression Clinical Edge/CLINK-23467/a_CurrentClient' is clicked on&#xD;
&#xD;
2019-09-20 09:52:58 - [MESSAGE][PASSED] - Object 'Object Repository/Regression Clinical Edge/CLINK-23467/a_CurrentClient' is present&#xD;
&#xD;
2019-09-20 09:52:58 - [TEST_STEP][PASSED] - click(findTestObject("Regression Clinical Edge/CLINK-23467/a_CurrentClient")): Object: 'Object Repository/Regression Clinical Edge/CLINK-23467/a_CurrentClient' is clicked on&#xD;
&#xD;
2019-09-20 09:53:00 - [MESSAGE][PASSED] - Object: 'Object Repository/Regression Clinical Edge/CLINK-23467/a_CurrentClient' is clicked on&#xD;
&#xD;
2019-09-20 09:53:00 - [TEST_STEP][PASSED] - delay(5): Delayed 5 second(s)&#xD;
&#xD;
2019-09-20 09:53:05 - [MESSAGE][PASSED] - Delayed 5 second(s)&#xD;
&#xD;
2019-09-20 09:53:05 - [TEST_STEP][PASSED] - waitForPageLoad(50): Wait for page load successfully&#xD;
&#xD;
2019-09-20 09:53:05 - [MESSAGE][PASSED] - Wait for page load successfully&#xD;
&#xD;
2019-09-20 09:53:05 - [TEST_STEP][NOT_RUN] - waitForElementPresent(findTestObject("Regression Clinical Edge/ClientPage/HomeLink"), 100): NOT_RUN: waitForElementPresent(findTestObject("Regression Clinical Edge/ClientPage/HomeLink"), 100)&#xD;
&#xD;
2019-09-20 09:53:05 - [MESSAGE][NOT_RUN] - NOT_RUN: waitForElementPresent(findTestObject("Regression Clinical Edge/ClientPage/HomeLink"), 100)&#xD;
&#xD;
2019-09-20 09:53:05 - [TEST_STEP][NOT_RUN] - click(findTestObject("Regression Clinical Edge/ClientPage/HomeLink")): NOT_RUN: click(findTestObject("Regression Clinical Edge/ClientPage/HomeLink"))&#xD;
&#xD;
2019-09-20 09:53:05 - [MESSAGE][NOT_RUN] - NOT_RUN: click(findTestObject("Regression Clinical Edge/ClientPage/HomeLink"))&#xD;
&#xD;
2019-09-20 09:53:05 - [TEST_STEP][NOT_RUN] - delay(2): NOT_RUN: delay(2)&#xD;
&#xD;
2019-09-20 09:53:05 - [MESSAGE][NOT_RUN] - NOT_RUN: delay(2)&#xD;
&#xD;
2019-09-20 09:53:05 - [TEST_STEP][NOT_RUN] - waitForPageLoad(50): NOT_RUN: waitForPageLoad(50)&#xD;
&#xD;
2019-09-20 09:53:05 - [MESSAGE][NOT_RUN] - NOT_RUN: waitForPageLoad(50)&#xD;
&#xD;
2019-09-20 09:53:05 - [TEST_STEP][NOT_RUN] - waitForElementPresent(findTestObject("Regression Clinical Edge/HomePage/RequestTab"), 50): NOT_RUN: waitForElementPresent(findTestObject("Regression Clinical Edge/HomePage/RequestTab"), 50)&#xD;
&#xD;
2019-09-20 09:53:05 - [MESSAGE][NOT_RUN] - NOT_RUN: waitForElementPresent(findTestObject("Regression Clinical Edge/HomePage/RequestTab"), 50)&#xD;
&#xD;
2019-09-20 09:53:05 - [TEST_STEP][NOT_RUN] - click(findTestObject("Regression Clinical Edge/HomePage/RequestTab")): NOT_RUN: click(findTestObject("Regression Clinical Edge/HomePage/RequestTab"))&#xD;
&#xD;
2019-09-20 09:53:05 - [MESSAGE][NOT_RUN] - NOT_RUN: click(findTestObject("Regression Clinical Edge/HomePage/RequestTab"))&#xD;
&#xD;
2019-09-20 09:53:05 - [TEST_STEP][NOT_RUN] - delay(2): NOT_RUN: delay(2)&#xD;
&#xD;
2019-09-20 09:53:05 - [MESSAGE][NOT_RUN] - NOT_RUN: delay(2)&#xD;
&#xD;
2019-09-20 09:53:05 - [TEST_STEP][NOT_RUN] - waitForElementPresent(findTestObject("Regression Clinical Edge/HomePage/SearchText"), 50): NOT_RUN: waitForElementPresent(findTestObject("Regression Clinical Edge/HomePage/SearchText"), 50)&#xD;
&#xD;
2019-09-20 09:53:05 - [MESSAGE][NOT_RUN] - NOT_RUN: waitForElementPresent(findTestObject("Regression Clinical Edge/HomePage/SearchText"), 50)&#xD;
&#xD;
2019-09-20 09:53:05 - [TEST_STEP][NOT_RUN] - setText(findTestObject("Regression Clinical Edge/HomePage/SearchText"), G_ClientLastName): NOT_RUN: setText(findTestObject("Regression Clinical Edge/HomePage/SearchText"), G_ClientLastName)&#xD;
&#xD;
2019-09-20 09:53:05 - [MESSAGE][NOT_RUN] - NOT_RUN: setText(findTestObject("Regression Clinical Edge/HomePage/SearchText"), G_ClientLastName)&#xD;
&#xD;
2019-09-20 09:53:05 - [TEST_STEP][NOT_RUN] - delay(3): NOT_RUN: delay(3)&#xD;
&#xD;
2019-09-20 09:53:05 - [MESSAGE][NOT_RUN] - NOT_RUN: delay(3)&#xD;
&#xD;
2019-09-20 09:53:05 - [TEST_STEP][NOT_RUN] - scrollToElement(findTestObject("Regression Clinical Edge/CLINK-23314/a_Khur Heather (535592)"), 60): NOT_RUN: scrollToElement(findTestObject("Regression Clinical Edge/CLINK-23314/a_Khur Heather (535592)"), 60)&#xD;
&#xD;
2019-09-20 09:53:05 - [MESSAGE][NOT_RUN] - NOT_RUN: scrollToElement(findTestObject("Regression Clinical Edge/CLINK-23314/a_Khur Heather (535592)"), 60)&#xD;
&#xD;
2019-09-20 09:53:05 - [TEST_STEP][NOT_RUN] - waitForElementPresent(findTestObject("Regression Clinical Edge/CLINK-23314/a_Khur Heather (535592)"), 60): NOT_RUN: waitForElementPresent(findTestObject("Regression Clinical Edge/CLINK-23314/a_Khur Heather (535592)"), 60)&#xD;
&#xD;
2019-09-20 09:53:05 - [MESSAGE][NOT_RUN] - NOT_RUN: waitForElementPresent(findTestObject("Regression Clinical Edge/CLINK-23314/a_Khur Heather (535592)"), 60)&#xD;
&#xD;
2019-09-20 09:53:05 - [TEST_STEP][NOT_RUN] - click(findTestObject("Regression Clinical Edge/CLINK-23314/a_Khur Heather (535592)")): NOT_RUN: click(findTestObject("Regression Clinical Edge/CLINK-23314/a_Khur Heather (535592)"))&#xD;
&#xD;
2019-09-20 09:53:05 - [MESSAGE][NOT_RUN] - NOT_RUN: click(findTestObject("Regression Clinical Edge/CLINK-23314/a_Khur Heather (535592)"))&#xD;
&#xD;
2019-09-20 09:53:05 - [TEST_STEP][NOT_RUN] - delay(5): NOT_RUN: delay(5)&#xD;
&#xD;
2019-09-20 09:53:05 - [MESSAGE][NOT_RUN] - NOT_RUN: delay(5)&#xD;
&#xD;
2019-09-20 09:53:05 - [TEST_STEP][NOT_RUN] - waitForPageLoad(50): NOT_RUN: waitForPageLoad(50)&#xD;
&#xD;
2019-09-20 09:53:05 - [MESSAGE][NOT_RUN] - NOT_RUN: waitForPageLoad(50)&#xD;
&#xD;
2019-09-20 09:53:05 - [TEST_STEP][PASSED] - waitForElementPresent(findTestObject("Regression Clinical Edge/CLINK-29104/PlayVisit"), 50): Object 'Object Repository/Regression Clinical Edge/CLINK-29104/PlayVisit' is present&#xD;
&#xD;
2019-09-20 09:53:05 - [MESSAGE][PASSED] - Object 'Object Repository/Regression Clinical Edge/CLINK-29104/PlayVisit' is present&#xD;
&#xD;
2019-09-20 09:53:05 - [TEST_STEP][PASSED] - click(findTestObject("Regression Clinical Edge/CLINK-29104/PlayVisit")): Object: 'Object Repository/Regression Clinical Edge/CLINK-29104/PlayVisit' is clicked on&#xD;
&#xD;
2019-09-20 09:53:07 - [MESSAGE][PASSED] - Object: 'Object Repository/Regression Clinical Edge/CLINK-29104/PlayVisit' is clicked on&#xD;
&#xD;
2019-09-20 09:53:07 - [TEST_STEP][PASSED] - delay(5): Delayed 5 second(s)&#xD;
&#xD;
2019-09-20 09:53:12 - [MESSAGE][PASSED] - Delayed 5 second(s)&#xD;
&#xD;
2019-09-20 09:53:12 - [TEST_STEP][PASSED] - waitForElementPresent(findTestObject("Regression Clinical Edge/CLINK-29104/Punch In Button"), 50): Object 'Object Repository/Regression Clinical Edge/CLINK-29104/Punch In Button' is present&#xD;
&#xD;
2019-09-20 09:53:12 - [MESSAGE][PASSED] - Object 'Object Repository/Regression Clinical Edge/CLINK-29104/Punch In Button' is present&#xD;
&#xD;
2019-09-20 09:53:12 - [TEST_STEP][PASSED] - click(findTestObject("Regression Clinical Edge/CLINK-29104/Punch In Button")): Object: 'Object Repository/Regression Clinical Edge/CLINK-29104/Punch In Button' is clicked on&#xD;
&#xD;
2019-09-20 09:53:12 - [MESSAGE][PASSED] - Object: 'Object Repository/Regression Clinical Edge/CLINK-29104/Punch In Button' is clicked on&#xD;
&#xD;
2019-09-20 09:53:12 - [TEST_STEP][PASSED] - delay(5): Delayed 5 second(s)&#xD;
&#xD;
2019-09-20 09:53:17 - [MESSAGE][PASSED] - Delayed 5 second(s)&#xD;
&#xD;
2019-09-20 09:53:17 - [TEST_STEP][PASSED] - closeBrowser(): Browser is closed&#xD;
&#xD;
2019-09-20 09:53:18 - [MESSAGE][PASSED] - Browser is closed</system-out>
            <system-err></system-err>
        </testcase>
        <testcase name="Test Cases/Regression Clinical Edge (All Browsers)/CLNK-23511 - Clinical Edge - Adding, Completing, Approving Visit Notes" classname="Test Cases/Regression Clinical Edge (All Browsers)/CLNK-23511 - Clinical Edge - Adding, Completing, Approving Visit Notes" status="PASSED">
            <system-out>2019-09-20 09:53:20 - [TEST_CASE][PASSED] - Test Cases/Regression Clinical Edge (All Browsers)/CLNK-23511 - Clinical Edge - Adding, Completing, Approving Visit Notes: Test Cases/Regression Clinical Edge (All Browsers)/CLNK-23511 - Clinical Edge - Adding, Completing, Approving Visit Notes&#xD;
&#xD;
2019-09-20 09:53:20 - [TEST_STEP][PASSED] - callTestCase(findTestCase("Regression Clinical Edge (All Browsers)/CLNK-23349 - ContinuLink - Login"), [:], STOP_ON_FAILURE): Call Test Case 'Test Cases/Regression Clinical Edge (All Browsers)/CLNK-23349 - ContinuLink - Login' successfully&#xD;
&#xD;
2019-09-20 09:53:21 - [TEST_CASE][PASSED] - Test Cases/Regression Clinical Edge (All Browsers)/CLNK-23349 - ContinuLink - Login: Test Cases/Regression Clinical Edge (All Browsers)/CLNK-23349 - ContinuLink - Login&#xD;
&#xD;
2019-09-20 09:53:21 - [TEST_STEP][PASSED] - deleteAllCookies(): Delete all cookies successfully&#xD;
&#xD;
2019-09-20 09:53:21 - [MESSAGE][WARNING] - Cannot delete cookies because browser is closed&#xD;
&#xD;
2019-09-20 09:53:21 - [MESSAGE][PASSED] - Delete all cookies successfully&#xD;
&#xD;
2019-09-20 09:53:21 - [TEST_STEP][PASSED] - openBrowser(G_SiteURL): Browser is opened with url: 'https://qanewpoc.continulink.com/Account/Login.aspx?ReturnUrl=%2fdefault.aspx'&#xD;
&#xD;
2019-09-20 09:53:21 - [MESSAGE][INFO] - Starting 'Chrome' driver&#xD;
&#xD;
2019-09-20 09:53:29 - [MESSAGE][PASSED] - Browser is opened with url: 'https://qanewpoc.continulink.com/Account/Login.aspx?ReturnUrl=%2fdefault.aspx'&#xD;
&#xD;
2019-09-20 09:53:29 - [TEST_STEP][PASSED] - waitForPageLoad(60): Wait for page load successfully&#xD;
&#xD;
2019-09-20 09:53:29 - [MESSAGE][PASSED] - Wait for page load successfully&#xD;
&#xD;
2019-09-20 09:53:29 - [TEST_STEP][PASSED] - maximizeWindow(): Current window maximized&#xD;
&#xD;
2019-09-20 09:53:34 - [MESSAGE][PASSED] - Current window maximized&#xD;
&#xD;
2019-09-20 09:53:34 - [TEST_STEP][PASSED] - setText(findTestObject("Regression Clinical Edge/CLNK-23349/User"), G_CaregiverUserName): Text 'setenta' is set on object 'Object Repository/Regression Clinical Edge/CLNK-23349/User'&#xD;
&#xD;
2019-09-20 09:53:34 - [MESSAGE][PASSED] - Text 'setenta' is set on object 'Object Repository/Regression Clinical Edge/CLNK-23349/User'&#xD;
&#xD;
2019-09-20 09:53:34 - [TEST_STEP][PASSED] - setText(findTestObject("Regression Clinical Edge/CLNK-23349/Password"), G_Password): Text 'qwerty' is set on object 'Object Repository/Regression Clinical Edge/CLNK-23349/Password'&#xD;
&#xD;
2019-09-20 09:53:34 - [MESSAGE][PASSED] - Text 'qwerty' is set on object 'Object Repository/Regression Clinical Edge/CLNK-23349/Password'&#xD;
&#xD;
2019-09-20 09:53:34 - [TEST_STEP][PASSED] - click(findTestObject("Regression Clinical Edge/CLNK-23349/Button_LogIn")): Object: 'Object Repository/Regression Clinical Edge/CLNK-23349/Button_LogIn' is clicked on&#xD;
&#xD;
2019-09-20 09:53:36 - [MESSAGE][PASSED] - Object: 'Object Repository/Regression Clinical Edge/CLNK-23349/Button_LogIn' is clicked on&#xD;
&#xD;
2019-09-20 09:53:36 - [TEST_STEP][PASSED] - waitForPageLoad(60): Wait for page load successfully&#xD;
&#xD;
2019-09-20 09:53:36 - [MESSAGE][PASSED] - Wait for page load successfully&#xD;
&#xD;
2019-09-20 09:53:36 - [TEST_STEP][PASSED] - delay(2): Delayed 2 second(s)&#xD;
&#xD;
2019-09-20 09:53:38 - [MESSAGE][PASSED] - Delayed 2 second(s)&#xD;
&#xD;
2019-09-20 09:53:38 - [TEST_STEP][NOT_RUN] - waitForElementPresent(findTestObject("Regression Clinical Edge/CLINK-23509/button_Close"), 100): NOT_RUN: waitForElementPresent(findTestObject("Regression Clinical Edge/CLINK-23509/button_Close"), 100)&#xD;
&#xD;
2019-09-20 09:53:38 - [MESSAGE][NOT_RUN] - NOT_RUN: waitForElementPresent(findTestObject("Regression Clinical Edge/CLINK-23509/button_Close"), 100)&#xD;
&#xD;
2019-09-20 09:53:38 - [TEST_STEP][NOT_RUN] - click(findTestObject("Regression Clinical Edge/CLINK-23509/button_Close")): NOT_RUN: click(findTestObject("Regression Clinical Edge/CLINK-23509/button_Close"))&#xD;
&#xD;
2019-09-20 09:53:38 - [MESSAGE][NOT_RUN] - NOT_RUN: click(findTestObject("Regression Clinical Edge/CLINK-23509/button_Close"))&#xD;
&#xD;
2019-09-20 09:53:38 - [TEST_STEP][NOT_RUN] - delay(2): NOT_RUN: delay(2)&#xD;
&#xD;
2019-09-20 09:53:38 - [MESSAGE][NOT_RUN] - NOT_RUN: delay(2)&#xD;
&#xD;
2019-09-20 09:53:38 - [MESSAGE][PASSED] - Call Test Case 'Test Cases/Regression Clinical Edge (All Browsers)/CLNK-23349 - ContinuLink - Login' successfully&#xD;
&#xD;
2019-09-20 09:53:38 - [TEST_STEP][PASSED] - waitForPageLoad(60): Wait for page load successfully&#xD;
&#xD;
2019-09-20 09:53:38 - [MESSAGE][PASSED] - Wait for page load successfully&#xD;
&#xD;
2019-09-20 09:53:38 - [TEST_STEP][PASSED] - maximizeWindow(): Current window maximized&#xD;
&#xD;
2019-09-20 09:53:38 - [MESSAGE][PASSED] - Current window maximized&#xD;
&#xD;
2019-09-20 09:53:38 - [TEST_STEP][PASSED] - waitForPageLoad(60): Wait for page load successfully&#xD;
&#xD;
2019-09-20 09:53:38 - [MESSAGE][PASSED] - Wait for page load successfully&#xD;
&#xD;
2019-09-20 09:53:38 - [TEST_STEP][PASSED] - delay(8): Delayed 8 second(s)&#xD;
&#xD;
2019-09-20 09:53:46 - [MESSAGE][PASSED] - Delayed 8 second(s)&#xD;
&#xD;
2019-09-20 09:53:46 - [TEST_STEP][PASSED] - waitForElementPresent(findTestObject("Regression Clinical Edge/ClientPage/HomeLink"), 100): Object 'Object Repository/Regression Clinical Edge/ClientPage/HomeLink' is present&#xD;
&#xD;
2019-09-20 09:53:46 - [MESSAGE][PASSED] - Object 'Object Repository/Regression Clinical Edge/ClientPage/HomeLink' is present&#xD;
&#xD;
2019-09-20 09:53:46 - [TEST_STEP][PASSED] - click(findTestObject("Regression Clinical Edge/ClientPage/HomeLink")): Object: 'Object Repository/Regression Clinical Edge/ClientPage/HomeLink' is clicked on&#xD;
&#xD;
2019-09-20 09:53:46 - [MESSAGE][PASSED] - Object: 'Object Repository/Regression Clinical Edge/ClientPage/HomeLink' is clicked on&#xD;
&#xD;
2019-09-20 09:53:46 - [TEST_STEP][PASSED] - delay(2): Delayed 2 second(s)&#xD;
&#xD;
2019-09-20 09:53:49 - [MESSAGE][PASSED] - Delayed 2 second(s)&#xD;
&#xD;
2019-09-20 09:53:49 - [TEST_STEP][PASSED] - waitForPageLoad(50): Wait for page load successfully&#xD;
&#xD;
2019-09-20 09:53:49 - [MESSAGE][PASSED] - Wait for page load successfully&#xD;
&#xD;
2019-09-20 09:53:49 - [TEST_STEP][PASSED] - verifyElementPresent(findTestObject("Regression Clinical Edge/CLINK-23467/a_CurrentClient"), 10): Object 'Object Repository/Regression Clinical Edge/CLINK-23467/a_CurrentClient' is present&#xD;
&#xD;
2019-09-20 09:53:49 - [MESSAGE][PASSED] - Object 'Object Repository/Regression Clinical Edge/CLINK-23467/a_CurrentClient' is present&#xD;
&#xD;
2019-09-20 09:53:49 - [TEST_STEP][PASSED] - if (verifyElementPresent(findTestObject("Regression Clinical Edge/CLINK-23467/a_CurrentClient"), 10)): Object: 'Object Repository/Regression Clinical Edge/CLINK-23467/a_CurrentClient' is clicked on&#xD;
&#xD;
2019-09-20 09:53:49 - [MESSAGE][PASSED] - Object 'Object Repository/Regression Clinical Edge/CLINK-23467/a_CurrentClient' is present&#xD;
&#xD;
2019-09-20 09:53:49 - [TEST_STEP][PASSED] - click(findTestObject("Regression Clinical Edge/CLINK-23467/a_CurrentClient")): Object: 'Object Repository/Regression Clinical Edge/CLINK-23467/a_CurrentClient' is clicked on&#xD;
&#xD;
2019-09-20 09:53:50 - [MESSAGE][PASSED] - Object: 'Object Repository/Regression Clinical Edge/CLINK-23467/a_CurrentClient' is clicked on&#xD;
&#xD;
2019-09-20 09:53:50 - [TEST_STEP][PASSED] - delay(5): Delayed 5 second(s)&#xD;
&#xD;
2019-09-20 09:53:55 - [MESSAGE][PASSED] - Delayed 5 second(s)&#xD;
&#xD;
2019-09-20 09:53:55 - [TEST_STEP][PASSED] - waitForPageLoad(50): Wait for page load successfully&#xD;
&#xD;
2019-09-20 09:53:55 - [MESSAGE][PASSED] - Wait for page load successfully&#xD;
&#xD;
2019-09-20 09:53:55 - [TEST_STEP][NOT_RUN] - waitForElementPresent(findTestObject("Regression Clinical Edge/ClientPage/HomeLink"), 100): NOT_RUN: waitForElementPresent(findTestObject("Regression Clinical Edge/ClientPage/HomeLink"), 100)&#xD;
&#xD;
2019-09-20 09:53:55 - [MESSAGE][NOT_RUN] - NOT_RUN: waitForElementPresent(findTestObject("Regression Clinical Edge/ClientPage/HomeLink"), 100)&#xD;
&#xD;
2019-09-20 09:53:55 - [TEST_STEP][NOT_RUN] - click(findTestObject("Regression Clinical Edge/ClientPage/HomeLink")): NOT_RUN: click(findTestObject("Regression Clinical Edge/ClientPage/HomeLink"))&#xD;
&#xD;
2019-09-20 09:53:55 - [MESSAGE][NOT_RUN] - NOT_RUN: click(findTestObject("Regression Clinical Edge/ClientPage/HomeLink"))&#xD;
&#xD;
2019-09-20 09:53:55 - [TEST_STEP][NOT_RUN] - delay(2): NOT_RUN: delay(2)&#xD;
&#xD;
2019-09-20 09:53:55 - [MESSAGE][NOT_RUN] - NOT_RUN: delay(2)&#xD;
&#xD;
2019-09-20 09:53:55 - [TEST_STEP][NOT_RUN] - waitForPageLoad(50): NOT_RUN: waitForPageLoad(50)&#xD;
&#xD;
2019-09-20 09:53:55 - [MESSAGE][NOT_RUN] - NOT_RUN: waitForPageLoad(50)&#xD;
&#xD;
2019-09-20 09:53:55 - [TEST_STEP][NOT_RUN] - waitForElementPresent(findTestObject("Regression Clinical Edge/HomePage/RequestTab"), 50): NOT_RUN: waitForElementPresent(findTestObject("Regression Clinical Edge/HomePage/RequestTab"), 50)&#xD;
&#xD;
2019-09-20 09:53:55 - [MESSAGE][NOT_RUN] - NOT_RUN: waitForElementPresent(findTestObject("Regression Clinical Edge/HomePage/RequestTab"), 50)&#xD;
&#xD;
2019-09-20 09:53:55 - [TEST_STEP][NOT_RUN] - click(findTestObject("Regression Clinical Edge/HomePage/RequestTab")): NOT_RUN: click(findTestObject("Regression Clinical Edge/HomePage/RequestTab"))&#xD;
&#xD;
2019-09-20 09:53:55 - [MESSAGE][NOT_RUN] - NOT_RUN: click(findTestObject("Regression Clinical Edge/HomePage/RequestTab"))&#xD;
&#xD;
2019-09-20 09:53:55 - [TEST_STEP][NOT_RUN] - delay(2): NOT_RUN: delay(2)&#xD;
&#xD;
2019-09-20 09:53:55 - [MESSAGE][NOT_RUN] - NOT_RUN: delay(2)&#xD;
&#xD;
2019-09-20 09:53:55 - [TEST_STEP][NOT_RUN] - waitForElementPresent(findTestObject("Regression Clinical Edge/HomePage/SearchText"), 50): NOT_RUN: waitForElementPresent(findTestObject("Regression Clinical Edge/HomePage/SearchText"), 50)&#xD;
&#xD;
2019-09-20 09:53:55 - [MESSAGE][NOT_RUN] - NOT_RUN: waitForElementPresent(findTestObject("Regression Clinical Edge/HomePage/SearchText"), 50)&#xD;
&#xD;
2019-09-20 09:53:55 - [TEST_STEP][NOT_RUN] - setText(findTestObject("Regression Clinical Edge/HomePage/SearchText"), G_ClientLastName): NOT_RUN: setText(findTestObject("Regression Clinical Edge/HomePage/SearchText"), G_ClientLastName)&#xD;
&#xD;
2019-09-20 09:53:55 - [MESSAGE][NOT_RUN] - NOT_RUN: setText(findTestObject("Regression Clinical Edge/HomePage/SearchText"), G_ClientLastName)&#xD;
&#xD;
2019-09-20 09:53:55 - [TEST_STEP][NOT_RUN] - delay(3): NOT_RUN: delay(3)&#xD;
&#xD;
2019-09-20 09:53:55 - [MESSAGE][NOT_RUN] - NOT_RUN: delay(3)&#xD;
&#xD;
2019-09-20 09:53:55 - [TEST_STEP][NOT_RUN] - scrollToElement(findTestObject("Regression Clinical Edge/CLINK-23314/a_Khur Heather (535592)"), 60): NOT_RUN: scrollToElement(findTestObject("Regression Clinical Edge/CLINK-23314/a_Khur Heather (535592)"), 60)&#xD;
&#xD;
2019-09-20 09:53:55 - [MESSAGE][NOT_RUN] - NOT_RUN: scrollToElement(findTestObject("Regression Clinical Edge/CLINK-23314/a_Khur Heather (535592)"), 60)&#xD;
&#xD;
2019-09-20 09:53:55 - [TEST_STEP][NOT_RUN] - waitForElementPresent(findTestObject("Regression Clinical Edge/CLINK-23314/a_Khur Heather (535592)"), 60): NOT_RUN: waitForElementPresent(findTestObject("Regression Clinical Edge/CLINK-23314/a_Khur Heather (535592)"), 60)&#xD;
&#xD;
2019-09-20 09:53:55 - [MESSAGE][NOT_RUN] - NOT_RUN: waitForElementPresent(findTestObject("Regression Clinical Edge/CLINK-23314/a_Khur Heather (535592)"), 60)&#xD;
&#xD;
2019-09-20 09:53:55 - [TEST_STEP][NOT_RUN] - click(findTestObject("Regression Clinical Edge/CLINK-23314/a_Khur Heather (535592)")): NOT_RUN: click(findTestObject("Regression Clinical Edge/CLINK-23314/a_Khur Heather (535592)"))&#xD;
&#xD;
2019-09-20 09:53:55 - [MESSAGE][NOT_RUN] - NOT_RUN: click(findTestObject("Regression Clinical Edge/CLINK-23314/a_Khur Heather (535592)"))&#xD;
&#xD;
2019-09-20 09:53:55 - [TEST_STEP][NOT_RUN] - delay(5): NOT_RUN: delay(5)&#xD;
&#xD;
2019-09-20 09:53:55 - [MESSAGE][NOT_RUN] - NOT_RUN: delay(5)&#xD;
&#xD;
2019-09-20 09:53:55 - [TEST_STEP][NOT_RUN] - waitForPageLoad(50): NOT_RUN: waitForPageLoad(50)&#xD;
&#xD;
2019-09-20 09:53:55 - [MESSAGE][NOT_RUN] - NOT_RUN: waitForPageLoad(50)&#xD;
&#xD;
2019-09-20 09:53:55 - [TEST_STEP][PASSED] - waitForElementPresent(findTestObject("Regression Clinical Edge/CLINK-29104/PlayVisit"), 50): Object 'Object Repository/Regression Clinical Edge/CLINK-29104/PlayVisit' is present&#xD;
&#xD;
2019-09-20 09:53:55 - [MESSAGE][PASSED] - Object 'Object Repository/Regression Clinical Edge/CLINK-29104/PlayVisit' is present&#xD;
&#xD;
2019-09-20 09:53:55 - [TEST_STEP][PASSED] - click(findTestObject("Regression Clinical Edge/CLINK-29104/PlayVisit")): Object: 'Object Repository/Regression Clinical Edge/CLINK-29104/PlayVisit' is clicked on&#xD;
&#xD;
2019-09-20 09:53:57 - [MESSAGE][PASSED] - Object: 'Object Repository/Regression Clinical Edge/CLINK-29104/PlayVisit' is clicked on&#xD;
&#xD;
2019-09-20 09:53:57 - [TEST_STEP][PASSED] - delay(5): Delayed 5 second(s)&#xD;
&#xD;
2019-09-20 09:54:02 - [MESSAGE][PASSED] - Delayed 5 second(s)&#xD;
&#xD;
2019-09-20 09:54:02 - [TEST_STEP][PASSED] - waitForElementPresent(findTestObject("Regression Clinical Edge/CLINK-29104/Nursing Visit Link"), 50): Object 'Object Repository/Regression Clinical Edge/CLINK-29104/Nursing Visit Link' is present&#xD;
&#xD;
2019-09-20 09:54:02 - [MESSAGE][PASSED] - Object 'Object Repository/Regression Clinical Edge/CLINK-29104/Nursing Visit Link' is present&#xD;
&#xD;
2019-09-20 09:54:02 - [TEST_STEP][PASSED] - click(findTestObject("Regression Clinical Edge/CLINK-29104/Nursing Visit Link")): Object: 'Object Repository/Regression Clinical Edge/CLINK-29104/Nursing Visit Link' is clicked on&#xD;
&#xD;
2019-09-20 09:54:10 - [MESSAGE][PASSED] - Object: 'Object Repository/Regression Clinical Edge/CLINK-29104/Nursing Visit Link' is clicked on&#xD;
&#xD;
2019-09-20 09:54:10 - [TEST_STEP][PASSED] - delay(5): Delayed 5 second(s)&#xD;
&#xD;
2019-09-20 09:54:15 - [MESSAGE][PASSED] - Delayed 5 second(s)&#xD;
&#xD;
2019-09-20 09:54:15 - [TEST_STEP][PASSED] - waitForPageLoad(30): Wait for page load successfully&#xD;
&#xD;
2019-09-20 09:54:15 - [MESSAGE][PASSED] - Wait for page load successfully&#xD;
&#xD;
2019-09-20 09:54:15 - [TEST_STEP][PASSED] - waitForElementPresent(findTestObject("Regression Clinical Edge/CLNK-23511/VisitBillingCode"), 50): Object 'Object Repository/Regression Clinical Edge/CLNK-23511/VisitBillingCode' is present&#xD;
&#xD;
2019-09-20 09:54:15 - [MESSAGE][PASSED] - Object 'Object Repository/Regression Clinical Edge/CLNK-23511/VisitBillingCode' is present&#xD;
&#xD;
2019-09-20 09:54:15 - [TEST_STEP][PASSED] - click(findTestObject("Regression Clinical Edge/CLNK-23511/VisitBillingCode")): Object: 'Object Repository/Regression Clinical Edge/CLNK-23511/VisitBillingCode' is clicked on&#xD;
&#xD;
2019-09-20 09:54:15 - [MESSAGE][PASSED] - Object: 'Object Repository/Regression Clinical Edge/CLNK-23511/VisitBillingCode' is clicked on&#xD;
&#xD;
2019-09-20 09:54:15 - [TEST_STEP][PASSED] - delay(2): Delayed 2 second(s)&#xD;
&#xD;
2019-09-20 09:54:17 - [MESSAGE][PASSED] - Delayed 2 second(s)&#xD;
&#xD;
2019-09-20 09:54:17 - [TEST_STEP][PASSED] - sendKeys(findTestObject("Regression Clinical Edge/CLNK-23511/VisitBillingCode"), Keys.chord(ARROW_DOWN, ENTER)): Keys 'DOWN + ENTER + ' sent to object: 'Object Repository/Regression Clinical Edge/CLNK-23511/VisitBillingCode'&#xD;
&#xD;
2019-09-20 09:54:17 - [MESSAGE][PASSED] - Keys 'DOWN + ENTER + ' sent to object: 'Object Repository/Regression Clinical Edge/CLNK-23511/VisitBillingCode'&#xD;
&#xD;
2019-09-20 09:54:17 - [TEST_STEP][PASSED] - delay(5): Delayed 5 second(s)&#xD;
&#xD;
2019-09-20 09:54:22 - [MESSAGE][PASSED] - Delayed 5 second(s)&#xD;
&#xD;
2019-09-20 09:54:22 - [TEST_STEP][PASSED] - waitForElementPresent(findTestObject("Regression Clinical Edge/CLNK-23511/Sections"), 50): Object 'Object Repository/Regression Clinical Edge/CLNK-23511/Sections' is present&#xD;
&#xD;
2019-09-20 09:54:22 - [MESSAGE][PASSED] - Object 'Object Repository/Regression Clinical Edge/CLNK-23511/Sections' is present&#xD;
&#xD;
2019-09-20 09:54:22 - [TEST_STEP][PASSED] - click(findTestObject("Regression Clinical Edge/CLNK-23511/Sections")): Object: 'Object Repository/Regression Clinical Edge/CLNK-23511/Sections' is clicked on&#xD;
&#xD;
2019-09-20 09:54:22 - [MESSAGE][PASSED] - Object: 'Object Repository/Regression Clinical Edge/CLNK-23511/Sections' is clicked on&#xD;
&#xD;
2019-09-20 09:54:22 - [TEST_STEP][PASSED] - delay(5): Delayed 5 second(s)&#xD;
&#xD;
2019-09-20 09:54:27 - [MESSAGE][PASSED] - Delayed 5 second(s)&#xD;
&#xD;
2019-09-20 09:54:27 - [TEST_STEP][PASSED] - waitForElementPresent(findTestObject("Regression Clinical Edge/CLNK-23511/Nursing Findings Physical Observation"), 50): Object 'Object Repository/Regression Clinical Edge/CLNK-23511/Nursing Findings Physical Observation' is present&#xD;
&#xD;
2019-09-20 09:54:27 - [MESSAGE][PASSED] - Object 'Object Repository/Regression Clinical Edge/CLNK-23511/Nursing Findings Physical Observation' is present&#xD;
&#xD;
2019-09-20 09:54:27 - [TEST_STEP][PASSED] - click(findTestObject("Regression Clinical Edge/CLNK-23511/Nursing Findings Physical Observation")): Object: 'Object Repository/Regression Clinical Edge/CLNK-23511/Nursing Findings Physical Observation' is clicked on&#xD;
&#xD;
2019-09-20 09:54:31 - [MESSAGE][PASSED] - Object: 'Object Repository/Regression Clinical Edge/CLNK-23511/Nursing Findings Physical Observation' is clicked on&#xD;
&#xD;
2019-09-20 09:54:31 - [TEST_STEP][PASSED] - delay(5): Delayed 5 second(s)&#xD;
&#xD;
2019-09-20 09:54:36 - [MESSAGE][PASSED] - Delayed 5 second(s)&#xD;
&#xD;
2019-09-20 09:54:36 - [TEST_STEP][PASSED] - waitForPageLoad(30): Wait for page load successfully&#xD;
&#xD;
2019-09-20 09:54:36 - [MESSAGE][PASSED] - Wait for page load successfully&#xD;
&#xD;
2019-09-20 09:54:37 - [TEST_STEP][PASSED] - waitForElementPresent(findTestObject("Regression Clinical Edge/CLNK-23511/Orientated1"), 50): Object 'Object Repository/Regression Clinical Edge/CLNK-23511/Orientated1' is present&#xD;
&#xD;
2019-09-20 09:54:37 - [MESSAGE][PASSED] - Object 'Object Repository/Regression Clinical Edge/CLNK-23511/Orientated1' is present&#xD;
&#xD;
2019-09-20 09:54:37 - [TEST_STEP][PASSED] - click(findTestObject("Regression Clinical Edge/CLNK-23511/Orientated1")): Object: 'Object Repository/Regression Clinical Edge/CLNK-23511/Orientated1' is clicked on&#xD;
&#xD;
2019-09-20 09:54:37 - [MESSAGE][PASSED] - Object: 'Object Repository/Regression Clinical Edge/CLNK-23511/Orientated1' is clicked on&#xD;
&#xD;
2019-09-20 09:54:37 - [TEST_STEP][PASSED] - delay(5): Delayed 5 second(s)&#xD;
&#xD;
2019-09-20 09:54:42 - [MESSAGE][PASSED] - Delayed 5 second(s)&#xD;
&#xD;
2019-09-20 09:54:42 - [TEST_STEP][PASSED] - scrollToElement(findTestObject("Regression Clinical Edge/CLNK-23511/WNL2"), 50): Scroll to object 'Object Repository/Regression Clinical Edge/CLNK-23511/WNL2' successfully&#xD;
&#xD;
2019-09-20 09:54:42 - [MESSAGE][PASSED] - Scroll to object 'Object Repository/Regression Clinical Edge/CLNK-23511/WNL2' successfully&#xD;
&#xD;
2019-09-20 09:54:42 - [TEST_STEP][PASSED] - click(findTestObject("Regression Clinical Edge/CLNK-23511/WNL2")): Object: 'Object Repository/Regression Clinical Edge/CLNK-23511/WNL2' is clicked on&#xD;
&#xD;
2019-09-20 09:54:42 - [MESSAGE][PASSED] - Object: 'Object Repository/Regression Clinical Edge/CLNK-23511/WNL2' is clicked on&#xD;
&#xD;
2019-09-20 09:54:42 - [TEST_STEP][PASSED] - delay(5): Delayed 5 second(s)&#xD;
&#xD;
2019-09-20 09:54:47 - [MESSAGE][PASSED] - Delayed 5 second(s)&#xD;
&#xD;
2019-09-20 09:54:47 - [TEST_STEP][PASSED] - scrollToElement(findTestObject("Regression Clinical Edge/CLNK-23511/Clear3"), 50): Scroll to object 'Object Repository/Regression Clinical Edge/CLNK-23511/Clear3' successfully&#xD;
&#xD;
2019-09-20 09:54:47 - [MESSAGE][PASSED] - Scroll to object 'Object Repository/Regression Clinical Edge/CLNK-23511/Clear3' successfully&#xD;
&#xD;
2019-09-20 09:54:47 - [TEST_STEP][PASSED] - click(findTestObject("Regression Clinical Edge/CLNK-23511/Clear3")): Object: 'Object Repository/Regression Clinical Edge/CLNK-23511/Clear3' is clicked on&#xD;
&#xD;
2019-09-20 09:54:47 - [MESSAGE][PASSED] - Object: 'Object Repository/Regression Clinical Edge/CLNK-23511/Clear3' is clicked on&#xD;
&#xD;
2019-09-20 09:54:47 - [TEST_STEP][PASSED] - delay(5): Delayed 5 second(s)&#xD;
&#xD;
2019-09-20 09:54:52 - [MESSAGE][PASSED] - Delayed 5 second(s)&#xD;
&#xD;
2019-09-20 09:54:52 - [TEST_STEP][PASSED] - waitForElementPresent(findTestObject("Regression Clinical Edge/CLNK-23511/textarea_Clear"), 50): Object 'Object Repository/Regression Clinical Edge/CLNK-23511/textarea_Clear' is present&#xD;
&#xD;
2019-09-20 09:54:52 - [MESSAGE][PASSED] - Object 'Object Repository/Regression Clinical Edge/CLNK-23511/textarea_Clear' is present&#xD;
&#xD;
2019-09-20 09:54:52 - [TEST_STEP][PASSED] - click(findTestObject("Regression Clinical Edge/CLNK-23511/textarea_Clear")): Object: 'Object Repository/Regression Clinical Edge/CLNK-23511/textarea_Clear' is clicked on&#xD;
&#xD;
2019-09-20 09:54:53 - [MESSAGE][PASSED] - Object: 'Object Repository/Regression Clinical Edge/CLNK-23511/textarea_Clear' is clicked on&#xD;
&#xD;
2019-09-20 09:54:53 - [TEST_STEP][PASSED] - sendKeys(findTestObject("Regression Clinical Edge/CLNK-23511/textarea_Clear"), "Clear Text"): Keys 'Clear Text' sent to object: 'Object Repository/Regression Clinical Edge/CLNK-23511/textarea_Clear'&#xD;
&#xD;
2019-09-20 09:54:53 - [MESSAGE][PASSED] - Keys 'Clear Text' sent to object: 'Object Repository/Regression Clinical Edge/CLNK-23511/textarea_Clear'&#xD;
&#xD;
2019-09-20 09:54:53 - [TEST_STEP][PASSED] - delay(5): Delayed 5 second(s)&#xD;
&#xD;
2019-09-20 09:54:58 - [MESSAGE][PASSED] - Delayed 5 second(s)&#xD;
&#xD;
2019-09-20 09:54:58 - [TEST_STEP][PASSED] - scrollToElement(findTestObject("Regression Clinical Edge/CLNK-23511/NoProb4"), 50): Scroll to object 'Object Repository/Regression Clinical Edge/CLNK-23511/NoProb4' successfully&#xD;
&#xD;
2019-09-20 09:54:58 - [MESSAGE][PASSED] - Scroll to object 'Object Repository/Regression Clinical Edge/CLNK-23511/NoProb4' successfully&#xD;
&#xD;
2019-09-20 09:54:58 - [TEST_STEP][PASSED] - click(findTestObject("Regression Clinical Edge/CLNK-23511/NoProb4")): Object: 'Object Repository/Regression Clinical Edge/CLNK-23511/NoProb4' is clicked on&#xD;
&#xD;
2019-09-20 09:54:58 - [MESSAGE][PASSED] - Object: 'Object Repository/Regression Clinical Edge/CLNK-23511/NoProb4' is clicked on&#xD;
&#xD;
2019-09-20 09:54:58 - [TEST_STEP][PASSED] - delay(5): Delayed 5 second(s)&#xD;
&#xD;
2019-09-20 09:55:03 - [MESSAGE][PASSED] - Delayed 5 second(s)&#xD;
&#xD;
2019-09-20 09:55:03 - [TEST_STEP][PASSED] - scrollToElement(findTestObject("Regression Clinical Edge/CLNK-23511/Chronic5"), 50): Scroll to object 'Object Repository/Regression Clinical Edge/CLNK-23511/Chronic5' successfully&#xD;
&#xD;
2019-09-20 09:55:03 - [MESSAGE][PASSED] - Scroll to object 'Object Repository/Regression Clinical Edge/CLNK-23511/Chronic5' successfully&#xD;
&#xD;
2019-09-20 09:55:03 - [TEST_STEP][PASSED] - click(findTestObject("Regression Clinical Edge/CLNK-23511/Chronic5")): Object: 'Object Repository/Regression Clinical Edge/CLNK-23511/Chronic5' is clicked on&#xD;
&#xD;
2019-09-20 09:55:03 - [MESSAGE][PASSED] - Object: 'Object Repository/Regression Clinical Edge/CLNK-23511/Chronic5' is clicked on&#xD;
&#xD;
2019-09-20 09:55:03 - [TEST_STEP][PASSED] - delay(5): Delayed 5 second(s)&#xD;
&#xD;
2019-09-20 09:55:08 - [MESSAGE][PASSED] - Delayed 5 second(s)&#xD;
&#xD;
2019-09-20 09:55:08 - [TEST_STEP][PASSED] - scrollToElement(findTestObject("Regression Clinical Edge/CLNK-23511/SaveButton"), 50): Scroll to object 'Object Repository/Regression Clinical Edge/CLNK-23511/SaveButton' successfully&#xD;
&#xD;
2019-09-20 09:55:08 - [MESSAGE][PASSED] - Scroll to object 'Object Repository/Regression Clinical Edge/CLNK-23511/SaveButton' successfully&#xD;
&#xD;
2019-09-20 09:55:08 - [TEST_STEP][PASSED] - click(findTestObject("Regression Clinical Edge/CLNK-23511/SaveButton")): Object: 'Object Repository/Regression Clinical Edge/CLNK-23511/SaveButton' is clicked on&#xD;
&#xD;
2019-09-20 09:55:09 - [MESSAGE][PASSED] - Object: 'Object Repository/Regression Clinical Edge/CLNK-23511/SaveButton' is clicked on&#xD;
&#xD;
2019-09-20 09:55:09 - [TEST_STEP][PASSED] - delay(5): Delayed 5 second(s)&#xD;
&#xD;
2019-09-20 09:55:14 - [MESSAGE][PASSED] - Delayed 5 second(s)&#xD;
&#xD;
2019-09-20 09:55:14 - [TEST_STEP][PASSED] - waitForPageLoad(50): Wait for page load successfully&#xD;
&#xD;
2019-09-20 09:55:14 - [MESSAGE][PASSED] - Wait for page load successfully&#xD;
&#xD;
2019-09-20 09:55:14 - [TEST_STEP][PASSED] - waitForElementPresent(findTestObject("Regression Clinical Edge/CLNK-23511/Sign Submit"), 50): Object 'Object Repository/Regression Clinical Edge/CLNK-23511/Sign Submit' is present&#xD;
&#xD;
2019-09-20 09:55:14 - [MESSAGE][PASSED] - Object 'Object Repository/Regression Clinical Edge/CLNK-23511/Sign Submit' is present&#xD;
&#xD;
2019-09-20 09:55:14 - [TEST_STEP][PASSED] - click(findTestObject("Regression Clinical Edge/CLNK-23511/Sign Submit")): Unable to click on object 'Object Repository/Regression Clinical Edge/CLNK-23511/Sign Submit' (Root cause: com.kms.katalon.core.exception.StepFailedException: Unable to click on object 'Object Repository/Regression Clinical Edge/CLNK-23511/Sign Submit'&#xD;
	at com.kms.katalon.core.webui.keyword.internal.WebUIKeywordMain.stepFailed(WebUIKeywordMain.groovy:64)&#xD;
	at com.kms.katalon.core.webui.keyword.internal.WebUIKeywordMain.runKeyword(WebUIKeywordMain.groovy:26)&#xD;
	at com.kms.katalon.core.webui.keyword.builtin.ClickKeyword.click(ClickKeyword.groovy:86)&#xD;
	at com.kms.katalon.core.webui.keyword.builtin.ClickKeyword.execute(ClickKeyword.groovy:67)&#xD;
	at com.kms.katalon.core.keyword.internal.KeywordExecutor.executeKeywordForPlatform(KeywordExecutor.groovy:56)&#xD;
	at com.kms.katalon.core.webui.keyword.WebUiBuiltInKeywords.click(WebUiBuiltInKeywords.groovy:616)&#xD;
	at com.kms.katalon.core.webui.keyword.WebUiBuiltInKeywords$click$4.call(Unknown Source)&#xD;
	at CLNK-23511 - Clinical Edge - Adding, Completing, Approving Visit Notes.run(CLNK-23511 - Clinical Edge - Adding, Completing, Approving Visit Notes:180)&#xD;
	at com.kms.katalon.core.main.ScriptEngine.run(ScriptEngine.java:194)&#xD;
	at com.kms.katalon.core.main.ScriptEngine.runScriptAsRawText(ScriptEngine.java:119)&#xD;
	at com.kms.katalon.core.main.TestCaseExecutor.runScript(TestCaseExecutor.java:337)&#xD;
	at com.kms.katalon.core.main.TestCaseExecutor.doExecute(TestCaseExecutor.java:328)&#xD;
	at com.kms.katalon.core.main.TestCaseExecutor.processExecutionPhase(TestCaseExecutor.java:307)&#xD;
	at com.kms.katalon.core.main.TestCaseExecutor.accessMainPhase(TestCaseExecutor.java:299)&#xD;
	at com.kms.katalon.core.main.TestCaseExecutor.execute(TestCaseExecutor.java:233)&#xD;
	at com.kms.katalon.core.main.TestSuiteExecutor.accessTestCaseMainPhase(TestSuiteExecutor.java:169)&#xD;
	at com.kms.katalon.core.main.TestSuiteExecutor.accessTestSuiteMainPhase(TestSuiteExecutor.java:142)&#xD;
	at com.kms.katalon.core.main.TestSuiteExecutor.execute(TestSuiteExecutor.java:91)&#xD;
	at com.kms.katalon.core.main.TestCaseMain.startTestSuite(TestCaseMain.java:157)&#xD;
	at com.kms.katalon.core.main.TestCaseMain$startTestSuite$0.call(Unknown Source)&#xD;
	at TempTestSuite1568983773172.run(TempTestSuite1568983773172.groovy:35)&#xD;
Caused by: org.openqa.selenium.ElementNotInteractableException: element not interactable
  (Session info: chrome=76.0.3809.132)
Build info: version: '3.141.59', revision: 'e82be7d358', time: '2018-11-14T08:25:53'
System info: host: 'DESKTOP-BPONDF2', ip: '192.168.0.121', os.name: 'Windows 10', os.arch: 'amd64', os.version: '10.0', java.version: '1.8.0_181'
Driver info: com.kms.katalon.selenium.driver.CChromeDriver
Capabilities {acceptInsecureCerts: false, browserName: chrome, browserVersion: 76.0.3809.132, chrome: {chromedriverVersion: 76.0.3809.126 (d80a294506b4..., userDataDir: C:\Users\isaac\AppData\Loca...}, goog:chromeOptions: {debuggerAddress: localhost:61739}, javascriptEnabled: true, networkConnectionEnabled: false, pageLoadStrategy: normal, platform: XP, platformName: XP, proxy: Proxy(), setWindowRect: true, strictFileInteractability: false, timeouts: {implicit: 0, pageLoad: 300000, script: 30000}, unhandledPromptBehavior: dismiss and notify}
Session ID: d6efc98e2dc4feb935c83dc017afc503&#xD;
	at org.openqa.selenium.remote.http.W3CHttpResponseCodec.createException(W3CHttpResponseCodec.java:187)&#xD;
	at org.openqa.selenium.remote.http.W3CHttpResponseCodec.decode(W3CHttpResponseCodec.java:122)&#xD;
	at org.openqa.selenium.remote.http.W3CHttpResponseCodec.decode(W3CHttpResponseCodec.java:49)&#xD;
	at org.openqa.selenium.remote.HttpCommandExecutor.execute(HttpCommandExecutor.java:158)&#xD;
	at org.openqa.selenium.remote.service.DriverCommandExecutor.execute(DriverCommandExecutor.java:83)&#xD;
	at org.openqa.selenium.remote.RemoteWebDriver.execute(RemoteWebDriver.java:552)&#xD;
	at com.kms.katalon.selenium.driver.CChromeDriver.execute(CChromeDriver.java:20)&#xD;
	at org.openqa.selenium.remote.RemoteWebElement.execute(RemoteWebElement.java:285)&#xD;
	at org.openqa.selenium.remote.RemoteWebElement.click(RemoteWebElement.java:84)&#xD;
	at com.kms.katalon.core.webui.keyword.builtin.ClickKeyword$_click_closure1.doCall(ClickKeyword.groovy:79)&#xD;
	at com.kms.katalon.core.webui.keyword.builtin.ClickKeyword$_click_closure1.call(ClickKeyword.groovy)&#xD;
	at com.kms.katalon.core.webui.keyword.internal.WebUIKeywordMain.runKeyword(WebUIKeywordMain.groovy:20)&#xD;
	at com.kms.katalon.core.webui.keyword.builtin.ClickKeyword.click(ClickKeyword.groovy:86)&#xD;
	at com.kms.katalon.core.webui.keyword.builtin.ClickKeyword.execute(ClickKeyword.groovy:67)&#xD;
	at com.kms.katalon.core.keyword.internal.KeywordExecutor.executeKeywordForPlatform(KeywordExecutor.groovy:56)&#xD;
	at com.kms.katalon.core.webui.keyword.WebUiBuiltInKeywords.click(WebUiBuiltInKeywords.groovy:616)&#xD;
	at com.kms.katalon.core.webui.keyword.WebUiBuiltInKeywords$click$4.call(Unknown Source)&#xD;
	at Script1566646856778.run(Script1566646856778.groovy:180)&#xD;
	... 13 more&#xD;
)&#xD;
&#xD;
2019-09-20 09:55:15 - [MESSAGE][WARNING] - Unable to click on object 'Object Repository/Regression Clinical Edge/CLNK-23511/Sign Submit' (Root cause: com.kms.katalon.core.exception.StepFailedException: Unable to click on object 'Object Repository/Regression Clinical Edge/CLNK-23511/Sign Submit'&#xD;
	at com.kms.katalon.core.webui.keyword.internal.WebUIKeywordMain.stepFailed(WebUIKeywordMain.groovy:64)&#xD;
	at com.kms.katalon.core.webui.keyword.internal.WebUIKeywordMain.runKeyword(WebUIKeywordMain.groovy:26)&#xD;
	at com.kms.katalon.core.webui.keyword.builtin.ClickKeyword.click(ClickKeyword.groovy:86)&#xD;
	at com.kms.katalon.core.webui.keyword.builtin.ClickKeyword.execute(ClickKeyword.groovy:67)&#xD;
	at com.kms.katalon.core.keyword.internal.KeywordExecutor.executeKeywordForPlatform(KeywordExecutor.groovy:56)&#xD;
	at com.kms.katalon.core.webui.keyword.WebUiBuiltInKeywords.click(WebUiBuiltInKeywords.groovy:616)&#xD;
	at com.kms.katalon.core.webui.keyword.WebUiBuiltInKeywords$click$4.call(Unknown Source)&#xD;
	at CLNK-23511 - Clinical Edge - Adding, Completing, Approving Visit Notes.run(CLNK-23511 - Clinical Edge - Adding, Completing, Approving Visit Notes:180)&#xD;
	at com.kms.katalon.core.main.ScriptEngine.run(ScriptEngine.java:194)&#xD;
	at com.kms.katalon.core.main.ScriptEngine.runScriptAsRawText(ScriptEngine.java:119)&#xD;
	at com.kms.katalon.core.main.TestCaseExecutor.runScript(TestCaseExecutor.java:337)&#xD;
	at com.kms.katalon.core.main.TestCaseExecutor.doExecute(TestCaseExecutor.java:328)&#xD;
	at com.kms.katalon.core.main.TestCaseExecutor.processExecutionPhase(TestCaseExecutor.java:307)&#xD;
	at com.kms.katalon.core.main.TestCaseExecutor.accessMainPhase(TestCaseExecutor.java:299)&#xD;
	at com.kms.katalon.core.main.TestCaseExecutor.execute(TestCaseExecutor.java:233)&#xD;
	at com.kms.katalon.core.main.TestSuiteExecutor.accessTestCaseMainPhase(TestSuiteExecutor.java:169)&#xD;
	at com.kms.katalon.core.main.TestSuiteExecutor.accessTestSuiteMainPhase(TestSuiteExecutor.java:142)&#xD;
	at com.kms.katalon.core.main.TestSuiteExecutor.execute(TestSuiteExecutor.java:91)&#xD;
	at com.kms.katalon.core.main.TestCaseMain.startTestSuite(TestCaseMain.java:157)&#xD;
	at com.kms.katalon.core.main.TestCaseMain$startTestSuite$0.call(Unknown Source)&#xD;
	at TempTestSuite1568983773172.run(TempTestSuite1568983773172.groovy:35)&#xD;
Caused by: org.openqa.selenium.ElementNotInteractableException: element not interactable
  (Session info: chrome=76.0.3809.132)
Build info: version: '3.141.59', revision: 'e82be7d358', time: '2018-11-14T08:25:53'
System info: host: 'DESKTOP-BPONDF2', ip: '192.168.0.121', os.name: 'Windows 10', os.arch: 'amd64', os.version: '10.0', java.version: '1.8.0_181'
Driver info: com.kms.katalon.selenium.driver.CChromeDriver
Capabilities {acceptInsecureCerts: false, browserName: chrome, browserVersion: 76.0.3809.132, chrome: {chromedriverVersion: 76.0.3809.126 (d80a294506b4..., userDataDir: C:\Users\isaac\AppData\Loca...}, goog:chromeOptions: {debuggerAddress: localhost:61739}, javascriptEnabled: true, networkConnectionEnabled: false, pageLoadStrategy: normal, platform: XP, platformName: XP, proxy: Proxy(), setWindowRect: true, strictFileInteractability: false, timeouts: {implicit: 0, pageLoad: 300000, script: 30000}, unhandledPromptBehavior: dismiss and notify}
Session ID: d6efc98e2dc4feb935c83dc017afc503&#xD;
	at org.openqa.selenium.remote.http.W3CHttpResponseCodec.createException(W3CHttpResponseCodec.java:187)&#xD;
	at org.openqa.selenium.remote.http.W3CHttpResponseCodec.decode(W3CHttpResponseCodec.java:122)&#xD;
	at org.openqa.selenium.remote.http.W3CHttpResponseCodec.decode(W3CHttpResponseCodec.java:49)&#xD;
	at org.openqa.selenium.remote.HttpCommandExecutor.execute(HttpCommandExecutor.java:158)&#xD;
	at org.openqa.selenium.remote.service.DriverCommandExecutor.execute(DriverCommandExecutor.java:83)&#xD;
	at org.openqa.selenium.remote.RemoteWebDriver.execute(RemoteWebDriver.java:552)&#xD;
	at com.kms.katalon.selenium.driver.CChromeDriver.execute(CChromeDriver.java:20)&#xD;
	at org.openqa.selenium.remote.RemoteWebElement.execute(RemoteWebElement.java:285)&#xD;
	at org.openqa.selenium.remote.RemoteWebElement.click(RemoteWebElement.java:84)&#xD;
	at com.kms.katalon.core.webui.keyword.builtin.ClickKeyword$_click_closure1.doCall(ClickKeyword.groovy:79)&#xD;
	at com.kms.katalon.core.webui.keyword.builtin.ClickKeyword$_click_closure1.call(ClickKeyword.groovy)&#xD;
	at com.kms.katalon.core.webui.keyword.internal.WebUIKeywordMain.runKeyword(WebUIKeywordMain.groovy:20)&#xD;
	at com.kms.katalon.core.webui.keyword.builtin.ClickKeyword.click(ClickKeyword.groovy:86)&#xD;
	at com.kms.katalon.core.webui.keyword.builtin.ClickKeyword.execute(ClickKeyword.groovy:67)&#xD;
	at com.kms.katalon.core.keyword.internal.KeywordExecutor.executeKeywordForPlatform(KeywordExecutor.groovy:56)&#xD;
	at com.kms.katalon.core.webui.keyword.WebUiBuiltInKeywords.click(WebUiBuiltInKeywords.groovy:616)&#xD;
	at com.kms.katalon.core.webui.keyword.WebUiBuiltInKeywords$click$4.call(Unknown Source)&#xD;
	at Script1566646856778.run(Script1566646856778.groovy:180)&#xD;
	... 13 more&#xD;
)&#xD;
[[ATTACHMENT|C:\\Users\\isaac\\Desktop\\Clientes\\ProcuraCanada\\Katalon Studio\\Continulink\\Reports\\20190920_094900\\End to End\\BVT Automation\\20190920_094933\\1568984114927.png]]&#xD;
&#xD;
2019-09-20 09:55:15 - [TEST_STEP][PASSED] - waitForPageLoad(50): Wait for page load successfully&#xD;
&#xD;
2019-09-20 09:55:15 - [MESSAGE][PASSED] - Wait for page load successfully&#xD;
&#xD;
2019-09-20 09:55:15 - [TEST_STEP][PASSED] - delay(5): Delayed 5 second(s)&#xD;
&#xD;
2019-09-20 09:55:20 - [MESSAGE][PASSED] - Delayed 5 second(s)&#xD;
&#xD;
2019-09-20 09:55:20 - [TEST_STEP][PASSED] - waitForElementPresent(findTestObject("Regression Clinical Edge/CLNK-23511/Signature"), 50): Object 'Object Repository/Regression Clinical Edge/CLNK-23511/Signature' is present&#xD;
&#xD;
2019-09-20 09:55:20 - [MESSAGE][PASSED] - Object 'Object Repository/Regression Clinical Edge/CLNK-23511/Signature' is present&#xD;
&#xD;
2019-09-20 09:55:20 - [TEST_STEP][PASSED] - click(findTestObject("Regression Clinical Edge/CLNK-23511/Signature")): Unable to click on object 'Object Repository/Regression Clinical Edge/CLNK-23511/Signature' (Root cause: com.kms.katalon.core.exception.StepFailedException: Unable to click on object 'Object Repository/Regression Clinical Edge/CLNK-23511/Signature'&#xD;
	at com.kms.katalon.core.webui.keyword.internal.WebUIKeywordMain.stepFailed(WebUIKeywordMain.groovy:64)&#xD;
	at com.kms.katalon.core.webui.keyword.internal.WebUIKeywordMain.runKeyword(WebUIKeywordMain.groovy:26)&#xD;
	at com.kms.katalon.core.webui.keyword.builtin.ClickKeyword.click(ClickKeyword.groovy:86)&#xD;
	at com.kms.katalon.core.webui.keyword.builtin.ClickKeyword.execute(ClickKeyword.groovy:67)&#xD;
	at com.kms.katalon.core.keyword.internal.KeywordExecutor.executeKeywordForPlatform(KeywordExecutor.groovy:56)&#xD;
	at com.kms.katalon.core.webui.keyword.WebUiBuiltInKeywords.click(WebUiBuiltInKeywords.groovy:616)&#xD;
	at com.kms.katalon.core.webui.keyword.WebUiBuiltInKeywords$click$4.call(Unknown Source)&#xD;
	at CLNK-23511 - Clinical Edge - Adding, Completing, Approving Visit Notes.run(CLNK-23511 - Clinical Edge - Adding, Completing, Approving Visit Notes:188)&#xD;
	at com.kms.katalon.core.main.ScriptEngine.run(ScriptEngine.java:194)&#xD;
	at com.kms.katalon.core.main.ScriptEngine.runScriptAsRawText(ScriptEngine.java:119)&#xD;
	at com.kms.katalon.core.main.TestCaseExecutor.runScript(TestCaseExecutor.java:337)&#xD;
	at com.kms.katalon.core.main.TestCaseExecutor.doExecute(TestCaseExecutor.java:328)&#xD;
	at com.kms.katalon.core.main.TestCaseExecutor.processExecutionPhase(TestCaseExecutor.java:307)&#xD;
	at com.kms.katalon.core.main.TestCaseExecutor.accessMainPhase(TestCaseExecutor.java:299)&#xD;
	at com.kms.katalon.core.main.TestCaseExecutor.execute(TestCaseExecutor.java:233)&#xD;
	at com.kms.katalon.core.main.TestSuiteExecutor.accessTestCaseMainPhase(TestSuiteExecutor.java:169)&#xD;
	at com.kms.katalon.core.main.TestSuiteExecutor.accessTestSuiteMainPhase(TestSuiteExecutor.java:142)&#xD;
	at com.kms.katalon.core.main.TestSuiteExecutor.execute(TestSuiteExecutor.java:91)&#xD;
	at com.kms.katalon.core.main.TestCaseMain.startTestSuite(TestCaseMain.java:157)&#xD;
	at com.kms.katalon.core.main.TestCaseMain$startTestSuite$0.call(Unknown Source)&#xD;
	at TempTestSuite1568983773172.run(TempTestSuite1568983773172.groovy:35)&#xD;
Caused by: org.openqa.selenium.ElementNotInteractableException: element not interactable
  (Session info: chrome=76.0.3809.132)
Build info: version: '3.141.59', revision: 'e82be7d358', time: '2018-11-14T08:25:53'
System info: host: 'DESKTOP-BPONDF2', ip: '192.168.0.121', os.name: 'Windows 10', os.arch: 'amd64', os.version: '10.0', java.version: '1.8.0_181'
Driver info: com.kms.katalon.selenium.driver.CChromeDriver
Capabilities {acceptInsecureCerts: false, browserName: chrome, browserVersion: 76.0.3809.132, chrome: {chromedriverVersion: 76.0.3809.126 (d80a294506b4..., userDataDir: C:\Users\isaac\AppData\Loca...}, goog:chromeOptions: {debuggerAddress: localhost:61739}, javascriptEnabled: true, networkConnectionEnabled: false, pageLoadStrategy: normal, platform: XP, platformName: XP, proxy: Proxy(), setWindowRect: true, strictFileInteractability: false, timeouts: {implicit: 0, pageLoad: 300000, script: 30000}, unhandledPromptBehavior: dismiss and notify}
Session ID: d6efc98e2dc4feb935c83dc017afc503&#xD;
	at org.openqa.selenium.remote.http.W3CHttpResponseCodec.createException(W3CHttpResponseCodec.java:187)&#xD;
	at org.openqa.selenium.remote.http.W3CHttpResponseCodec.decode(W3CHttpResponseCodec.java:122)&#xD;
	at org.openqa.selenium.remote.http.W3CHttpResponseCodec.decode(W3CHttpResponseCodec.java:49)&#xD;
	at org.openqa.selenium.remote.HttpCommandExecutor.execute(HttpCommandExecutor.java:158)&#xD;
	at org.openqa.selenium.remote.service.DriverCommandExecutor.execute(DriverCommandExecutor.java:83)&#xD;
	at org.openqa.selenium.remote.RemoteWebDriver.execute(RemoteWebDriver.java:552)&#xD;
	at com.kms.katalon.selenium.driver.CChromeDriver.execute(CChromeDriver.java:20)&#xD;
	at org.openqa.selenium.remote.RemoteWebElement.execute(RemoteWebElement.java:285)&#xD;
	at org.openqa.selenium.remote.RemoteWebElement.click(RemoteWebElement.java:84)&#xD;
	at com.kms.katalon.core.webui.keyword.builtin.ClickKeyword$_click_closure1.doCall(ClickKeyword.groovy:79)&#xD;
	at com.kms.katalon.core.webui.keyword.builtin.ClickKeyword$_click_closure1.call(ClickKeyword.groovy)&#xD;
	at com.kms.katalon.core.webui.keyword.internal.WebUIKeywordMain.runKeyword(WebUIKeywordMain.groovy:20)&#xD;
	at com.kms.katalon.core.webui.keyword.builtin.ClickKeyword.click(ClickKeyword.groovy:86)&#xD;
	at com.kms.katalon.core.webui.keyword.builtin.ClickKeyword.execute(ClickKeyword.groovy:67)&#xD;
	at com.kms.katalon.core.keyword.internal.KeywordExecutor.executeKeywordForPlatform(KeywordExecutor.groovy:56)&#xD;
	at com.kms.katalon.core.webui.keyword.WebUiBuiltInKeywords.click(WebUiBuiltInKeywords.groovy:616)&#xD;
	at com.kms.katalon.core.webui.keyword.WebUiBuiltInKeywords$click$4.call(Unknown Source)&#xD;
	at Script1566646856778.run(Script1566646856778.groovy:188)&#xD;
	... 13 more&#xD;
)&#xD;
&#xD;
2019-09-20 09:55:20 - [MESSAGE][WARNING] - Unable to click on object 'Object Repository/Regression Clinical Edge/CLNK-23511/Signature' (Root cause: com.kms.katalon.core.exception.StepFailedException: Unable to click on object 'Object Repository/Regression Clinical Edge/CLNK-23511/Signature'&#xD;
	at com.kms.katalon.core.webui.keyword.internal.WebUIKeywordMain.stepFailed(WebUIKeywordMain.groovy:64)&#xD;
	at com.kms.katalon.core.webui.keyword.internal.WebUIKeywordMain.runKeyword(WebUIKeywordMain.groovy:26)&#xD;
	at com.kms.katalon.core.webui.keyword.builtin.ClickKeyword.click(ClickKeyword.groovy:86)&#xD;
	at com.kms.katalon.core.webui.keyword.builtin.ClickKeyword.execute(ClickKeyword.groovy:67)&#xD;
	at com.kms.katalon.core.keyword.internal.KeywordExecutor.executeKeywordForPlatform(KeywordExecutor.groovy:56)&#xD;
	at com.kms.katalon.core.webui.keyword.WebUiBuiltInKeywords.click(WebUiBuiltInKeywords.groovy:616)&#xD;
	at com.kms.katalon.core.webui.keyword.WebUiBuiltInKeywords$click$4.call(Unknown Source)&#xD;
	at CLNK-23511 - Clinical Edge - Adding, Completing, Approving Visit Notes.run(CLNK-23511 - Clinical Edge - Adding, Completing, Approving Visit Notes:188)&#xD;
	at com.kms.katalon.core.main.ScriptEngine.run(ScriptEngine.java:194)&#xD;
	at com.kms.katalon.core.main.ScriptEngine.runScriptAsRawText(ScriptEngine.java:119)&#xD;
	at com.kms.katalon.core.main.TestCaseExecutor.runScript(TestCaseExecutor.java:337)&#xD;
	at com.kms.katalon.core.main.TestCaseExecutor.doExecute(TestCaseExecutor.java:328)&#xD;
	at com.kms.katalon.core.main.TestCaseExecutor.processExecutionPhase(TestCaseExecutor.java:307)&#xD;
	at com.kms.katalon.core.main.TestCaseExecutor.accessMainPhase(TestCaseExecutor.java:299)&#xD;
	at com.kms.katalon.core.main.TestCaseExecutor.execute(TestCaseExecutor.java:233)&#xD;
	at com.kms.katalon.core.main.TestSuiteExecutor.accessTestCaseMainPhase(TestSuiteExecutor.java:169)&#xD;
	at com.kms.katalon.core.main.TestSuiteExecutor.accessTestSuiteMainPhase(TestSuiteExecutor.java:142)&#xD;
	at com.kms.katalon.core.main.TestSuiteExecutor.execute(TestSuiteExecutor.java:91)&#xD;
	at com.kms.katalon.core.main.TestCaseMain.startTestSuite(TestCaseMain.java:157)&#xD;
	at com.kms.katalon.core.main.TestCaseMain$startTestSuite$0.call(Unknown Source)&#xD;
	at TempTestSuite1568983773172.run(TempTestSuite1568983773172.groovy:35)&#xD;
Caused by: org.openqa.selenium.ElementNotInteractableException: element not interactable
  (Session info: chrome=76.0.3809.132)
Build info: version: '3.141.59', revision: 'e82be7d358', time: '2018-11-14T08:25:53'
System info: host: 'DESKTOP-BPONDF2', ip: '192.168.0.121', os.name: 'Windows 10', os.arch: 'amd64', os.version: '10.0', java.version: '1.8.0_181'
Driver info: com.kms.katalon.selenium.driver.CChromeDriver
Capabilities {acceptInsecureCerts: false, browserName: chrome, browserVersion: 76.0.3809.132, chrome: {chromedriverVersion: 76.0.3809.126 (d80a294506b4..., userDataDir: C:\Users\isaac\AppData\Loca...}, goog:chromeOptions: {debuggerAddress: localhost:61739}, javascriptEnabled: true, networkConnectionEnabled: false, pageLoadStrategy: normal, platform: XP, platformName: XP, proxy: Proxy(), setWindowRect: true, strictFileInteractability: false, timeouts: {implicit: 0, pageLoad: 300000, script: 30000}, unhandledPromptBehavior: dismiss and notify}
Session ID: d6efc98e2dc4feb935c83dc017afc503&#xD;
	at org.openqa.selenium.remote.http.W3CHttpResponseCodec.createException(W3CHttpResponseCodec.java:187)&#xD;
	at org.openqa.selenium.remote.http.W3CHttpResponseCodec.decode(W3CHttpResponseCodec.java:122)&#xD;
	at org.openqa.selenium.remote.http.W3CHttpResponseCodec.decode(W3CHttpResponseCodec.java:49)&#xD;
	at org.openqa.selenium.remote.HttpCommandExecutor.execute(HttpCommandExecutor.java:158)&#xD;
	at org.openqa.selenium.remote.service.DriverCommandExecutor.execute(DriverCommandExecutor.java:83)&#xD;
	at org.openqa.selenium.remote.RemoteWebDriver.execute(RemoteWebDriver.java:552)&#xD;
	at com.kms.katalon.selenium.driver.CChromeDriver.execute(CChromeDriver.java:20)&#xD;
	at org.openqa.selenium.remote.RemoteWebElement.execute(RemoteWebElement.java:285)&#xD;
	at org.openqa.selenium.remote.RemoteWebElement.click(RemoteWebElement.java:84)&#xD;
	at com.kms.katalon.core.webui.keyword.builtin.ClickKeyword$_click_closure1.doCall(ClickKeyword.groovy:79)&#xD;
	at com.kms.katalon.core.webui.keyword.builtin.ClickKeyword$_click_closure1.call(ClickKeyword.groovy)&#xD;
	at com.kms.katalon.core.webui.keyword.internal.WebUIKeywordMain.runKeyword(WebUIKeywordMain.groovy:20)&#xD;
	at com.kms.katalon.core.webui.keyword.builtin.ClickKeyword.click(ClickKeyword.groovy:86)&#xD;
	at com.kms.katalon.core.webui.keyword.builtin.ClickKeyword.execute(ClickKeyword.groovy:67)&#xD;
	at com.kms.katalon.core.keyword.internal.KeywordExecutor.executeKeywordForPlatform(KeywordExecutor.groovy:56)&#xD;
	at com.kms.katalon.core.webui.keyword.WebUiBuiltInKeywords.click(WebUiBuiltInKeywords.groovy:616)&#xD;
	at com.kms.katalon.core.webui.keyword.WebUiBuiltInKeywords$click$4.call(Unknown Source)&#xD;
	at Script1566646856778.run(Script1566646856778.groovy:188)&#xD;
	... 13 more&#xD;
)&#xD;
[[ATTACHMENT|C:\\Users\\isaac\\Desktop\\Clientes\\ProcuraCanada\\Katalon Studio\\Continulink\\Reports\\20190920_094900\\End to End\\BVT Automation\\20190920_094933\\1568984120570.png]]&#xD;
&#xD;
2019-09-20 09:55:20 - [TEST_STEP][PASSED] - delay(5): Delayed 5 second(s)&#xD;
&#xD;
2019-09-20 09:55:25 - [MESSAGE][PASSED] - Delayed 5 second(s)&#xD;
&#xD;
2019-09-20 09:55:25 - [TEST_STEP][PASSED] - sendKeys(findTestObject("Regression Clinical Edge/CLNK-23511/Signature"), "qwerty"): Unable to send keys 'qwerty' to object 'Object Repository/Regression Clinical Edge/CLNK-23511/Signature' (Root cause: com.kms.katalon.core.exception.StepFailedException: Unable to send keys 'qwerty' to object 'Object Repository/Regression Clinical Edge/CLNK-23511/Signature'&#xD;
	at com.kms.katalon.core.webui.keyword.internal.WebUIKeywordMain.stepFailed(WebUIKeywordMain.groovy:64)&#xD;
	at com.kms.katalon.core.webui.keyword.internal.WebUIKeywordMain.runKeyword(WebUIKeywordMain.groovy:26)&#xD;
	at com.kms.katalon.core.webui.keyword.builtin.SendKeysKeyword.sendKeys(SendKeysKeyword.groovy:60)&#xD;
	at com.kms.katalon.core.webui.keyword.builtin.SendKeysKeyword.execute(SendKeysKeyword.groovy:38)&#xD;
	at com.kms.katalon.core.keyword.internal.KeywordExecutor.executeKeywordForPlatform(KeywordExecutor.groovy:56)&#xD;
	at com.kms.katalon.core.webui.keyword.WebUiBuiltInKeywords.sendKeys(WebUiBuiltInKeywords.groovy:834)&#xD;
	at com.kms.katalon.core.webui.keyword.WebUiBuiltInKeywords$sendKeys$11.call(Unknown Source)&#xD;
	at CLNK-23511 - Clinical Edge - Adding, Completing, Approving Visit Notes.run(CLNK-23511 - Clinical Edge - Adding, Completing, Approving Visit Notes:192)&#xD;
	at com.kms.katalon.core.main.ScriptEngine.run(ScriptEngine.java:194)&#xD;
	at com.kms.katalon.core.main.ScriptEngine.runScriptAsRawText(ScriptEngine.java:119)&#xD;
	at com.kms.katalon.core.main.TestCaseExecutor.runScript(TestCaseExecutor.java:337)&#xD;
	at com.kms.katalon.core.main.TestCaseExecutor.doExecute(TestCaseExecutor.java:328)&#xD;
	at com.kms.katalon.core.main.TestCaseExecutor.processExecutionPhase(TestCaseExecutor.java:307)&#xD;
	at com.kms.katalon.core.main.TestCaseExecutor.accessMainPhase(TestCaseExecutor.java:299)&#xD;
	at com.kms.katalon.core.main.TestCaseExecutor.execute(TestCaseExecutor.java:233)&#xD;
	at com.kms.katalon.core.main.TestSuiteExecutor.accessTestCaseMainPhase(TestSuiteExecutor.java:169)&#xD;
	at com.kms.katalon.core.main.TestSuiteExecutor.accessTestSuiteMainPhase(TestSuiteExecutor.java:142)&#xD;
	at com.kms.katalon.core.main.TestSuiteExecutor.execute(TestSuiteExecutor.java:91)&#xD;
	at com.kms.katalon.core.main.TestCaseMain.startTestSuite(TestCaseMain.java:157)&#xD;
	at com.kms.katalon.core.main.TestCaseMain$startTestSuite$0.call(Unknown Source)&#xD;
	at TempTestSuite1568983773172.run(TempTestSuite1568983773172.groovy:35)&#xD;
Caused by: org.openqa.selenium.ElementNotInteractableException: element not interactable
  (Session info: chrome=76.0.3809.132)
Build info: version: '3.141.59', revision: 'e82be7d358', time: '2018-11-14T08:25:53'
System info: host: 'DESKTOP-BPONDF2', ip: '192.168.0.121', os.name: 'Windows 10', os.arch: 'amd64', os.version: '10.0', java.version: '1.8.0_181'
Driver info: com.kms.katalon.selenium.driver.CChromeDriver
Capabilities {acceptInsecureCerts: false, browserName: chrome, browserVersion: 76.0.3809.132, chrome: {chromedriverVersion: 76.0.3809.126 (d80a294506b4..., userDataDir: C:\Users\isaac\AppData\Loca...}, goog:chromeOptions: {debuggerAddress: localhost:61739}, javascriptEnabled: true, networkConnectionEnabled: false, pageLoadStrategy: normal, platform: XP, platformName: XP, proxy: Proxy(), setWindowRect: true, strictFileInteractability: false, timeouts: {implicit: 0, pageLoad: 300000, script: 30000}, unhandledPromptBehavior: dismiss and notify}
Session ID: d6efc98e2dc4feb935c83dc017afc503&#xD;
	at org.openqa.selenium.remote.http.W3CHttpResponseCodec.createException(W3CHttpResponseCodec.java:187)&#xD;
	at org.openqa.selenium.remote.http.W3CHttpResponseCodec.decode(W3CHttpResponseCodec.java:122)&#xD;
	at org.openqa.selenium.remote.http.W3CHttpResponseCodec.decode(W3CHttpResponseCodec.java:49)&#xD;
	at org.openqa.selenium.remote.HttpCommandExecutor.execute(HttpCommandExecutor.java:158)&#xD;
	at org.openqa.selenium.remote.service.DriverCommandExecutor.execute(DriverCommandExecutor.java:83)&#xD;
	at org.openqa.selenium.remote.RemoteWebDriver.execute(RemoteWebDriver.java:552)&#xD;
	at com.kms.katalon.selenium.driver.CChromeDriver.execute(CChromeDriver.java:20)&#xD;
	at org.openqa.selenium.remote.RemoteWebElement.execute(RemoteWebElement.java:285)&#xD;
	at org.openqa.selenium.remote.RemoteWebElement.sendKeys(RemoteWebElement.java:106)&#xD;
	at com.kms.katalon.core.webui.keyword.builtin.SendKeysKeyword$_sendKeys_closure1.doCall(SendKeysKeyword.groovy:53)&#xD;
	at com.kms.katalon.core.webui.keyword.builtin.SendKeysKeyword$_sendKeys_closure1.call(SendKeysKeyword.groovy)&#xD;
	at com.kms.katalon.core.webui.keyword.internal.WebUIKeywordMain.runKeyword(WebUIKeywordMain.groovy:20)&#xD;
	at com.kms.katalon.core.webui.keyword.builtin.SendKeysKeyword.sendKeys(SendKeysKeyword.groovy:60)&#xD;
	at com.kms.katalon.core.webui.keyword.builtin.SendKeysKeyword.execute(SendKeysKeyword.groovy:38)&#xD;
	at com.kms.katalon.core.keyword.internal.KeywordExecutor.executeKeywordForPlatform(KeywordExecutor.groovy:56)&#xD;
	at com.kms.katalon.core.webui.keyword.WebUiBuiltInKeywords.sendKeys(WebUiBuiltInKeywords.groovy:834)&#xD;
	at com.kms.katalon.core.webui.keyword.WebUiBuiltInKeywords$sendKeys$11.call(Unknown Source)&#xD;
	at Script1566646856778.run(Script1566646856778.groovy:192)&#xD;
	... 13 more&#xD;
)&#xD;
&#xD;
2019-09-20 09:55:26 - [MESSAGE][WARNING] - Unable to send keys 'qwerty' to object 'Object Repository/Regression Clinical Edge/CLNK-23511/Signature' (Root cause: com.kms.katalon.core.exception.StepFailedException: Unable to send keys 'qwerty' to object 'Object Repository/Regression Clinical Edge/CLNK-23511/Signature'&#xD;
	at com.kms.katalon.core.webui.keyword.internal.WebUIKeywordMain.stepFailed(WebUIKeywordMain.groovy:64)&#xD;
	at com.kms.katalon.core.webui.keyword.internal.WebUIKeywordMain.runKeyword(WebUIKeywordMain.groovy:26)&#xD;
	at com.kms.katalon.core.webui.keyword.builtin.SendKeysKeyword.sendKeys(SendKeysKeyword.groovy:60)&#xD;
	at com.kms.katalon.core.webui.keyword.builtin.SendKeysKeyword.execute(SendKeysKeyword.groovy:38)&#xD;
	at com.kms.katalon.core.keyword.internal.KeywordExecutor.executeKeywordForPlatform(KeywordExecutor.groovy:56)&#xD;
	at com.kms.katalon.core.webui.keyword.WebUiBuiltInKeywords.sendKeys(WebUiBuiltInKeywords.groovy:834)&#xD;
	at com.kms.katalon.core.webui.keyword.WebUiBuiltInKeywords$sendKeys$11.call(Unknown Source)&#xD;
	at CLNK-23511 - Clinical Edge - Adding, Completing, Approving Visit Notes.run(CLNK-23511 - Clinical Edge - Adding, Completing, Approving Visit Notes:192)&#xD;
	at com.kms.katalon.core.main.ScriptEngine.run(ScriptEngine.java:194)&#xD;
	at com.kms.katalon.core.main.ScriptEngine.runScriptAsRawText(ScriptEngine.java:119)&#xD;
	at com.kms.katalon.core.main.TestCaseExecutor.runScript(TestCaseExecutor.java:337)&#xD;
	at com.kms.katalon.core.main.TestCaseExecutor.doExecute(TestCaseExecutor.java:328)&#xD;
	at com.kms.katalon.core.main.TestCaseExecutor.processExecutionPhase(TestCaseExecutor.java:307)&#xD;
	at com.kms.katalon.core.main.TestCaseExecutor.accessMainPhase(TestCaseExecutor.java:299)&#xD;
	at com.kms.katalon.core.main.TestCaseExecutor.execute(TestCaseExecutor.java:233)&#xD;
	at com.kms.katalon.core.main.TestSuiteExecutor.accessTestCaseMainPhase(TestSuiteExecutor.java:169)&#xD;
	at com.kms.katalon.core.main.TestSuiteExecutor.accessTestSuiteMainPhase(TestSuiteExecutor.java:142)&#xD;
	at com.kms.katalon.core.main.TestSuiteExecutor.execute(TestSuiteExecutor.java:91)&#xD;
	at com.kms.katalon.core.main.TestCaseMain.startTestSuite(TestCaseMain.java:157)&#xD;
	at com.kms.katalon.core.main.TestCaseMain$startTestSuite$0.call(Unknown Source)&#xD;
	at TempTestSuite1568983773172.run(TempTestSuite1568983773172.groovy:35)&#xD;
Caused by: org.openqa.selenium.ElementNotInteractableException: element not interactable
  (Session info: chrome=76.0.3809.132)
Build info: version: '3.141.59', revision: 'e82be7d358', time: '2018-11-14T08:25:53'
System info: host: 'DESKTOP-BPONDF2', ip: '192.168.0.121', os.name: 'Windows 10', os.arch: 'amd64', os.version: '10.0', java.version: '1.8.0_181'
Driver info: com.kms.katalon.selenium.driver.CChromeDriver
Capabilities {acceptInsecureCerts: false, browserName: chrome, browserVersion: 76.0.3809.132, chrome: {chromedriverVersion: 76.0.3809.126 (d80a294506b4..., userDataDir: C:\Users\isaac\AppData\Loca...}, goog:chromeOptions: {debuggerAddress: localhost:61739}, javascriptEnabled: true, networkConnectionEnabled: false, pageLoadStrategy: normal, platform: XP, platformName: XP, proxy: Proxy(), setWindowRect: true, strictFileInteractability: false, timeouts: {implicit: 0, pageLoad: 300000, script: 30000}, unhandledPromptBehavior: dismiss and notify}
Session ID: d6efc98e2dc4feb935c83dc017afc503&#xD;
	at org.openqa.selenium.remote.http.W3CHttpResponseCodec.createException(W3CHttpResponseCodec.java:187)&#xD;
	at org.openqa.selenium.remote.http.W3CHttpResponseCodec.decode(W3CHttpResponseCodec.java:122)&#xD;
	at org.openqa.selenium.remote.http.W3CHttpResponseCodec.decode(W3CHttpResponseCodec.java:49)&#xD;
	at org.openqa.selenium.remote.HttpCommandExecutor.execute(HttpCommandExecutor.java:158)&#xD;
	at org.openqa.selenium.remote.service.DriverCommandExecutor.execute(DriverCommandExecutor.java:83)&#xD;
	at org.openqa.selenium.remote.RemoteWebDriver.execute(RemoteWebDriver.java:552)&#xD;
	at com.kms.katalon.selenium.driver.CChromeDriver.execute(CChromeDriver.java:20)&#xD;
	at org.openqa.selenium.remote.RemoteWebElement.execute(RemoteWebElement.java:285)&#xD;
	at org.openqa.selenium.remote.RemoteWebElement.sendKeys(RemoteWebElement.java:106)&#xD;
	at com.kms.katalon.core.webui.keyword.builtin.SendKeysKeyword$_sendKeys_closure1.doCall(SendKeysKeyword.groovy:53)&#xD;
	at com.kms.katalon.core.webui.keyword.builtin.SendKeysKeyword$_sendKeys_closure1.call(SendKeysKeyword.groovy)&#xD;
	at com.kms.katalon.core.webui.keyword.internal.WebUIKeywordMain.runKeyword(WebUIKeywordMain.groovy:20)&#xD;
	at com.kms.katalon.core.webui.keyword.builtin.SendKeysKeyword.sendKeys(SendKeysKeyword.groovy:60)&#xD;
	at com.kms.katalon.core.webui.keyword.builtin.SendKeysKeyword.execute(SendKeysKeyword.groovy:38)&#xD;
	at com.kms.katalon.core.keyword.internal.KeywordExecutor.executeKeywordForPlatform(KeywordExecutor.groovy:56)&#xD;
	at com.kms.katalon.core.webui.keyword.WebUiBuiltInKeywords.sendKeys(WebUiBuiltInKeywords.groovy:834)&#xD;
	at com.kms.katalon.core.webui.keyword.WebUiBuiltInKeywords$sendKeys$11.call(Unknown Source)&#xD;
	at Script1566646856778.run(Script1566646856778.groovy:192)&#xD;
	... 13 more&#xD;
)&#xD;
[[ATTACHMENT|C:\\Users\\isaac\\Desktop\\Clientes\\ProcuraCanada\\Katalon Studio\\Continulink\\Reports\\20190920_094900\\End to End\\BVT Automation\\20190920_094933\\1568984126060.png]]&#xD;
&#xD;
2019-09-20 09:55:26 - [TEST_STEP][PASSED] - delay(5): Delayed 5 second(s)&#xD;
&#xD;
2019-09-20 09:55:31 - [MESSAGE][PASSED] - Delayed 5 second(s)&#xD;
&#xD;
2019-09-20 09:55:31 - [TEST_STEP][PASSED] - waitForElementPresent(findTestObject("Regression Clinical Edge/CLNK-23511/OkSignature"), 50): Object 'Object Repository/Regression Clinical Edge/CLNK-23511/OkSignature' is present&#xD;
&#xD;
2019-09-20 09:56:21 - [MESSAGE][PASSED] - Object 'Object Repository/Regression Clinical Edge/CLNK-23511/OkSignature' is present&#xD;
&#xD;
2019-09-20 09:56:21 - [TEST_STEP][PASSED] - click(findTestObject("Regression Clinical Edge/CLNK-23511/OkSignature")): Object: 'Object Repository/Regression Clinical Edge/CLNK-23511/OkSignature' is clicked on&#xD;
&#xD;
2019-09-20 09:56:21 - [MESSAGE][PASSED] - Object: 'Object Repository/Regression Clinical Edge/CLNK-23511/OkSignature' is clicked on&#xD;
&#xD;
2019-09-20 09:56:21 - [TEST_STEP][PASSED] - delay(5): Delayed 5 second(s)&#xD;
&#xD;
2019-09-20 09:56:26 - [MESSAGE][PASSED] - Delayed 5 second(s)&#xD;
&#xD;
2019-09-20 09:56:26 - [TEST_STEP][PASSED] - waitForPageLoad(50): Wait for page load successfully&#xD;
&#xD;
2019-09-20 09:56:26 - [MESSAGE][PASSED] - Wait for page load successfully&#xD;
&#xD;
2019-09-20 09:56:26 - [TEST_STEP][PASSED] - closeBrowser(): Browser is closed&#xD;
&#xD;
2019-09-20 09:56:27 - [MESSAGE][PASSED] - Browser is closed</system-out>
            <system-err></system-err>
        </testcase>
        <testcase name="Test Cases/Regression Clinical Edge (All Browsers)/CLNK-29105 - CE - End visit" classname="Test Cases/Regression Clinical Edge (All Browsers)/CLNK-29105 - CE - End visit" status="PASSED">
            <system-out>2019-09-20 09:56:29 - [TEST_CASE][PASSED] - Test Cases/Regression Clinical Edge (All Browsers)/CLNK-29105 - CE - End visit: Test Cases/Regression Clinical Edge (All Browsers)/CLNK-29105 - CE - End visit&#xD;
&#xD;
2019-09-20 09:56:29 - [TEST_STEP][PASSED] - callTestCase(findTestCase("Regression Clinical Edge (All Browsers)/CLNK-23349 - ContinuLink - Login"), [:], STOP_ON_FAILURE): Call Test Case 'Test Cases/Regression Clinical Edge (All Browsers)/CLNK-23349 - ContinuLink - Login' successfully&#xD;
&#xD;
2019-09-20 09:56:29 - [TEST_CASE][PASSED] - Test Cases/Regression Clinical Edge (All Browsers)/CLNK-23349 - ContinuLink - Login: Test Cases/Regression Clinical Edge (All Browsers)/CLNK-23349 - ContinuLink - Login&#xD;
&#xD;
2019-09-20 09:56:29 - [TEST_STEP][PASSED] - deleteAllCookies(): Delete all cookies successfully&#xD;
&#xD;
2019-09-20 09:56:29 - [MESSAGE][WARNING] - Cannot delete cookies because browser is closed&#xD;
&#xD;
2019-09-20 09:56:29 - [MESSAGE][PASSED] - Delete all cookies successfully&#xD;
&#xD;
2019-09-20 09:56:29 - [TEST_STEP][PASSED] - openBrowser(G_SiteURL): Browser is opened with url: 'https://qanewpoc.continulink.com/Account/Login.aspx?ReturnUrl=%2fdefault.aspx'&#xD;
&#xD;
2019-09-20 09:56:29 - [MESSAGE][INFO] - Starting 'Chrome' driver&#xD;
&#xD;
2019-09-20 09:56:38 - [MESSAGE][PASSED] - Browser is opened with url: 'https://qanewpoc.continulink.com/Account/Login.aspx?ReturnUrl=%2fdefault.aspx'&#xD;
&#xD;
2019-09-20 09:56:38 - [TEST_STEP][PASSED] - waitForPageLoad(60): Wait for page load successfully&#xD;
&#xD;
2019-09-20 09:56:38 - [MESSAGE][PASSED] - Wait for page load successfully&#xD;
&#xD;
2019-09-20 09:56:38 - [TEST_STEP][PASSED] - maximizeWindow(): Current window maximized&#xD;
&#xD;
2019-09-20 09:56:42 - [MESSAGE][PASSED] - Current window maximized&#xD;
&#xD;
2019-09-20 09:56:42 - [TEST_STEP][PASSED] - setText(findTestObject("Regression Clinical Edge/CLNK-23349/User"), G_CaregiverUserName): Text 'setenta' is set on object 'Object Repository/Regression Clinical Edge/CLNK-23349/User'&#xD;
&#xD;
2019-09-20 09:56:42 - [MESSAGE][PASSED] - Text 'setenta' is set on object 'Object Repository/Regression Clinical Edge/CLNK-23349/User'&#xD;
&#xD;
2019-09-20 09:56:42 - [TEST_STEP][PASSED] - setText(findTestObject("Regression Clinical Edge/CLNK-23349/Password"), G_Password): Text 'qwerty' is set on object 'Object Repository/Regression Clinical Edge/CLNK-23349/Password'&#xD;
&#xD;
2019-09-20 09:56:43 - [MESSAGE][PASSED] - Text 'qwerty' is set on object 'Object Repository/Regression Clinical Edge/CLNK-23349/Password'&#xD;
&#xD;
2019-09-20 09:56:43 - [TEST_STEP][PASSED] - click(findTestObject("Regression Clinical Edge/CLNK-23349/Button_LogIn")): Object: 'Object Repository/Regression Clinical Edge/CLNK-23349/Button_LogIn' is clicked on&#xD;
&#xD;
2019-09-20 09:56:44 - [MESSAGE][PASSED] - Object: 'Object Repository/Regression Clinical Edge/CLNK-23349/Button_LogIn' is clicked on&#xD;
&#xD;
2019-09-20 09:56:44 - [TEST_STEP][PASSED] - waitForPageLoad(60): Wait for page load successfully&#xD;
&#xD;
2019-09-20 09:56:44 - [MESSAGE][PASSED] - Wait for page load successfully&#xD;
&#xD;
2019-09-20 09:56:44 - [TEST_STEP][PASSED] - delay(2): Delayed 2 second(s)&#xD;
&#xD;
2019-09-20 09:56:46 - [MESSAGE][PASSED] - Delayed 2 second(s)&#xD;
&#xD;
2019-09-20 09:56:46 - [TEST_STEP][NOT_RUN] - waitForElementPresent(findTestObject("Regression Clinical Edge/CLINK-23509/button_Close"), 100): NOT_RUN: waitForElementPresent(findTestObject("Regression Clinical Edge/CLINK-23509/button_Close"), 100)&#xD;
&#xD;
2019-09-20 09:56:46 - [MESSAGE][NOT_RUN] - NOT_RUN: waitForElementPresent(findTestObject("Regression Clinical Edge/CLINK-23509/button_Close"), 100)&#xD;
&#xD;
2019-09-20 09:56:46 - [TEST_STEP][NOT_RUN] - click(findTestObject("Regression Clinical Edge/CLINK-23509/button_Close")): NOT_RUN: click(findTestObject("Regression Clinical Edge/CLINK-23509/button_Close"))&#xD;
&#xD;
2019-09-20 09:56:46 - [MESSAGE][NOT_RUN] - NOT_RUN: click(findTestObject("Regression Clinical Edge/CLINK-23509/button_Close"))&#xD;
&#xD;
2019-09-20 09:56:46 - [TEST_STEP][NOT_RUN] - delay(2): NOT_RUN: delay(2)&#xD;
&#xD;
2019-09-20 09:56:46 - [MESSAGE][NOT_RUN] - NOT_RUN: delay(2)&#xD;
&#xD;
2019-09-20 09:56:46 - [MESSAGE][PASSED] - Call Test Case 'Test Cases/Regression Clinical Edge (All Browsers)/CLNK-23349 - ContinuLink - Login' successfully&#xD;
&#xD;
2019-09-20 09:56:46 - [TEST_STEP][PASSED] - waitForPageLoad(60): Wait for page load successfully&#xD;
&#xD;
2019-09-20 09:56:46 - [MESSAGE][PASSED] - Wait for page load successfully&#xD;
&#xD;
2019-09-20 09:56:46 - [TEST_STEP][PASSED] - maximizeWindow(): Current window maximized&#xD;
&#xD;
2019-09-20 09:56:46 - [MESSAGE][PASSED] - Current window maximized&#xD;
&#xD;
2019-09-20 09:56:46 - [TEST_STEP][PASSED] - waitForPageLoad(60): Wait for page load successfully&#xD;
&#xD;
2019-09-20 09:56:46 - [MESSAGE][PASSED] - Wait for page load successfully&#xD;
&#xD;
2019-09-20 09:56:46 - [TEST_STEP][PASSED] - delay(8): Delayed 8 second(s)&#xD;
&#xD;
2019-09-20 09:56:54 - [MESSAGE][PASSED] - Delayed 8 second(s)&#xD;
&#xD;
2019-09-20 09:56:54 - [TEST_STEP][PASSED] - waitForElementPresent(findTestObject("Regression Clinical Edge/ClientPage/HomeLink"), 100): Object 'Object Repository/Regression Clinical Edge/ClientPage/HomeLink' is present&#xD;
&#xD;
2019-09-20 09:56:54 - [MESSAGE][PASSED] - Object 'Object Repository/Regression Clinical Edge/ClientPage/HomeLink' is present&#xD;
&#xD;
2019-09-20 09:56:54 - [TEST_STEP][PASSED] - click(findTestObject("Regression Clinical Edge/ClientPage/HomeLink")): Object: 'Object Repository/Regression Clinical Edge/ClientPage/HomeLink' is clicked on&#xD;
&#xD;
2019-09-20 09:56:55 - [MESSAGE][PASSED] - Object: 'Object Repository/Regression Clinical Edge/ClientPage/HomeLink' is clicked on&#xD;
&#xD;
2019-09-20 09:56:55 - [TEST_STEP][PASSED] - delay(2): Delayed 2 second(s)&#xD;
&#xD;
2019-09-20 09:56:57 - [MESSAGE][PASSED] - Delayed 2 second(s)&#xD;
&#xD;
2019-09-20 09:56:57 - [TEST_STEP][PASSED] - waitForPageLoad(50): Wait for page load successfully&#xD;
&#xD;
2019-09-20 09:56:57 - [MESSAGE][PASSED] - Wait for page load successfully&#xD;
&#xD;
2019-09-20 09:56:57 - [TEST_STEP][PASSED] - verifyElementPresent(findTestObject("Regression Clinical Edge/CLINK-23467/a_CurrentClient"), 10): Object 'Object Repository/Regression Clinical Edge/CLINK-23467/a_CurrentClient' is present&#xD;
&#xD;
2019-09-20 09:56:57 - [MESSAGE][PASSED] - Object 'Object Repository/Regression Clinical Edge/CLINK-23467/a_CurrentClient' is present&#xD;
&#xD;
2019-09-20 09:56:57 - [TEST_STEP][PASSED] - if (verifyElementPresent(findTestObject("Regression Clinical Edge/CLINK-23467/a_CurrentClient"), 10)): Object: 'Object Repository/Regression Clinical Edge/CLINK-23467/a_CurrentClient' is clicked on&#xD;
&#xD;
2019-09-20 09:56:57 - [MESSAGE][PASSED] - Object 'Object Repository/Regression Clinical Edge/CLINK-23467/a_CurrentClient' is present&#xD;
&#xD;
2019-09-20 09:56:57 - [TEST_STEP][PASSED] - click(findTestObject("Regression Clinical Edge/CLINK-23467/a_CurrentClient")): Object: 'Object Repository/Regression Clinical Edge/CLINK-23467/a_CurrentClient' is clicked on&#xD;
&#xD;
2019-09-20 09:56:59 - [MESSAGE][PASSED] - Object: 'Object Repository/Regression Clinical Edge/CLINK-23467/a_CurrentClient' is clicked on&#xD;
&#xD;
2019-09-20 09:56:59 - [TEST_STEP][PASSED] - delay(5): Delayed 5 second(s)&#xD;
&#xD;
2019-09-20 09:57:04 - [MESSAGE][PASSED] - Delayed 5 second(s)&#xD;
&#xD;
2019-09-20 09:57:04 - [TEST_STEP][PASSED] - waitForPageLoad(50): Wait for page load successfully&#xD;
&#xD;
2019-09-20 09:57:04 - [MESSAGE][PASSED] - Wait for page load successfully&#xD;
&#xD;
2019-09-20 09:57:04 - [TEST_STEP][NOT_RUN] - waitForElementPresent(findTestObject("Regression Clinical Edge/ClientPage/HomeLink"), 100): NOT_RUN: waitForElementPresent(findTestObject("Regression Clinical Edge/ClientPage/HomeLink"), 100)&#xD;
&#xD;
2019-09-20 09:57:04 - [MESSAGE][NOT_RUN] - NOT_RUN: waitForElementPresent(findTestObject("Regression Clinical Edge/ClientPage/HomeLink"), 100)&#xD;
&#xD;
2019-09-20 09:57:04 - [TEST_STEP][NOT_RUN] - click(findTestObject("Regression Clinical Edge/ClientPage/HomeLink")): NOT_RUN: click(findTestObject("Regression Clinical Edge/ClientPage/HomeLink"))&#xD;
&#xD;
2019-09-20 09:57:04 - [MESSAGE][NOT_RUN] - NOT_RUN: click(findTestObject("Regression Clinical Edge/ClientPage/HomeLink"))&#xD;
&#xD;
2019-09-20 09:57:04 - [TEST_STEP][NOT_RUN] - delay(2): NOT_RUN: delay(2)&#xD;
&#xD;
2019-09-20 09:57:04 - [MESSAGE][NOT_RUN] - NOT_RUN: delay(2)&#xD;
&#xD;
2019-09-20 09:57:04 - [TEST_STEP][NOT_RUN] - waitForPageLoad(50): NOT_RUN: waitForPageLoad(50)&#xD;
&#xD;
2019-09-20 09:57:04 - [MESSAGE][NOT_RUN] - NOT_RUN: waitForPageLoad(50)&#xD;
&#xD;
2019-09-20 09:57:04 - [TEST_STEP][NOT_RUN] - waitForElementPresent(findTestObject("Regression Clinical Edge/HomePage/RequestTab"), 50): NOT_RUN: waitForElementPresent(findTestObject("Regression Clinical Edge/HomePage/RequestTab"), 50)&#xD;
&#xD;
2019-09-20 09:57:04 - [MESSAGE][NOT_RUN] - NOT_RUN: waitForElementPresent(findTestObject("Regression Clinical Edge/HomePage/RequestTab"), 50)&#xD;
&#xD;
2019-09-20 09:57:04 - [TEST_STEP][NOT_RUN] - click(findTestObject("Regression Clinical Edge/HomePage/RequestTab")): NOT_RUN: click(findTestObject("Regression Clinical Edge/HomePage/RequestTab"))&#xD;
&#xD;
2019-09-20 09:57:04 - [MESSAGE][NOT_RUN] - NOT_RUN: click(findTestObject("Regression Clinical Edge/HomePage/RequestTab"))&#xD;
&#xD;
2019-09-20 09:57:04 - [TEST_STEP][NOT_RUN] - delay(2): NOT_RUN: delay(2)&#xD;
&#xD;
2019-09-20 09:57:04 - [MESSAGE][NOT_RUN] - NOT_RUN: delay(2)&#xD;
&#xD;
2019-09-20 09:57:04 - [TEST_STEP][NOT_RUN] - waitForElementPresent(findTestObject("Regression Clinical Edge/HomePage/SearchText"), 50): NOT_RUN: waitForElementPresent(findTestObject("Regression Clinical Edge/HomePage/SearchText"), 50)&#xD;
&#xD;
2019-09-20 09:57:04 - [MESSAGE][NOT_RUN] - NOT_RUN: waitForElementPresent(findTestObject("Regression Clinical Edge/HomePage/SearchText"), 50)&#xD;
&#xD;
2019-09-20 09:57:04 - [TEST_STEP][NOT_RUN] - setText(findTestObject("Regression Clinical Edge/HomePage/SearchText"), G_ClientLastName): NOT_RUN: setText(findTestObject("Regression Clinical Edge/HomePage/SearchText"), G_ClientLastName)&#xD;
&#xD;
2019-09-20 09:57:04 - [MESSAGE][NOT_RUN] - NOT_RUN: setText(findTestObject("Regression Clinical Edge/HomePage/SearchText"), G_ClientLastName)&#xD;
&#xD;
2019-09-20 09:57:04 - [TEST_STEP][NOT_RUN] - delay(3): NOT_RUN: delay(3)&#xD;
&#xD;
2019-09-20 09:57:04 - [MESSAGE][NOT_RUN] - NOT_RUN: delay(3)&#xD;
&#xD;
2019-09-20 09:57:04 - [TEST_STEP][NOT_RUN] - scrollToElement(findTestObject("Regression Clinical Edge/CLINK-23314/a_Khur Heather (535592)"), 60): NOT_RUN: scrollToElement(findTestObject("Regression Clinical Edge/CLINK-23314/a_Khur Heather (535592)"), 60)&#xD;
&#xD;
2019-09-20 09:57:04 - [MESSAGE][NOT_RUN] - NOT_RUN: scrollToElement(findTestObject("Regression Clinical Edge/CLINK-23314/a_Khur Heather (535592)"), 60)&#xD;
&#xD;
2019-09-20 09:57:04 - [TEST_STEP][NOT_RUN] - waitForElementPresent(findTestObject("Regression Clinical Edge/CLINK-23314/a_Khur Heather (535592)"), 60): NOT_RUN: waitForElementPresent(findTestObject("Regression Clinical Edge/CLINK-23314/a_Khur Heather (535592)"), 60)&#xD;
&#xD;
2019-09-20 09:57:04 - [MESSAGE][NOT_RUN] - NOT_RUN: waitForElementPresent(findTestObject("Regression Clinical Edge/CLINK-23314/a_Khur Heather (535592)"), 60)&#xD;
&#xD;
2019-09-20 09:57:04 - [TEST_STEP][NOT_RUN] - click(findTestObject("Regression Clinical Edge/CLINK-23314/a_Khur Heather (535592)")): NOT_RUN: click(findTestObject("Regression Clinical Edge/CLINK-23314/a_Khur Heather (535592)"))&#xD;
&#xD;
2019-09-20 09:57:04 - [MESSAGE][NOT_RUN] - NOT_RUN: click(findTestObject("Regression Clinical Edge/CLINK-23314/a_Khur Heather (535592)"))&#xD;
&#xD;
2019-09-20 09:57:04 - [TEST_STEP][NOT_RUN] - delay(5): NOT_RUN: delay(5)&#xD;
&#xD;
2019-09-20 09:57:04 - [MESSAGE][NOT_RUN] - NOT_RUN: delay(5)&#xD;
&#xD;
2019-09-20 09:57:04 - [TEST_STEP][NOT_RUN] - waitForPageLoad(50): NOT_RUN: waitForPageLoad(50)&#xD;
&#xD;
2019-09-20 09:57:04 - [MESSAGE][NOT_RUN] - NOT_RUN: waitForPageLoad(50)&#xD;
&#xD;
2019-09-20 09:57:04 - [TEST_STEP][PASSED] - waitForElementPresent(findTestObject("Regression Clinical Edge/CLINK-29104/PlayVisit"), 50): Object 'Object Repository/Regression Clinical Edge/CLINK-29104/PlayVisit' is present&#xD;
&#xD;
2019-09-20 09:57:04 - [MESSAGE][PASSED] - Object 'Object Repository/Regression Clinical Edge/CLINK-29104/PlayVisit' is present&#xD;
&#xD;
2019-09-20 09:57:04 - [TEST_STEP][PASSED] - click(findTestObject("Regression Clinical Edge/CLINK-29104/PlayVisit")): Object: 'Object Repository/Regression Clinical Edge/CLINK-29104/PlayVisit' is clicked on&#xD;
&#xD;
2019-09-20 09:57:05 - [MESSAGE][PASSED] - Object: 'Object Repository/Regression Clinical Edge/CLINK-29104/PlayVisit' is clicked on&#xD;
&#xD;
2019-09-20 09:57:05 - [TEST_STEP][PASSED] - delay(5): Delayed 5 second(s)&#xD;
&#xD;
2019-09-20 09:57:10 - [MESSAGE][PASSED] - Delayed 5 second(s)&#xD;
&#xD;
2019-09-20 09:57:10 - [TEST_STEP][PASSED] - waitForElementPresent(findTestObject("Regression Clinical Edge/CLNK-29105/Punch Out"), 50): Object 'Object Repository/Regression Clinical Edge/CLNK-29105/Punch Out' is present&#xD;
&#xD;
2019-09-20 09:57:10 - [MESSAGE][PASSED] - Object 'Object Repository/Regression Clinical Edge/CLNK-29105/Punch Out' is present&#xD;
&#xD;
2019-09-20 09:57:10 - [TEST_STEP][PASSED] - click(findTestObject("Regression Clinical Edge/CLNK-29105/Punch Out")): Object: 'Object Repository/Regression Clinical Edge/CLNK-29105/Punch Out' is clicked on&#xD;
&#xD;
2019-09-20 09:57:11 - [MESSAGE][PASSED] - Object: 'Object Repository/Regression Clinical Edge/CLNK-29105/Punch Out' is clicked on&#xD;
&#xD;
2019-09-20 09:57:11 - [TEST_STEP][PASSED] - delay(5): Delayed 5 second(s)&#xD;
&#xD;
2019-09-20 09:57:16 - [MESSAGE][PASSED] - Delayed 5 second(s)</system-out>
            <system-err></system-err>
        </testcase>
        <system-out>2019-09-20 09:49:39 - [TEST_SUITE][INCOMPLETE] - BVT Automation: null</system-out>
        <system-err>2019-09-20 09:49:39 - [TEST_SUITE][INCOMPLETE] - BVT Automation: null</system-err>
    </testsuite>
</testsuites>
