<?xml version="1.0" encoding="UTF-8"?>
<testsuites name="Regression FrontEnd" time="81" tests="1" failures="1" errors="0">
   <testsuite name="Regression FrontEnd" tests="1" failures="1" errors="0" time="81" timestamp="2019-03-27 11:05:01" hostname="isaac - DESKTOP-RO0FF5F" id="Test Suites/Regression Clinical Edge/Regression FrontEnd">
      <properties>
         <property name="deviceName" value=""/>
         <property name="devicePlatform" value=""/>
         <property name="logFolder" value="C:\\Users\\isaac\\Katalon Studio\\Continulink\\Reports\\Regression Clinical Edge\\Regression FrontEnd\\20190327_110455"/>
         <property name="logFiles" value="C:\\Users\\isaac\\Katalon Studio\\Continulink\\Reports\\Regression Clinical Edge\\Regression FrontEnd\\20190327_110455\\execution0.log"/>
         <property name="attachments" value="C:\\Users\\isaac\\Katalon Studio\\Continulink\\Reports\\Regression Clinical Edge\\Regression FrontEnd\\20190327_110455\\1553695573462.png"/>
         <property name="hostName" value="isaac - DESKTOP-RO0FF5F"/>
         <property name="os" value="Windows 10 64bit"/>
         <property name="katalonVersion" value="6.0.5.4"/>
         <property name="browser" value="Chrome 73.0.3683.86"/>
         <property name="hostAddress" value="192.168.0.108"/>
         <property name="sessionId" value="5828d5e4e9bbf73bc244d0042a178347"/>
         <property name="seleniumVersion" value="3.7.1"/>
         <property name="proxyInformation" value="ProxyInformation{proxyOption=NO_PROXY, proxyServerType=HTTP, password=, proxyServerAddress=, proxyServerPort=0}"/>
         <property name="platform" value="Windows 10"/>
      </properties>
      <testcase name="Test Cases/Regression Clinical Edge (All Browsers)/CLNK-23349 - ContinuLink - Login" classname="Test Cases/Regression Clinical Edge (All Browsers)/CLNK-23349 - ContinuLink - Login" status="PASSED">
         <system-out><![CDATA[2019-03-27 11:05:02 - [TEST_CASE][PASSED] - Test Cases/Regression Clinical Edge (All Browsers)/CLNK-23349 - ContinuLink - Login: Test Cases/Regression Clinical Edge (All Browsers)/CLNK-23349 - ContinuLink - Login

2019-03-27 11:05:04 - [TEST_STEP][PASSED] - openBrowser(G_SiteURL): Browser is opened with url: 'https://qanewpoc.continulink.com/Account/Login.aspx?ReturnUrl=%2fdefault.aspx'

2019-03-27 11:05:07 - [MESSAGE][INFO] - Starting 'Chrome' driver

2019-03-27 11:05:07 - [MESSAGE][INFO] - Action delay is set to 0 seconds

2019-03-27 11:05:19 - [MESSAGE][PASSED] - Browser is opened with url: 'https://qanewpoc.continulink.com/Account/Login.aspx?ReturnUrl=%2fdefault.aspx'

2019-03-27 11:05:19 - [TEST_STEP][PASSED] - waitForPageLoad(60): Wait for page load successfully

2019-03-27 11:05:19 - [MESSAGE][PASSED] - Wait for page load successfully

2019-03-27 11:05:19 - [TEST_STEP][PASSED] - maximizeWindow(): Current window maximized

2019-03-27 11:05:21 - [MESSAGE][PASSED] - Current window maximized

2019-03-27 11:05:21 - [TEST_STEP][PASSED] - setText(findTestObject("Regression Clinical Edge/CLNK-23349/User"), G_User): Text 'Mobinnur' is set on object 'Object Repository/Regression Clinical Edge/CLNK-23349/User'

2019-03-27 11:05:21 - [MESSAGE][PASSED] - Text 'Mobinnur' is set on object 'Object Repository/Regression Clinical Edge/CLNK-23349/User'

2019-03-27 11:05:21 - [TEST_STEP][PASSED] - setText(findTestObject("Regression Clinical Edge/CLNK-23349/Password"), G_Password): Text 'qwerty' is set on object 'Object Repository/Regression Clinical Edge/CLNK-23349/Password'

2019-03-27 11:05:22 - [MESSAGE][PASSED] - Text 'qwerty' is set on object 'Object Repository/Regression Clinical Edge/CLNK-23349/Password'

2019-03-27 11:05:22 - [TEST_STEP][PASSED] - click(findTestObject("Regression Clinical Edge/CLNK-23349/Button_LogIn")): Object: 'Object Repository/Regression Clinical Edge/CLNK-23349/Button_LogIn' is clicked on

2019-03-27 11:05:25 - [MESSAGE][PASSED] - Object: 'Object Repository/Regression Clinical Edge/CLNK-23349/Button_LogIn' is clicked on

2019-03-27 11:05:25 - [TEST_STEP][PASSED] - waitForPageLoad(60): Wait for page load successfully

2019-03-27 11:05:25 - [MESSAGE][PASSED] - Wait for page load successfully

2019-03-27 11:05:25 - [TEST_STEP][PASSED] - waitForElementPresent(findTestObject("Regression Clinical Edge/ClientPage/button_Add Schedule"), 60): Object 'Object Repository/Regression Clinical Edge/ClientPage/button_Add Schedule' is present

2019-03-27 11:05:26 - [MESSAGE][PASSED] - Object 'Object Repository/Regression Clinical Edge/ClientPage/button_Add Schedule' is present

2019-03-27 11:05:26 - [TEST_STEP][PASSED] - verifyElementPresent(findTestObject("Regression Clinical Edge/ClientPage/button_Add Schedule"), 100): Object 'Object Repository/Regression Clinical Edge/ClientPage/button_Add Schedule' is present

2019-03-27 11:05:26 - [MESSAGE][PASSED] - Object 'Object Repository/Regression Clinical Edge/ClientPage/button_Add Schedule' is present]]></system-out>
         <system-err><![CDATA[]]></system-err>
      </testcase>
      <testcase name="Test Cases/Regression Clinical Edge (All Browsers)/CLNK-23497 - CLINICAL EDGE - Start Of Care" classname="Test Cases/Regression Clinical Edge (All Browsers)/CLNK-23497 - CLINICAL EDGE - Start Of Care" status="FAILED">
         <failure type="FAILED" message="Test Cases/Regression Clinical Edge (All Browsers)/CLNK-23497 - CLINICAL EDGE - Start Of Care FAILED.
Reason:
com.kms.katalon.core.exception.StepFailedException: Unable to select option by label 'Start of care - further visits planned (C2)' of object 'Object Repository/Regression Clinical Edge/CLNK-23497/AssessmentList' 
	at com.kms.katalon.core.keyword.internal.KeywordMain.stepFailed(KeywordMain.groovy:37)
	at com.kms.katalon.core.webui.keyword.internal.WebUIKeywordMain.stepFailed(WebUIKeywordMain.groovy:65)
	at com.kms.katalon.core.webui.keyword.internal.WebUIKeywordMain.runKeyword(WebUIKeywordMain.groovy:27)
	at com.kms.katalon.core.webui.keyword.builtin.SelectOptionByLabelKeyword.selectOptionByLabel(SelectOptionByLabelKeyword.groovy:98)
	at com.kms.katalon.core.webui.keyword.builtin.SelectOptionByLabelKeyword.execute(SelectOptionByLabelKeyword.groovy:71)
	at com.kms.katalon.core.keyword.internal.KeywordExecutor.executeKeywordForPlatform(KeywordExecutor.groovy:56)
	at com.kms.katalon.core.webui.keyword.WebUiBuiltInKeywords.selectOptionByLabel(WebUiBuiltInKeywords.groovy:1200)
	at com.kms.katalon.core.webui.keyword.WebUiBuiltInKeywords$selectOptionByLabel$8.call(Unknown Source)
	at CLNK-23497 - CLINICAL EDGE - Start Of Care.run(CLNK-23497 - CLINICAL EDGE - Start Of Care:64)
	at com.kms.katalon.core.main.ScriptEngine.run(ScriptEngine.java:194)
	at com.kms.katalon.core.main.ScriptEngine.runScriptAsRawText(ScriptEngine.java:119)
	at com.kms.katalon.core.main.TestCaseExecutor.runScript(TestCaseExecutor.java:331)
	at com.kms.katalon.core.main.TestCaseExecutor.doExecute(TestCaseExecutor.java:322)
	at com.kms.katalon.core.main.TestCaseExecutor.processExecutionPhase(TestCaseExecutor.java:301)
	at com.kms.katalon.core.main.TestCaseExecutor.accessMainPhase(TestCaseExecutor.java:293)
	at com.kms.katalon.core.main.TestCaseExecutor.execute(TestCaseExecutor.java:227)
	at com.kms.katalon.core.main.TestSuiteExecutor.accessTestCaseMainPhase(TestSuiteExecutor.java:129)
	at com.kms.katalon.core.main.TestSuiteExecutor.accessTestSuiteMainPhase(TestSuiteExecutor.java:112)
	at com.kms.katalon.core.main.TestSuiteExecutor.execute(TestSuiteExecutor.java:81)
	at com.kms.katalon.core.main.TestCaseMain.startTestSuite(TestCaseMain.java:157)
	at com.kms.katalon.core.main.TestCaseMain$startTestSuite$0.call(Unknown Source)
	at TempTestSuite1553695495597.run(TempTestSuite1553695495597.groovy:35)
"/>
         <system-out><![CDATA[2019-03-27 11:05:28 - [TEST_CASE][FAILED] - Test Cases/Regression Clinical Edge (All Browsers)/CLNK-23497 - CLINICAL EDGE - Start Of Care: Test Cases/Regression Clinical Edge (All Browsers)/CLNK-23497 - CLINICAL EDGE - Start Of Care FAILED.
Reason:
com.kms.katalon.core.exception.StepFailedException: Unable to select option by label 'Start of care - further visits planned (C2)' of object 'Object Repository/Regression Clinical Edge/CLNK-23497/AssessmentList' 
	at com.kms.katalon.core.keyword.internal.KeywordMain.stepFailed(KeywordMain.groovy:37)
	at com.kms.katalon.core.webui.keyword.internal.WebUIKeywordMain.stepFailed(WebUIKeywordMain.groovy:65)
	at com.kms.katalon.core.webui.keyword.internal.WebUIKeywordMain.runKeyword(WebUIKeywordMain.groovy:27)
	at com.kms.katalon.core.webui.keyword.builtin.SelectOptionByLabelKeyword.selectOptionByLabel(SelectOptionByLabelKeyword.groovy:98)
	at com.kms.katalon.core.webui.keyword.builtin.SelectOptionByLabelKeyword.execute(SelectOptionByLabelKeyword.groovy:71)
	at com.kms.katalon.core.keyword.internal.KeywordExecutor.executeKeywordForPlatform(KeywordExecutor.groovy:56)
	at com.kms.katalon.core.webui.keyword.WebUiBuiltInKeywords.selectOptionByLabel(WebUiBuiltInKeywords.groovy:1200)
	at com.kms.katalon.core.webui.keyword.WebUiBuiltInKeywords$selectOptionByLabel$8.call(Unknown Source)
	at CLNK-23497 - CLINICAL EDGE - Start Of Care.run(CLNK-23497 - CLINICAL EDGE - Start Of Care:64)
	at com.kms.katalon.core.main.ScriptEngine.run(ScriptEngine.java:194)
	at com.kms.katalon.core.main.ScriptEngine.runScriptAsRawText(ScriptEngine.java:119)
	at com.kms.katalon.core.main.TestCaseExecutor.runScript(TestCaseExecutor.java:331)
	at com.kms.katalon.core.main.TestCaseExecutor.doExecute(TestCaseExecutor.java:322)
	at com.kms.katalon.core.main.TestCaseExecutor.processExecutionPhase(TestCaseExecutor.java:301)
	at com.kms.katalon.core.main.TestCaseExecutor.accessMainPhase(TestCaseExecutor.java:293)
	at com.kms.katalon.core.main.TestCaseExecutor.execute(TestCaseExecutor.java:227)
	at com.kms.katalon.core.main.TestSuiteExecutor.accessTestCaseMainPhase(TestSuiteExecutor.java:129)
	at com.kms.katalon.core.main.TestSuiteExecutor.accessTestSuiteMainPhase(TestSuiteExecutor.java:112)
	at com.kms.katalon.core.main.TestSuiteExecutor.execute(TestSuiteExecutor.java:81)
	at com.kms.katalon.core.main.TestCaseMain.startTestSuite(TestCaseMain.java:157)
	at com.kms.katalon.core.main.TestCaseMain$startTestSuite$0.call(Unknown Source)
	at TempTestSuite1553695495597.run(TempTestSuite1553695495597.groovy:35)


2019-03-27 11:05:30 - [TEST_STEP][PASSED] - callTestCase(findTestCase("Regression Clinical Edge (All Browsers)/CLNK-23349 - ContinuLink - Login"), [:], STOP_ON_FAILURE): Call Test Case 'Test Cases/Regression Clinical Edge (All Browsers)/CLNK-23349 - ContinuLink - Login' successfully

2019-03-27 11:05:30 - [TEST_CASE][PASSED] - Test Cases/Regression Clinical Edge (All Browsers)/CLNK-23349 - ContinuLink - Login: Test Cases/Regression Clinical Edge (All Browsers)/CLNK-23349 - ContinuLink - Login

2019-03-27 11:05:30 - [TEST_STEP][PASSED] - openBrowser(G_SiteURL): Browser is opened with url: 'https://qanewpoc.continulink.com/Account/Login.aspx?ReturnUrl=%2fdefault.aspx'

2019-03-27 11:05:30 - [MESSAGE][WARNING] - A browser is already opened. Closing browser and opening a new one

2019-03-27 11:05:32 - [MESSAGE][INFO] - Starting 'Chrome' driver

2019-03-27 11:05:42 - [MESSAGE][PASSED] - Browser is opened with url: 'https://qanewpoc.continulink.com/Account/Login.aspx?ReturnUrl=%2fdefault.aspx'

2019-03-27 11:05:42 - [TEST_STEP][PASSED] - waitForPageLoad(60): Wait for page load successfully

2019-03-27 11:05:42 - [MESSAGE][PASSED] - Wait for page load successfully

2019-03-27 11:05:42 - [TEST_STEP][PASSED] - maximizeWindow(): Current window maximized

2019-03-27 11:05:44 - [MESSAGE][PASSED] - Current window maximized

2019-03-27 11:05:44 - [TEST_STEP][PASSED] - setText(findTestObject("Regression Clinical Edge/CLNK-23349/User"), G_User): Text 'Mobinnur' is set on object 'Object Repository/Regression Clinical Edge/CLNK-23349/User'

2019-03-27 11:05:44 - [MESSAGE][PASSED] - Text 'Mobinnur' is set on object 'Object Repository/Regression Clinical Edge/CLNK-23349/User'

2019-03-27 11:05:44 - [TEST_STEP][PASSED] - setText(findTestObject("Regression Clinical Edge/CLNK-23349/Password"), G_Password): Text 'qwerty' is set on object 'Object Repository/Regression Clinical Edge/CLNK-23349/Password'

2019-03-27 11:05:45 - [MESSAGE][PASSED] - Text 'qwerty' is set on object 'Object Repository/Regression Clinical Edge/CLNK-23349/Password'

2019-03-27 11:05:45 - [TEST_STEP][PASSED] - click(findTestObject("Regression Clinical Edge/CLNK-23349/Button_LogIn")): Object: 'Object Repository/Regression Clinical Edge/CLNK-23349/Button_LogIn' is clicked on

2019-03-27 11:05:48 - [MESSAGE][PASSED] - Object: 'Object Repository/Regression Clinical Edge/CLNK-23349/Button_LogIn' is clicked on

2019-03-27 11:05:48 - [TEST_STEP][PASSED] - waitForPageLoad(60): Wait for page load successfully

2019-03-27 11:05:48 - [MESSAGE][PASSED] - Wait for page load successfully

2019-03-27 11:05:48 - [TEST_STEP][PASSED] - waitForElementPresent(findTestObject("Regression Clinical Edge/ClientPage/button_Add Schedule"), 60): Object 'Object Repository/Regression Clinical Edge/ClientPage/button_Add Schedule' is present

2019-03-27 11:05:48 - [MESSAGE][PASSED] - Object 'Object Repository/Regression Clinical Edge/ClientPage/button_Add Schedule' is present

2019-03-27 11:05:48 - [TEST_STEP][PASSED] - verifyElementPresent(findTestObject("Regression Clinical Edge/ClientPage/button_Add Schedule"), 100): Object 'Object Repository/Regression Clinical Edge/ClientPage/button_Add Schedule' is present

2019-03-27 11:05:48 - [MESSAGE][PASSED] - Object 'Object Repository/Regression Clinical Edge/ClientPage/button_Add Schedule' is present

2019-03-27 11:05:48 - [MESSAGE][PASSED] - Call Test Case 'Test Cases/Regression Clinical Edge (All Browsers)/CLNK-23349 - ContinuLink - Login' successfully

2019-03-27 11:05:48 - [TEST_STEP][PASSED] - waitForPageLoad(60): Wait for page load successfully

2019-03-27 11:05:48 - [MESSAGE][PASSED] - Wait for page load successfully

2019-03-27 11:05:48 - [TEST_STEP][PASSED] - maximizeWindow(): Current window maximized

2019-03-27 11:05:48 - [MESSAGE][PASSED] - Current window maximized

2019-03-27 11:05:48 - [TEST_STEP][PASSED] - waitForPageLoad(60): Wait for page load successfully

2019-03-27 11:05:49 - [MESSAGE][PASSED] - Wait for page load successfully

2019-03-27 11:05:49 - [TEST_STEP][PASSED] - delay(8): Delayed 8 second(s)

2019-03-27 11:05:57 - [MESSAGE][PASSED] - Delayed 8 second(s)

2019-03-27 11:05:57 - [TEST_STEP][PASSED] - waitForElementPresent(findTestObject("Regression Clinical Edge/CLNK-23497/button_Close"), 100): Object 'Object Repository/Regression Clinical Edge/CLNK-23497/button_Close' is present

2019-03-27 11:05:57 - [MESSAGE][PASSED] - Object 'Object Repository/Regression Clinical Edge/CLNK-23497/button_Close' is present

2019-03-27 11:05:57 - [TEST_STEP][PASSED] - click(findTestObject("Regression Clinical Edge/CLNK-23497/button_Close")): Object: 'Object Repository/Regression Clinical Edge/CLNK-23497/button_Close' is clicked on

2019-03-27 11:05:57 - [MESSAGE][PASSED] - Object: 'Object Repository/Regression Clinical Edge/CLNK-23497/button_Close' is clicked on

2019-03-27 11:05:57 - [TEST_STEP][PASSED] - delay(2): Delayed 2 second(s)

2019-03-27 11:05:59 - [MESSAGE][PASSED] - Delayed 2 second(s)

2019-03-27 11:05:59 - [TEST_STEP][PASSED] - waitForElementPresent(findTestObject("Regression Clinical Edge/HomePage/ClientLink"), 100): Object 'Object Repository/Regression Clinical Edge/HomePage/ClientLink' is present

2019-03-27 11:05:59 - [MESSAGE][PASSED] - Object 'Object Repository/Regression Clinical Edge/HomePage/ClientLink' is present

2019-03-27 11:05:59 - [TEST_STEP][PASSED] - click(findTestObject("Regression Clinical Edge/HomePage/ClientLink")): Object: 'Object Repository/Regression Clinical Edge/HomePage/ClientLink' is clicked on

2019-03-27 11:06:01 - [MESSAGE][PASSED] - Object: 'Object Repository/Regression Clinical Edge/HomePage/ClientLink' is clicked on

2019-03-27 11:06:01 - [TEST_STEP][PASSED] - delay(2): Delayed 2 second(s)

2019-03-27 11:06:03 - [MESSAGE][PASSED] - Delayed 2 second(s)

2019-03-27 11:06:03 - [TEST_STEP][PASSED] - waitForPageLoad(50): Wait for page load successfully

2019-03-27 11:06:03 - [MESSAGE][PASSED] - Wait for page load successfully

2019-03-27 11:06:03 - [TEST_STEP][PASSED] - waitForElementPresent(findTestObject("Regression Clinical Edge/CLNK-23497/Client Search"), 50): Object 'Object Repository/Regression Clinical Edge/CLNK-23497/Client Search' is present

2019-03-27 11:06:03 - [MESSAGE][PASSED] - Object 'Object Repository/Regression Clinical Edge/CLNK-23497/Client Search' is present

2019-03-27 11:06:03 - [TEST_STEP][PASSED] - click(findTestObject("Regression Clinical Edge/CLNK-23497/Client Search")): Object: 'Object Repository/Regression Clinical Edge/CLNK-23497/Client Search' is clicked on

2019-03-27 11:06:03 - [MESSAGE][PASSED] - Object: 'Object Repository/Regression Clinical Edge/CLNK-23497/Client Search' is clicked on

2019-03-27 11:06:03 - [TEST_STEP][PASSED] - setText(findTestObject("Regression Clinical Edge/CLNK-23497/Client Search"), G_Client): Text 'Khur' is set on object 'Object Repository/Regression Clinical Edge/CLNK-23497/Client Search'

2019-03-27 11:06:03 - [MESSAGE][PASSED] - Text 'Khur' is set on object 'Object Repository/Regression Clinical Edge/CLNK-23497/Client Search'

2019-03-27 11:06:03 - [TEST_STEP][PASSED] - delay(2): Delayed 2 second(s)

2019-03-27 11:06:05 - [MESSAGE][PASSED] - Delayed 2 second(s)

2019-03-27 11:06:05 - [TEST_STEP][PASSED] - sendKeys(findTestObject("Regression Clinical Edge/CLNK-23497/Client Search"), Keys.chord(ARROW_RIGHT, ARROW_DOWN, ENTER)): Keys 'RIGHT + DOWN + ENTER + ' sent to object: 'Object Repository/Regression Clinical Edge/CLNK-23497/Client Search'

2019-03-27 11:06:08 - [MESSAGE][PASSED] - Keys 'RIGHT + DOWN + ENTER + ' sent to object: 'Object Repository/Regression Clinical Edge/CLNK-23497/Client Search'

2019-03-27 11:06:08 - [TEST_STEP][PASSED] - delay(3): Delayed 3 second(s)

2019-03-27 11:06:11 - [MESSAGE][PASSED] - Delayed 3 second(s)

2019-03-27 11:06:11 - [TEST_STEP][PASSED] - scrollToElement(findTestObject("Regression Clinical Edge/CLNK-23497/AddAssessments"), 50): Scroll to object 'Object Repository/Regression Clinical Edge/CLNK-23497/AddAssessments' successfully

2019-03-27 11:06:11 - [MESSAGE][PASSED] - Scroll to object 'Object Repository/Regression Clinical Edge/CLNK-23497/AddAssessments' successfully

2019-03-27 11:06:11 - [TEST_STEP][PASSED] - waitForElementPresent(findTestObject("Regression Clinical Edge/CLNK-23497/AddAssessments"), 50): Object 'Object Repository/Regression Clinical Edge/CLNK-23497/AddAssessments' is present

2019-03-27 11:06:11 - [MESSAGE][PASSED] - Object 'Object Repository/Regression Clinical Edge/CLNK-23497/AddAssessments' is present

2019-03-27 11:06:11 - [TEST_STEP][PASSED] - click(findTestObject("Regression Clinical Edge/CLNK-23497/AddAssessments")): Object: 'Object Repository/Regression Clinical Edge/CLNK-23497/AddAssessments' is clicked on

2019-03-27 11:06:11 - [MESSAGE][PASSED] - Object: 'Object Repository/Regression Clinical Edge/CLNK-23497/AddAssessments' is clicked on

2019-03-27 11:06:11 - [TEST_STEP][PASSED] - waitForElementPresent(findTestObject("Regression Clinical Edge/CLNK-23497/AssessmentList"), 50): Object 'Object Repository/Regression Clinical Edge/CLNK-23497/AssessmentList' is present

2019-03-27 11:06:11 - [MESSAGE][PASSED] - Object 'Object Repository/Regression Clinical Edge/CLNK-23497/AssessmentList' is present

2019-03-27 11:06:11 - [TEST_STEP][PASSED] - click(findTestObject("Regression Clinical Edge/CLNK-23497/AssessmentList")): Object: 'Object Repository/Regression Clinical Edge/CLNK-23497/AssessmentList' is clicked on

2019-03-27 11:06:12 - [MESSAGE][PASSED] - Object: 'Object Repository/Regression Clinical Edge/CLNK-23497/AssessmentList' is clicked on

2019-03-27 11:06:12 - [TEST_STEP][FAILED] - selectOptionByLabel(findTestObject("Regression Clinical Edge/CLNK-23497/AssessmentList"), "Start of care - further visits planned (C2)", false): Unable to select option by label 'Start of care - further visits planned (C2)' of object 'Object Repository/Regression Clinical Edge/CLNK-23497/AssessmentList' 

2019-03-27 11:06:14 - [MESSAGE][FAILED] - Unable to select option by label 'Start of care - further visits planned (C2)' of object 'Object Repository/Regression Clinical Edge/CLNK-23497/AssessmentList' 
[[ATTACHMENT|C:\\Users\\isaac\\Katalon Studio\\Continulink\\Reports\\Regression Clinical Edge\\Regression FrontEnd\\20190327_110455\\1553695573462.png]]

2019-03-27 11:06:14 - [TEST_STEP][PASSED] - waitForElementPresent(findTestObject("Regression Clinical Edge/CLNK-23497/DateAssessment"), 50): Object 'Object Repository/Regression Clinical Edge/CLNK-23497/DateAssessment' is present

2019-03-27 11:06:14 - [MESSAGE][PASSED] - Object 'Object Repository/Regression Clinical Edge/CLNK-23497/DateAssessment' is present

2019-03-27 11:06:14 - [TEST_STEP][PASSED] - setText(findTestObject("Regression Clinical Edge/CLNK-23497/DateAssessment"), getDate.DateUtilities.getDateMonthDayYearNumberwithSlash()): Text '03/27/2019' is set on object 'Object Repository/Regression Clinical Edge/CLNK-23497/DateAssessment'

2019-03-27 11:06:14 - [MESSAGE][PASSED] - getDate.DateUtilities.getDateMonthDayYearNumberwithSlash is PASSED

2019-03-27 11:06:15 - [MESSAGE][PASSED] - Text '03/27/2019' is set on object 'Object Repository/Regression Clinical Edge/CLNK-23497/DateAssessment'

2019-03-27 11:06:15 - [TEST_STEP][PASSED] - delay(2): Delayed 2 second(s)

2019-03-27 11:06:17 - [MESSAGE][PASSED] - Delayed 2 second(s)

2019-03-27 11:06:17 - [TEST_STEP][PASSED] - waitForElementPresent(findTestObject("Regression Clinical Edge/CLNK-23497/SaveAssessment"), 50): Object 'Object Repository/Regression Clinical Edge/CLNK-23497/SaveAssessment' is present

2019-03-27 11:06:17 - [MESSAGE][PASSED] - Object 'Object Repository/Regression Clinical Edge/CLNK-23497/SaveAssessment' is present

2019-03-27 11:06:17 - [TEST_STEP][PASSED] - click(findTestObject("Regression Clinical Edge/CLNK-23497/SaveAssessment")): Object: 'Object Repository/Regression Clinical Edge/CLNK-23497/SaveAssessment' is clicked on

2019-03-27 11:06:17 - [MESSAGE][PASSED] - Object: 'Object Repository/Regression Clinical Edge/CLNK-23497/SaveAssessment' is clicked on

2019-03-27 11:06:17 - [TEST_STEP][FAILED] - delay(3): delay(3) FAILED.
Reason:
com.kms.katalon.core.exception.StepFailedException: Unable to select option by label 'Start of care - further visits planned (C2)' of object 'Object Repository/Regression Clinical Edge/CLNK-23497/AssessmentList' 
	at com.kms.katalon.core.keyword.internal.KeywordMain.stepFailed(KeywordMain.groovy:37)
	at com.kms.katalon.core.webui.keyword.internal.WebUIKeywordMain.stepFailed(WebUIKeywordMain.groovy:65)
	at com.kms.katalon.core.webui.keyword.internal.WebUIKeywordMain.runKeyword(WebUIKeywordMain.groovy:27)
	at com.kms.katalon.core.webui.keyword.builtin.SelectOptionByLabelKeyword.selectOptionByLabel(SelectOptionByLabelKeyword.groovy:98)
	at com.kms.katalon.core.webui.keyword.builtin.SelectOptionByLabelKeyword.execute(SelectOptionByLabelKeyword.groovy:71)
	at com.kms.katalon.core.keyword.internal.KeywordExecutor.executeKeywordForPlatform(KeywordExecutor.groovy:56)
	at com.kms.katalon.core.webui.keyword.WebUiBuiltInKeywords.selectOptionByLabel(WebUiBuiltInKeywords.groovy:1200)
	at com.kms.katalon.core.webui.keyword.WebUiBuiltInKeywords$selectOptionByLabel$8.call(Unknown Source)
	at CLNK-23497 - CLINICAL EDGE - Start Of Care.run(CLNK-23497 - CLINICAL EDGE - Start Of Care:64)
	at com.kms.katalon.core.main.ScriptEngine.run(ScriptEngine.java:194)
	at com.kms.katalon.core.main.ScriptEngine.runScriptAsRawText(ScriptEngine.java:119)
	at com.kms.katalon.core.main.TestCaseExecutor.runScript(TestCaseExecutor.java:331)
	at com.kms.katalon.core.main.TestCaseExecutor.doExecute(TestCaseExecutor.java:322)
	at com.kms.katalon.core.main.TestCaseExecutor.processExecutionPhase(TestCaseExecutor.java:301)
	at com.kms.katalon.core.main.TestCaseExecutor.accessMainPhase(TestCaseExecutor.java:293)
	at com.kms.katalon.core.main.TestCaseExecutor.execute(TestCaseExecutor.java:227)
	at com.kms.katalon.core.main.TestSuiteExecutor.accessTestCaseMainPhase(TestSuiteExecutor.java:129)
	at com.kms.katalon.core.main.TestSuiteExecutor.accessTestSuiteMainPhase(TestSuiteExecutor.java:112)
	at com.kms.katalon.core.main.TestSuiteExecutor.execute(TestSuiteExecutor.java:81)
	at com.kms.katalon.core.main.TestCaseMain.startTestSuite(TestCaseMain.java:157)
	at com.kms.katalon.core.main.TestCaseMain$startTestSuite$0.call(Unknown Source)
	at TempTestSuite1553695495597.run(TempTestSuite1553695495597.groovy:35)


2019-03-27 11:06:20 - [MESSAGE][PASSED] - Delayed 3 second(s)

2019-03-27 11:06:20 - [MESSAGE][FAILED] - delay(3) FAILED.
Reason:
com.kms.katalon.core.exception.StepFailedException: Unable to select option by label 'Start of care - further visits planned (C2)' of object 'Object Repository/Regression Clinical Edge/CLNK-23497/AssessmentList' 
	at com.kms.katalon.core.keyword.internal.KeywordMain.stepFailed(KeywordMain.groovy:37)
	at com.kms.katalon.core.webui.keyword.internal.WebUIKeywordMain.stepFailed(WebUIKeywordMain.groovy:65)
	at com.kms.katalon.core.webui.keyword.internal.WebUIKeywordMain.runKeyword(WebUIKeywordMain.groovy:27)
	at com.kms.katalon.core.webui.keyword.builtin.SelectOptionByLabelKeyword.selectOptionByLabel(SelectOptionByLabelKeyword.groovy:98)
	at com.kms.katalon.core.webui.keyword.builtin.SelectOptionByLabelKeyword.execute(SelectOptionByLabelKeyword.groovy:71)
	at com.kms.katalon.core.keyword.internal.KeywordExecutor.executeKeywordForPlatform(KeywordExecutor.groovy:56)
	at com.kms.katalon.core.webui.keyword.WebUiBuiltInKeywords.selectOptionByLabel(WebUiBuiltInKeywords.groovy:1200)
	at com.kms.katalon.core.webui.keyword.WebUiBuiltInKeywords$selectOptionByLabel$8.call(Unknown Source)
	at CLNK-23497 - CLINICAL EDGE - Start Of Care.run(CLNK-23497 - CLINICAL EDGE - Start Of Care:64)
	at com.kms.katalon.core.main.ScriptEngine.run(ScriptEngine.java:194)
	at com.kms.katalon.core.main.ScriptEngine.runScriptAsRawText(ScriptEngine.java:119)
	at com.kms.katalon.core.main.TestCaseExecutor.runScript(TestCaseExecutor.java:331)
	at com.kms.katalon.core.main.TestCaseExecutor.doExecute(TestCaseExecutor.java:322)
	at com.kms.katalon.core.main.TestCaseExecutor.processExecutionPhase(TestCaseExecutor.java:301)
	at com.kms.katalon.core.main.TestCaseExecutor.accessMainPhase(TestCaseExecutor.java:293)
	at com.kms.katalon.core.main.TestCaseExecutor.execute(TestCaseExecutor.java:227)
	at com.kms.katalon.core.main.TestSuiteExecutor.accessTestCaseMainPhase(TestSuiteExecutor.java:129)
	at com.kms.katalon.core.main.TestSuiteExecutor.accessTestSuiteMainPhase(TestSuiteExecutor.java:112)
	at com.kms.katalon.core.main.TestSuiteExecutor.execute(TestSuiteExecutor.java:81)
	at com.kms.katalon.core.main.TestCaseMain.startTestSuite(TestCaseMain.java:157)
	at com.kms.katalon.core.main.TestCaseMain$startTestSuite$0.call(Unknown Source)
	at TempTestSuite1553695495597.run(TempTestSuite1553695495597.groovy:35)]]></system-out>
         <system-err><![CDATA[2019-03-27 11:05:28 - [TEST_CASE][FAILED] - Test Cases/Regression Clinical Edge (All Browsers)/CLNK-23497 - CLINICAL EDGE - Start Of Care: Test Cases/Regression Clinical Edge (All Browsers)/CLNK-23497 - CLINICAL EDGE - Start Of Care FAILED.
Reason:
com.kms.katalon.core.exception.StepFailedException: Unable to select option by label 'Start of care - further visits planned (C2)' of object 'Object Repository/Regression Clinical Edge/CLNK-23497/AssessmentList' 
	at com.kms.katalon.core.keyword.internal.KeywordMain.stepFailed(KeywordMain.groovy:37)
	at com.kms.katalon.core.webui.keyword.internal.WebUIKeywordMain.stepFailed(WebUIKeywordMain.groovy:65)
	at com.kms.katalon.core.webui.keyword.internal.WebUIKeywordMain.runKeyword(WebUIKeywordMain.groovy:27)
	at com.kms.katalon.core.webui.keyword.builtin.SelectOptionByLabelKeyword.selectOptionByLabel(SelectOptionByLabelKeyword.groovy:98)
	at com.kms.katalon.core.webui.keyword.builtin.SelectOptionByLabelKeyword.execute(SelectOptionByLabelKeyword.groovy:71)
	at com.kms.katalon.core.keyword.internal.KeywordExecutor.executeKeywordForPlatform(KeywordExecutor.groovy:56)
	at com.kms.katalon.core.webui.keyword.WebUiBuiltInKeywords.selectOptionByLabel(WebUiBuiltInKeywords.groovy:1200)
	at com.kms.katalon.core.webui.keyword.WebUiBuiltInKeywords$selectOptionByLabel$8.call(Unknown Source)
	at CLNK-23497 - CLINICAL EDGE - Start Of Care.run(CLNK-23497 - CLINICAL EDGE - Start Of Care:64)
	at com.kms.katalon.core.main.ScriptEngine.run(ScriptEngine.java:194)
	at com.kms.katalon.core.main.ScriptEngine.runScriptAsRawText(ScriptEngine.java:119)
	at com.kms.katalon.core.main.TestCaseExecutor.runScript(TestCaseExecutor.java:331)
	at com.kms.katalon.core.main.TestCaseExecutor.doExecute(TestCaseExecutor.java:322)
	at com.kms.katalon.core.main.TestCaseExecutor.processExecutionPhase(TestCaseExecutor.java:301)
	at com.kms.katalon.core.main.TestCaseExecutor.accessMainPhase(TestCaseExecutor.java:293)
	at com.kms.katalon.core.main.TestCaseExecutor.execute(TestCaseExecutor.java:227)
	at com.kms.katalon.core.main.TestSuiteExecutor.accessTestCaseMainPhase(TestSuiteExecutor.java:129)
	at com.kms.katalon.core.main.TestSuiteExecutor.accessTestSuiteMainPhase(TestSuiteExecutor.java:112)
	at com.kms.katalon.core.main.TestSuiteExecutor.execute(TestSuiteExecutor.java:81)
	at com.kms.katalon.core.main.TestCaseMain.startTestSuite(TestCaseMain.java:157)
	at com.kms.katalon.core.main.TestCaseMain$startTestSuite$0.call(Unknown Source)
	at TempTestSuite1553695495597.run(TempTestSuite1553695495597.groovy:35)]]></system-err>
      </testcase>
      <system-out><![CDATA[2019-03-27 11:05:01 - [TEST_SUITE][FAILED] - Regression FrontEnd: Test Cases/Regression Clinical Edge (All Browsers)/CLNK-23497 - CLINICAL EDGE - Start Of Care FAILED.
Reason:
com.kms.katalon.core.exception.StepFailedException: Unable to select option by label 'Start of care - further visits planned (C2)' of object 'Object Repository/Regression Clinical Edge/CLNK-23497/AssessmentList' 
	at com.kms.katalon.core.keyword.internal.KeywordMain.stepFailed(KeywordMain.groovy:37)
	at com.kms.katalon.core.webui.keyword.internal.WebUIKeywordMain.stepFailed(WebUIKeywordMain.groovy:65)
	at com.kms.katalon.core.webui.keyword.internal.WebUIKeywordMain.runKeyword(WebUIKeywordMain.groovy:27)
	at com.kms.katalon.core.webui.keyword.builtin.SelectOptionByLabelKeyword.selectOptionByLabel(SelectOptionByLabelKeyword.groovy:98)
	at com.kms.katalon.core.webui.keyword.builtin.SelectOptionByLabelKeyword.execute(SelectOptionByLabelKeyword.groovy:71)
	at com.kms.katalon.core.keyword.internal.KeywordExecutor.executeKeywordForPlatform(KeywordExecutor.groovy:56)
	at com.kms.katalon.core.webui.keyword.WebUiBuiltInKeywords.selectOptionByLabel(WebUiBuiltInKeywords.groovy:1200)
	at com.kms.katalon.core.webui.keyword.WebUiBuiltInKeywords$selectOptionByLabel$8.call(Unknown Source)
	at CLNK-23497 - CLINICAL EDGE - Start Of Care.run(CLNK-23497 - CLINICAL EDGE - Start Of Care:64)
	at com.kms.katalon.core.main.ScriptEngine.run(ScriptEngine.java:194)
	at com.kms.katalon.core.main.ScriptEngine.runScriptAsRawText(ScriptEngine.java:119)
	at com.kms.katalon.core.main.TestCaseExecutor.runScript(TestCaseExecutor.java:331)
	at com.kms.katalon.core.main.TestCaseExecutor.doExecute(TestCaseExecutor.java:322)
	at com.kms.katalon.core.main.TestCaseExecutor.processExecutionPhase(TestCaseExecutor.java:301)
	at com.kms.katalon.core.main.TestCaseExecutor.accessMainPhase(TestCaseExecutor.java:293)
	at com.kms.katalon.core.main.TestCaseExecutor.execute(TestCaseExecutor.java:227)
	at com.kms.katalon.core.main.TestSuiteExecutor.accessTestCaseMainPhase(TestSuiteExecutor.java:129)
	at com.kms.katalon.core.main.TestSuiteExecutor.accessTestSuiteMainPhase(TestSuiteExecutor.java:112)
	at com.kms.katalon.core.main.TestSuiteExecutor.execute(TestSuiteExecutor.java:81)
	at com.kms.katalon.core.main.TestCaseMain.startTestSuite(TestCaseMain.java:157)
	at com.kms.katalon.core.main.TestCaseMain$startTestSuite$0.call(Unknown Source)
	at TempTestSuite1553695495597.run(TempTestSuite1553695495597.groovy:35)]]></system-out>
      <system-err><![CDATA[2019-03-27 11:05:01 - [TEST_SUITE][FAILED] - Regression FrontEnd: Test Cases/Regression Clinical Edge (All Browsers)/CLNK-23497 - CLINICAL EDGE - Start Of Care FAILED.
Reason:
com.kms.katalon.core.exception.StepFailedException: Unable to select option by label 'Start of care - further visits planned (C2)' of object 'Object Repository/Regression Clinical Edge/CLNK-23497/AssessmentList' 
	at com.kms.katalon.core.keyword.internal.KeywordMain.stepFailed(KeywordMain.groovy:37)
	at com.kms.katalon.core.webui.keyword.internal.WebUIKeywordMain.stepFailed(WebUIKeywordMain.groovy:65)
	at com.kms.katalon.core.webui.keyword.internal.WebUIKeywordMain.runKeyword(WebUIKeywordMain.groovy:27)
	at com.kms.katalon.core.webui.keyword.builtin.SelectOptionByLabelKeyword.selectOptionByLabel(SelectOptionByLabelKeyword.groovy:98)
	at com.kms.katalon.core.webui.keyword.builtin.SelectOptionByLabelKeyword.execute(SelectOptionByLabelKeyword.groovy:71)
	at com.kms.katalon.core.keyword.internal.KeywordExecutor.executeKeywordForPlatform(KeywordExecutor.groovy:56)
	at com.kms.katalon.core.webui.keyword.WebUiBuiltInKeywords.selectOptionByLabel(WebUiBuiltInKeywords.groovy:1200)
	at com.kms.katalon.core.webui.keyword.WebUiBuiltInKeywords$selectOptionByLabel$8.call(Unknown Source)
	at CLNK-23497 - CLINICAL EDGE - Start Of Care.run(CLNK-23497 - CLINICAL EDGE - Start Of Care:64)
	at com.kms.katalon.core.main.ScriptEngine.run(ScriptEngine.java:194)
	at com.kms.katalon.core.main.ScriptEngine.runScriptAsRawText(ScriptEngine.java:119)
	at com.kms.katalon.core.main.TestCaseExecutor.runScript(TestCaseExecutor.java:331)
	at com.kms.katalon.core.main.TestCaseExecutor.doExecute(TestCaseExecutor.java:322)
	at com.kms.katalon.core.main.TestCaseExecutor.processExecutionPhase(TestCaseExecutor.java:301)
	at com.kms.katalon.core.main.TestCaseExecutor.accessMainPhase(TestCaseExecutor.java:293)
	at com.kms.katalon.core.main.TestCaseExecutor.execute(TestCaseExecutor.java:227)
	at com.kms.katalon.core.main.TestSuiteExecutor.accessTestCaseMainPhase(TestSuiteExecutor.java:129)
	at com.kms.katalon.core.main.TestSuiteExecutor.accessTestSuiteMainPhase(TestSuiteExecutor.java:112)
	at com.kms.katalon.core.main.TestSuiteExecutor.execute(TestSuiteExecutor.java:81)
	at com.kms.katalon.core.main.TestCaseMain.startTestSuite(TestCaseMain.java:157)
	at com.kms.katalon.core.main.TestCaseMain$startTestSuite$0.call(Unknown Source)
	at TempTestSuite1553695495597.run(TempTestSuite1553695495597.groovy:35)]]></system-err>
   </testsuite>
</testsuites>
